#
# A fatal error has been detected by the Java Runtime Environment:
#
#  SIGSEGV (0xb) at pc=0x00007fdef916d0f0, pid=75462, tid=0x00007fdef85cc640
#
# JRE version: OpenJDK Runtime Environment (8.0_275-b01) (build 1.8.0_275-b01)
# Java VM: OpenJDK 64-Bit Server VM (25.275-b01 mixed mode linux-amd64 compressed oops)
# Problematic frame:
# V  [libjvm.so+0xa5a0f0]
#
# Core dump written. Default location: /home/sir/Desktop/Jave/core or core.75462
#
# If you would like to submit a bug report, please visit:
#   http://bugreport.java.com/bugreport/crash.jsp
#

---------------  T H R E A D  ---------------

Current thread (0x00007fdef400a800):  JavaThread "main" [_thread_in_vm, id=75463, stack(0x00007fdef84cd000,0x00007fdef85cd000)]

siginfo: si_signo: 11 (SIGSEGV), si_code: 1 (SEGV_MAPERR), si_addr: 0x0000000000000002

Registers:
RAX=0x00007fdef4009240, RBX=0x0000000000000001, RCX=0x0000000000000056, RDX=0x000000000000000e
RSP=0x00007fdef85cae38, RBP=0x00007fdef85cae50, RSI=0x00007fdef92a7200, RDI=0x0000000000000000
R8 =0x00007fdef400a800, R9 =0x0000000000000006, R10=0x0000000000000007, R11=0x0000000000000000
R12=0x00007fdef85caf30, R13=0x00007fdef92a6584, R14=0x00007fdef4009220, R15=0x0000000000000000
RIP=0x00007fdef916d0f0, EFLAGS=0x0000000000010202, CSGSFS=0x002b000000000033, ERR=0x0000000000000004
  TRAPNO=0x000000000000000e

Top of Stack: (sp=0x00007fdef85cae38)
0x00007fdef85cae38:   00007fdef911f7d2 00007fdef40091d0
0x00007fdef85cae48:   0000000000000001 00007fdef85cb200
0x00007fdef85cae58:   00007fdef910c55a 00007fdef40ed350
0x00007fdef85cae68:   00007fdef85cb580 00007fdef85cb570
0x00007fdef85cae78:   00000007c0001ef8 00007fdef4009220
0x00007fdef85cae88:   00007fdef95bba7c 0000000000000000
0x00007fdef85cae98:   00000000000003d8 00007fdef4007cf0
0x00007fdef85caea8:   00007fdef40095f8 00007fdef4009220
0x00007fdef85caeb8:   00007fdef85caf30 0000000000000012
0x00007fdef85caec8:   00007fdef4009210 0000000000000140
0x00007fdef85caed8:   0000000000000004 0000003400000012
0x00007fdef85caee8:   0000000000000000 0000000000000000
0x00007fdef85caef8:   0000000000000000 000000770000005b
0x00007fdef85caf08:   0000007c0000006e 00007fdef4009640
0x00007fdef85caf18:   0000000000000010 0000000000000110
0x00007fdef85caf28:   00007fdef4000020 00007fdef40ecaf0
0x00007fdef85caf38:   0000000400000003 000000010000000e
0x00007fdef85caf48:   00007fdef4009220 0000000000000000
0x00007fdef85caf58:   00007fdef85cafa0 0000000000000110
0x00007fdef85caf68:   00007fdef905155e 00007fdef40ed350
0x00007fdef85caf78:   00007fdef94a3c40 0000000000000110
0x00007fdef85caf88:   0000000000000110 00007fdef40ed060
0x00007fdef85caf98:   0000000000000001 00007fdef85cafd0
0x00007fdef85cafa8:   00007fdef8b53deb 00007fdef85cafd0
0x00007fdef85cafb8:   00007fdef9014077 0000000000000001
0x00007fdef85cafc8:   00007fdef85cafe0 00007fdef85cb030
0x00007fdef85cafd8:   00007fdef8b53e96 0000000000000000
0x00007fdef85cafe8:   0000000000000000 0000000000000000
0x00007fdef85caff8:   0000000000000000 0000000000000000
0x00007fdef85cb008:   00007fdef40ed060 00007fdef85cb030
0x00007fdef85cb018:   000000076cddb150 00007fdef40ec8c0
0x00007fdef85cb028:   00007fdee3330068 00007fdef85cb060 

Instructions: (pc=0x00007fdef916d0f0)
0x00007fdef916d0d0:   0f b7 47 02 66 85 c0 79 07 c3 66 0f 1f 44 00 00
0x00007fdef916d0e0:   48 83 c7 02 e9 d7 35 8a ff 90 66 0f 1f 44 00 00
0x00007fdef916d0f0:   0f b7 47 02 66 85 c0 79 07 c3 66 0f 1f 44 00 00
0x00007fdef916d100:   48 83 c7 02 e9 e7 35 8a ff 90 66 0f 1f 44 00 00 

Register to memory mapping:

RAX=0x00007fdef4009240 is an unknown value
RBX=0x0000000000000001 is an unknown value
RCX=0x0000000000000056 is an unknown value
RDX=0x000000000000000e is an unknown value
RSP=0x00007fdef85cae38 is pointing into the stack for thread: 0x00007fdef400a800
RBP=0x00007fdef85cae50 is pointing into the stack for thread: 0x00007fdef400a800
RSI=0x00007fdef92a7200: <offset 0xb94200> in /usr/lib/jvm/java-8-openjdk/jre/lib/amd64/server/libjvm.so at 0x00007fdef8713000
RDI=0x0000000000000000 is an unknown value
R8 =0x00007fdef400a800 is a thread
R9 =0x0000000000000006 is an unknown value
R10=0x0000000000000007 is an unknown value
R11=0x0000000000000000 is an unknown value
R12=0x00007fdef85caf30 is pointing into the stack for thread: 0x00007fdef400a800
R13=0x00007fdef92a6584: <offset 0xb93584> in /usr/lib/jvm/java-8-openjdk/jre/lib/amd64/server/libjvm.so at 0x00007fdef8713000
R14=0x00007fdef4009220 is an unknown value
R15=0x0000000000000000 is an unknown value


Stack: [0x00007fdef84cd000,0x00007fdef85cd000],  sp=0x00007fdef85cae38,  free space=1015k
Native frames: (J=compiled Java code, j=interpreted, Vv=VM code, C=native code)
V  [libjvm.so+0xa5a0f0]
V  [libjvm.so+0x9f955a]
V  [libjvm.so+0x8da3ea]
V  [libjvm.so+0x6327dd]
V  [libjvm.so+0x632e24]
V  [libjvm.so+0x633131]
V  [libjvm.so+0x736ba9]
V  [libjvm.so+0x73731d]  JVM_GetClassDeclaredMethods+0x6d
j  java.lang.Class.getDeclaredMethods0(Z)[Ljava/lang/reflect/Method;+0
j  java.lang.Class.privateGetDeclaredMethods(Z)[Ljava/lang/reflect/Method;+37
j  java.lang.Class.privateGetMethodRecursive(Ljava/lang/String;[Ljava/lang/Class;ZLjava/lang/Class$MethodArray;)Ljava/lang/reflect/Method;+2
j  java.lang.Class.getMethod0(Ljava/lang/String;[Ljava/lang/Class;Z)Ljava/lang/reflect/Method;+16
j  java.lang.Class.getMethod(Ljava/lang/String;[Ljava/lang/Class;)Ljava/lang/reflect/Method;+13
j  sun.launcher.LauncherHelper.validateMainClass(Ljava/lang/Class;)V+12
j  sun.launcher.LauncherHelper.checkAndLoadMain(ZILjava/lang/String;)Ljava/lang/Class;+214
v  ~StubRoutines::call_stub
V  [libjvm.so+0x67b89e]
V  [libjvm.so+0x6f2be0]
V  [libjvm.so+0x6f4225]
C  [libjli.so+0x3c40]
C  [libpthread.so.0+0x93e9]  start_thread+0xe9

Java frames: (J=compiled Java code, j=interpreted, Vv=VM code)
j  java.lang.Class.getDeclaredMethods0(Z)[Ljava/lang/reflect/Method;+0
j  java.lang.Class.privateGetDeclaredMethods(Z)[Ljava/lang/reflect/Method;+37
j  java.lang.Class.privateGetMethodRecursive(Ljava/lang/String;[Ljava/lang/Class;ZLjava/lang/Class$MethodArray;)Ljava/lang/reflect/Method;+2
j  java.lang.Class.getMethod0(Ljava/lang/String;[Ljava/lang/Class;Z)Ljava/lang/reflect/Method;+16
j  java.lang.Class.getMethod(Ljava/lang/String;[Ljava/lang/Class;)Ljava/lang/reflect/Method;+13
j  sun.launcher.LauncherHelper.validateMainClass(Ljava/lang/Class;)V+12
j  sun.launcher.LauncherHelper.checkAndLoadMain(ZILjava/lang/String;)Ljava/lang/Class;+214
v  ~StubRoutines::call_stub

---------------  P R O C E S S  ---------------

Java Threads: ( => current thread )
  0x00007fdef40d6000 JavaThread "Service Thread" daemon [_thread_blocked, id=75475, stack(0x00007fdee11e5000,0x00007fdee12e6000)]
  0x00007fdef40c1000 JavaThread "C1 CompilerThread2" daemon [_thread_blocked, id=75474, stack(0x00007fdee12e7000,0x00007fdee13e7000)]
  0x00007fdef40bf000 JavaThread "C2 CompilerThread1" daemon [_thread_blocked, id=75473, stack(0x00007fdee13e8000,0x00007fdee14e8000)]
  0x00007fdef40bc000 JavaThread "C2 CompilerThread0" daemon [_thread_blocked, id=75472, stack(0x00007fdee14e9000,0x00007fdee15e9000)]
  0x00007fdef40b6800 JavaThread "Signal Dispatcher" daemon [_thread_blocked, id=75471, stack(0x00007fdee15ef000,0x00007fdee16f0000)]
  0x00007fdef4086000 JavaThread "Finalizer" daemon [_thread_blocked, id=75470, stack(0x00007fdee19d7000,0x00007fdee1ad8000)]
  0x00007fdef4081800 JavaThread "Reference Handler" daemon [_thread_blocked, id=75469, stack(0x00007fdee1ad8000,0x00007fdee1bd9000)]
=>0x00007fdef400a800 JavaThread "main" [_thread_in_vm, id=75463, stack(0x00007fdef84cd000,0x00007fdef85cd000)]

Other Threads:
  0x00007fdef4078000 VMThread [stack: 0x00007fdee1bda000,0x00007fdee1cda000] [id=75468]
  0x00007fdef40d9000 WatcherThread [stack: 0x00007fdee10e5000,0x00007fdee11e5000] [id=75476]

VM state:not at safepoint (normal execution)

VM Mutex/Monitor currently owned by a thread:  ([mutex/lock_event])
[0x00007fdef4007cf0] AdapterHandlerLibrary_lock - owner thread: 0x00007fdef400a800

heap address: 0x00000006c6800000, size: 3992 MB, Compressed Oops mode: Zero based, Oop shift amount: 3
Narrow klass base: 0x0000000000000000, Narrow klass shift: 3
Compressed class space size: 1073741824 Address: 0x00000007c0000000

Heap:
 PSYoungGen      total 74752K, used 1290K [0x000000076cd80000, 0x0000000772080000, 0x00000007c0000000)
  eden space 64512K, 2% used [0x000000076cd80000,0x000000076cec2900,0x0000000770c80000)
  from space 10240K, 0% used [0x0000000771680000,0x0000000771680000,0x0000000772080000)
  to   space 10240K, 0% used [0x0000000770c80000,0x0000000770c80000,0x0000000771680000)
 ParOldGen       total 171008K, used 0K [0x00000006c6800000, 0x00000006d0f00000, 0x000000076cd80000)
  object space 171008K, 0% used [0x00000006c6800000,0x00000006c6800000,0x00000006d0f00000)
 Metaspace       used 2644K, capacity 4486K, committed 4864K, reserved 1056768K
  class space    used 276K, capacity 386K, committed 512K, reserved 1048576K

Card table byte_map: [0x00007fdee4833000,0x00007fdee5000000] byte_map_base: 0x00007fdee11ff000

Marking Bits: (ParMarkBitMap*) 0x00007fdef94cff40
 Begin Bits: [0x00007fded4340000, 0x00007fded81a0000)
 End Bits:   [0x00007fded81a0000, 0x00007fdedc000000)

Polling page: 0x00007fdef971a000

CodeCache: size=245760Kb used=1081Kb max_used=1083Kb free=244678Kb
 bounds [0x00007fdee5000000, 0x00007fdee5270000, 0x00007fdef4000000]
 total_blobs=255 nmethods=10 adapters=160
 compilation: enabled

Compilation events (10 events):
Event: 0.051 Thread 0x00007fdef40c1000    7       3       java.lang.String::length (6 bytes)
Event: 0.051 Thread 0x00007fdef40c1000 nmethod 7 0x00007fdee510a310 code [0x00007fdee510a480, 0x00007fdee510a5f0]
Event: 0.051 Thread 0x00007fdef40c1000    8       1       java.lang.Object::<init> (1 bytes)
Event: 0.051 Thread 0x00007fdef40c1000 nmethod 8 0x00007fdee510a690 code [0x00007fdee510a7e0, 0x00007fdee510a8f0]
Event: 0.051 Thread 0x00007fdef40c1000    6       3       java.lang.Math::min (11 bytes)
Event: 0.051 Thread 0x00007fdef40c1000 nmethod 6 0x00007fdee510a950 code [0x00007fdee510aac0, 0x00007fdee510ac50]
Event: 0.054 Thread 0x00007fdef40c1000    9       1       java.lang.ref.Reference::get (5 bytes)
Event: 0.054 Thread 0x00007fdef40c1000 nmethod 9 0x00007fdee510f290 code [0x00007fdee510f3e0, 0x00007fdee510f4f0]
Event: 0.055 Thread 0x00007fdef40c1000   10       1       java.lang.ThreadLocal::access$400 (5 bytes)
Event: 0.055 Thread 0x00007fdef40c1000 nmethod 10 0x00007fdee510dd10 code [0x00007fdee510de60, 0x00007fdee510df50]

GC Heap History (0 events):
No events

Deoptimization events (0 events):
No events

Classes redefined (0 events):
No events

Internal exceptions (2 events):
Event: 0.031 Thread 0x00007fdef400a800 Exception <a 'java/lang/NoSuchMethodError': Method sun.misc.Unsafe.defineClass(Ljava/lang/String;[BII)Ljava/lang/Class; name or signature does not match> (0x000000076cd87cc0) thrown at [/build/java8-openjdk/src/jdk8u-jdk8u275-b01/hotspot/src/share/vm/prim
Event: 0.031 Thread 0x00007fdef400a800 Exception <a 'java/lang/NoSuchMethodError': Method sun.misc.Unsafe.prefetchRead(Ljava/lang/Object;J)V name or signature does not match> (0x000000076cd87fa8) thrown at [/build/java8-openjdk/src/jdk8u-jdk8u275-b01/hotspot/src/share/vm/prims/jni.cpp, line 40

Events (10 events):
Event: 0.056 loading class java/security/AllPermission
Event: 0.056 loading class java/security/AllPermission done
Event: 0.056 loading class java/security/UnresolvedPermission
Event: 0.056 loading class java/security/UnresolvedPermission done
Event: 0.056 loading class java/security/BasicPermissionCollection
Event: 0.056 loading class java/security/BasicPermissionCollection done
Event: 0.056 loading class sun/launcher/LauncherHelper$FXHelper
Event: 0.056 loading class sun/launcher/LauncherHelper$FXHelper done
Event: 0.056 loading class java/lang/Class$MethodArray
Event: 0.056 loading class java/lang/Class$MethodArray done


Dynamic libraries:
6c6800000-6d0f00000 rw-p 00000000 00:00 0 
6d0f00000-76cd80000 ---p 00000000 00:00 0 
76cd80000-772080000 rw-p 00000000 00:00 0 
772080000-7c0000000 ---p 00000000 00:00 0 
7c0000000-7c0080000 rw-p 00000000 00:00 0 
7c0080000-800000000 ---p 00000000 00:00 0 
5602d77aa000-5602d77ab000 r--p 00000000 08:06 10618125                   /usr/lib/jvm/java-8-openjdk/jre/bin/java
5602d77ab000-5602d77ac000 r-xp 00001000 08:06 10618125                   /usr/lib/jvm/java-8-openjdk/jre/bin/java
5602d77ac000-5602d77ad000 r--p 00002000 08:06 10618125                   /usr/lib/jvm/java-8-openjdk/jre/bin/java
5602d77ad000-5602d77ae000 r--p 00002000 08:06 10618125                   /usr/lib/jvm/java-8-openjdk/jre/bin/java
5602d77ae000-5602d77af000 rw-p 00003000 08:06 10618125                   /usr/lib/jvm/java-8-openjdk/jre/bin/java
5602d8f1b000-5602d8f3c000 rw-p 00000000 00:00 0                          [heap]
7fdea0000000-7fdea0021000 rw-p 00000000 00:00 0 
7fdea0021000-7fdea4000000 ---p 00000000 00:00 0 
7fdea8000000-7fdea8021000 rw-p 00000000 00:00 0 
7fdea8021000-7fdeac000000 ---p 00000000 00:00 0 
7fdeac000000-7fdeac021000 rw-p 00000000 00:00 0 
7fdeac021000-7fdeb0000000 ---p 00000000 00:00 0 
7fdeb0000000-7fdeb0036000 rw-p 00000000 00:00 0 
7fdeb0036000-7fdeb4000000 ---p 00000000 00:00 0 
7fdeb4000000-7fdeb4021000 rw-p 00000000 00:00 0 
7fdeb4021000-7fdeb8000000 ---p 00000000 00:00 0 
7fdeb8000000-7fdeb8021000 rw-p 00000000 00:00 0 
7fdeb8021000-7fdebc000000 ---p 00000000 00:00 0 
7fdebc000000-7fdebc021000 rw-p 00000000 00:00 0 
7fdebc021000-7fdec0000000 ---p 00000000 00:00 0 
7fdec0000000-7fdec0021000 rw-p 00000000 00:00 0 
7fdec0021000-7fdec4000000 ---p 00000000 00:00 0 
7fdec4000000-7fdec4021000 rw-p 00000000 00:00 0 
7fdec4021000-7fdec8000000 ---p 00000000 00:00 0 
7fdec8000000-7fdec8021000 rw-p 00000000 00:00 0 
7fdec8021000-7fdecc000000 ---p 00000000 00:00 0 
7fdecc000000-7fdecc021000 rw-p 00000000 00:00 0 
7fdecc021000-7fded0000000 ---p 00000000 00:00 0 
7fded0000000-7fded0021000 rw-p 00000000 00:00 0 
7fded0021000-7fded4000000 ---p 00000000 00:00 0 
7fded4340000-7fdedc000000 rw-p 00000000 00:00 0 
7fdedc000000-7fdedc021000 rw-p 00000000 00:00 0 
7fdedc021000-7fdee0000000 ---p 00000000 00:00 0 
7fdee1083000-7fdee10b4000 rw-p 00000000 00:00 0 
7fdee10b4000-7fdee10b9000 r--p 00000000 08:06 10754083                   /usr/lib/jvm/java-8-openjdk/jre/lib/amd64/libnet.so
7fdee10b9000-7fdee10c9000 r-xp 00005000 08:06 10754083                   /usr/lib/jvm/java-8-openjdk/jre/lib/amd64/libnet.so
7fdee10c9000-7fdee10cd000 r--p 00015000 08:06 10754083                   /usr/lib/jvm/java-8-openjdk/jre/lib/amd64/libnet.so
7fdee10cd000-7fdee10ce000 r--p 00018000 08:06 10754083                   /usr/lib/jvm/java-8-openjdk/jre/lib/amd64/libnet.so
7fdee10ce000-7fdee10cf000 rw-p 00019000 08:06 10754083                   /usr/lib/jvm/java-8-openjdk/jre/lib/amd64/libnet.so
7fdee10cf000-7fdee10d6000 r--p 00000000 08:06 10754084                   /usr/lib/jvm/java-8-openjdk/jre/lib/amd64/libnio.so
7fdee10d6000-7fdee10de000 r-xp 00007000 08:06 10754084                   /usr/lib/jvm/java-8-openjdk/jre/lib/amd64/libnio.so
7fdee10de000-7fdee10e1000 r--p 0000f000 08:06 10754084                   /usr/lib/jvm/java-8-openjdk/jre/lib/amd64/libnio.so
7fdee10e1000-7fdee10e2000 ---p 00012000 08:06 10754084                   /usr/lib/jvm/java-8-openjdk/jre/lib/amd64/libnio.so
7fdee10e2000-7fdee10e3000 r--p 00012000 08:06 10754084                   /usr/lib/jvm/java-8-openjdk/jre/lib/amd64/libnio.so
7fdee10e3000-7fdee10e4000 rw-p 00013000 08:06 10754084                   /usr/lib/jvm/java-8-openjdk/jre/lib/amd64/libnio.so
7fdee10e4000-7fdee10e5000 ---p 00000000 00:00 0 
7fdee10e5000-7fdee11e5000 rw-p 00000000 00:00 0 
7fdee11e5000-7fdee11e8000 ---p 00000000 00:00 0 
7fdee11e8000-7fdee12e6000 rw-p 00000000 00:00 0 
7fdee12e6000-7fdee12e7000 ---p 00000000 00:00 0 
7fdee12e7000-7fdee12ea000 ---p 00000000 00:00 0 
7fdee12ea000-7fdee13e7000 rw-p 00000000 00:00 0 
7fdee13e7000-7fdee13e8000 ---p 00000000 00:00 0 
7fdee13e8000-7fdee13eb000 ---p 00000000 00:00 0 
7fdee13eb000-7fdee14e8000 rw-p 00000000 00:00 0 
7fdee14e8000-7fdee14e9000 ---p 00000000 00:00 0 
7fdee14e9000-7fdee14ec000 ---p 00000000 00:00 0 
7fdee14ec000-7fdee15e9000 rw-p 00000000 00:00 0 
7fdee15e9000-7fdee15ef000 r--s 000d3000 08:06 10754101                   /usr/lib/jvm/java-8-openjdk/jre/lib/jfr.jar
7fdee15ef000-7fdee15f2000 ---p 00000000 00:00 0 
7fdee15f2000-7fdee16f0000 rw-p 00000000 00:00 0 
7fdee16f0000-7fdee19d7000 r--p 00000000 08:06 8163457                    /usr/lib/locale/locale-archive
7fdee19d7000-7fdee19da000 ---p 00000000 00:00 0 
7fdee19da000-7fdee1ad8000 rw-p 00000000 00:00 0 
7fdee1ad8000-7fdee1adb000 ---p 00000000 00:00 0 
7fdee1adb000-7fdee1bd9000 rw-p 00000000 00:00 0 
7fdee1bd9000-7fdee1bda000 ---p 00000000 00:00 0 
7fdee1bda000-7fdee2c8e000 rw-p 00000000 00:00 0 
7fdee2c8e000-7fdee2e5f000 r--s 03c93000 08:06 10754790                   /usr/lib/jvm/java-8-openjdk/jre/lib/rt.jar
7fdee2e5f000-7fdee3370000 rw-p 00000000 00:00 0 
7fdee3370000-7fdee3730000 ---p 00000000 00:00 0 
7fdee3730000-7fdee3efc000 rw-p 00000000 00:00 0 
7fdee3efc000-7fdee3efd000 ---p 00000000 00:00 0 
7fdee3efd000-7fdee3ffd000 rw-p 00000000 00:00 0 
7fdee3ffd000-7fdee3ffe000 ---p 00000000 00:00 0 
7fdee3ffe000-7fdee40fe000 rw-p 00000000 00:00 0 
7fdee40fe000-7fdee40ff000 ---p 00000000 00:00 0 
7fdee40ff000-7fdee41ff000 rw-p 00000000 00:00 0 
7fdee41ff000-7fdee4200000 ---p 00000000 00:00 0 
7fdee4200000-7fdee4354000 rw-p 00000000 00:00 0 
7fdee4354000-7fdee4833000 ---p 00000000 00:00 0 
7fdee4833000-7fdee4887000 rw-p 00000000 00:00 0 
7fdee4887000-7fdee4d65000 ---p 00000000 00:00 0 
7fdee4d65000-7fdee4d90000 rw-p 00000000 00:00 0 
7fdee4d90000-7fdee4fff000 ---p 00000000 00:00 0 
7fdee4fff000-7fdee5000000 rw-p 00000000 00:00 0 
7fdee5000000-7fdee5270000 rwxp 00000000 00:00 0 
7fdee5270000-7fdef4000000 ---p 00000000 00:00 0 
7fdef4000000-7fdef410c000 rw-p 00000000 00:00 0 
7fdef410c000-7fdef8000000 ---p 00000000 00:00 0 
7fdef8005000-7fdef80d3000 rw-p 00000000 00:00 0 
7fdef80d3000-7fdef8489000 ---p 00000000 00:00 0 
7fdef8489000-7fdef848c000 r--p 00000000 08:06 10754091                   /usr/lib/jvm/java-8-openjdk/jre/lib/amd64/libzip.so
7fdef848c000-7fdef8490000 r-xp 00003000 08:06 10754091                   /usr/lib/jvm/java-8-openjdk/jre/lib/amd64/libzip.so
7fdef8490000-7fdef8492000 r--p 00007000 08:06 10754091                   /usr/lib/jvm/java-8-openjdk/jre/lib/amd64/libzip.so
7fdef8492000-7fdef8493000 r--p 00008000 08:06 10754091                   /usr/lib/jvm/java-8-openjdk/jre/lib/amd64/libzip.so
7fdef8493000-7fdef8494000 rw-p 00009000 08:06 10754091                   /usr/lib/jvm/java-8-openjdk/jre/lib/amd64/libzip.so
7fdef8494000-7fdef84a1000 r--p 00000000 08:06 10754073                   /usr/lib/jvm/java-8-openjdk/jre/lib/amd64/libjava.so
7fdef84a1000-7fdef84b7000 r-xp 0000d000 08:06 10754073                   /usr/lib/jvm/java-8-openjdk/jre/lib/amd64/libjava.so
7fdef84b7000-7fdef84be000 r--p 00023000 08:06 10754073                   /usr/lib/jvm/java-8-openjdk/jre/lib/amd64/libjava.so
7fdef84be000-7fdef84bf000 r--p 00029000 08:06 10754073                   /usr/lib/jvm/java-8-openjdk/jre/lib/amd64/libjava.so
7fdef84bf000-7fdef84c0000 rw-p 0002a000 08:06 10754073                   /usr/lib/jvm/java-8-openjdk/jre/lib/amd64/libjava.so
7fdef84c0000-7fdef84c1000 rw-p 00000000 00:00 0 
7fdef84c1000-7fdef84c4000 r--p 00000000 08:06 8129986                    /usr/lib/librt-2.32.so
7fdef84c4000-7fdef84c8000 r-xp 00003000 08:06 8129986                    /usr/lib/librt-2.32.so
7fdef84c8000-7fdef84ca000 r--p 00007000 08:06 8129986                    /usr/lib/librt-2.32.so
7fdef84ca000-7fdef84cb000 r--p 00008000 08:06 8129986                    /usr/lib/librt-2.32.so
7fdef84cb000-7fdef84cc000 rw-p 00009000 08:06 8129986                    /usr/lib/librt-2.32.so
7fdef84cc000-7fdef84cd000 ---p 00000000 00:00 0 
7fdef84cd000-7fdef84d0000 ---p 00000000 00:00 0 
7fdef84d0000-7fdef85cd000 rw-p 00000000 00:00 0 
7fdef85cd000-7fdef85dc000 r--p 00000000 08:06 8129928                    /usr/lib/libm-2.32.so
7fdef85dc000-7fdef8678000 r-xp 0000f000 08:06 8129928                    /usr/lib/libm-2.32.so
7fdef8678000-7fdef8711000 r--p 000ab000 08:06 8129928                    /usr/lib/libm-2.32.so
7fdef8711000-7fdef8712000 r--p 00143000 08:06 8129928                    /usr/lib/libm-2.32.so
7fdef8712000-7fdef8713000 rw-p 00144000 08:06 8129928                    /usr/lib/libm-2.32.so
7fdef8713000-7fdef890a000 r--p 00000000 08:06 10885649                   /usr/lib/jvm/java-8-openjdk/jre/lib/amd64/server/libjvm.so
7fdef890a000-7fdef9241000 r-xp 001f7000 08:06 10885649                   /usr/lib/jvm/java-8-openjdk/jre/lib/amd64/server/libjvm.so
7fdef9241000-7fdef93fa000 r--p 00b2e000 08:06 10885649                   /usr/lib/jvm/java-8-openjdk/jre/lib/amd64/server/libjvm.so
7fdef93fa000-7fdef9491000 r--p 00ce6000 08:06 10885649                   /usr/lib/jvm/java-8-openjdk/jre/lib/amd64/server/libjvm.so
7fdef9491000-7fdef94ba000 rw-p 00d7d000 08:06 10885649                   /usr/lib/jvm/java-8-openjdk/jre/lib/amd64/server/libjvm.so
7fdef94ba000-7fdef94ef000 rw-p 00000000 00:00 0 
7fdef94ef000-7fdef94f6000 r--p 00000000 08:06 8129977                    /usr/lib/libpthread-2.32.so
7fdef94f6000-7fdef9506000 r-xp 00007000 08:06 8129977                    /usr/lib/libpthread-2.32.so
7fdef9506000-7fdef950b000 r--p 00017000 08:06 8129977                    /usr/lib/libpthread-2.32.so
7fdef950b000-7fdef950c000 r--p 0001b000 08:06 8129977                    /usr/lib/libpthread-2.32.so
7fdef950c000-7fdef950d000 rw-p 0001c000 08:06 8129977                    /usr/lib/libpthread-2.32.so
7fdef950d000-7fdef9511000 rw-p 00000000 00:00 0 
7fdef9511000-7fdef9512000 r--p 00000000 08:06 8129917                    /usr/lib/libdl-2.32.so
7fdef9512000-7fdef9514000 r-xp 00001000 08:06 8129917                    /usr/lib/libdl-2.32.so
7fdef9514000-7fdef9515000 r--p 00003000 08:06 8129917                    /usr/lib/libdl-2.32.so
7fdef9515000-7fdef9516000 r--p 00003000 08:06 8129917                    /usr/lib/libdl-2.32.so
7fdef9516000-7fdef9517000 rw-p 00004000 08:06 8129917                    /usr/lib/libdl-2.32.so
7fdef9517000-7fdef951a000 r--p 00000000 08:06 8139696                    /usr/lib/libz.so.1.2.11
7fdef951a000-7fdef9528000 r-xp 00003000 08:06 8139696                    /usr/lib/libz.so.1.2.11
7fdef9528000-7fdef952e000 r--p 00011000 08:06 8139696                    /usr/lib/libz.so.1.2.11
7fdef952e000-7fdef952f000 ---p 00017000 08:06 8139696                    /usr/lib/libz.so.1.2.11
7fdef952f000-7fdef9530000 r--p 00017000 08:06 8139696                    /usr/lib/libz.so.1.2.11
7fdef9530000-7fdef9531000 rw-p 00018000 08:06 8139696                    /usr/lib/libz.so.1.2.11
7fdef9531000-7fdef9557000 r--p 00000000 08:06 8129905                    /usr/lib/libc-2.32.so
7fdef9557000-7fdef96a4000 r-xp 00026000 08:06 8129905                    /usr/lib/libc-2.32.so
7fdef96a4000-7fdef96f0000 r--p 00173000 08:06 8129905                    /usr/lib/libc-2.32.so
7fdef96f0000-7fdef96f3000 r--p 001be000 08:06 8129905                    /usr/lib/libc-2.32.so
7fdef96f3000-7fdef96f6000 rw-p 001c1000 08:06 8129905                    /usr/lib/libc-2.32.so
7fdef96f6000-7fdef96fa000 rw-p 00000000 00:00 0 
7fdef96fd000-7fdef9705000 rw-s 00000000 00:30 256                        /tmp/hsperfdata_sir/75462
7fdef9705000-7fdef9708000 r--p 00000000 08:06 8129967                    /usr/lib/libnss_files-2.32.so
7fdef9708000-7fdef970f000 r-xp 00003000 08:06 8129967                    /usr/lib/libnss_files-2.32.so
7fdef970f000-7fdef9711000 r--p 0000a000 08:06 8129967                    /usr/lib/libnss_files-2.32.so
7fdef9711000-7fdef9712000 r--p 0000b000 08:06 8129967                    /usr/lib/libnss_files-2.32.so
7fdef9712000-7fdef9713000 rw-p 0000c000 08:06 8129967                    /usr/lib/libnss_files-2.32.so
7fdef9713000-7fdef971a000 rw-p 00000000 00:00 0 
7fdef971a000-7fdef971b000 r--p 00000000 00:00 0 
7fdef971b000-7fdef9720000 r--p 00000000 08:06 10754090                   /usr/lib/jvm/java-8-openjdk/jre/lib/amd64/libverify.so
7fdef9720000-7fdef9727000 r-xp 00005000 08:06 10754090                   /usr/lib/jvm/java-8-openjdk/jre/lib/amd64/libverify.so
7fdef9727000-7fdef9729000 r--p 0000c000 08:06 10754090                   /usr/lib/jvm/java-8-openjdk/jre/lib/amd64/libverify.so
7fdef9729000-7fdef972a000 ---p 0000e000 08:06 10754090                   /usr/lib/jvm/java-8-openjdk/jre/lib/amd64/libverify.so
7fdef972a000-7fdef972c000 r--p 0000e000 08:06 10754090                   /usr/lib/jvm/java-8-openjdk/jre/lib/amd64/libverify.so
7fdef972c000-7fdef972d000 rw-p 00010000 08:06 10754090                   /usr/lib/jvm/java-8-openjdk/jre/lib/amd64/libverify.so
7fdef972d000-7fdef9730000 r--p 00000000 08:06 10885645                   /usr/lib/jvm/java-8-openjdk/jre/lib/amd64/jli/libjli.so
7fdef9730000-7fdef9739000 r-xp 00003000 08:06 10885645                   /usr/lib/jvm/java-8-openjdk/jre/lib/amd64/jli/libjli.so
7fdef9739000-7fdef973c000 r--p 0000c000 08:06 10885645                   /usr/lib/jvm/java-8-openjdk/jre/lib/amd64/jli/libjli.so
7fdef973c000-7fdef973d000 r--p 0000e000 08:06 10885645                   /usr/lib/jvm/java-8-openjdk/jre/lib/amd64/jli/libjli.so
7fdef973d000-7fdef973e000 rw-p 0000f000 08:06 10885645                   /usr/lib/jvm/java-8-openjdk/jre/lib/amd64/jli/libjli.so
7fdef973e000-7fdef9740000 rw-p 00000000 00:00 0 
7fdef9740000-7fdef9742000 r--p 00000000 08:06 8129881                    /usr/lib/ld-2.32.so
7fdef9742000-7fdef9763000 r-xp 00002000 08:06 8129881                    /usr/lib/ld-2.32.so
7fdef9763000-7fdef976c000 r--p 00023000 08:06 8129881                    /usr/lib/ld-2.32.so
7fdef976c000-7fdef976d000 r--p 0002b000 08:06 8129881                    /usr/lib/ld-2.32.so
7fdef976d000-7fdef976f000 rw-p 0002c000 08:06 8129881                    /usr/lib/ld-2.32.so
7ffd926ad000-7ffd926ce000 rw-p 00000000 00:00 0                          [stack]
7ffd92788000-7ffd9278c000 r--p 00000000 00:00 0                          [vvar]
7ffd9278c000-7ffd9278e000 r-xp 00000000 00:00 0                          [vdso]
ffffffffff600000-ffffffffff601000 --xp 00000000 00:00 0                  [vsyscall]

VM Arguments:
jvm_args: -Xverify:none 
java_command: Void
java_class_path (initial): .
Launcher Type: SUN_STANDARD

Environment Variables:
PATH=/home/sir/.gem/ruby/2.7.0/bin:/usr/local/sbin:/usr/local/bin:/usr/bin:/usr/bin/site_perl:/usr/bin/vendor_perl:/usr/bin/core_perl
SHELL=/bin/fish
DISPLAY=:0

Signal Handlers:
SIGSEGV: [libjvm.so+0xaf74c0], sa_mask[0]=11111111011111111101111111111110, sa_flags=SA_RESTART|SA_SIGINFO
SIGBUS: [libjvm.so+0xaf74c0], sa_mask[0]=11111111011111111101111111111110, sa_flags=SA_RESTART|SA_SIGINFO
SIGFPE: [libjvm.so+0x944a60], sa_mask[0]=11111111011111111101111111111110, sa_flags=SA_RESTART|SA_SIGINFO
SIGPIPE: [libjvm.so+0x944a60], sa_mask[0]=11111111011111111101111111111110, sa_flags=SA_RESTART|SA_SIGINFO
SIGXFSZ: [libjvm.so+0x944a60], sa_mask[0]=11111111011111111101111111111110, sa_flags=SA_RESTART|SA_SIGINFO
SIGILL: [libjvm.so+0x944a60], sa_mask[0]=11111111011111111101111111111110, sa_flags=SA_RESTART|SA_SIGINFO
SIGUSR1: SIG_DFL, sa_mask[0]=00000000000000000000000000000000, sa_flags=none
SIGUSR2: [libjvm.so+0x944840], sa_mask[0]=00000000000000000000000000000000, sa_flags=SA_RESTART|SA_SIGINFO
SIGHUP: [libjvm.so+0x944d00], sa_mask[0]=11111111011111111101111111111110, sa_flags=SA_RESTART|SA_SIGINFO
SIGINT: [libjvm.so+0x944d00], sa_mask[0]=11111111011111111101111111111110, sa_flags=SA_RESTART|SA_SIGINFO
SIGTERM: [libjvm.so+0x944d00], sa_mask[0]=11111111011111111101111111111110, sa_flags=SA_RESTART|SA_SIGINFO
SIGQUIT: [libjvm.so+0x944d00], sa_mask[0]=11111111011111111101111111111110, sa_flags=SA_RESTART|SA_SIGINFO


---------------  S Y S T E M  ---------------

OS:LSB_VERSION=1.4
DISTRIB_ID=Arch
DISTRIB_RELEASE=rolling
DISTRIB_DESCRIPTION="Arch Linux"

uname:Linux 5.10.13-arch1-1 #1 SMP PREEMPT Wed, 03 Feb 2021 23:44:07 +0000 x86_64
libc:glibc 2.32 NPTL 2.32 
rlimit: STACK 8192k, CORE infinity, NPROC 63792, NOFILE 524288, AS infinity
load average:2.89 3.40 2.87

/proc/meminfo:
MemTotal:       16349012 kB
MemFree:          660868 kB
MemAvailable:    3426532 kB
Buffers:          382076 kB
Cached:          3390160 kB
SwapCached:           12 kB
Active:          1917724 kB
Inactive:       12854036 kB
Active(anon):      56512 kB
Inactive(anon): 11786584 kB
Active(file):    1861212 kB
Inactive(file):  1067452 kB
Unevictable:          96 kB
Mlocked:              96 kB
SwapTotal:      16777212 kB
SwapFree:       16770812 kB
Dirty:              3536 kB
Writeback:             0 kB
AnonPages:      10999660 kB
Mapped:          2162276 kB
Shmem:            846968 kB
KReclaimable:     173968 kB
Slab:             361840 kB
SReclaimable:     173968 kB
SUnreclaim:       187872 kB
KernelStack:       20960 kB
PageTables:        81224 kB
NFS_Unstable:          0 kB
Bounce:                0 kB
WritebackTmp:          0 kB
CommitLimit:    24951716 kB
Committed_AS:   21061032 kB
VmallocTotal:   34359738367 kB
VmallocUsed:       85112 kB
VmallocChunk:          0 kB
Percpu:             2336 kB
HardwareCorrupted:     0 kB
AnonHugePages:         0 kB
ShmemHugePages:        0 kB
ShmemPmdMapped:        0 kB
FileHugePages:         0 kB
FilePmdMapped:         0 kB
CmaTotal:              0 kB
CmaFree:               0 kB
HugePages_Total:       0
HugePages_Free:        0
HugePages_Rsvd:        0
HugePages_Surp:        0
Hugepagesize:       2048 kB
Hugetlb:               0 kB
DirectMap4k:     1022904 kB
DirectMap2M:    14663680 kB
DirectMap1G:     1048576 kB

container (cgroup) information:
container_type: cgroupv1
cpu_cpuset_cpus: 0-3
cpu_memory_nodes: 0
active_processor_count: 4
cpu_quota: -1
cpu_period: 100000
cpu_shares: -1
memory_limit_in_bytes: -1
memory_and_swap_limit_in_bytes: -1
memory_soft_limit_in_bytes: -1
memory_usage_in_bytes: 12730716160
memory_max_usage_in_bytes: 13244690432


CPU:total 4 (initial active 4) (4 cores per cpu, 1 threads per core) family 6 model 158 stepping 9, cmov, cx8, fxsr, mmx, sse, sse2, sse3, ssse3, sse4.1, sse4.2, popcnt, avx, avx2, aes, clmul, erms, rtm, 3dnowpref, lzcnt, tsc, tscinvbit, bmi1, bmi2, adx

/proc/cpuinfo:
processor	: 0
vendor_id	: GenuineIntel
cpu family	: 6
model		: 158
model name	: Intel(R) Core(TM) i5-7600 CPU @ 3.50GHz
stepping	: 9
microcode	: 0xde
cpu MHz		: 3222.952
cache size	: 6144 KB
physical id	: 0
siblings	: 4
core id		: 0
cpu cores	: 4
apicid		: 0
initial apicid	: 0
fpu		: yes
fpu_exception	: yes
cpuid level	: 22
wp		: yes
flags		: fpu vme de pse tsc msr pae mce cx8 apic sep mtrr pge mca cmov pat pse36 clflush dts acpi mmx fxsr sse sse2 ss ht tm pbe syscall nx pdpe1gb rdtscp lm constant_tsc art arch_perfmon pebs bts rep_good nopl xtopology nonstop_tsc cpuid aperfmperf pni pclmulqdq dtes64 monitor ds_cpl vmx smx est tm2 ssse3 sdbg fma cx16 xtpr pdcm pcid sse4_1 sse4_2 x2apic movbe popcnt tsc_deadline_timer aes xsave avx f16c rdrand lahf_lm abm 3dnowprefetch cpuid_fault invpcid_single pti ssbd ibrs ibpb stibp tpr_shadow vnmi flexpriority ept vpid ept_ad fsgsbase tsc_adjust bmi1 hle avx2 smep bmi2 erms invpcid rtm mpx rdseed adx smap clflushopt intel_pt xsaveopt xsavec xgetbv1 xsaves dtherm ida arat pln pts hwp hwp_notify hwp_act_window hwp_epp md_clear flush_l1d
vmx flags	: vnmi preemption_timer invvpid ept_x_only ept_ad ept_1gb flexpriority tsc_offset vtpr mtf vapic ept vpid unrestricted_guest ple shadow_vmcs pml ept_mode_based_exec
bugs		: cpu_meltdown spectre_v1 spectre_v2 spec_store_bypass l1tf mds swapgs taa itlb_multihit srbds
bogomips	: 7002.48
clflush size	: 64
cache_alignment	: 64
address sizes	: 39 bits physical, 48 bits virtual
power management:

processor	: 1
vendor_id	: GenuineIntel
cpu family	: 6
model		: 158
model name	: Intel(R) Core(TM) i5-7600 CPU @ 3.50GHz
stepping	: 9
microcode	: 0xde
cpu MHz		: 2998.883
cache size	: 6144 KB
physical id	: 0
siblings	: 4
core id		: 1
cpu cores	: 4
apicid		: 2
initial apicid	: 2
fpu		: yes
fpu_exception	: yes
cpuid level	: 22
wp		: yes
flags		: fpu vme de pse tsc msr pae mce cx8 apic sep mtrr pge mca cmov pat pse36 clflush dts acpi mmx fxsr sse sse2 ss ht tm pbe syscall nx pdpe1gb rdtscp lm constant_tsc art arch_perfmon pebs bts rep_good nopl xtopology nonstop_tsc cpuid aperfmperf pni pclmulqdq dtes64 monitor ds_cpl vmx smx est tm2 ssse3 sdbg fma cx16 xtpr pdcm pcid sse4_1 sse4_2 x2apic movbe popcnt tsc_deadline_timer aes xsave avx f16c rdrand lahf_lm abm 3dnowprefetch cpuid_fault invpcid_single pti ssbd ibrs ibpb stibp tpr_shadow vnmi flexpriority ept vpid ept_ad fsgsbase tsc_adjust bmi1 hle avx2 smep bmi2 erms invpcid rtm mpx rdseed adx smap clflushopt intel_pt xsaveopt xsavec xgetbv1 xsaves dtherm ida arat pln pts hwp hwp_notify hwp_act_window hwp_epp md_clear flush_l1d
vmx flags	: vnmi preemption_timer invvpid ept_x_only ept_ad ept_1gb flexpriority tsc_offset vtpr mtf vapic ept vpid unrestricted_guest ple shadow_vmcs pml ept_mode_based_exec
bugs		: cpu_meltdown spectre_v1 spectre_v2 spec_store_bypass l1tf mds swapgs taa itlb_multihit srbds
bogomips	: 7002.48
clflush size	: 64
cache_alignment	: 64
address sizes	: 39 bits physical, 48 bits virtual
power management:

processor	: 2
vendor_id	: GenuineIntel
cpu family	: 6
model		: 158
model name	: Intel(R) Core(TM) i5-7600 CPU @ 3.50GHz
stepping	: 9
microcode	: 0xde
cpu MHz		: 2965.488
cache size	: 6144 KB
physical id	: 0
siblings	: 4
core id		: 2
cpu cores	: 4
apicid		: 4
initial apicid	: 4
fpu		: yes
fpu_exception	: yes
cpuid level	: 22
wp		: yes
flags		: fpu vme de pse tsc msr pae mce cx8 apic sep mtrr pge mca cmov pat pse36 clflush dts acpi mmx fxsr sse sse2 ss ht tm pbe syscall nx pdpe1gb rdtscp lm constant_tsc art arch_perfmon pebs bts rep_good nopl xtopology nonstop_tsc cpuid aperfmperf pni pclmulqdq dtes64 monitor ds_cpl vmx smx est tm2 ssse3 sdbg fma cx16 xtpr pdcm pcid sse4_1 sse4_2 x2apic movbe popcnt tsc_deadline_timer aes xsave avx f16c rdrand lahf_lm abm 3dnowprefetch cpuid_fault invpcid_single pti ssbd ibrs ibpb stibp tpr_shadow vnmi flexpriority ept vpid ept_ad fsgsbase tsc_adjust bmi1 hle avx2 smep bmi2 erms invpcid rtm mpx rdseed adx smap clflushopt intel_pt xsaveopt xsavec xgetbv1 xsaves dtherm ida arat pln pts hwp hwp_notify hwp_act_window hwp_epp md_clear flush_l1d
vmx flags	: vnmi preemption_timer invvpid ept_x_only ept_ad ept_1gb flexpriority tsc_offset vtpr mtf vapic ept vpid unrestricted_guest ple shadow_vmcs pml ept_mode_based_exec
bugs		: cpu_meltdown spectre_v1 spectre_v2 spec_store_bypass l1tf mds swapgs taa itlb_multihit srbds
bogomips	: 7002.48
clflush size	: 64
cache_alignment	: 64
address sizes	: 39 bits physical, 48 bits virtual
power management:

processor	: 3
vendor_id	: GenuineIntel
cpu family	: 6
model		: 158
model name	: Intel(R) Core(TM) i5-7600 CPU @ 3.50GHz
stepping	: 9
microcode	: 0xde
cpu MHz		: 2895.771
cache size	: 6144 KB
physical id	: 0
siblings	: 4
core id		: 3
cpu cores	: 4
apicid		: 6
initial apicid	: 6
fpu		: yes
fpu_exception	: yes
cpuid level	: 22
wp		: yes
flags		: fpu vme de pse tsc msr pae mce cx8 apic sep mtrr pge mca cmov pat pse36 clflush dts acpi mmx fxsr sse sse2 ss ht tm pbe syscall nx pdpe1gb rdtscp lm constant_tsc art arch_perfmon pebs bts rep_good nopl xtopology nonstop_tsc cpuid aperfmperf pni pclmulqdq dtes64 monitor ds_cpl vmx smx est tm2 ssse3 sdbg fma cx16 xtpr pdcm pcid sse4_1 sse4_2 x2apic movbe popcnt tsc_deadline_timer aes xsave avx f16c rdrand lahf_lm abm 3dnowprefetch cpuid_fault invpcid_single pti ssbd ibrs ibpb stibp tpr_shadow vnmi flexpriority ept vpid ept_ad fsgsbase tsc_adjust bmi1 hle avx2 smep bmi2 erms invpcid rtm mpx rdseed adx smap clflushopt intel_pt xsaveopt xsavec xgetbv1 xsaves dtherm ida arat pln pts hwp hwp_notify hwp_act_window hwp_epp md_clear flush_l1d
vmx flags	: vnmi preemption_timer invvpid ept_x_only ept_ad ept_1gb flexpriority tsc_offset vtpr mtf vapic ept vpid unrestricted_guest ple shadow_vmcs pml ept_mode_based_exec
bugs		: cpu_meltdown spectre_v1 spectre_v2 spec_store_bypass l1tf mds swapgs taa itlb_multihit srbds
bogomips	: 7002.48
clflush size	: 64
cache_alignment	: 64
address sizes	: 39 bits physical, 48 bits virtual
power management:



Memory: 4k page, physical 16349012k(660868k free), swap 16777212k(16770812k free)

vm_info: OpenJDK 64-Bit Server VM (25.275-b01) for linux-amd64 JRE (1.8.0_275-b01), built on Jan 10 2021 13:38:57 by "builduser" with gcc 10.2.0

time: Mon Feb  8 14:03:13 2021
timezone: PST
elapsed time: 0.059215 seconds (0d 0h 0m 0s)

