#
# A fatal error has been detected by the Java Runtime Environment:
#
#  SIGSEGV (0xb) at pc=0x00007f86182440f0, pid=77165, tid=0x00007f86176a3640
#
# JRE version: OpenJDK Runtime Environment (8.0_275-b01) (build 1.8.0_275-b01)
# Java VM: OpenJDK 64-Bit Server VM (25.275-b01 mixed mode linux-amd64 compressed oops)
# Problematic frame:
# V  [libjvm.so+0xa5a0f0]
#
# Core dump written. Default location: /home/sir/Desktop/Jave/core or core.77165
#
# If you would like to submit a bug report, please visit:
#   http://bugreport.java.com/bugreport/crash.jsp
#

---------------  T H R E A D  ---------------

Current thread (0x00007f861000a800):  JavaThread "main" [_thread_in_vm, id=77166, stack(0x00007f86175a4000,0x00007f86176a4000)]

siginfo: si_signo: 11 (SIGSEGV), si_code: 1 (SEGV_MAPERR), si_addr: 0x0000000000000002

Registers:
RAX=0x00007f8610009240, RBX=0x0000000000000001, RCX=0x0000000000000056, RDX=0x000000000000000e
RSP=0x00007f86176a1e38, RBP=0x00007f86176a1e50, RSI=0x00007f861837e200, RDI=0x0000000000000000
R8 =0x00007f861000a800, R9 =0x0000000000000006, R10=0x0000000000000007, R11=0x0000000000000000
R12=0x00007f86176a1f30, R13=0x00007f861837d584, R14=0x00007f8610009220, R15=0x0000000000000000
RIP=0x00007f86182440f0, EFLAGS=0x0000000000010202, CSGSFS=0x002b000000000033, ERR=0x0000000000000004
  TRAPNO=0x000000000000000e

Top of Stack: (sp=0x00007f86176a1e38)
0x00007f86176a1e38:   00007f86181f67d2 00007f86100091d0
0x00007f86176a1e48:   0000000000000001 00007f86176a2200
0x00007f86176a1e58:   00007f86181e355a 00007f86100dc9c0
0x00007f86176a1e68:   00007f8600000000 00007f86176a2570
0x00007f86176a1e78:   00000007c0001ef8 00007f8610009220
0x00007f86176a1e88:   00007f86100091d0 00007f8610059880
0x00007f86176a1e98:   00000000000003d8 00007f8610007cf0
0x00007f86176a1ea8:   00007f86100095f8 00007f8610009220
0x00007f86176a1eb8:   00007f86176a1f30 0000000100000012
0x00007f86176a1ec8:   00007f8610009210 0000000000000001
0x00007f86176a1ed8:   00007f86176a1f00 0000003400000012
0x00007f86176a1ee8:   0000000000000000 0000000000000000
0x00007f86176a1ef8:   0000000000000000 00000000b0000000
0x00007f86176a1f08:   0000007c00000000 00007f86ffffffff
0x00007f86176a1f18:   0000000000000010 0000000000000110
0x00007f86176a1f28:   00007f8610000020 00007f86100dc110
0x00007f86176a1f38:   0000000400000003 000000010000000e
0x00007f86176a1f48:   00007f8610009220 0000000000000000
0x00007f86176a1f58:   00007f86176a1fa0 0000000000000110
0x00007f86176a1f68:   00007f861812855e 00007f86100dc9c0
0x00007f86176a1f78:   00007f861857ac40 0000000000000110
0x00007f86176a1f88:   0000000000000110 00007f86100dc6a0
0x00007f86176a1f98:   0000000000000002 00007f86176a1fd0
0x00007f86176a1fa8:   00007f8617c2adeb 00007f86176a1fd0
0x00007f86176a1fb8:   00007f86180eb077 0000000000000002
0x00007f86176a1fc8:   00007f86176a1fe0 00007f86176a2030
0x00007f86176a1fd8:   00007f8617c2ae96 0000000000000000
0x00007f86176a1fe8:   0000000000000000 0000000000000000
0x00007f86176a1ff8:   0000000000000000 0000000000000000
0x00007f86176a2008:   00007f86100dc6a0 00007f86176a2030
0x00007f86176a2018:   000000076cddb178 00007f86100dbee0
0x00007f86176a2028:   00007f8615482070 00007f86176a2060 

Instructions: (pc=0x00007f86182440f0)
0x00007f86182440d0:   0f b7 47 02 66 85 c0 79 07 c3 66 0f 1f 44 00 00
0x00007f86182440e0:   48 83 c7 02 e9 d7 35 8a ff 90 66 0f 1f 44 00 00
0x00007f86182440f0:   0f b7 47 02 66 85 c0 79 07 c3 66 0f 1f 44 00 00
0x00007f8618244100:   48 83 c7 02 e9 e7 35 8a ff 90 66 0f 1f 44 00 00 

Register to memory mapping:

RAX=0x00007f8610009240 is an unknown value
RBX=0x0000000000000001 is an unknown value
RCX=0x0000000000000056 is an unknown value
RDX=0x000000000000000e is an unknown value
RSP=0x00007f86176a1e38 is pointing into the stack for thread: 0x00007f861000a800
RBP=0x00007f86176a1e50 is pointing into the stack for thread: 0x00007f861000a800
RSI=0x00007f861837e200: <offset 0xb94200> in /usr/lib/jvm/java-8-openjdk/jre/lib/amd64/server/libjvm.so at 0x00007f86177ea000
RDI=0x0000000000000000 is an unknown value
R8 =0x00007f861000a800 is a thread
R9 =0x0000000000000006 is an unknown value
R10=0x0000000000000007 is an unknown value
R11=0x0000000000000000 is an unknown value
R12=0x00007f86176a1f30 is pointing into the stack for thread: 0x00007f861000a800
R13=0x00007f861837d584: <offset 0xb93584> in /usr/lib/jvm/java-8-openjdk/jre/lib/amd64/server/libjvm.so at 0x00007f86177ea000
R14=0x00007f8610009220 is an unknown value
R15=0x0000000000000000 is an unknown value


Stack: [0x00007f86175a4000,0x00007f86176a4000],  sp=0x00007f86176a1e38,  free space=1015k
Native frames: (J=compiled Java code, j=interpreted, Vv=VM code, C=native code)
V  [libjvm.so+0xa5a0f0]
V  [libjvm.so+0x9f955a]
V  [libjvm.so+0x8da3ea]
V  [libjvm.so+0x6327dd]
V  [libjvm.so+0x632e24]
V  [libjvm.so+0x633131]
V  [libjvm.so+0x736ba9]
V  [libjvm.so+0x73731d]  JVM_GetClassDeclaredMethods+0x6d
j  java.lang.Class.getDeclaredMethods0(Z)[Ljava/lang/reflect/Method;+0
j  java.lang.Class.privateGetDeclaredMethods(Z)[Ljava/lang/reflect/Method;+37
j  java.lang.Class.privateGetMethodRecursive(Ljava/lang/String;[Ljava/lang/Class;ZLjava/lang/Class$MethodArray;)Ljava/lang/reflect/Method;+2
j  java.lang.Class.getMethod0(Ljava/lang/String;[Ljava/lang/Class;Z)Ljava/lang/reflect/Method;+16
j  java.lang.Class.getMethod(Ljava/lang/String;[Ljava/lang/Class;)Ljava/lang/reflect/Method;+13
j  sun.launcher.LauncherHelper.validateMainClass(Ljava/lang/Class;)V+12
j  sun.launcher.LauncherHelper.checkAndLoadMain(ZILjava/lang/String;)Ljava/lang/Class;+214
v  ~StubRoutines::call_stub
V  [libjvm.so+0x67b89e]
V  [libjvm.so+0x6f2be0]
V  [libjvm.so+0x6f4225]
C  [libjli.so+0x3c40]
C  [libpthread.so.0+0x93e9]  start_thread+0xe9

Java frames: (J=compiled Java code, j=interpreted, Vv=VM code)
j  java.lang.Class.getDeclaredMethods0(Z)[Ljava/lang/reflect/Method;+0
j  java.lang.Class.privateGetDeclaredMethods(Z)[Ljava/lang/reflect/Method;+37
j  java.lang.Class.privateGetMethodRecursive(Ljava/lang/String;[Ljava/lang/Class;ZLjava/lang/Class$MethodArray;)Ljava/lang/reflect/Method;+2
j  java.lang.Class.getMethod0(Ljava/lang/String;[Ljava/lang/Class;Z)Ljava/lang/reflect/Method;+16
j  java.lang.Class.getMethod(Ljava/lang/String;[Ljava/lang/Class;)Ljava/lang/reflect/Method;+13
j  sun.launcher.LauncherHelper.validateMainClass(Ljava/lang/Class;)V+12
j  sun.launcher.LauncherHelper.checkAndLoadMain(ZILjava/lang/String;)Ljava/lang/Class;+214
v  ~StubRoutines::call_stub

---------------  P R O C E S S  ---------------

Java Threads: ( => current thread )
  0x00007f86100ce000 JavaThread "Service Thread" daemon [_thread_blocked, id=77178, stack(0x00007f85f854e000,0x00007f85f864f000)]
  0x00007f86100c1000 JavaThread "C1 CompilerThread2" daemon [_thread_blocked, id=77177, stack(0x00007f85f8650000,0x00007f85f8750000)]
  0x00007f86100bf000 JavaThread "C2 CompilerThread1" daemon [_thread_blocked, id=77176, stack(0x00007f85f8751000,0x00007f85f8851000)]
  0x00007f86100bc000 JavaThread "C2 CompilerThread0" daemon [_thread_blocked, id=77175, stack(0x00007f85f8852000,0x00007f85f8952000)]
  0x00007f86100b6800 JavaThread "Signal Dispatcher" daemon [_thread_blocked, id=77174, stack(0x00007f85f8952000,0x00007f85f8a53000)]
  0x00007f8610086000 JavaThread "Finalizer" daemon [_thread_blocked, id=77173, stack(0x00007f85f8d3a000,0x00007f85f8e3b000)]
  0x00007f8610081800 JavaThread "Reference Handler" daemon [_thread_blocked, id=77172, stack(0x00007f85f8e3b000,0x00007f85f8f3c000)]
=>0x00007f861000a800 JavaThread "main" [_thread_in_vm, id=77166, stack(0x00007f86175a4000,0x00007f86176a4000)]

Other Threads:
  0x00007f8610078000 VMThread [stack: 0x00007f85f8f3d000,0x00007f85f903d000] [id=77171]
  0x00007f86100d0800 WatcherThread [stack: 0x00007f85f844e000,0x00007f85f854e000] [id=77179]

VM state:not at safepoint (normal execution)

VM Mutex/Monitor currently owned by a thread:  ([mutex/lock_event])
[0x00007f8610007cf0] AdapterHandlerLibrary_lock - owner thread: 0x00007f861000a800

heap address: 0x00000006c6800000, size: 3992 MB, Compressed Oops mode: Zero based, Oop shift amount: 3
Narrow klass base: 0x0000000000000000, Narrow klass shift: 3
Compressed class space size: 1073741824 Address: 0x00000007c0000000

Heap:
 PSYoungGen      total 74752K, used 1290K [0x000000076cd80000, 0x0000000772080000, 0x00000007c0000000)
  eden space 64512K, 2% used [0x000000076cd80000,0x000000076cec2900,0x0000000770c80000)
  from space 10240K, 0% used [0x0000000771680000,0x0000000771680000,0x0000000772080000)
  to   space 10240K, 0% used [0x0000000770c80000,0x0000000770c80000,0x0000000771680000)
 ParOldGen       total 171008K, used 0K [0x00000006c6800000, 0x00000006d0f00000, 0x000000076cd80000)
  object space 171008K, 0% used [0x00000006c6800000,0x00000006c6800000,0x00000006d0f00000)
 Metaspace       used 2645K, capacity 4486K, committed 4864K, reserved 1056768K
  class space    used 276K, capacity 386K, committed 512K, reserved 1048576K

Card table byte_map: [0x00007f86169d3000,0x00007f86171a0000] byte_map_base: 0x00007f861339f000

Marking Bits: (ParMarkBitMap*) 0x00007f86185a6f40
 Begin Bits: [0x00007f85f9340000, 0x00007f85fd1a0000)
 End Bits:   [0x00007f85fd1a0000, 0x00007f8601000000)

Polling page: 0x00007f86187f1000

CodeCache: size=245760Kb used=1083Kb max_used=1083Kb free=244676Kb
 bounds [0x00007f8601000000, 0x00007f8601270000, 0x00007f8610000000]
 total_blobs=256 nmethods=11 adapters=160
 compilation: enabled

Compilation events (10 events):
Event: 0.045 Thread 0x00007f86100c1000    7       3       java.lang.Math::min (11 bytes)
Event: 0.045 Thread 0x00007f86100c1000 nmethod 7 0x00007f8601102190 code [0x00007f8601102300, 0x00007f8601102490]
Event: 0.045 Thread 0x00007f86100c1000    8       3       java.lang.String::length (6 bytes)
Event: 0.045 Thread 0x00007f86100c1000 nmethod 8 0x00007f860110c4d0 code [0x00007f860110c640, 0x00007f860110c7b0]
Event: 0.046 Thread 0x00007f86100c1000    9       1       java.lang.Object::<init> (1 bytes)
Event: 0.046 Thread 0x00007f86100c1000 nmethod 9 0x00007f8601100010 code [0x00007f8601100160, 0x00007f8601100270]
Event: 0.048 Thread 0x00007f86100c1000   10       1       java.lang.ref.Reference::get (5 bytes)
Event: 0.048 Thread 0x00007f86100c1000 nmethod 10 0x00007f860110da90 code [0x00007f860110dbe0, 0x00007f860110dcf0]
Event: 0.049 Thread 0x00007f86100c1000   11       1       java.lang.ThreadLocal::access$400 (5 bytes)
Event: 0.049 Thread 0x00007f86100c1000 nmethod 11 0x00007f860110ea10 code [0x00007f860110eb60, 0x00007f860110ec50]

GC Heap History (0 events):
No events

Deoptimization events (0 events):
No events

Classes redefined (0 events):
No events

Internal exceptions (2 events):
Event: 0.023 Thread 0x00007f861000a800 Exception <a 'java/lang/NoSuchMethodError': Method sun.misc.Unsafe.defineClass(Ljava/lang/String;[BII)Ljava/lang/Class; name or signature does not match> (0x000000076cd87cc0) thrown at [/build/java8-openjdk/src/jdk8u-jdk8u275-b01/hotspot/src/share/vm/prim
Event: 0.023 Thread 0x00007f861000a800 Exception <a 'java/lang/NoSuchMethodError': Method sun.misc.Unsafe.prefetchRead(Ljava/lang/Object;J)V name or signature does not match> (0x000000076cd87fa8) thrown at [/build/java8-openjdk/src/jdk8u-jdk8u275-b01/hotspot/src/share/vm/prims/jni.cpp, line 40

Events (10 events):
Event: 0.049 loading class java/security/AllPermission
Event: 0.049 loading class java/security/AllPermission done
Event: 0.049 loading class java/security/UnresolvedPermission
Event: 0.049 loading class java/security/UnresolvedPermission done
Event: 0.049 loading class java/security/BasicPermissionCollection
Event: 0.049 loading class java/security/BasicPermissionCollection done
Event: 0.050 loading class sun/launcher/LauncherHelper$FXHelper
Event: 0.050 loading class sun/launcher/LauncherHelper$FXHelper done
Event: 0.050 loading class java/lang/Class$MethodArray
Event: 0.050 loading class java/lang/Class$MethodArray done


Dynamic libraries:
6c6800000-6d0f00000 rw-p 00000000 00:00 0 
6d0f00000-76cd80000 ---p 00000000 00:00 0 
76cd80000-772080000 rw-p 00000000 00:00 0 
772080000-7c0000000 ---p 00000000 00:00 0 
7c0000000-7c0080000 rw-p 00000000 00:00 0 
7c0080000-800000000 ---p 00000000 00:00 0 
555a36a1b000-555a36a1c000 r--p 00000000 08:06 10618125                   /usr/lib/jvm/java-8-openjdk/jre/bin/java
555a36a1c000-555a36a1d000 r-xp 00001000 08:06 10618125                   /usr/lib/jvm/java-8-openjdk/jre/bin/java
555a36a1d000-555a36a1e000 r--p 00002000 08:06 10618125                   /usr/lib/jvm/java-8-openjdk/jre/bin/java
555a36a1e000-555a36a1f000 r--p 00002000 08:06 10618125                   /usr/lib/jvm/java-8-openjdk/jre/bin/java
555a36a1f000-555a36a20000 rw-p 00003000 08:06 10618125                   /usr/lib/jvm/java-8-openjdk/jre/bin/java
555a36cec000-555a36d0d000 rw-p 00000000 00:00 0                          [heap]
7f85c4000000-7f85c4021000 rw-p 00000000 00:00 0 
7f85c4021000-7f85c8000000 ---p 00000000 00:00 0 
7f85c8000000-7f85c8021000 rw-p 00000000 00:00 0 
7f85c8021000-7f85cc000000 ---p 00000000 00:00 0 
7f85cc000000-7f85cc021000 rw-p 00000000 00:00 0 
7f85cc021000-7f85d0000000 ---p 00000000 00:00 0 
7f85d0000000-7f85d0025000 rw-p 00000000 00:00 0 
7f85d0025000-7f85d4000000 ---p 00000000 00:00 0 
7f85d4000000-7f85d4021000 rw-p 00000000 00:00 0 
7f85d4021000-7f85d8000000 ---p 00000000 00:00 0 
7f85d8000000-7f85d805e000 rw-p 00000000 00:00 0 
7f85d805e000-7f85dc000000 ---p 00000000 00:00 0 
7f85dc000000-7f85dc021000 rw-p 00000000 00:00 0 
7f85dc021000-7f85e0000000 ---p 00000000 00:00 0 
7f85e0000000-7f85e0021000 rw-p 00000000 00:00 0 
7f85e0021000-7f85e4000000 ---p 00000000 00:00 0 
7f85e4000000-7f85e4021000 rw-p 00000000 00:00 0 
7f85e4021000-7f85e8000000 ---p 00000000 00:00 0 
7f85e8000000-7f85e8021000 rw-p 00000000 00:00 0 
7f85e8021000-7f85ec000000 ---p 00000000 00:00 0 
7f85ec000000-7f85ec021000 rw-p 00000000 00:00 0 
7f85ec021000-7f85f0000000 ---p 00000000 00:00 0 
7f85f0000000-7f85f0021000 rw-p 00000000 00:00 0 
7f85f0021000-7f85f4000000 ---p 00000000 00:00 0 
7f85f4000000-7f85f4021000 rw-p 00000000 00:00 0 
7f85f4021000-7f85f8000000 ---p 00000000 00:00 0 
7f85f844d000-7f85f844e000 ---p 00000000 00:00 0 
7f85f844e000-7f85f854e000 rw-p 00000000 00:00 0 
7f85f854e000-7f85f8551000 ---p 00000000 00:00 0 
7f85f8551000-7f85f864f000 rw-p 00000000 00:00 0 
7f85f864f000-7f85f8650000 ---p 00000000 00:00 0 
7f85f8650000-7f85f8653000 ---p 00000000 00:00 0 
7f85f8653000-7f85f8750000 rw-p 00000000 00:00 0 
7f85f8750000-7f85f8751000 ---p 00000000 00:00 0 
7f85f8751000-7f85f8754000 ---p 00000000 00:00 0 
7f85f8754000-7f85f8851000 rw-p 00000000 00:00 0 
7f85f8851000-7f85f8852000 ---p 00000000 00:00 0 
7f85f8852000-7f85f8855000 ---p 00000000 00:00 0 
7f85f8855000-7f85f8952000 rw-p 00000000 00:00 0 
7f85f8952000-7f85f8955000 ---p 00000000 00:00 0 
7f85f8955000-7f85f8a53000 rw-p 00000000 00:00 0 
7f85f8a53000-7f85f8d3a000 r--p 00000000 08:06 8163457                    /usr/lib/locale/locale-archive
7f85f8d3a000-7f85f8d3d000 ---p 00000000 00:00 0 
7f85f8d3d000-7f85f8e3b000 rw-p 00000000 00:00 0 
7f85f8e3b000-7f85f8e3e000 ---p 00000000 00:00 0 
7f85f8e3e000-7f85f8f3c000 rw-p 00000000 00:00 0 
7f85f8f3c000-7f85f8f3d000 ---p 00000000 00:00 0 
7f85f8f3d000-7f8601000000 rw-p 00000000 00:00 0 
7f8601000000-7f8601270000 rwxp 00000000 00:00 0 
7f8601270000-7f8610000000 ---p 00000000 00:00 0 
7f8610000000-7f86100fc000 rw-p 00000000 00:00 0 
7f86100fc000-7f8614000000 ---p 00000000 00:00 0 
7f8614052000-7f8614083000 rw-p 00000000 00:00 0 
7f8614083000-7f8614088000 r--p 00000000 08:06 10754083                   /usr/lib/jvm/java-8-openjdk/jre/lib/amd64/libnet.so
7f8614088000-7f8614098000 r-xp 00005000 08:06 10754083                   /usr/lib/jvm/java-8-openjdk/jre/lib/amd64/libnet.so
7f8614098000-7f861409c000 r--p 00015000 08:06 10754083                   /usr/lib/jvm/java-8-openjdk/jre/lib/amd64/libnet.so
7f861409c000-7f861409d000 r--p 00018000 08:06 10754083                   /usr/lib/jvm/java-8-openjdk/jre/lib/amd64/libnet.so
7f861409d000-7f861409e000 rw-p 00019000 08:06 10754083                   /usr/lib/jvm/java-8-openjdk/jre/lib/amd64/libnet.so
7f861409e000-7f86140a5000 r--p 00000000 08:06 10754084                   /usr/lib/jvm/java-8-openjdk/jre/lib/amd64/libnio.so
7f86140a5000-7f86140ad000 r-xp 00007000 08:06 10754084                   /usr/lib/jvm/java-8-openjdk/jre/lib/amd64/libnio.so
7f86140ad000-7f86140b0000 r--p 0000f000 08:06 10754084                   /usr/lib/jvm/java-8-openjdk/jre/lib/amd64/libnio.so
7f86140b0000-7f86140b1000 ---p 00012000 08:06 10754084                   /usr/lib/jvm/java-8-openjdk/jre/lib/amd64/libnio.so
7f86140b1000-7f86140b2000 r--p 00012000 08:06 10754084                   /usr/lib/jvm/java-8-openjdk/jre/lib/amd64/libnio.so
7f86140b2000-7f86140b3000 rw-p 00013000 08:06 10754084                   /usr/lib/jvm/java-8-openjdk/jre/lib/amd64/libnio.so
7f86140b3000-7f86140b9000 r--s 000d3000 08:06 10754101                   /usr/lib/jvm/java-8-openjdk/jre/lib/jfr.jar
7f86140b9000-7f8614db8000 rw-p 00000000 00:00 0 
7f8614db8000-7f8614f89000 r--s 03c93000 08:06 10754790                   /usr/lib/jvm/java-8-openjdk/jre/lib/rt.jar
7f8614f89000-7f86154c2000 rw-p 00000000 00:00 0 
7f86154c2000-7f8615882000 ---p 00000000 00:00 0 
7f8615882000-7f861609c000 rw-p 00000000 00:00 0 
7f861609c000-7f861609d000 ---p 00000000 00:00 0 
7f861609d000-7f861619d000 rw-p 00000000 00:00 0 
7f861619d000-7f861619e000 ---p 00000000 00:00 0 
7f861619e000-7f861629e000 rw-p 00000000 00:00 0 
7f861629e000-7f861629f000 ---p 00000000 00:00 0 
7f861629f000-7f861639f000 rw-p 00000000 00:00 0 
7f861639f000-7f86163a0000 ---p 00000000 00:00 0 
7f86163a0000-7f86164f4000 rw-p 00000000 00:00 0 
7f86164f4000-7f86169d3000 ---p 00000000 00:00 0 
7f86169d3000-7f8616a27000 rw-p 00000000 00:00 0 
7f8616a27000-7f8616f05000 ---p 00000000 00:00 0 
7f8616f05000-7f8616f30000 rw-p 00000000 00:00 0 
7f8616f30000-7f861719f000 ---p 00000000 00:00 0 
7f861719f000-7f86171aa000 rw-p 00000000 00:00 0 
7f86171aa000-7f8617560000 ---p 00000000 00:00 0 
7f8617560000-7f8617563000 r--p 00000000 08:06 10754091                   /usr/lib/jvm/java-8-openjdk/jre/lib/amd64/libzip.so
7f8617563000-7f8617567000 r-xp 00003000 08:06 10754091                   /usr/lib/jvm/java-8-openjdk/jre/lib/amd64/libzip.so
7f8617567000-7f8617569000 r--p 00007000 08:06 10754091                   /usr/lib/jvm/java-8-openjdk/jre/lib/amd64/libzip.so
7f8617569000-7f861756a000 r--p 00008000 08:06 10754091                   /usr/lib/jvm/java-8-openjdk/jre/lib/amd64/libzip.so
7f861756a000-7f861756b000 rw-p 00009000 08:06 10754091                   /usr/lib/jvm/java-8-openjdk/jre/lib/amd64/libzip.so
7f861756b000-7f8617578000 r--p 00000000 08:06 10754073                   /usr/lib/jvm/java-8-openjdk/jre/lib/amd64/libjava.so
7f8617578000-7f861758e000 r-xp 0000d000 08:06 10754073                   /usr/lib/jvm/java-8-openjdk/jre/lib/amd64/libjava.so
7f861758e000-7f8617595000 r--p 00023000 08:06 10754073                   /usr/lib/jvm/java-8-openjdk/jre/lib/amd64/libjava.so
7f8617595000-7f8617596000 r--p 00029000 08:06 10754073                   /usr/lib/jvm/java-8-openjdk/jre/lib/amd64/libjava.so
7f8617596000-7f8617597000 rw-p 0002a000 08:06 10754073                   /usr/lib/jvm/java-8-openjdk/jre/lib/amd64/libjava.so
7f8617597000-7f8617598000 rw-p 00000000 00:00 0 
7f8617598000-7f861759b000 r--p 00000000 08:06 8129986                    /usr/lib/librt-2.32.so
7f861759b000-7f861759f000 r-xp 00003000 08:06 8129986                    /usr/lib/librt-2.32.so
7f861759f000-7f86175a1000 r--p 00007000 08:06 8129986                    /usr/lib/librt-2.32.so
7f86175a1000-7f86175a2000 r--p 00008000 08:06 8129986                    /usr/lib/librt-2.32.so
7f86175a2000-7f86175a3000 rw-p 00009000 08:06 8129986                    /usr/lib/librt-2.32.so
7f86175a3000-7f86175a4000 ---p 00000000 00:00 0 
7f86175a4000-7f86175a7000 ---p 00000000 00:00 0 
7f86175a7000-7f86176a4000 rw-p 00000000 00:00 0 
7f86176a4000-7f86176b3000 r--p 00000000 08:06 8129928                    /usr/lib/libm-2.32.so
7f86176b3000-7f861774f000 r-xp 0000f000 08:06 8129928                    /usr/lib/libm-2.32.so
7f861774f000-7f86177e8000 r--p 000ab000 08:06 8129928                    /usr/lib/libm-2.32.so
7f86177e8000-7f86177e9000 r--p 00143000 08:06 8129928                    /usr/lib/libm-2.32.so
7f86177e9000-7f86177ea000 rw-p 00144000 08:06 8129928                    /usr/lib/libm-2.32.so
7f86177ea000-7f86179e1000 r--p 00000000 08:06 10885649                   /usr/lib/jvm/java-8-openjdk/jre/lib/amd64/server/libjvm.so
7f86179e1000-7f8618318000 r-xp 001f7000 08:06 10885649                   /usr/lib/jvm/java-8-openjdk/jre/lib/amd64/server/libjvm.so
7f8618318000-7f86184d1000 r--p 00b2e000 08:06 10885649                   /usr/lib/jvm/java-8-openjdk/jre/lib/amd64/server/libjvm.so
7f86184d1000-7f8618568000 r--p 00ce6000 08:06 10885649                   /usr/lib/jvm/java-8-openjdk/jre/lib/amd64/server/libjvm.so
7f8618568000-7f8618591000 rw-p 00d7d000 08:06 10885649                   /usr/lib/jvm/java-8-openjdk/jre/lib/amd64/server/libjvm.so
7f8618591000-7f86185c6000 rw-p 00000000 00:00 0 
7f86185c6000-7f86185cd000 r--p 00000000 08:06 8129977                    /usr/lib/libpthread-2.32.so
7f86185cd000-7f86185dd000 r-xp 00007000 08:06 8129977                    /usr/lib/libpthread-2.32.so
7f86185dd000-7f86185e2000 r--p 00017000 08:06 8129977                    /usr/lib/libpthread-2.32.so
7f86185e2000-7f86185e3000 r--p 0001b000 08:06 8129977                    /usr/lib/libpthread-2.32.so
7f86185e3000-7f86185e4000 rw-p 0001c000 08:06 8129977                    /usr/lib/libpthread-2.32.so
7f86185e4000-7f86185e8000 rw-p 00000000 00:00 0 
7f86185e8000-7f86185e9000 r--p 00000000 08:06 8129917                    /usr/lib/libdl-2.32.so
7f86185e9000-7f86185eb000 r-xp 00001000 08:06 8129917                    /usr/lib/libdl-2.32.so
7f86185eb000-7f86185ec000 r--p 00003000 08:06 8129917                    /usr/lib/libdl-2.32.so
7f86185ec000-7f86185ed000 r--p 00003000 08:06 8129917                    /usr/lib/libdl-2.32.so
7f86185ed000-7f86185ee000 rw-p 00004000 08:06 8129917                    /usr/lib/libdl-2.32.so
7f86185ee000-7f86185f1000 r--p 00000000 08:06 8139696                    /usr/lib/libz.so.1.2.11
7f86185f1000-7f86185ff000 r-xp 00003000 08:06 8139696                    /usr/lib/libz.so.1.2.11
7f86185ff000-7f8618605000 r--p 00011000 08:06 8139696                    /usr/lib/libz.so.1.2.11
7f8618605000-7f8618606000 ---p 00017000 08:06 8139696                    /usr/lib/libz.so.1.2.11
7f8618606000-7f8618607000 r--p 00017000 08:06 8139696                    /usr/lib/libz.so.1.2.11
7f8618607000-7f8618608000 rw-p 00018000 08:06 8139696                    /usr/lib/libz.so.1.2.11
7f8618608000-7f861862e000 r--p 00000000 08:06 8129905                    /usr/lib/libc-2.32.so
7f861862e000-7f861877b000 r-xp 00026000 08:06 8129905                    /usr/lib/libc-2.32.so
7f861877b000-7f86187c7000 r--p 00173000 08:06 8129905                    /usr/lib/libc-2.32.so
7f86187c7000-7f86187ca000 r--p 001be000 08:06 8129905                    /usr/lib/libc-2.32.so
7f86187ca000-7f86187cd000 rw-p 001c1000 08:06 8129905                    /usr/lib/libc-2.32.so
7f86187cd000-7f86187d1000 rw-p 00000000 00:00 0 
7f86187d4000-7f86187dc000 rw-s 00000000 00:30 263                        /tmp/hsperfdata_sir/77165
7f86187dc000-7f86187df000 r--p 00000000 08:06 8129967                    /usr/lib/libnss_files-2.32.so
7f86187df000-7f86187e6000 r-xp 00003000 08:06 8129967                    /usr/lib/libnss_files-2.32.so
7f86187e6000-7f86187e8000 r--p 0000a000 08:06 8129967                    /usr/lib/libnss_files-2.32.so
7f86187e8000-7f86187e9000 r--p 0000b000 08:06 8129967                    /usr/lib/libnss_files-2.32.so
7f86187e9000-7f86187ea000 rw-p 0000c000 08:06 8129967                    /usr/lib/libnss_files-2.32.so
7f86187ea000-7f86187f1000 rw-p 00000000 00:00 0 
7f86187f1000-7f86187f2000 r--p 00000000 00:00 0 
7f86187f2000-7f86187f7000 r--p 00000000 08:06 10754090                   /usr/lib/jvm/java-8-openjdk/jre/lib/amd64/libverify.so
7f86187f7000-7f86187fe000 r-xp 00005000 08:06 10754090                   /usr/lib/jvm/java-8-openjdk/jre/lib/amd64/libverify.so
7f86187fe000-7f8618800000 r--p 0000c000 08:06 10754090                   /usr/lib/jvm/java-8-openjdk/jre/lib/amd64/libverify.so
7f8618800000-7f8618801000 ---p 0000e000 08:06 10754090                   /usr/lib/jvm/java-8-openjdk/jre/lib/amd64/libverify.so
7f8618801000-7f8618803000 r--p 0000e000 08:06 10754090                   /usr/lib/jvm/java-8-openjdk/jre/lib/amd64/libverify.so
7f8618803000-7f8618804000 rw-p 00010000 08:06 10754090                   /usr/lib/jvm/java-8-openjdk/jre/lib/amd64/libverify.so
7f8618804000-7f8618807000 r--p 00000000 08:06 10885645                   /usr/lib/jvm/java-8-openjdk/jre/lib/amd64/jli/libjli.so
7f8618807000-7f8618810000 r-xp 00003000 08:06 10885645                   /usr/lib/jvm/java-8-openjdk/jre/lib/amd64/jli/libjli.so
7f8618810000-7f8618813000 r--p 0000c000 08:06 10885645                   /usr/lib/jvm/java-8-openjdk/jre/lib/amd64/jli/libjli.so
7f8618813000-7f8618814000 r--p 0000e000 08:06 10885645                   /usr/lib/jvm/java-8-openjdk/jre/lib/amd64/jli/libjli.so
7f8618814000-7f8618815000 rw-p 0000f000 08:06 10885645                   /usr/lib/jvm/java-8-openjdk/jre/lib/amd64/jli/libjli.so
7f8618815000-7f8618817000 rw-p 00000000 00:00 0 
7f8618817000-7f8618819000 r--p 00000000 08:06 8129881                    /usr/lib/ld-2.32.so
7f8618819000-7f861883a000 r-xp 00002000 08:06 8129881                    /usr/lib/ld-2.32.so
7f861883a000-7f8618843000 r--p 00023000 08:06 8129881                    /usr/lib/ld-2.32.so
7f8618843000-7f8618844000 r--p 0002b000 08:06 8129881                    /usr/lib/ld-2.32.so
7f8618844000-7f8618846000 rw-p 0002c000 08:06 8129881                    /usr/lib/ld-2.32.so
7fffbb604000-7fffbb625000 rw-p 00000000 00:00 0                          [stack]
7fffbb6c0000-7fffbb6c4000 r--p 00000000 00:00 0                          [vvar]
7fffbb6c4000-7fffbb6c6000 r-xp 00000000 00:00 0                          [vdso]
ffffffffff600000-ffffffffff601000 --xp 00000000 00:00 0                  [vsyscall]

VM Arguments:
jvm_args: -Xverify:none 
java_command: Void
java_class_path (initial): .
Launcher Type: SUN_STANDARD

Environment Variables:
PATH=/home/sir/.gem/ruby/2.7.0/bin:/usr/local/sbin:/usr/local/bin:/usr/bin:/usr/bin/site_perl:/usr/bin/vendor_perl:/usr/bin/core_perl
SHELL=/bin/fish
DISPLAY=:0

Signal Handlers:
SIGSEGV: [libjvm.so+0xaf74c0], sa_mask[0]=11111111011111111101111111111110, sa_flags=SA_RESTART|SA_SIGINFO
SIGBUS: [libjvm.so+0xaf74c0], sa_mask[0]=11111111011111111101111111111110, sa_flags=SA_RESTART|SA_SIGINFO
SIGFPE: [libjvm.so+0x944a60], sa_mask[0]=11111111011111111101111111111110, sa_flags=SA_RESTART|SA_SIGINFO
SIGPIPE: [libjvm.so+0x944a60], sa_mask[0]=11111111011111111101111111111110, sa_flags=SA_RESTART|SA_SIGINFO
SIGXFSZ: [libjvm.so+0x944a60], sa_mask[0]=11111111011111111101111111111110, sa_flags=SA_RESTART|SA_SIGINFO
SIGILL: [libjvm.so+0x944a60], sa_mask[0]=11111111011111111101111111111110, sa_flags=SA_RESTART|SA_SIGINFO
SIGUSR1: SIG_DFL, sa_mask[0]=00000000000000000000000000000000, sa_flags=none
SIGUSR2: [libjvm.so+0x944840], sa_mask[0]=00000000000000000000000000000000, sa_flags=SA_RESTART|SA_SIGINFO
SIGHUP: [libjvm.so+0x944d00], sa_mask[0]=11111111011111111101111111111110, sa_flags=SA_RESTART|SA_SIGINFO
SIGINT: [libjvm.so+0x944d00], sa_mask[0]=11111111011111111101111111111110, sa_flags=SA_RESTART|SA_SIGINFO
SIGTERM: [libjvm.so+0x944d00], sa_mask[0]=11111111011111111101111111111110, sa_flags=SA_RESTART|SA_SIGINFO
SIGQUIT: [libjvm.so+0x944d00], sa_mask[0]=11111111011111111101111111111110, sa_flags=SA_RESTART|SA_SIGINFO


---------------  S Y S T E M  ---------------

OS:LSB_VERSION=1.4
DISTRIB_ID=Arch
DISTRIB_RELEASE=rolling
DISTRIB_DESCRIPTION="Arch Linux"

uname:Linux 5.10.13-arch1-1 #1 SMP PREEMPT Wed, 03 Feb 2021 23:44:07 +0000 x86_64
libc:glibc 2.32 NPTL 2.32 
rlimit: STACK 8192k, CORE infinity, NPROC 63792, NOFILE 524288, AS infinity
load average:2.36 2.93 2.77

/proc/meminfo:
MemTotal:       16349012 kB
MemFree:          714284 kB
MemAvailable:    3539404 kB
Buffers:          404012 kB
Cached:          3423660 kB
SwapCached:          616 kB
Active:          1996624 kB
Inactive:       12714584 kB
Active(anon):      56628 kB
Inactive(anon): 11669892 kB
Active(file):    1939996 kB
Inactive(file):  1044692 kB
Unevictable:          96 kB
Mlocked:              96 kB
SwapTotal:      16777212 kB
SwapFree:       16770812 kB
Dirty:             17424 kB
Writeback:             0 kB
AnonPages:      10883028 kB
Mapped:          2166112 kB
Shmem:            846380 kB
KReclaimable:     177400 kB
Slab:             366140 kB
SReclaimable:     177400 kB
SUnreclaim:       188740 kB
KernelStack:       21056 kB
PageTables:        81420 kB
NFS_Unstable:          0 kB
Bounce:                0 kB
WritebackTmp:          0 kB
CommitLimit:    24951716 kB
Committed_AS:   20988584 kB
VmallocTotal:   34359738367 kB
VmallocUsed:       85176 kB
VmallocChunk:          0 kB
Percpu:             2336 kB
HardwareCorrupted:     0 kB
AnonHugePages:         0 kB
ShmemHugePages:        0 kB
ShmemPmdMapped:        0 kB
FileHugePages:         0 kB
FilePmdMapped:         0 kB
CmaTotal:              0 kB
CmaFree:               0 kB
HugePages_Total:       0
HugePages_Free:        0
HugePages_Rsvd:        0
HugePages_Surp:        0
Hugepagesize:       2048 kB
Hugetlb:               0 kB
DirectMap4k:     1022904 kB
DirectMap2M:    14663680 kB
DirectMap1G:     1048576 kB

container (cgroup) information:
container_type: cgroupv1
cpu_cpuset_cpus: 0-3
cpu_memory_nodes: 0
active_processor_count: 4
cpu_quota: -1
cpu_period: 100000
cpu_shares: -1
memory_limit_in_bytes: -1
memory_and_swap_limit_in_bytes: -1
memory_soft_limit_in_bytes: -1
memory_usage_in_bytes: 12667084800
memory_max_usage_in_bytes: 13244690432


CPU:total 4 (initial active 4) (4 cores per cpu, 1 threads per core) family 6 model 158 stepping 9, cmov, cx8, fxsr, mmx, sse, sse2, sse3, ssse3, sse4.1, sse4.2, popcnt, avx, avx2, aes, clmul, erms, rtm, 3dnowpref, lzcnt, tsc, tscinvbit, bmi1, bmi2, adx

/proc/cpuinfo:
processor	: 0
vendor_id	: GenuineIntel
cpu family	: 6
model		: 158
model name	: Intel(R) Core(TM) i5-7600 CPU @ 3.50GHz
stepping	: 9
microcode	: 0xde
cpu MHz		: 1761.352
cache size	: 6144 KB
physical id	: 0
siblings	: 4
core id		: 0
cpu cores	: 4
apicid		: 0
initial apicid	: 0
fpu		: yes
fpu_exception	: yes
cpuid level	: 22
wp		: yes
flags		: fpu vme de pse tsc msr pae mce cx8 apic sep mtrr pge mca cmov pat pse36 clflush dts acpi mmx fxsr sse sse2 ss ht tm pbe syscall nx pdpe1gb rdtscp lm constant_tsc art arch_perfmon pebs bts rep_good nopl xtopology nonstop_tsc cpuid aperfmperf pni pclmulqdq dtes64 monitor ds_cpl vmx smx est tm2 ssse3 sdbg fma cx16 xtpr pdcm pcid sse4_1 sse4_2 x2apic movbe popcnt tsc_deadline_timer aes xsave avx f16c rdrand lahf_lm abm 3dnowprefetch cpuid_fault invpcid_single pti ssbd ibrs ibpb stibp tpr_shadow vnmi flexpriority ept vpid ept_ad fsgsbase tsc_adjust bmi1 hle avx2 smep bmi2 erms invpcid rtm mpx rdseed adx smap clflushopt intel_pt xsaveopt xsavec xgetbv1 xsaves dtherm ida arat pln pts hwp hwp_notify hwp_act_window hwp_epp md_clear flush_l1d
vmx flags	: vnmi preemption_timer invvpid ept_x_only ept_ad ept_1gb flexpriority tsc_offset vtpr mtf vapic ept vpid unrestricted_guest ple shadow_vmcs pml ept_mode_based_exec
bugs		: cpu_meltdown spectre_v1 spectre_v2 spec_store_bypass l1tf mds swapgs taa itlb_multihit srbds
bogomips	: 7002.48
clflush size	: 64
cache_alignment	: 64
address sizes	: 39 bits physical, 48 bits virtual
power management:

processor	: 1
vendor_id	: GenuineIntel
cpu family	: 6
model		: 158
model name	: Intel(R) Core(TM) i5-7600 CPU @ 3.50GHz
stepping	: 9
microcode	: 0xde
cpu MHz		: 1880.215
cache size	: 6144 KB
physical id	: 0
siblings	: 4
core id		: 1
cpu cores	: 4
apicid		: 2
initial apicid	: 2
fpu		: yes
fpu_exception	: yes
cpuid level	: 22
wp		: yes
flags		: fpu vme de pse tsc msr pae mce cx8 apic sep mtrr pge mca cmov pat pse36 clflush dts acpi mmx fxsr sse sse2 ss ht tm pbe syscall nx pdpe1gb rdtscp lm constant_tsc art arch_perfmon pebs bts rep_good nopl xtopology nonstop_tsc cpuid aperfmperf pni pclmulqdq dtes64 monitor ds_cpl vmx smx est tm2 ssse3 sdbg fma cx16 xtpr pdcm pcid sse4_1 sse4_2 x2apic movbe popcnt tsc_deadline_timer aes xsave avx f16c rdrand lahf_lm abm 3dnowprefetch cpuid_fault invpcid_single pti ssbd ibrs ibpb stibp tpr_shadow vnmi flexpriority ept vpid ept_ad fsgsbase tsc_adjust bmi1 hle avx2 smep bmi2 erms invpcid rtm mpx rdseed adx smap clflushopt intel_pt xsaveopt xsavec xgetbv1 xsaves dtherm ida arat pln pts hwp hwp_notify hwp_act_window hwp_epp md_clear flush_l1d
vmx flags	: vnmi preemption_timer invvpid ept_x_only ept_ad ept_1gb flexpriority tsc_offset vtpr mtf vapic ept vpid unrestricted_guest ple shadow_vmcs pml ept_mode_based_exec
bugs		: cpu_meltdown spectre_v1 spectre_v2 spec_store_bypass l1tf mds swapgs taa itlb_multihit srbds
bogomips	: 7002.48
clflush size	: 64
cache_alignment	: 64
address sizes	: 39 bits physical, 48 bits virtual
power management:

processor	: 2
vendor_id	: GenuineIntel
cpu family	: 6
model		: 158
model name	: Intel(R) Core(TM) i5-7600 CPU @ 3.50GHz
stepping	: 9
microcode	: 0xde
cpu MHz		: 2036.149
cache size	: 6144 KB
physical id	: 0
siblings	: 4
core id		: 2
cpu cores	: 4
apicid		: 4
initial apicid	: 4
fpu		: yes
fpu_exception	: yes
cpuid level	: 22
wp		: yes
flags		: fpu vme de pse tsc msr pae mce cx8 apic sep mtrr pge mca cmov pat pse36 clflush dts acpi mmx fxsr sse sse2 ss ht tm pbe syscall nx pdpe1gb rdtscp lm constant_tsc art arch_perfmon pebs bts rep_good nopl xtopology nonstop_tsc cpuid aperfmperf pni pclmulqdq dtes64 monitor ds_cpl vmx smx est tm2 ssse3 sdbg fma cx16 xtpr pdcm pcid sse4_1 sse4_2 x2apic movbe popcnt tsc_deadline_timer aes xsave avx f16c rdrand lahf_lm abm 3dnowprefetch cpuid_fault invpcid_single pti ssbd ibrs ibpb stibp tpr_shadow vnmi flexpriority ept vpid ept_ad fsgsbase tsc_adjust bmi1 hle avx2 smep bmi2 erms invpcid rtm mpx rdseed adx smap clflushopt intel_pt xsaveopt xsavec xgetbv1 xsaves dtherm ida arat pln pts hwp hwp_notify hwp_act_window hwp_epp md_clear flush_l1d
vmx flags	: vnmi preemption_timer invvpid ept_x_only ept_ad ept_1gb flexpriority tsc_offset vtpr mtf vapic ept vpid unrestricted_guest ple shadow_vmcs pml ept_mode_based_exec
bugs		: cpu_meltdown spectre_v1 spectre_v2 spec_store_bypass l1tf mds swapgs taa itlb_multihit srbds
bogomips	: 7002.48
clflush size	: 64
cache_alignment	: 64
address sizes	: 39 bits physical, 48 bits virtual
power management:

processor	: 3
vendor_id	: GenuineIntel
cpu family	: 6
model		: 158
model name	: Intel(R) Core(TM) i5-7600 CPU @ 3.50GHz
stepping	: 9
microcode	: 0xde
cpu MHz		: 1868.690
cache size	: 6144 KB
physical id	: 0
siblings	: 4
core id		: 3
cpu cores	: 4
apicid		: 6
initial apicid	: 6
fpu		: yes
fpu_exception	: yes
cpuid level	: 22
wp		: yes
flags		: fpu vme de pse tsc msr pae mce cx8 apic sep mtrr pge mca cmov pat pse36 clflush dts acpi mmx fxsr sse sse2 ss ht tm pbe syscall nx pdpe1gb rdtscp lm constant_tsc art arch_perfmon pebs bts rep_good nopl xtopology nonstop_tsc cpuid aperfmperf pni pclmulqdq dtes64 monitor ds_cpl vmx smx est tm2 ssse3 sdbg fma cx16 xtpr pdcm pcid sse4_1 sse4_2 x2apic movbe popcnt tsc_deadline_timer aes xsave avx f16c rdrand lahf_lm abm 3dnowprefetch cpuid_fault invpcid_single pti ssbd ibrs ibpb stibp tpr_shadow vnmi flexpriority ept vpid ept_ad fsgsbase tsc_adjust bmi1 hle avx2 smep bmi2 erms invpcid rtm mpx rdseed adx smap clflushopt intel_pt xsaveopt xsavec xgetbv1 xsaves dtherm ida arat pln pts hwp hwp_notify hwp_act_window hwp_epp md_clear flush_l1d
vmx flags	: vnmi preemption_timer invvpid ept_x_only ept_ad ept_1gb flexpriority tsc_offset vtpr mtf vapic ept vpid unrestricted_guest ple shadow_vmcs pml ept_mode_based_exec
bugs		: cpu_meltdown spectre_v1 spectre_v2 spec_store_bypass l1tf mds swapgs taa itlb_multihit srbds
bogomips	: 7002.48
clflush size	: 64
cache_alignment	: 64
address sizes	: 39 bits physical, 48 bits virtual
power management:



Memory: 4k page, physical 16349012k(714284k free), swap 16777212k(16770812k free)

vm_info: OpenJDK 64-Bit Server VM (25.275-b01) for linux-amd64 JRE (1.8.0_275-b01), built on Jan 10 2021 13:38:57 by "builduser" with gcc 10.2.0

time: Mon Feb  8 14:05:52 2021
timezone: PST
elapsed time: 0.053306 seconds (0d 0h 0m 0s)

