#
# A fatal error has been detected by the Java Runtime Environment:
#
#  SIGSEGV (0xb) at pc=0x00007f8cd6ba20f0, pid=89791, tid=0x00007f8cd6001640
#
# JRE version: OpenJDK Runtime Environment (8.0_275-b01) (build 1.8.0_275-b01)
# Java VM: OpenJDK 64-Bit Server VM (25.275-b01 mixed mode linux-amd64 compressed oops)
# Problematic frame:
# V  [libjvm.so+0xa5a0f0]
#
# Core dump written. Default location: /home/sir/Desktop/Jave/core or core.89791
#
# If you would like to submit a bug report, please visit:
#   http://bugreport.java.com/bugreport/crash.jsp
#

---------------  T H R E A D  ---------------

Current thread (0x00007f8cd000a800):  JavaThread "main" [_thread_in_vm, id=89792, stack(0x00007f8cd5f02000,0x00007f8cd6002000)]

siginfo: si_signo: 11 (SIGSEGV), si_code: 1 (SEGV_MAPERR), si_addr: 0x0000000000000002

Registers:
RAX=0x00007f8cd0009240, RBX=0x0000000000000001, RCX=0x0000000000000056, RDX=0x000000000000000e
RSP=0x00007f8cd5fffe38, RBP=0x00007f8cd5fffe50, RSI=0x00007f8cd6cdc200, RDI=0x0000000000000000
R8 =0x00007f8cd000a800, R9 =0x0000000000000006, R10=0x0000000000000007, R11=0x0000000000000000
R12=0x00007f8cd5ffff30, R13=0x00007f8cd6cdb584, R14=0x00007f8cd0009220, R15=0x0000000000000000
RIP=0x00007f8cd6ba20f0, EFLAGS=0x0000000000010202, CSGSFS=0x002b000000000033, ERR=0x0000000000000004
  TRAPNO=0x000000000000000e

Top of Stack: (sp=0x00007f8cd5fffe38)
0x00007f8cd5fffe38:   00007f8cd6b547d2 00007f8cd00091d0
0x00007f8cd5fffe48:   0000000000000001 00007f8cd6000200
0x00007f8cd5fffe58:   00007f8cd6b4155a 00007f8cd00e47e0
0x00007f8cd5fffe68:   00007f8c00000000 00007f8cd6000570
0x00007f8cd5fffe78:   00000007c0001ef8 00007f8cd0009220
0x00007f8cd5fffe88:   00007f8cd00091d0 00007f8cd0059880
0x00007f8cd5fffe98:   00000000000003d8 00007f8cd0007cf0
0x00007f8cd5fffea8:   00007f8cd00095f8 00007f8cd0009220
0x00007f8cd5fffeb8:   00007f8cd5ffff30 0000000100000012
0x00007f8cd5fffec8:   00007f8cd0009210 0000000000000001
0x00007f8cd5fffed8:   00007f8cd5ffff00 0000003400000012
0x00007f8cd5fffee8:   0000000000000000 0000000000000000
0x00007f8cd5fffef8:   0000000000000000 00000000b0000000
0x00007f8cd5ffff08:   0000007c00000000 00007f8cffffffff
0x00007f8cd5ffff18:   0000000000000010 0000000000000110
0x00007f8cd5ffff28:   00007f8cd0000020 00007f8cd00e44f0
0x00007f8cd5ffff38:   0000000400000003 000000010000000e
0x00007f8cd5ffff48:   00007f8cd0009220 0000000000000000
0x00007f8cd5ffff58:   00007f8cd5ffffa0 0000000000000110
0x00007f8cd5ffff68:   00007f8cd6a8655e 00007f8cd00e47e0
0x00007f8cd5ffff78:   00007f8cd6ed8c40 0000000000000110
0x00007f8cd5ffff88:   0000000000000110 00007f8cd00e4c00
0x00007f8cd5ffff98:   0000000000000002 00007f8cd5ffffd0
0x00007f8cd5ffffa8:   00007f8cd6588deb 00007f8cd5ffffd0
0x00007f8cd5ffffb8:   00007f8cd6a49077 0000000000000002
0x00007f8cd5ffffc8:   00007f8cd5ffffe0 00007f8cd6000030
0x00007f8cd5ffffd8:   00007f8cd6588e96 0000000000000000
0x00007f8cd5ffffe8:   0000000000000000 0000000000000000
0x00007f8cd5fffff8:   0000000000000000 0000000000000000
0x00007f8cd6000008:   00007f8cd00e4c00 00007f8cd6000030
0x00007f8cd6000018:   000000076cddb720 00007f8cd00e42c0
0x00007f8cd6000028:   00007f8cb8f40088 00007f8cd6000060 

Instructions: (pc=0x00007f8cd6ba20f0)
0x00007f8cd6ba20d0:   0f b7 47 02 66 85 c0 79 07 c3 66 0f 1f 44 00 00
0x00007f8cd6ba20e0:   48 83 c7 02 e9 d7 35 8a ff 90 66 0f 1f 44 00 00
0x00007f8cd6ba20f0:   0f b7 47 02 66 85 c0 79 07 c3 66 0f 1f 44 00 00
0x00007f8cd6ba2100:   48 83 c7 02 e9 e7 35 8a ff 90 66 0f 1f 44 00 00 

Register to memory mapping:

RAX=0x00007f8cd0009240 is an unknown value
RBX=0x0000000000000001 is an unknown value
RCX=0x0000000000000056 is an unknown value
RDX=0x000000000000000e is an unknown value
RSP=0x00007f8cd5fffe38 is pointing into the stack for thread: 0x00007f8cd000a800
RBP=0x00007f8cd5fffe50 is pointing into the stack for thread: 0x00007f8cd000a800
RSI=0x00007f8cd6cdc200: <offset 0xb94200> in /usr/lib/jvm/java-8-openjdk/jre/lib/amd64/server/libjvm.so at 0x00007f8cd6148000
RDI=0x0000000000000000 is an unknown value
R8 =0x00007f8cd000a800 is a thread
R9 =0x0000000000000006 is an unknown value
R10=0x0000000000000007 is an unknown value
R11=0x0000000000000000 is an unknown value
R12=0x00007f8cd5ffff30 is pointing into the stack for thread: 0x00007f8cd000a800
R13=0x00007f8cd6cdb584: <offset 0xb93584> in /usr/lib/jvm/java-8-openjdk/jre/lib/amd64/server/libjvm.so at 0x00007f8cd6148000
R14=0x00007f8cd0009220 is an unknown value
R15=0x0000000000000000 is an unknown value


Stack: [0x00007f8cd5f02000,0x00007f8cd6002000],  sp=0x00007f8cd5fffe38,  free space=1015k
Native frames: (J=compiled Java code, j=interpreted, Vv=VM code, C=native code)
V  [libjvm.so+0xa5a0f0]
V  [libjvm.so+0x9f955a]
V  [libjvm.so+0x8da3ea]
V  [libjvm.so+0x6327dd]
V  [libjvm.so+0x632e24]
V  [libjvm.so+0x633131]
V  [libjvm.so+0x736ba9]
V  [libjvm.so+0x73731d]  JVM_GetClassDeclaredMethods+0x6d
j  java.lang.Class.getDeclaredMethods0(Z)[Ljava/lang/reflect/Method;+0
j  java.lang.Class.privateGetDeclaredMethods(Z)[Ljava/lang/reflect/Method;+37
j  java.lang.Class.privateGetMethodRecursive(Ljava/lang/String;[Ljava/lang/Class;ZLjava/lang/Class$MethodArray;)Ljava/lang/reflect/Method;+2
j  java.lang.Class.getMethod0(Ljava/lang/String;[Ljava/lang/Class;Z)Ljava/lang/reflect/Method;+16
j  java.lang.Class.getMethod(Ljava/lang/String;[Ljava/lang/Class;)Ljava/lang/reflect/Method;+13
j  sun.launcher.LauncherHelper.validateMainClass(Ljava/lang/Class;)V+12
j  sun.launcher.LauncherHelper.checkAndLoadMain(ZILjava/lang/String;)Ljava/lang/Class;+214
v  ~StubRoutines::call_stub
V  [libjvm.so+0x67b89e]
V  [libjvm.so+0x6f2be0]
V  [libjvm.so+0x6f4225]
C  [libjli.so+0x3c40]
C  [libpthread.so.0+0x93e9]  start_thread+0xe9

Java frames: (J=compiled Java code, j=interpreted, Vv=VM code)
j  java.lang.Class.getDeclaredMethods0(Z)[Ljava/lang/reflect/Method;+0
j  java.lang.Class.privateGetDeclaredMethods(Z)[Ljava/lang/reflect/Method;+37
j  java.lang.Class.privateGetMethodRecursive(Ljava/lang/String;[Ljava/lang/Class;ZLjava/lang/Class$MethodArray;)Ljava/lang/reflect/Method;+2
j  java.lang.Class.getMethod0(Ljava/lang/String;[Ljava/lang/Class;Z)Ljava/lang/reflect/Method;+16
j  java.lang.Class.getMethod(Ljava/lang/String;[Ljava/lang/Class;)Ljava/lang/reflect/Method;+13
j  sun.launcher.LauncherHelper.validateMainClass(Ljava/lang/Class;)V+12
j  sun.launcher.LauncherHelper.checkAndLoadMain(ZILjava/lang/String;)Ljava/lang/Class;+214
v  ~StubRoutines::call_stub

---------------  P R O C E S S  ---------------

Java Threads: ( => current thread )
  0x00007f8cd00ce000 JavaThread "Service Thread" daemon [_thread_blocked, id=89804, stack(0x00007f8caaf0b000,0x00007f8cab00c000)]
  0x00007f8cd00c1000 JavaThread "C1 CompilerThread2" daemon [_thread_blocked, id=89803, stack(0x00007f8cab00d000,0x00007f8cab10d000)]
  0x00007f8cd00bf000 JavaThread "C2 CompilerThread1" daemon [_thread_blocked, id=89802, stack(0x00007f8cab10e000,0x00007f8cab20e000)]
  0x00007f8cd00bc000 JavaThread "C2 CompilerThread0" daemon [_thread_blocked, id=89801, stack(0x00007f8cab20f000,0x00007f8cab30f000)]
  0x00007f8cd00b6800 JavaThread "Signal Dispatcher" daemon [_thread_blocked, id=89800, stack(0x00007f8cab30f000,0x00007f8cab410000)]
  0x00007f8cd0086000 JavaThread "Finalizer" daemon [_thread_blocked, id=89799, stack(0x00007f8cab6f7000,0x00007f8cab7f8000)]
  0x00007f8cd0081800 JavaThread "Reference Handler" daemon [_thread_blocked, id=89798, stack(0x00007f8cab7f8000,0x00007f8cab8f9000)]
=>0x00007f8cd000a800 JavaThread "main" [_thread_in_vm, id=89792, stack(0x00007f8cd5f02000,0x00007f8cd6002000)]

Other Threads:
  0x00007f8cd0078000 VMThread [stack: 0x00007f8cab8fa000,0x00007f8cab9fa000] [id=89797]
  0x00007f8cd00d0800 WatcherThread [stack: 0x00007f8caae0b000,0x00007f8caaf0b000] [id=89805]

VM state:not at safepoint (normal execution)

VM Mutex/Monitor currently owned by a thread:  ([mutex/lock_event])
[0x00007f8cd0007cf0] AdapterHandlerLibrary_lock - owner thread: 0x00007f8cd000a800

heap address: 0x00000006c6800000, size: 3992 MB, Compressed Oops mode: Zero based, Oop shift amount: 3
Narrow klass base: 0x0000000000000000, Narrow klass shift: 3
Compressed class space size: 1073741824 Address: 0x00000007c0000000

Heap:
 PSYoungGen      total 74752K, used 1290K [0x000000076cd80000, 0x0000000772080000, 0x00000007c0000000)
  eden space 64512K, 2% used [0x000000076cd80000,0x000000076cec2900,0x0000000770c80000)
  from space 10240K, 0% used [0x0000000771680000,0x0000000771680000,0x0000000772080000)
  to   space 10240K, 0% used [0x0000000770c80000,0x0000000770c80000,0x0000000771680000)
 ParOldGen       total 171008K, used 0K [0x00000006c6800000, 0x00000006d0f00000, 0x000000076cd80000)
  object space 171008K, 0% used [0x00000006c6800000,0x00000006c6800000,0x00000006d0f00000)
 Metaspace       used 2646K, capacity 4486K, committed 4864K, reserved 1056768K
  class space    used 276K, capacity 386K, committed 512K, reserved 1048576K

Card table byte_map: [0x00007f8cd5331000,0x00007f8cd5afe000] byte_map_base: 0x00007f8cd1cfd000

Marking Bits: (ParMarkBitMap*) 0x00007f8cd6f04f40
 Begin Bits: [0x00007f8cb9340000, 0x00007f8cbd1a0000)
 End Bits:   [0x00007f8cbd1a0000, 0x00007f8cc1000000)

Polling page: 0x00007f8cd714f000

CodeCache: size=245760Kb used=1083Kb max_used=1083Kb free=244676Kb
 bounds [0x00007f8cc1000000, 0x00007f8cc1270000, 0x00007f8cd0000000]
 total_blobs=256 nmethods=11 adapters=160
 compilation: enabled

Compilation events (10 events):
Event: 0.065 Thread 0x00007f8cd00c1000    7       3       java.lang.Math::min (11 bytes)
Event: 0.065 Thread 0x00007f8cd00c1000 nmethod 7 0x00007f8cc1102190 code [0x00007f8cc1102300, 0x00007f8cc1102490]
Event: 0.065 Thread 0x00007f8cd00c1000    8       3       java.lang.String::length (6 bytes)
Event: 0.065 Thread 0x00007f8cd00c1000 nmethod 8 0x00007f8cc110c4d0 code [0x00007f8cc110c640, 0x00007f8cc110c7b0]
Event: 0.065 Thread 0x00007f8cd00c1000    9       1       java.lang.Object::<init> (1 bytes)
Event: 0.066 Thread 0x00007f8cd00c1000 nmethod 9 0x00007f8cc110c210 code [0x00007f8cc110c360, 0x00007f8cc110c470]
Event: 0.068 Thread 0x00007f8cd00c1000   10       1       java.lang.ref.Reference::get (5 bytes)
Event: 0.068 Thread 0x00007f8cd00c1000 nmethod 10 0x00007f8cc110dc90 code [0x00007f8cc110dde0, 0x00007f8cc110def0]
Event: 0.069 Thread 0x00007f8cd00c1000   11       1       java.lang.ThreadLocal::access$400 (5 bytes)
Event: 0.069 Thread 0x00007f8cd00c1000 nmethod 11 0x00007f8cc110ec10 code [0x00007f8cc110ed60, 0x00007f8cc110ee50]

GC Heap History (0 events):
No events

Deoptimization events (0 events):
No events

Classes redefined (0 events):
No events

Internal exceptions (2 events):
Event: 0.044 Thread 0x00007f8cd000a800 Exception <a 'java/lang/NoSuchMethodError': Method sun.misc.Unsafe.defineClass(Ljava/lang/String;[BII)Ljava/lang/Class; name or signature does not match> (0x000000076cd87cc0) thrown at [/build/java8-openjdk/src/jdk8u-jdk8u275-b01/hotspot/src/share/vm/prim
Event: 0.044 Thread 0x00007f8cd000a800 Exception <a 'java/lang/NoSuchMethodError': Method sun.misc.Unsafe.prefetchRead(Ljava/lang/Object;J)V name or signature does not match> (0x000000076cd87fa8) thrown at [/build/java8-openjdk/src/jdk8u-jdk8u275-b01/hotspot/src/share/vm/prims/jni.cpp, line 40

Events (10 events):
Event: 0.069 loading class java/security/AllPermission
Event: 0.069 loading class java/security/AllPermission done
Event: 0.069 loading class java/security/UnresolvedPermission
Event: 0.069 loading class java/security/UnresolvedPermission done
Event: 0.069 loading class java/security/BasicPermissionCollection
Event: 0.069 loading class java/security/BasicPermissionCollection done
Event: 0.069 loading class sun/launcher/LauncherHelper$FXHelper
Event: 0.069 loading class sun/launcher/LauncherHelper$FXHelper done
Event: 0.069 loading class java/lang/Class$MethodArray
Event: 0.069 loading class java/lang/Class$MethodArray done


Dynamic libraries:
6c6800000-6d0f00000 rw-p 00000000 00:00 0 
6d0f00000-76cd80000 ---p 00000000 00:00 0 
76cd80000-772080000 rw-p 00000000 00:00 0 
772080000-7c0000000 ---p 00000000 00:00 0 
7c0000000-7c0080000 rw-p 00000000 00:00 0 
7c0080000-800000000 ---p 00000000 00:00 0 
55e54d451000-55e54d452000 r--p 00000000 08:06 10618125                   /usr/lib/jvm/java-8-openjdk/jre/bin/java
55e54d452000-55e54d453000 r-xp 00001000 08:06 10618125                   /usr/lib/jvm/java-8-openjdk/jre/bin/java
55e54d453000-55e54d454000 r--p 00002000 08:06 10618125                   /usr/lib/jvm/java-8-openjdk/jre/bin/java
55e54d454000-55e54d455000 r--p 00002000 08:06 10618125                   /usr/lib/jvm/java-8-openjdk/jre/bin/java
55e54d455000-55e54d456000 rw-p 00003000 08:06 10618125                   /usr/lib/jvm/java-8-openjdk/jre/bin/java
55e54eb54000-55e54eb75000 rw-p 00000000 00:00 0                          [heap]
7f8c80000000-7f8c80021000 rw-p 00000000 00:00 0 
7f8c80021000-7f8c84000000 ---p 00000000 00:00 0 
7f8c84000000-7f8c84021000 rw-p 00000000 00:00 0 
7f8c84021000-7f8c88000000 ---p 00000000 00:00 0 
7f8c88000000-7f8c88021000 rw-p 00000000 00:00 0 
7f8c88021000-7f8c8c000000 ---p 00000000 00:00 0 
7f8c8c000000-7f8c8c024000 rw-p 00000000 00:00 0 
7f8c8c024000-7f8c90000000 ---p 00000000 00:00 0 
7f8c90000000-7f8c90021000 rw-p 00000000 00:00 0 
7f8c90021000-7f8c94000000 ---p 00000000 00:00 0 
7f8c94000000-7f8c9404e000 rw-p 00000000 00:00 0 
7f8c9404e000-7f8c98000000 ---p 00000000 00:00 0 
7f8c98000000-7f8c98021000 rw-p 00000000 00:00 0 
7f8c98021000-7f8c9c000000 ---p 00000000 00:00 0 
7f8c9c000000-7f8c9c021000 rw-p 00000000 00:00 0 
7f8c9c021000-7f8ca0000000 ---p 00000000 00:00 0 
7f8ca0000000-7f8ca0021000 rw-p 00000000 00:00 0 
7f8ca0021000-7f8ca4000000 ---p 00000000 00:00 0 
7f8ca4000000-7f8ca4021000 rw-p 00000000 00:00 0 
7f8ca4021000-7f8ca8000000 ---p 00000000 00:00 0 
7f8caadd9000-7f8caae0a000 rw-p 00000000 00:00 0 
7f8caae0a000-7f8caae0b000 ---p 00000000 00:00 0 
7f8caae0b000-7f8caaf0b000 rw-p 00000000 00:00 0 
7f8caaf0b000-7f8caaf0e000 ---p 00000000 00:00 0 
7f8caaf0e000-7f8cab00c000 rw-p 00000000 00:00 0 
7f8cab00c000-7f8cab00d000 ---p 00000000 00:00 0 
7f8cab00d000-7f8cab010000 ---p 00000000 00:00 0 
7f8cab010000-7f8cab10d000 rw-p 00000000 00:00 0 
7f8cab10d000-7f8cab10e000 ---p 00000000 00:00 0 
7f8cab10e000-7f8cab111000 ---p 00000000 00:00 0 
7f8cab111000-7f8cab20e000 rw-p 00000000 00:00 0 
7f8cab20e000-7f8cab20f000 ---p 00000000 00:00 0 
7f8cab20f000-7f8cab212000 ---p 00000000 00:00 0 
7f8cab212000-7f8cab30f000 rw-p 00000000 00:00 0 
7f8cab30f000-7f8cab312000 ---p 00000000 00:00 0 
7f8cab312000-7f8cab410000 rw-p 00000000 00:00 0 
7f8cab410000-7f8cab6f7000 r--p 00000000 08:06 8163457                    /usr/lib/locale/locale-archive
7f8cab6f7000-7f8cab6fa000 ---p 00000000 00:00 0 
7f8cab6fa000-7f8cab7f8000 rw-p 00000000 00:00 0 
7f8cab7f8000-7f8cab7fb000 ---p 00000000 00:00 0 
7f8cab7fb000-7f8cab8f9000 rw-p 00000000 00:00 0 
7f8cab8f9000-7f8cab8fa000 ---p 00000000 00:00 0 
7f8cab8fa000-7f8cac000000 rw-p 00000000 00:00 0 
7f8cac000000-7f8cac021000 rw-p 00000000 00:00 0 
7f8cac021000-7f8cb0000000 ---p 00000000 00:00 0 
7f8cb0000000-7f8cb0021000 rw-p 00000000 00:00 0 
7f8cb0021000-7f8cb4000000 ---p 00000000 00:00 0 
7f8cb4000000-7f8cb4021000 rw-p 00000000 00:00 0 
7f8cb4021000-7f8cb8000000 ---p 00000000 00:00 0 
7f8cb8015000-7f8cb801a000 r--p 00000000 08:06 10754083                   /usr/lib/jvm/java-8-openjdk/jre/lib/amd64/libnet.so
7f8cb801a000-7f8cb802a000 r-xp 00005000 08:06 10754083                   /usr/lib/jvm/java-8-openjdk/jre/lib/amd64/libnet.so
7f8cb802a000-7f8cb802e000 r--p 00015000 08:06 10754083                   /usr/lib/jvm/java-8-openjdk/jre/lib/amd64/libnet.so
7f8cb802e000-7f8cb802f000 r--p 00018000 08:06 10754083                   /usr/lib/jvm/java-8-openjdk/jre/lib/amd64/libnet.so
7f8cb802f000-7f8cb8030000 rw-p 00019000 08:06 10754083                   /usr/lib/jvm/java-8-openjdk/jre/lib/amd64/libnet.so
7f8cb8030000-7f8cb8037000 r--p 00000000 08:06 10754084                   /usr/lib/jvm/java-8-openjdk/jre/lib/amd64/libnio.so
7f8cb8037000-7f8cb803f000 r-xp 00007000 08:06 10754084                   /usr/lib/jvm/java-8-openjdk/jre/lib/amd64/libnio.so
7f8cb803f000-7f8cb8042000 r--p 0000f000 08:06 10754084                   /usr/lib/jvm/java-8-openjdk/jre/lib/amd64/libnio.so
7f8cb8042000-7f8cb8043000 ---p 00012000 08:06 10754084                   /usr/lib/jvm/java-8-openjdk/jre/lib/amd64/libnio.so
7f8cb8043000-7f8cb8044000 r--p 00012000 08:06 10754084                   /usr/lib/jvm/java-8-openjdk/jre/lib/amd64/libnio.so
7f8cb8044000-7f8cb8045000 rw-p 00013000 08:06 10754084                   /usr/lib/jvm/java-8-openjdk/jre/lib/amd64/libnio.so
7f8cb8045000-7f8cb896f000 rw-p 00000000 00:00 0 
7f8cb896f000-7f8cb8b40000 r--s 03c93000 08:06 10754790                   /usr/lib/jvm/java-8-openjdk/jre/lib/rt.jar
7f8cb8b40000-7f8cb8f80000 rw-p 00000000 00:00 0 
7f8cb8f80000-7f8cb9340000 ---p 00000000 00:00 0 
7f8cb9340000-7f8cc1000000 rw-p 00000000 00:00 0 
7f8cc1000000-7f8cc1270000 rwxp 00000000 00:00 0 
7f8cc1270000-7f8cd0000000 ---p 00000000 00:00 0 
7f8cd0000000-7f8cd0104000 rw-p 00000000 00:00 0 
7f8cd0104000-7f8cd4000000 ---p 00000000 00:00 0 
7f8cd400f000-7f8cd4015000 r--s 000d3000 08:06 10754101                   /usr/lib/jvm/java-8-openjdk/jre/lib/jfr.jar
7f8cd4015000-7f8cd49fa000 rw-p 00000000 00:00 0 
7f8cd49fa000-7f8cd49fb000 ---p 00000000 00:00 0 
7f8cd49fb000-7f8cd4afb000 rw-p 00000000 00:00 0 
7f8cd4afb000-7f8cd4afc000 ---p 00000000 00:00 0 
7f8cd4afc000-7f8cd4bfc000 rw-p 00000000 00:00 0 
7f8cd4bfc000-7f8cd4bfd000 ---p 00000000 00:00 0 
7f8cd4bfd000-7f8cd4cfd000 rw-p 00000000 00:00 0 
7f8cd4cfd000-7f8cd4cfe000 ---p 00000000 00:00 0 
7f8cd4cfe000-7f8cd4e52000 rw-p 00000000 00:00 0 
7f8cd4e52000-7f8cd5331000 ---p 00000000 00:00 0 
7f8cd5331000-7f8cd5385000 rw-p 00000000 00:00 0 
7f8cd5385000-7f8cd5863000 ---p 00000000 00:00 0 
7f8cd5863000-7f8cd588e000 rw-p 00000000 00:00 0 
7f8cd588e000-7f8cd5afd000 ---p 00000000 00:00 0 
7f8cd5afd000-7f8cd5b08000 rw-p 00000000 00:00 0 
7f8cd5b08000-7f8cd5ebe000 ---p 00000000 00:00 0 
7f8cd5ebe000-7f8cd5ec1000 r--p 00000000 08:06 10754091                   /usr/lib/jvm/java-8-openjdk/jre/lib/amd64/libzip.so
7f8cd5ec1000-7f8cd5ec5000 r-xp 00003000 08:06 10754091                   /usr/lib/jvm/java-8-openjdk/jre/lib/amd64/libzip.so
7f8cd5ec5000-7f8cd5ec7000 r--p 00007000 08:06 10754091                   /usr/lib/jvm/java-8-openjdk/jre/lib/amd64/libzip.so
7f8cd5ec7000-7f8cd5ec8000 r--p 00008000 08:06 10754091                   /usr/lib/jvm/java-8-openjdk/jre/lib/amd64/libzip.so
7f8cd5ec8000-7f8cd5ec9000 rw-p 00009000 08:06 10754091                   /usr/lib/jvm/java-8-openjdk/jre/lib/amd64/libzip.so
7f8cd5ec9000-7f8cd5ed6000 r--p 00000000 08:06 10754073                   /usr/lib/jvm/java-8-openjdk/jre/lib/amd64/libjava.so
7f8cd5ed6000-7f8cd5eec000 r-xp 0000d000 08:06 10754073                   /usr/lib/jvm/java-8-openjdk/jre/lib/amd64/libjava.so
7f8cd5eec000-7f8cd5ef3000 r--p 00023000 08:06 10754073                   /usr/lib/jvm/java-8-openjdk/jre/lib/amd64/libjava.so
7f8cd5ef3000-7f8cd5ef4000 r--p 00029000 08:06 10754073                   /usr/lib/jvm/java-8-openjdk/jre/lib/amd64/libjava.so
7f8cd5ef4000-7f8cd5ef5000 rw-p 0002a000 08:06 10754073                   /usr/lib/jvm/java-8-openjdk/jre/lib/amd64/libjava.so
7f8cd5ef5000-7f8cd5ef6000 rw-p 00000000 00:00 0 
7f8cd5ef6000-7f8cd5ef9000 r--p 00000000 08:06 8129986                    /usr/lib/librt-2.32.so
7f8cd5ef9000-7f8cd5efd000 r-xp 00003000 08:06 8129986                    /usr/lib/librt-2.32.so
7f8cd5efd000-7f8cd5eff000 r--p 00007000 08:06 8129986                    /usr/lib/librt-2.32.so
7f8cd5eff000-7f8cd5f00000 r--p 00008000 08:06 8129986                    /usr/lib/librt-2.32.so
7f8cd5f00000-7f8cd5f01000 rw-p 00009000 08:06 8129986                    /usr/lib/librt-2.32.so
7f8cd5f01000-7f8cd5f02000 ---p 00000000 00:00 0 
7f8cd5f02000-7f8cd5f05000 ---p 00000000 00:00 0 
7f8cd5f05000-7f8cd6002000 rw-p 00000000 00:00 0 
7f8cd6002000-7f8cd6011000 r--p 00000000 08:06 8129928                    /usr/lib/libm-2.32.so
7f8cd6011000-7f8cd60ad000 r-xp 0000f000 08:06 8129928                    /usr/lib/libm-2.32.so
7f8cd60ad000-7f8cd6146000 r--p 000ab000 08:06 8129928                    /usr/lib/libm-2.32.so
7f8cd6146000-7f8cd6147000 r--p 00143000 08:06 8129928                    /usr/lib/libm-2.32.so
7f8cd6147000-7f8cd6148000 rw-p 00144000 08:06 8129928                    /usr/lib/libm-2.32.so
7f8cd6148000-7f8cd633f000 r--p 00000000 08:06 10885649                   /usr/lib/jvm/java-8-openjdk/jre/lib/amd64/server/libjvm.so
7f8cd633f000-7f8cd6c76000 r-xp 001f7000 08:06 10885649                   /usr/lib/jvm/java-8-openjdk/jre/lib/amd64/server/libjvm.so
7f8cd6c76000-7f8cd6e2f000 r--p 00b2e000 08:06 10885649                   /usr/lib/jvm/java-8-openjdk/jre/lib/amd64/server/libjvm.so
7f8cd6e2f000-7f8cd6ec6000 r--p 00ce6000 08:06 10885649                   /usr/lib/jvm/java-8-openjdk/jre/lib/amd64/server/libjvm.so
7f8cd6ec6000-7f8cd6eef000 rw-p 00d7d000 08:06 10885649                   /usr/lib/jvm/java-8-openjdk/jre/lib/amd64/server/libjvm.so
7f8cd6eef000-7f8cd6f24000 rw-p 00000000 00:00 0 
7f8cd6f24000-7f8cd6f2b000 r--p 00000000 08:06 8129977                    /usr/lib/libpthread-2.32.so
7f8cd6f2b000-7f8cd6f3b000 r-xp 00007000 08:06 8129977                    /usr/lib/libpthread-2.32.so
7f8cd6f3b000-7f8cd6f40000 r--p 00017000 08:06 8129977                    /usr/lib/libpthread-2.32.so
7f8cd6f40000-7f8cd6f41000 r--p 0001b000 08:06 8129977                    /usr/lib/libpthread-2.32.so
7f8cd6f41000-7f8cd6f42000 rw-p 0001c000 08:06 8129977                    /usr/lib/libpthread-2.32.so
7f8cd6f42000-7f8cd6f46000 rw-p 00000000 00:00 0 
7f8cd6f46000-7f8cd6f47000 r--p 00000000 08:06 8129917                    /usr/lib/libdl-2.32.so
7f8cd6f47000-7f8cd6f49000 r-xp 00001000 08:06 8129917                    /usr/lib/libdl-2.32.so
7f8cd6f49000-7f8cd6f4a000 r--p 00003000 08:06 8129917                    /usr/lib/libdl-2.32.so
7f8cd6f4a000-7f8cd6f4b000 r--p 00003000 08:06 8129917                    /usr/lib/libdl-2.32.so
7f8cd6f4b000-7f8cd6f4c000 rw-p 00004000 08:06 8129917                    /usr/lib/libdl-2.32.so
7f8cd6f4c000-7f8cd6f4f000 r--p 00000000 08:06 8139696                    /usr/lib/libz.so.1.2.11
7f8cd6f4f000-7f8cd6f5d000 r-xp 00003000 08:06 8139696                    /usr/lib/libz.so.1.2.11
7f8cd6f5d000-7f8cd6f63000 r--p 00011000 08:06 8139696                    /usr/lib/libz.so.1.2.11
7f8cd6f63000-7f8cd6f64000 ---p 00017000 08:06 8139696                    /usr/lib/libz.so.1.2.11
7f8cd6f64000-7f8cd6f65000 r--p 00017000 08:06 8139696                    /usr/lib/libz.so.1.2.11
7f8cd6f65000-7f8cd6f66000 rw-p 00018000 08:06 8139696                    /usr/lib/libz.so.1.2.11
7f8cd6f66000-7f8cd6f8c000 r--p 00000000 08:06 8129905                    /usr/lib/libc-2.32.so
7f8cd6f8c000-7f8cd70d9000 r-xp 00026000 08:06 8129905                    /usr/lib/libc-2.32.so
7f8cd70d9000-7f8cd7125000 r--p 00173000 08:06 8129905                    /usr/lib/libc-2.32.so
7f8cd7125000-7f8cd7128000 r--p 001be000 08:06 8129905                    /usr/lib/libc-2.32.so
7f8cd7128000-7f8cd712b000 rw-p 001c1000 08:06 8129905                    /usr/lib/libc-2.32.so
7f8cd712b000-7f8cd712f000 rw-p 00000000 00:00 0 
7f8cd7132000-7f8cd713a000 rw-s 00000000 00:30 337                        /tmp/hsperfdata_sir/89791
7f8cd713a000-7f8cd713d000 r--p 00000000 08:06 8129967                    /usr/lib/libnss_files-2.32.so
7f8cd713d000-7f8cd7144000 r-xp 00003000 08:06 8129967                    /usr/lib/libnss_files-2.32.so
7f8cd7144000-7f8cd7146000 r--p 0000a000 08:06 8129967                    /usr/lib/libnss_files-2.32.so
7f8cd7146000-7f8cd7147000 r--p 0000b000 08:06 8129967                    /usr/lib/libnss_files-2.32.so
7f8cd7147000-7f8cd7148000 rw-p 0000c000 08:06 8129967                    /usr/lib/libnss_files-2.32.so
7f8cd7148000-7f8cd714f000 rw-p 00000000 00:00 0 
7f8cd714f000-7f8cd7150000 r--p 00000000 00:00 0 
7f8cd7150000-7f8cd7155000 r--p 00000000 08:06 10754090                   /usr/lib/jvm/java-8-openjdk/jre/lib/amd64/libverify.so
7f8cd7155000-7f8cd715c000 r-xp 00005000 08:06 10754090                   /usr/lib/jvm/java-8-openjdk/jre/lib/amd64/libverify.so
7f8cd715c000-7f8cd715e000 r--p 0000c000 08:06 10754090                   /usr/lib/jvm/java-8-openjdk/jre/lib/amd64/libverify.so
7f8cd715e000-7f8cd715f000 ---p 0000e000 08:06 10754090                   /usr/lib/jvm/java-8-openjdk/jre/lib/amd64/libverify.so
7f8cd715f000-7f8cd7161000 r--p 0000e000 08:06 10754090                   /usr/lib/jvm/java-8-openjdk/jre/lib/amd64/libverify.so
7f8cd7161000-7f8cd7162000 rw-p 00010000 08:06 10754090                   /usr/lib/jvm/java-8-openjdk/jre/lib/amd64/libverify.so
7f8cd7162000-7f8cd7165000 r--p 00000000 08:06 10885645                   /usr/lib/jvm/java-8-openjdk/jre/lib/amd64/jli/libjli.so
7f8cd7165000-7f8cd716e000 r-xp 00003000 08:06 10885645                   /usr/lib/jvm/java-8-openjdk/jre/lib/amd64/jli/libjli.so
7f8cd716e000-7f8cd7171000 r--p 0000c000 08:06 10885645                   /usr/lib/jvm/java-8-openjdk/jre/lib/amd64/jli/libjli.so
7f8cd7171000-7f8cd7172000 r--p 0000e000 08:06 10885645                   /usr/lib/jvm/java-8-openjdk/jre/lib/amd64/jli/libjli.so
7f8cd7172000-7f8cd7173000 rw-p 0000f000 08:06 10885645                   /usr/lib/jvm/java-8-openjdk/jre/lib/amd64/jli/libjli.so
7f8cd7173000-7f8cd7175000 rw-p 00000000 00:00 0 
7f8cd7175000-7f8cd7177000 r--p 00000000 08:06 8129881                    /usr/lib/ld-2.32.so
7f8cd7177000-7f8cd7198000 r-xp 00002000 08:06 8129881                    /usr/lib/ld-2.32.so
7f8cd7198000-7f8cd71a1000 r--p 00023000 08:06 8129881                    /usr/lib/ld-2.32.so
7f8cd71a1000-7f8cd71a2000 r--p 0002b000 08:06 8129881                    /usr/lib/ld-2.32.so
7f8cd71a2000-7f8cd71a4000 rw-p 0002c000 08:06 8129881                    /usr/lib/ld-2.32.so
7ffd52117000-7ffd52138000 rw-p 00000000 00:00 0                          [stack]
7ffd52146000-7ffd5214a000 r--p 00000000 00:00 0                          [vvar]
7ffd5214a000-7ffd5214c000 r-xp 00000000 00:00 0                          [vdso]
ffffffffff600000-ffffffffff601000 --xp 00000000 00:00 0                  [vsyscall]

VM Arguments:
jvm_args: -Xverify:none 
java_command: Void_
java_class_path (initial): .
Launcher Type: SUN_STANDARD

Environment Variables:
PATH=/home/sir/.gem/ruby/2.7.0/bin:/usr/local/sbin:/usr/local/bin:/usr/bin:/usr/bin/site_perl:/usr/bin/vendor_perl:/usr/bin/core_perl
SHELL=/bin/fish
DISPLAY=:0

Signal Handlers:
SIGSEGV: [libjvm.so+0xaf74c0], sa_mask[0]=11111111011111111101111111111110, sa_flags=SA_RESTART|SA_SIGINFO
SIGBUS: [libjvm.so+0xaf74c0], sa_mask[0]=11111111011111111101111111111110, sa_flags=SA_RESTART|SA_SIGINFO
SIGFPE: [libjvm.so+0x944a60], sa_mask[0]=11111111011111111101111111111110, sa_flags=SA_RESTART|SA_SIGINFO
SIGPIPE: [libjvm.so+0x944a60], sa_mask[0]=11111111011111111101111111111110, sa_flags=SA_RESTART|SA_SIGINFO
SIGXFSZ: [libjvm.so+0x944a60], sa_mask[0]=11111111011111111101111111111110, sa_flags=SA_RESTART|SA_SIGINFO
SIGILL: [libjvm.so+0x944a60], sa_mask[0]=11111111011111111101111111111110, sa_flags=SA_RESTART|SA_SIGINFO
SIGUSR1: SIG_DFL, sa_mask[0]=00000000000000000000000000000000, sa_flags=none
SIGUSR2: [libjvm.so+0x944840], sa_mask[0]=00000000000000000000000000000000, sa_flags=SA_RESTART|SA_SIGINFO
SIGHUP: [libjvm.so+0x944d00], sa_mask[0]=11111111011111111101111111111110, sa_flags=SA_RESTART|SA_SIGINFO
SIGINT: [libjvm.so+0x944d00], sa_mask[0]=11111111011111111101111111111110, sa_flags=SA_RESTART|SA_SIGINFO
SIGTERM: [libjvm.so+0x944d00], sa_mask[0]=11111111011111111101111111111110, sa_flags=SA_RESTART|SA_SIGINFO
SIGQUIT: [libjvm.so+0x944d00], sa_mask[0]=11111111011111111101111111111110, sa_flags=SA_RESTART|SA_SIGINFO


---------------  S Y S T E M  ---------------

OS:LSB_VERSION=1.4
DISTRIB_ID=Arch
DISTRIB_RELEASE=rolling
DISTRIB_DESCRIPTION="Arch Linux"

uname:Linux 5.10.13-arch1-1 #1 SMP PREEMPT Wed, 03 Feb 2021 23:44:07 +0000 x86_64
libc:glibc 2.32 NPTL 2.32 
rlimit: STACK 8192k, CORE infinity, NPROC 63792, NOFILE 524288, AS infinity
load average:1.88 1.73 1.80

/proc/meminfo:
MemTotal:       16349012 kB
MemFree:          317868 kB
MemAvailable:    3140904 kB
Buffers:          386188 kB
Cached:          3598672 kB
SwapCached:          640 kB
Active:          1831188 kB
Inactive:       13292516 kB
Active(anon):      60348 kB
Inactive(anon): 12070332 kB
Active(file):    1770840 kB
Inactive(file):  1222184 kB
Unevictable:          96 kB
Mlocked:              96 kB
SwapTotal:      16777212 kB
SwapFree:       16770300 kB
Dirty:              8740 kB
Writeback:             0 kB
AnonPages:      11138376 kB
Mapped:          2235192 kB
Shmem:            991964 kB
KReclaimable:     165020 kB
Slab:             352892 kB
SReclaimable:     165020 kB
SUnreclaim:       187872 kB
KernelStack:       20960 kB
PageTables:        83056 kB
NFS_Unstable:          0 kB
Bounce:                0 kB
WritebackTmp:          0 kB
CommitLimit:    24951716 kB
Committed_AS:   21459824 kB
VmallocTotal:   34359738367 kB
VmallocUsed:       85128 kB
VmallocChunk:          0 kB
Percpu:             2336 kB
HardwareCorrupted:     0 kB
AnonHugePages:         0 kB
ShmemHugePages:        0 kB
ShmemPmdMapped:        0 kB
FileHugePages:         0 kB
FilePmdMapped:         0 kB
CmaTotal:              0 kB
CmaFree:               0 kB
HugePages_Total:       0
HugePages_Free:        0
HugePages_Rsvd:        0
HugePages_Surp:        0
Hugepagesize:       2048 kB
Hugetlb:               0 kB
DirectMap4k:     1027000 kB
DirectMap2M:    14659584 kB
DirectMap1G:     1048576 kB

container (cgroup) information:
container_type: cgroupv1
cpu_cpuset_cpus: 0-3
cpu_memory_nodes: 0
active_processor_count: 4
cpu_quota: -1
cpu_period: 100000
cpu_shares: -1
memory_limit_in_bytes: -1
memory_and_swap_limit_in_bytes: -1
memory_soft_limit_in_bytes: -1
memory_usage_in_bytes: 13129625600
memory_max_usage_in_bytes: 13286633472


CPU:total 4 (initial active 4) (4 cores per cpu, 1 threads per core) family 6 model 158 stepping 9, cmov, cx8, fxsr, mmx, sse, sse2, sse3, ssse3, sse4.1, sse4.2, popcnt, avx, avx2, aes, clmul, erms, rtm, 3dnowpref, lzcnt, tsc, tscinvbit, bmi1, bmi2, adx

/proc/cpuinfo:
processor	: 0
vendor_id	: GenuineIntel
cpu family	: 6
model		: 158
model name	: Intel(R) Core(TM) i5-7600 CPU @ 3.50GHz
stepping	: 9
microcode	: 0xde
cpu MHz		: 1040.594
cache size	: 6144 KB
physical id	: 0
siblings	: 4
core id		: 0
cpu cores	: 4
apicid		: 0
initial apicid	: 0
fpu		: yes
fpu_exception	: yes
cpuid level	: 22
wp		: yes
flags		: fpu vme de pse tsc msr pae mce cx8 apic sep mtrr pge mca cmov pat pse36 clflush dts acpi mmx fxsr sse sse2 ss ht tm pbe syscall nx pdpe1gb rdtscp lm constant_tsc art arch_perfmon pebs bts rep_good nopl xtopology nonstop_tsc cpuid aperfmperf pni pclmulqdq dtes64 monitor ds_cpl vmx smx est tm2 ssse3 sdbg fma cx16 xtpr pdcm pcid sse4_1 sse4_2 x2apic movbe popcnt tsc_deadline_timer aes xsave avx f16c rdrand lahf_lm abm 3dnowprefetch cpuid_fault invpcid_single pti ssbd ibrs ibpb stibp tpr_shadow vnmi flexpriority ept vpid ept_ad fsgsbase tsc_adjust bmi1 hle avx2 smep bmi2 erms invpcid rtm mpx rdseed adx smap clflushopt intel_pt xsaveopt xsavec xgetbv1 xsaves dtherm ida arat pln pts hwp hwp_notify hwp_act_window hwp_epp md_clear flush_l1d
vmx flags	: vnmi preemption_timer invvpid ept_x_only ept_ad ept_1gb flexpriority tsc_offset vtpr mtf vapic ept vpid unrestricted_guest ple shadow_vmcs pml ept_mode_based_exec
bugs		: cpu_meltdown spectre_v1 spectre_v2 spec_store_bypass l1tf mds swapgs taa itlb_multihit srbds
bogomips	: 7002.48
clflush size	: 64
cache_alignment	: 64
address sizes	: 39 bits physical, 48 bits virtual
power management:

processor	: 1
vendor_id	: GenuineIntel
cpu family	: 6
model		: 158
model name	: Intel(R) Core(TM) i5-7600 CPU @ 3.50GHz
stepping	: 9
microcode	: 0xde
cpu MHz		: 1468.137
cache size	: 6144 KB
physical id	: 0
siblings	: 4
core id		: 1
cpu cores	: 4
apicid		: 2
initial apicid	: 2
fpu		: yes
fpu_exception	: yes
cpuid level	: 22
wp		: yes
flags		: fpu vme de pse tsc msr pae mce cx8 apic sep mtrr pge mca cmov pat pse36 clflush dts acpi mmx fxsr sse sse2 ss ht tm pbe syscall nx pdpe1gb rdtscp lm constant_tsc art arch_perfmon pebs bts rep_good nopl xtopology nonstop_tsc cpuid aperfmperf pni pclmulqdq dtes64 monitor ds_cpl vmx smx est tm2 ssse3 sdbg fma cx16 xtpr pdcm pcid sse4_1 sse4_2 x2apic movbe popcnt tsc_deadline_timer aes xsave avx f16c rdrand lahf_lm abm 3dnowprefetch cpuid_fault invpcid_single pti ssbd ibrs ibpb stibp tpr_shadow vnmi flexpriority ept vpid ept_ad fsgsbase tsc_adjust bmi1 hle avx2 smep bmi2 erms invpcid rtm mpx rdseed adx smap clflushopt intel_pt xsaveopt xsavec xgetbv1 xsaves dtherm ida arat pln pts hwp hwp_notify hwp_act_window hwp_epp md_clear flush_l1d
vmx flags	: vnmi preemption_timer invvpid ept_x_only ept_ad ept_1gb flexpriority tsc_offset vtpr mtf vapic ept vpid unrestricted_guest ple shadow_vmcs pml ept_mode_based_exec
bugs		: cpu_meltdown spectre_v1 spectre_v2 spec_store_bypass l1tf mds swapgs taa itlb_multihit srbds
bogomips	: 7002.48
clflush size	: 64
cache_alignment	: 64
address sizes	: 39 bits physical, 48 bits virtual
power management:

processor	: 2
vendor_id	: GenuineIntel
cpu family	: 6
model		: 158
model name	: Intel(R) Core(TM) i5-7600 CPU @ 3.50GHz
stepping	: 9
microcode	: 0xde
cpu MHz		: 1044.816
cache size	: 6144 KB
physical id	: 0
siblings	: 4
core id		: 2
cpu cores	: 4
apicid		: 4
initial apicid	: 4
fpu		: yes
fpu_exception	: yes
cpuid level	: 22
wp		: yes
flags		: fpu vme de pse tsc msr pae mce cx8 apic sep mtrr pge mca cmov pat pse36 clflush dts acpi mmx fxsr sse sse2 ss ht tm pbe syscall nx pdpe1gb rdtscp lm constant_tsc art arch_perfmon pebs bts rep_good nopl xtopology nonstop_tsc cpuid aperfmperf pni pclmulqdq dtes64 monitor ds_cpl vmx smx est tm2 ssse3 sdbg fma cx16 xtpr pdcm pcid sse4_1 sse4_2 x2apic movbe popcnt tsc_deadline_timer aes xsave avx f16c rdrand lahf_lm abm 3dnowprefetch cpuid_fault invpcid_single pti ssbd ibrs ibpb stibp tpr_shadow vnmi flexpriority ept vpid ept_ad fsgsbase tsc_adjust bmi1 hle avx2 smep bmi2 erms invpcid rtm mpx rdseed adx smap clflushopt intel_pt xsaveopt xsavec xgetbv1 xsaves dtherm ida arat pln pts hwp hwp_notify hwp_act_window hwp_epp md_clear flush_l1d
vmx flags	: vnmi preemption_timer invvpid ept_x_only ept_ad ept_1gb flexpriority tsc_offset vtpr mtf vapic ept vpid unrestricted_guest ple shadow_vmcs pml ept_mode_based_exec
bugs		: cpu_meltdown spectre_v1 spectre_v2 spec_store_bypass l1tf mds swapgs taa itlb_multihit srbds
bogomips	: 7002.48
clflush size	: 64
cache_alignment	: 64
address sizes	: 39 bits physical, 48 bits virtual
power management:

processor	: 3
vendor_id	: GenuineIntel
cpu family	: 6
model		: 158
model name	: Intel(R) Core(TM) i5-7600 CPU @ 3.50GHz
stepping	: 9
microcode	: 0xde
cpu MHz		: 995.676
cache size	: 6144 KB
physical id	: 0
siblings	: 4
core id		: 3
cpu cores	: 4
apicid		: 6
initial apicid	: 6
fpu		: yes
fpu_exception	: yes
cpuid level	: 22
wp		: yes
flags		: fpu vme de pse tsc msr pae mce cx8 apic sep mtrr pge mca cmov pat pse36 clflush dts acpi mmx fxsr sse sse2 ss ht tm pbe syscall nx pdpe1gb rdtscp lm constant_tsc art arch_perfmon pebs bts rep_good nopl xtopology nonstop_tsc cpuid aperfmperf pni pclmulqdq dtes64 monitor ds_cpl vmx smx est tm2 ssse3 sdbg fma cx16 xtpr pdcm pcid sse4_1 sse4_2 x2apic movbe popcnt tsc_deadline_timer aes xsave avx f16c rdrand lahf_lm abm 3dnowprefetch cpuid_fault invpcid_single pti ssbd ibrs ibpb stibp tpr_shadow vnmi flexpriority ept vpid ept_ad fsgsbase tsc_adjust bmi1 hle avx2 smep bmi2 erms invpcid rtm mpx rdseed adx smap clflushopt intel_pt xsaveopt xsavec xgetbv1 xsaves dtherm ida arat pln pts hwp hwp_notify hwp_act_window hwp_epp md_clear flush_l1d
vmx flags	: vnmi preemption_timer invvpid ept_x_only ept_ad ept_1gb flexpriority tsc_offset vtpr mtf vapic ept vpid unrestricted_guest ple shadow_vmcs pml ept_mode_based_exec
bugs		: cpu_meltdown spectre_v1 spectre_v2 spec_store_bypass l1tf mds swapgs taa itlb_multihit srbds
bogomips	: 7002.48
clflush size	: 64
cache_alignment	: 64
address sizes	: 39 bits physical, 48 bits virtual
power management:



Memory: 4k page, physical 16349012k(317868k free), swap 16777212k(16770300k free)

vm_info: OpenJDK 64-Bit Server VM (25.275-b01) for linux-amd64 JRE (1.8.0_275-b01), built on Jan 10 2021 13:38:57 by "builduser" with gcc 10.2.0

time: Mon Feb  8 15:06:43 2021
timezone: PST
elapsed time: 0.072372 seconds (0d 0h 0m 0s)

