#
# A fatal error has been detected by the Java Runtime Environment:
#
#  SIGSEGV (0xb) at pc=0x00007f085ccbc0f0, pid=81490, tid=0x00007f085c11b640
#
# JRE version: OpenJDK Runtime Environment (8.0_275-b01) (build 1.8.0_275-b01)
# Java VM: OpenJDK 64-Bit Server VM (25.275-b01 mixed mode linux-amd64 compressed oops)
# Problematic frame:
# V  [libjvm.so+0xa5a0f0]
#
# Core dump written. Default location: /home/sir/Desktop/Jave/core or core.81490
#
# If you would like to submit a bug report, please visit:
#   http://bugreport.java.com/bugreport/crash.jsp
#

---------------  T H R E A D  ---------------

Current thread (0x00007f085800a800):  JavaThread "main" [_thread_in_vm, id=81491, stack(0x00007f085c01c000,0x00007f085c11c000)]

siginfo: si_signo: 11 (SIGSEGV), si_code: 1 (SEGV_MAPERR), si_addr: 0x0000000000000002

Registers:
RAX=0x00007f0858009240, RBX=0x0000000000000001, RCX=0x0000000000000056, RDX=0x000000000000000e
RSP=0x00007f085c119e38, RBP=0x00007f085c119e50, RSI=0x00007f085cdf6200, RDI=0x0000000000000000
R8 =0x00007f085800a800, R9 =0x0000000000000006, R10=0x0000000000000007, R11=0x0000000000000000
R12=0x00007f085c119f30, R13=0x00007f085cdf5584, R14=0x00007f0858009220, R15=0x0000000000000000
RIP=0x00007f085ccbc0f0, EFLAGS=0x0000000000010202, CSGSFS=0x002b000000000033, ERR=0x0000000000000004
  TRAPNO=0x000000000000000e

Top of Stack: (sp=0x00007f085c119e38)
0x00007f085c119e38:   00007f085cc6e7d2 00007f08580091d0
0x00007f085c119e48:   0000000000000001 00007f085c11a200
0x00007f085c119e58:   00007f085cc5b55a 00007f08580d4630
0x00007f085c119e68:   00007f085c11a580 00007f085c11a570
0x00007f085c119e78:   00000007c0001ef8 00007f0858009220
0x00007f085c119e88:   00007f085d10aa7c 0000000000000000
0x00007f085c119e98:   00000000000003d8 00007f0858007cf0
0x00007f085c119ea8:   00007f08580095f8 00007f0858009220
0x00007f085c119eb8:   00007f085c119f30 0000000000000012
0x00007f085c119ec8:   00007f0858009210 0000000000000140
0x00007f085c119ed8:   0000000000000004 0000003400000012
0x00007f085c119ee8:   0000000000000000 0000000000000000
0x00007f085c119ef8:   0000000000000000 000000770000005b
0x00007f085c119f08:   0000007c0000006e 00007f0858009640
0x00007f085c119f18:   0000000000000010 0000000000000110
0x00007f085c119f28:   00007f0858000020 00007f08580d4340
0x00007f085c119f38:   0000000400000003 000000010000000e
0x00007f085c119f48:   00007f0858009220 0000000000000000
0x00007f085c119f58:   00007f085c119fa0 0000000000000110
0x00007f085c119f68:   00007f085cba055e 00007f08580d4630
0x00007f085c119f78:   00007f085cff2c40 0000000000000110
0x00007f085c119f88:   0000000000000110 00007f08580d4a40
0x00007f085c119f98:   0000000000000002 00007f085c119fd0
0x00007f085c119fa8:   00007f085c6a2deb 00007f085c119fd0
0x00007f085c119fb8:   00007f085cb63077 0000000000000002
0x00007f085c119fc8:   00007f085c119fe0 00007f085c11a030
0x00007f085c119fd8:   00007f085c6a2e96 0000000000000000
0x00007f085c119fe8:   0000000000000000 0000000000000000
0x00007f085c119ff8:   0000000000000000 0000000000000000
0x00007f085c11a008:   00007f08580d4a40 00007f085c11a030
0x00007f085c11a018:   000000076cddb6f8 00007f08580d4110
0x00007f085c11a028:   00007f0846ef5080 00007f085c11a060 

Instructions: (pc=0x00007f085ccbc0f0)
0x00007f085ccbc0d0:   0f b7 47 02 66 85 c0 79 07 c3 66 0f 1f 44 00 00
0x00007f085ccbc0e0:   48 83 c7 02 e9 d7 35 8a ff 90 66 0f 1f 44 00 00
0x00007f085ccbc0f0:   0f b7 47 02 66 85 c0 79 07 c3 66 0f 1f 44 00 00
0x00007f085ccbc100:   48 83 c7 02 e9 e7 35 8a ff 90 66 0f 1f 44 00 00 

Register to memory mapping:

RAX=0x00007f0858009240 is an unknown value
RBX=0x0000000000000001 is an unknown value
RCX=0x0000000000000056 is an unknown value
RDX=0x000000000000000e is an unknown value
RSP=0x00007f085c119e38 is pointing into the stack for thread: 0x00007f085800a800
RBP=0x00007f085c119e50 is pointing into the stack for thread: 0x00007f085800a800
RSI=0x00007f085cdf6200: <offset 0xb94200> in /usr/lib/jvm/java-8-openjdk/jre/lib/amd64/server/libjvm.so at 0x00007f085c262000
RDI=0x0000000000000000 is an unknown value
R8 =0x00007f085800a800 is a thread
R9 =0x0000000000000006 is an unknown value
R10=0x0000000000000007 is an unknown value
R11=0x0000000000000000 is an unknown value
R12=0x00007f085c119f30 is pointing into the stack for thread: 0x00007f085800a800
R13=0x00007f085cdf5584: <offset 0xb93584> in /usr/lib/jvm/java-8-openjdk/jre/lib/amd64/server/libjvm.so at 0x00007f085c262000
R14=0x00007f0858009220 is an unknown value
R15=0x0000000000000000 is an unknown value


Stack: [0x00007f085c01c000,0x00007f085c11c000],  sp=0x00007f085c119e38,  free space=1015k
Native frames: (J=compiled Java code, j=interpreted, Vv=VM code, C=native code)
V  [libjvm.so+0xa5a0f0]
V  [libjvm.so+0x9f955a]
V  [libjvm.so+0x8da3ea]
V  [libjvm.so+0x6327dd]
V  [libjvm.so+0x632e24]
V  [libjvm.so+0x633131]
V  [libjvm.so+0x736ba9]
V  [libjvm.so+0x73731d]  JVM_GetClassDeclaredMethods+0x6d
j  java.lang.Class.getDeclaredMethods0(Z)[Ljava/lang/reflect/Method;+0
j  java.lang.Class.privateGetDeclaredMethods(Z)[Ljava/lang/reflect/Method;+37
j  java.lang.Class.privateGetMethodRecursive(Ljava/lang/String;[Ljava/lang/Class;ZLjava/lang/Class$MethodArray;)Ljava/lang/reflect/Method;+2
j  java.lang.Class.getMethod0(Ljava/lang/String;[Ljava/lang/Class;Z)Ljava/lang/reflect/Method;+16
j  java.lang.Class.getMethod(Ljava/lang/String;[Ljava/lang/Class;)Ljava/lang/reflect/Method;+13
j  sun.launcher.LauncherHelper.validateMainClass(Ljava/lang/Class;)V+12
j  sun.launcher.LauncherHelper.checkAndLoadMain(ZILjava/lang/String;)Ljava/lang/Class;+214
v  ~StubRoutines::call_stub
V  [libjvm.so+0x67b89e]
V  [libjvm.so+0x6f2be0]
V  [libjvm.so+0x6f4225]
C  [libjli.so+0x3c40]
C  [libpthread.so.0+0x93e9]  start_thread+0xe9

Java frames: (J=compiled Java code, j=interpreted, Vv=VM code)
j  java.lang.Class.getDeclaredMethods0(Z)[Ljava/lang/reflect/Method;+0
j  java.lang.Class.privateGetDeclaredMethods(Z)[Ljava/lang/reflect/Method;+37
j  java.lang.Class.privateGetMethodRecursive(Ljava/lang/String;[Ljava/lang/Class;ZLjava/lang/Class$MethodArray;)Ljava/lang/reflect/Method;+2
j  java.lang.Class.getMethod0(Ljava/lang/String;[Ljava/lang/Class;Z)Ljava/lang/reflect/Method;+16
j  java.lang.Class.getMethod(Ljava/lang/String;[Ljava/lang/Class;)Ljava/lang/reflect/Method;+13
j  sun.launcher.LauncherHelper.validateMainClass(Ljava/lang/Class;)V+12
j  sun.launcher.LauncherHelper.checkAndLoadMain(ZILjava/lang/String;)Ljava/lang/Class;+214
v  ~StubRoutines::call_stub

---------------  P R O C E S S  ---------------

Java Threads: ( => current thread )
  0x00007f08580c6000 JavaThread "Service Thread" daemon [_thread_blocked, id=81503, stack(0x00007f0844d34000,0x00007f0844e35000)]
  0x00007f08580c1000 JavaThread "C1 CompilerThread2" daemon [_thread_blocked, id=81502, stack(0x00007f0844e36000,0x00007f0844f36000)]
  0x00007f08580bf000 JavaThread "C2 CompilerThread1" daemon [_thread_blocked, id=81501, stack(0x00007f0844f37000,0x00007f0845037000)]
  0x00007f08580bc000 JavaThread "C2 CompilerThread0" daemon [_thread_blocked, id=81500, stack(0x00007f0845038000,0x00007f0845138000)]
  0x00007f08580b6800 JavaThread "Signal Dispatcher" daemon [_thread_blocked, id=81499, stack(0x00007f084513e000,0x00007f084523f000)]
  0x00007f0858086000 JavaThread "Finalizer" daemon [_thread_blocked, id=81498, stack(0x00007f0845526000,0x00007f0845627000)]
  0x00007f0858081800 JavaThread "Reference Handler" daemon [_thread_blocked, id=81497, stack(0x00007f0845627000,0x00007f0845728000)]
=>0x00007f085800a800 JavaThread "main" [_thread_in_vm, id=81491, stack(0x00007f085c01c000,0x00007f085c11c000)]

Other Threads:
  0x00007f0858078000 VMThread [stack: 0x00007f0845729000,0x00007f0845829000] [id=81496]
  0x00007f08580c8800 WatcherThread [stack: 0x00007f0844c34000,0x00007f0844d34000] [id=81504]

VM state:not at safepoint (normal execution)

VM Mutex/Monitor currently owned by a thread:  ([mutex/lock_event])
[0x00007f0858007cf0] AdapterHandlerLibrary_lock - owner thread: 0x00007f085800a800

heap address: 0x00000006c6800000, size: 3992 MB, Compressed Oops mode: Zero based, Oop shift amount: 3
Narrow klass base: 0x0000000000000000, Narrow klass shift: 3
Compressed class space size: 1073741824 Address: 0x00000007c0000000

Heap:
 PSYoungGen      total 74752K, used 1290K [0x000000076cd80000, 0x0000000772080000, 0x00000007c0000000)
  eden space 64512K, 2% used [0x000000076cd80000,0x000000076cec2900,0x0000000770c80000)
  from space 10240K, 0% used [0x0000000771680000,0x0000000771680000,0x0000000772080000)
  to   space 10240K, 0% used [0x0000000770c80000,0x0000000770c80000,0x0000000771680000)
 ParOldGen       total 171008K, used 0K [0x00000006c6800000, 0x00000006d0f00000, 0x000000076cd80000)
  object space 171008K, 0% used [0x00000006c6800000,0x00000006c6800000,0x00000006d0f00000)
 Metaspace       used 2645K, capacity 4486K, committed 4864K, reserved 1056768K
  class space    used 276K, capacity 386K, committed 512K, reserved 1048576K

Card table byte_map: [0x00007f0848446000,0x00007f0848c13000] byte_map_base: 0x00007f0844e12000

Marking Bits: (ParMarkBitMap*) 0x00007f085d01ef40
 Begin Bits: [0x00007f0838340000, 0x00007f083c1a0000)
 End Bits:   [0x00007f083c1a0000, 0x00007f0840000000)

Polling page: 0x00007f085d269000

CodeCache: size=245760Kb used=1080Kb max_used=1080Kb free=244679Kb
 bounds [0x00007f0848fd3000, 0x00007f0849243000, 0x00007f0857fd3000]
 total_blobs=254 nmethods=9 adapters=160
 compilation: enabled

Compilation events (10 events):
Event: 0.044 Thread 0x00007f08580c1000    7       3       java.lang.String::length (6 bytes)
Event: 0.044 Thread 0x00007f08580c1000 nmethod 7 0x00007f08490e0390 code [0x00007f08490e0500, 0x00007f08490e0670]
Event: 0.044 Thread 0x00007f08580c1000    2       3       java.lang.Object::<init> (1 bytes)
Event: 0.044 Thread 0x00007f08580c1000 nmethod 2 0x00007f08490e0710 code [0x00007f08490e0880, 0x00007f08490e09d0]
Event: 0.044 Thread 0x00007f08580c1000    6       3       java.lang.Math::min (11 bytes)
Event: 0.044 Thread 0x00007f08580c1000 nmethod 6 0x00007f08490e0a50 code [0x00007f08490e0bc0, 0x00007f08490e0d50]
Event: 0.044 Thread 0x00007f08580c1000    8       1       java.lang.ref.Reference::get (5 bytes)
Event: 0.044 Thread 0x00007f08580c1000 nmethod 8 0x00007f08490e0dd0 code [0x00007f08490e0f20, 0x00007f08490e1030]
Event: 0.044 Thread 0x00007f08580c1000    9       1       java.lang.ThreadLocal::access$400 (5 bytes)
Event: 0.044 Thread 0x00007f08580c1000 nmethod 9 0x00007f08490e1090 code [0x00007f08490e11e0, 0x00007f08490e12d0]

GC Heap History (0 events):
No events

Deoptimization events (0 events):
No events

Classes redefined (0 events):
No events

Internal exceptions (2 events):
Event: 0.020 Thread 0x00007f085800a800 Exception <a 'java/lang/NoSuchMethodError': Method sun.misc.Unsafe.defineClass(Ljava/lang/String;[BII)Ljava/lang/Class; name or signature does not match> (0x000000076cd87cc0) thrown at [/build/java8-openjdk/src/jdk8u-jdk8u275-b01/hotspot/src/share/vm/prim
Event: 0.020 Thread 0x00007f085800a800 Exception <a 'java/lang/NoSuchMethodError': Method sun.misc.Unsafe.prefetchRead(Ljava/lang/Object;J)V name or signature does not match> (0x000000076cd87fa8) thrown at [/build/java8-openjdk/src/jdk8u-jdk8u275-b01/hotspot/src/share/vm/prims/jni.cpp, line 40

Events (10 events):
Event: 0.044 loading class java/security/AllPermission
Event: 0.044 loading class java/security/AllPermission done
Event: 0.044 loading class java/security/UnresolvedPermission
Event: 0.045 loading class java/security/UnresolvedPermission done
Event: 0.045 loading class java/security/BasicPermissionCollection
Event: 0.045 loading class java/security/BasicPermissionCollection done
Event: 0.045 loading class sun/launcher/LauncherHelper$FXHelper
Event: 0.045 loading class sun/launcher/LauncherHelper$FXHelper done
Event: 0.045 loading class java/lang/Class$MethodArray
Event: 0.045 loading class java/lang/Class$MethodArray done


Dynamic libraries:
6c6800000-6d0f00000 rw-p 00000000 00:00 0 
6d0f00000-76cd80000 ---p 00000000 00:00 0 
76cd80000-772080000 rw-p 00000000 00:00 0 
772080000-7c0000000 ---p 00000000 00:00 0 
7c0000000-7c0080000 rw-p 00000000 00:00 0 
7c0080000-800000000 ---p 00000000 00:00 0 
562f1c0e8000-562f1c0e9000 r--p 00000000 08:06 10618125                   /usr/lib/jvm/java-8-openjdk/jre/bin/java
562f1c0e9000-562f1c0ea000 r-xp 00001000 08:06 10618125                   /usr/lib/jvm/java-8-openjdk/jre/bin/java
562f1c0ea000-562f1c0eb000 r--p 00002000 08:06 10618125                   /usr/lib/jvm/java-8-openjdk/jre/bin/java
562f1c0eb000-562f1c0ec000 r--p 00002000 08:06 10618125                   /usr/lib/jvm/java-8-openjdk/jre/bin/java
562f1c0ec000-562f1c0ed000 rw-p 00003000 08:06 10618125                   /usr/lib/jvm/java-8-openjdk/jre/bin/java
562f1c832000-562f1c853000 rw-p 00000000 00:00 0                          [heap]
7f0804000000-7f0804021000 rw-p 00000000 00:00 0 
7f0804021000-7f0808000000 ---p 00000000 00:00 0 
7f080c000000-7f080c021000 rw-p 00000000 00:00 0 
7f080c021000-7f0810000000 ---p 00000000 00:00 0 
7f0810000000-7f0810021000 rw-p 00000000 00:00 0 
7f0810021000-7f0814000000 ---p 00000000 00:00 0 
7f0814000000-7f081404e000 rw-p 00000000 00:00 0 
7f081404e000-7f0818000000 ---p 00000000 00:00 0 
7f0818000000-7f0818021000 rw-p 00000000 00:00 0 
7f0818021000-7f081c000000 ---p 00000000 00:00 0 
7f081c000000-7f081c021000 rw-p 00000000 00:00 0 
7f081c021000-7f0820000000 ---p 00000000 00:00 0 
7f0820000000-7f0820021000 rw-p 00000000 00:00 0 
7f0820021000-7f0824000000 ---p 00000000 00:00 0 
7f0824000000-7f0824021000 rw-p 00000000 00:00 0 
7f0824021000-7f0828000000 ---p 00000000 00:00 0 
7f0828000000-7f0828021000 rw-p 00000000 00:00 0 
7f0828021000-7f082c000000 ---p 00000000 00:00 0 
7f082c000000-7f082c021000 rw-p 00000000 00:00 0 
7f082c021000-7f0830000000 ---p 00000000 00:00 0 
7f0830000000-7f0830021000 rw-p 00000000 00:00 0 
7f0830021000-7f0834000000 ---p 00000000 00:00 0 
7f0834000000-7f0834021000 rw-p 00000000 00:00 0 
7f0834021000-7f0838000000 ---p 00000000 00:00 0 
7f0838340000-7f0840000000 rw-p 00000000 00:00 0 
7f0840000000-7f0840021000 rw-p 00000000 00:00 0 
7f0840021000-7f0844000000 ---p 00000000 00:00 0 
7f0844bd2000-7f0844c03000 rw-p 00000000 00:00 0 
7f0844c03000-7f0844c08000 r--p 00000000 08:06 10754083                   /usr/lib/jvm/java-8-openjdk/jre/lib/amd64/libnet.so
7f0844c08000-7f0844c18000 r-xp 00005000 08:06 10754083                   /usr/lib/jvm/java-8-openjdk/jre/lib/amd64/libnet.so
7f0844c18000-7f0844c1c000 r--p 00015000 08:06 10754083                   /usr/lib/jvm/java-8-openjdk/jre/lib/amd64/libnet.so
7f0844c1c000-7f0844c1d000 r--p 00018000 08:06 10754083                   /usr/lib/jvm/java-8-openjdk/jre/lib/amd64/libnet.so
7f0844c1d000-7f0844c1e000 rw-p 00019000 08:06 10754083                   /usr/lib/jvm/java-8-openjdk/jre/lib/amd64/libnet.so
7f0844c1e000-7f0844c25000 r--p 00000000 08:06 10754084                   /usr/lib/jvm/java-8-openjdk/jre/lib/amd64/libnio.so
7f0844c25000-7f0844c2d000 r-xp 00007000 08:06 10754084                   /usr/lib/jvm/java-8-openjdk/jre/lib/amd64/libnio.so
7f0844c2d000-7f0844c30000 r--p 0000f000 08:06 10754084                   /usr/lib/jvm/java-8-openjdk/jre/lib/amd64/libnio.so
7f0844c30000-7f0844c31000 ---p 00012000 08:06 10754084                   /usr/lib/jvm/java-8-openjdk/jre/lib/amd64/libnio.so
7f0844c31000-7f0844c32000 r--p 00012000 08:06 10754084                   /usr/lib/jvm/java-8-openjdk/jre/lib/amd64/libnio.so
7f0844c32000-7f0844c33000 rw-p 00013000 08:06 10754084                   /usr/lib/jvm/java-8-openjdk/jre/lib/amd64/libnio.so
7f0844c33000-7f0844c34000 ---p 00000000 00:00 0 
7f0844c34000-7f0844d34000 rw-p 00000000 00:00 0 
7f0844d34000-7f0844d37000 ---p 00000000 00:00 0 
7f0844d37000-7f0844e35000 rw-p 00000000 00:00 0 
7f0844e35000-7f0844e36000 ---p 00000000 00:00 0 
7f0844e36000-7f0844e39000 ---p 00000000 00:00 0 
7f0844e39000-7f0844f36000 rw-p 00000000 00:00 0 
7f0844f36000-7f0844f37000 ---p 00000000 00:00 0 
7f0844f37000-7f0844f3a000 ---p 00000000 00:00 0 
7f0844f3a000-7f0845037000 rw-p 00000000 00:00 0 
7f0845037000-7f0845038000 ---p 00000000 00:00 0 
7f0845038000-7f084503b000 ---p 00000000 00:00 0 
7f084503b000-7f0845138000 rw-p 00000000 00:00 0 
7f0845138000-7f084513e000 r--s 000d3000 08:06 10754101                   /usr/lib/jvm/java-8-openjdk/jre/lib/jfr.jar
7f084513e000-7f0845141000 ---p 00000000 00:00 0 
7f0845141000-7f084523f000 rw-p 00000000 00:00 0 
7f084523f000-7f0845526000 r--p 00000000 08:06 8163457                    /usr/lib/locale/locale-archive
7f0845526000-7f0845529000 ---p 00000000 00:00 0 
7f0845529000-7f0845627000 rw-p 00000000 00:00 0 
7f0845627000-7f084562a000 ---p 00000000 00:00 0 
7f084562a000-7f0845728000 rw-p 00000000 00:00 0 
7f0845728000-7f0845729000 ---p 00000000 00:00 0 
7f0845729000-7f084682b000 rw-p 00000000 00:00 0 
7f084682b000-7f08469fc000 r--s 03c93000 08:06 10754790                   /usr/lib/jvm/java-8-openjdk/jre/lib/rt.jar
7f08469fc000-7f0846f35000 rw-p 00000000 00:00 0 
7f0846f35000-7f08472f5000 ---p 00000000 00:00 0 
7f08472f5000-7f0847b0f000 rw-p 00000000 00:00 0 
7f0847b0f000-7f0847b10000 ---p 00000000 00:00 0 
7f0847b10000-7f0847c10000 rw-p 00000000 00:00 0 
7f0847c10000-7f0847c11000 ---p 00000000 00:00 0 
7f0847c11000-7f0847d11000 rw-p 00000000 00:00 0 
7f0847d11000-7f0847d12000 ---p 00000000 00:00 0 
7f0847d12000-7f0847e12000 rw-p 00000000 00:00 0 
7f0847e12000-7f0847e13000 ---p 00000000 00:00 0 
7f0847e13000-7f0847f67000 rw-p 00000000 00:00 0 
7f0847f67000-7f0848446000 ---p 00000000 00:00 0 
7f0848446000-7f084849a000 rw-p 00000000 00:00 0 
7f084849a000-7f0848978000 ---p 00000000 00:00 0 
7f0848978000-7f08489a3000 rw-p 00000000 00:00 0 
7f08489a3000-7f0848c12000 ---p 00000000 00:00 0 
7f0848c12000-7f0848c1d000 rw-p 00000000 00:00 0 
7f0848c1d000-7f0848fd3000 ---p 00000000 00:00 0 
7f0848fd3000-7f0849243000 rwxp 00000000 00:00 0 
7f0849243000-7f0857fd3000 ---p 00000000 00:00 0 
7f0857fd3000-7f0857fe0000 r--p 00000000 08:06 10754073                   /usr/lib/jvm/java-8-openjdk/jre/lib/amd64/libjava.so
7f0857fe0000-7f0857ff6000 r-xp 0000d000 08:06 10754073                   /usr/lib/jvm/java-8-openjdk/jre/lib/amd64/libjava.so
7f0857ff6000-7f0857ffd000 r--p 00023000 08:06 10754073                   /usr/lib/jvm/java-8-openjdk/jre/lib/amd64/libjava.so
7f0857ffd000-7f0857ffe000 r--p 00029000 08:06 10754073                   /usr/lib/jvm/java-8-openjdk/jre/lib/amd64/libjava.so
7f0857ffe000-7f0857fff000 rw-p 0002a000 08:06 10754073                   /usr/lib/jvm/java-8-openjdk/jre/lib/amd64/libjava.so
7f0857fff000-7f0858000000 rw-p 00000000 00:00 0 
7f0858000000-7f08580f4000 rw-p 00000000 00:00 0 
7f08580f4000-7f085c000000 ---p 00000000 00:00 0 
7f085c005000-7f085c008000 r--p 00000000 08:06 10754091                   /usr/lib/jvm/java-8-openjdk/jre/lib/amd64/libzip.so
7f085c008000-7f085c00c000 r-xp 00003000 08:06 10754091                   /usr/lib/jvm/java-8-openjdk/jre/lib/amd64/libzip.so
7f085c00c000-7f085c00e000 r--p 00007000 08:06 10754091                   /usr/lib/jvm/java-8-openjdk/jre/lib/amd64/libzip.so
7f085c00e000-7f085c00f000 r--p 00008000 08:06 10754091                   /usr/lib/jvm/java-8-openjdk/jre/lib/amd64/libzip.so
7f085c00f000-7f085c010000 rw-p 00009000 08:06 10754091                   /usr/lib/jvm/java-8-openjdk/jre/lib/amd64/libzip.so
7f085c010000-7f085c013000 r--p 00000000 08:06 8129986                    /usr/lib/librt-2.32.so
7f085c013000-7f085c017000 r-xp 00003000 08:06 8129986                    /usr/lib/librt-2.32.so
7f085c017000-7f085c019000 r--p 00007000 08:06 8129986                    /usr/lib/librt-2.32.so
7f085c019000-7f085c01a000 r--p 00008000 08:06 8129986                    /usr/lib/librt-2.32.so
7f085c01a000-7f085c01b000 rw-p 00009000 08:06 8129986                    /usr/lib/librt-2.32.so
7f085c01b000-7f085c01c000 ---p 00000000 00:00 0 
7f085c01c000-7f085c01f000 ---p 00000000 00:00 0 
7f085c01f000-7f085c11c000 rw-p 00000000 00:00 0 
7f085c11c000-7f085c12b000 r--p 00000000 08:06 8129928                    /usr/lib/libm-2.32.so
7f085c12b000-7f085c1c7000 r-xp 0000f000 08:06 8129928                    /usr/lib/libm-2.32.so
7f085c1c7000-7f085c260000 r--p 000ab000 08:06 8129928                    /usr/lib/libm-2.32.so
7f085c260000-7f085c261000 r--p 00143000 08:06 8129928                    /usr/lib/libm-2.32.so
7f085c261000-7f085c262000 rw-p 00144000 08:06 8129928                    /usr/lib/libm-2.32.so
7f085c262000-7f085c459000 r--p 00000000 08:06 10885649                   /usr/lib/jvm/java-8-openjdk/jre/lib/amd64/server/libjvm.so
7f085c459000-7f085cd90000 r-xp 001f7000 08:06 10885649                   /usr/lib/jvm/java-8-openjdk/jre/lib/amd64/server/libjvm.so
7f085cd90000-7f085cf49000 r--p 00b2e000 08:06 10885649                   /usr/lib/jvm/java-8-openjdk/jre/lib/amd64/server/libjvm.so
7f085cf49000-7f085cfe0000 r--p 00ce6000 08:06 10885649                   /usr/lib/jvm/java-8-openjdk/jre/lib/amd64/server/libjvm.so
7f085cfe0000-7f085d009000 rw-p 00d7d000 08:06 10885649                   /usr/lib/jvm/java-8-openjdk/jre/lib/amd64/server/libjvm.so
7f085d009000-7f085d03e000 rw-p 00000000 00:00 0 
7f085d03e000-7f085d045000 r--p 00000000 08:06 8129977                    /usr/lib/libpthread-2.32.so
7f085d045000-7f085d055000 r-xp 00007000 08:06 8129977                    /usr/lib/libpthread-2.32.so
7f085d055000-7f085d05a000 r--p 00017000 08:06 8129977                    /usr/lib/libpthread-2.32.so
7f085d05a000-7f085d05b000 r--p 0001b000 08:06 8129977                    /usr/lib/libpthread-2.32.so
7f085d05b000-7f085d05c000 rw-p 0001c000 08:06 8129977                    /usr/lib/libpthread-2.32.so
7f085d05c000-7f085d060000 rw-p 00000000 00:00 0 
7f085d060000-7f085d061000 r--p 00000000 08:06 8129917                    /usr/lib/libdl-2.32.so
7f085d061000-7f085d063000 r-xp 00001000 08:06 8129917                    /usr/lib/libdl-2.32.so
7f085d063000-7f085d064000 r--p 00003000 08:06 8129917                    /usr/lib/libdl-2.32.so
7f085d064000-7f085d065000 r--p 00003000 08:06 8129917                    /usr/lib/libdl-2.32.so
7f085d065000-7f085d066000 rw-p 00004000 08:06 8129917                    /usr/lib/libdl-2.32.so
7f085d066000-7f085d069000 r--p 00000000 08:06 8139696                    /usr/lib/libz.so.1.2.11
7f085d069000-7f085d077000 r-xp 00003000 08:06 8139696                    /usr/lib/libz.so.1.2.11
7f085d077000-7f085d07d000 r--p 00011000 08:06 8139696                    /usr/lib/libz.so.1.2.11
7f085d07d000-7f085d07e000 ---p 00017000 08:06 8139696                    /usr/lib/libz.so.1.2.11
7f085d07e000-7f085d07f000 r--p 00017000 08:06 8139696                    /usr/lib/libz.so.1.2.11
7f085d07f000-7f085d080000 rw-p 00018000 08:06 8139696                    /usr/lib/libz.so.1.2.11
7f085d080000-7f085d0a6000 r--p 00000000 08:06 8129905                    /usr/lib/libc-2.32.so
7f085d0a6000-7f085d1f3000 r-xp 00026000 08:06 8129905                    /usr/lib/libc-2.32.so
7f085d1f3000-7f085d23f000 r--p 00173000 08:06 8129905                    /usr/lib/libc-2.32.so
7f085d23f000-7f085d242000 r--p 001be000 08:06 8129905                    /usr/lib/libc-2.32.so
7f085d242000-7f085d245000 rw-p 001c1000 08:06 8129905                    /usr/lib/libc-2.32.so
7f085d245000-7f085d249000 rw-p 00000000 00:00 0 
7f085d24c000-7f085d254000 rw-s 00000000 00:30 286                        /tmp/hsperfdata_sir/81490
7f085d254000-7f085d257000 r--p 00000000 08:06 8129967                    /usr/lib/libnss_files-2.32.so
7f085d257000-7f085d25e000 r-xp 00003000 08:06 8129967                    /usr/lib/libnss_files-2.32.so
7f085d25e000-7f085d260000 r--p 0000a000 08:06 8129967                    /usr/lib/libnss_files-2.32.so
7f085d260000-7f085d261000 r--p 0000b000 08:06 8129967                    /usr/lib/libnss_files-2.32.so
7f085d261000-7f085d262000 rw-p 0000c000 08:06 8129967                    /usr/lib/libnss_files-2.32.so
7f085d262000-7f085d269000 rw-p 00000000 00:00 0 
7f085d269000-7f085d26a000 r--p 00000000 00:00 0 
7f085d26a000-7f085d26f000 r--p 00000000 08:06 10754090                   /usr/lib/jvm/java-8-openjdk/jre/lib/amd64/libverify.so
7f085d26f000-7f085d276000 r-xp 00005000 08:06 10754090                   /usr/lib/jvm/java-8-openjdk/jre/lib/amd64/libverify.so
7f085d276000-7f085d278000 r--p 0000c000 08:06 10754090                   /usr/lib/jvm/java-8-openjdk/jre/lib/amd64/libverify.so
7f085d278000-7f085d279000 ---p 0000e000 08:06 10754090                   /usr/lib/jvm/java-8-openjdk/jre/lib/amd64/libverify.so
7f085d279000-7f085d27b000 r--p 0000e000 08:06 10754090                   /usr/lib/jvm/java-8-openjdk/jre/lib/amd64/libverify.so
7f085d27b000-7f085d27c000 rw-p 00010000 08:06 10754090                   /usr/lib/jvm/java-8-openjdk/jre/lib/amd64/libverify.so
7f085d27c000-7f085d27f000 r--p 00000000 08:06 10885645                   /usr/lib/jvm/java-8-openjdk/jre/lib/amd64/jli/libjli.so
7f085d27f000-7f085d288000 r-xp 00003000 08:06 10885645                   /usr/lib/jvm/java-8-openjdk/jre/lib/amd64/jli/libjli.so
7f085d288000-7f085d28b000 r--p 0000c000 08:06 10885645                   /usr/lib/jvm/java-8-openjdk/jre/lib/amd64/jli/libjli.so
7f085d28b000-7f085d28c000 r--p 0000e000 08:06 10885645                   /usr/lib/jvm/java-8-openjdk/jre/lib/amd64/jli/libjli.so
7f085d28c000-7f085d28d000 rw-p 0000f000 08:06 10885645                   /usr/lib/jvm/java-8-openjdk/jre/lib/amd64/jli/libjli.so
7f085d28d000-7f085d28f000 rw-p 00000000 00:00 0 
7f085d28f000-7f085d291000 r--p 00000000 08:06 8129881                    /usr/lib/ld-2.32.so
7f085d291000-7f085d2b2000 r-xp 00002000 08:06 8129881                    /usr/lib/ld-2.32.so
7f085d2b2000-7f085d2bb000 r--p 00023000 08:06 8129881                    /usr/lib/ld-2.32.so
7f085d2bb000-7f085d2bc000 r--p 0002b000 08:06 8129881                    /usr/lib/ld-2.32.so
7f085d2bc000-7f085d2be000 rw-p 0002c000 08:06 8129881                    /usr/lib/ld-2.32.so
7ffc655f5000-7ffc65616000 rw-p 00000000 00:00 0                          [stack]
7ffc656be000-7ffc656c2000 r--p 00000000 00:00 0                          [vvar]
7ffc656c2000-7ffc656c4000 r-xp 00000000 00:00 0                          [vdso]
ffffffffff600000-ffffffffff601000 --xp 00000000 00:00 0                  [vsyscall]

VM Arguments:
jvm_args: -Xverify:none 
java_command: Void
java_class_path (initial): .
Launcher Type: SUN_STANDARD

Environment Variables:
PATH=/home/sir/.gem/ruby/2.7.0/bin:/usr/local/sbin:/usr/local/bin:/usr/bin:/usr/bin/site_perl:/usr/bin/vendor_perl:/usr/bin/core_perl
SHELL=/bin/fish
DISPLAY=:0

Signal Handlers:
SIGSEGV: [libjvm.so+0xaf74c0], sa_mask[0]=11111111011111111101111111111110, sa_flags=SA_RESTART|SA_SIGINFO
SIGBUS: [libjvm.so+0xaf74c0], sa_mask[0]=11111111011111111101111111111110, sa_flags=SA_RESTART|SA_SIGINFO
SIGFPE: [libjvm.so+0x944a60], sa_mask[0]=11111111011111111101111111111110, sa_flags=SA_RESTART|SA_SIGINFO
SIGPIPE: [libjvm.so+0x944a60], sa_mask[0]=11111111011111111101111111111110, sa_flags=SA_RESTART|SA_SIGINFO
SIGXFSZ: [libjvm.so+0x944a60], sa_mask[0]=11111111011111111101111111111110, sa_flags=SA_RESTART|SA_SIGINFO
SIGILL: [libjvm.so+0x944a60], sa_mask[0]=11111111011111111101111111111110, sa_flags=SA_RESTART|SA_SIGINFO
SIGUSR1: SIG_DFL, sa_mask[0]=00000000000000000000000000000000, sa_flags=none
SIGUSR2: [libjvm.so+0x944840], sa_mask[0]=00000000000000000000000000000000, sa_flags=SA_RESTART|SA_SIGINFO
SIGHUP: [libjvm.so+0x944d00], sa_mask[0]=11111111011111111101111111111110, sa_flags=SA_RESTART|SA_SIGINFO
SIGINT: [libjvm.so+0x944d00], sa_mask[0]=11111111011111111101111111111110, sa_flags=SA_RESTART|SA_SIGINFO
SIGTERM: [libjvm.so+0x944d00], sa_mask[0]=11111111011111111101111111111110, sa_flags=SA_RESTART|SA_SIGINFO
SIGQUIT: [libjvm.so+0x944d00], sa_mask[0]=11111111011111111101111111111110, sa_flags=SA_RESTART|SA_SIGINFO


---------------  S Y S T E M  ---------------

OS:LSB_VERSION=1.4
DISTRIB_ID=Arch
DISTRIB_RELEASE=rolling
DISTRIB_DESCRIPTION="Arch Linux"

uname:Linux 5.10.13-arch1-1 #1 SMP PREEMPT Wed, 03 Feb 2021 23:44:07 +0000 x86_64
libc:glibc 2.32 NPTL 2.32 
rlimit: STACK 8192k, CORE infinity, NPROC 63792, NOFILE 524288, AS infinity
load average:1.31 1.47 1.90

/proc/meminfo:
MemTotal:       16349012 kB
MemFree:          654292 kB
MemAvailable:    3404496 kB
Buffers:          390992 kB
Cached:          3534656 kB
SwapCached:          616 kB
Active:          1993956 kB
Inactive:       12787064 kB
Active(anon):      57300 kB
Inactive(anon): 11807492 kB
Active(file):    1936656 kB
Inactive(file):   979572 kB
Unevictable:          96 kB
Mlocked:              96 kB
SwapTotal:      16777212 kB
SwapFree:       16770812 kB
Dirty:             18076 kB
Writeback:             0 kB
AnonPages:      10854780 kB
Mapped:          2263456 kB
Shmem:           1012128 kB
KReclaimable:     170944 kB
Slab:             357616 kB
SReclaimable:     170944 kB
SUnreclaim:       186672 kB
KernelStack:       20688 kB
PageTables:        82408 kB
NFS_Unstable:          0 kB
Bounce:                0 kB
WritebackTmp:          0 kB
CommitLimit:    24951716 kB
Committed_AS:   21230008 kB
VmallocTotal:   34359738367 kB
VmallocUsed:       84872 kB
VmallocChunk:          0 kB
Percpu:             2336 kB
HardwareCorrupted:     0 kB
AnonHugePages:         0 kB
ShmemHugePages:        0 kB
ShmemPmdMapped:        0 kB
FileHugePages:         0 kB
FilePmdMapped:         0 kB
CmaTotal:              0 kB
CmaFree:               0 kB
HugePages_Total:       0
HugePages_Free:        0
HugePages_Rsvd:        0
HugePages_Surp:        0
Hugepagesize:       2048 kB
Hugetlb:               0 kB
DirectMap4k:     1022904 kB
DirectMap2M:    14663680 kB
DirectMap1G:     1048576 kB

container (cgroup) information:
container_type: cgroupv1
cpu_cpuset_cpus: 0-3
cpu_memory_nodes: 0
active_processor_count: 4
cpu_quota: -1
cpu_period: 100000
cpu_shares: -1
memory_limit_in_bytes: -1
memory_and_swap_limit_in_bytes: -1
memory_soft_limit_in_bytes: -1
memory_usage_in_bytes: 12776456192
memory_max_usage_in_bytes: 13286633472


CPU:total 4 (initial active 4) (4 cores per cpu, 1 threads per core) family 6 model 158 stepping 9, cmov, cx8, fxsr, mmx, sse, sse2, sse3, ssse3, sse4.1, sse4.2, popcnt, avx, avx2, aes, clmul, erms, rtm, 3dnowpref, lzcnt, tsc, tscinvbit, bmi1, bmi2, adx

/proc/cpuinfo:
processor	: 0
vendor_id	: GenuineIntel
cpu family	: 6
model		: 158
model name	: Intel(R) Core(TM) i5-7600 CPU @ 3.50GHz
stepping	: 9
microcode	: 0xde
cpu MHz		: 3976.993
cache size	: 6144 KB
physical id	: 0
siblings	: 4
core id		: 0
cpu cores	: 4
apicid		: 0
initial apicid	: 0
fpu		: yes
fpu_exception	: yes
cpuid level	: 22
wp		: yes
flags		: fpu vme de pse tsc msr pae mce cx8 apic sep mtrr pge mca cmov pat pse36 clflush dts acpi mmx fxsr sse sse2 ss ht tm pbe syscall nx pdpe1gb rdtscp lm constant_tsc art arch_perfmon pebs bts rep_good nopl xtopology nonstop_tsc cpuid aperfmperf pni pclmulqdq dtes64 monitor ds_cpl vmx smx est tm2 ssse3 sdbg fma cx16 xtpr pdcm pcid sse4_1 sse4_2 x2apic movbe popcnt tsc_deadline_timer aes xsave avx f16c rdrand lahf_lm abm 3dnowprefetch cpuid_fault invpcid_single pti ssbd ibrs ibpb stibp tpr_shadow vnmi flexpriority ept vpid ept_ad fsgsbase tsc_adjust bmi1 hle avx2 smep bmi2 erms invpcid rtm mpx rdseed adx smap clflushopt intel_pt xsaveopt xsavec xgetbv1 xsaves dtherm ida arat pln pts hwp hwp_notify hwp_act_window hwp_epp md_clear flush_l1d
vmx flags	: vnmi preemption_timer invvpid ept_x_only ept_ad ept_1gb flexpriority tsc_offset vtpr mtf vapic ept vpid unrestricted_guest ple shadow_vmcs pml ept_mode_based_exec
bugs		: cpu_meltdown spectre_v1 spectre_v2 spec_store_bypass l1tf mds swapgs taa itlb_multihit srbds
bogomips	: 7002.48
clflush size	: 64
cache_alignment	: 64
address sizes	: 39 bits physical, 48 bits virtual
power management:

processor	: 1
vendor_id	: GenuineIntel
cpu family	: 6
model		: 158
model name	: Intel(R) Core(TM) i5-7600 CPU @ 3.50GHz
stepping	: 9
microcode	: 0xde
cpu MHz		: 3963.294
cache size	: 6144 KB
physical id	: 0
siblings	: 4
core id		: 1
cpu cores	: 4
apicid		: 2
initial apicid	: 2
fpu		: yes
fpu_exception	: yes
cpuid level	: 22
wp		: yes
flags		: fpu vme de pse tsc msr pae mce cx8 apic sep mtrr pge mca cmov pat pse36 clflush dts acpi mmx fxsr sse sse2 ss ht tm pbe syscall nx pdpe1gb rdtscp lm constant_tsc art arch_perfmon pebs bts rep_good nopl xtopology nonstop_tsc cpuid aperfmperf pni pclmulqdq dtes64 monitor ds_cpl vmx smx est tm2 ssse3 sdbg fma cx16 xtpr pdcm pcid sse4_1 sse4_2 x2apic movbe popcnt tsc_deadline_timer aes xsave avx f16c rdrand lahf_lm abm 3dnowprefetch cpuid_fault invpcid_single pti ssbd ibrs ibpb stibp tpr_shadow vnmi flexpriority ept vpid ept_ad fsgsbase tsc_adjust bmi1 hle avx2 smep bmi2 erms invpcid rtm mpx rdseed adx smap clflushopt intel_pt xsaveopt xsavec xgetbv1 xsaves dtherm ida arat pln pts hwp hwp_notify hwp_act_window hwp_epp md_clear flush_l1d
vmx flags	: vnmi preemption_timer invvpid ept_x_only ept_ad ept_1gb flexpriority tsc_offset vtpr mtf vapic ept vpid unrestricted_guest ple shadow_vmcs pml ept_mode_based_exec
bugs		: cpu_meltdown spectre_v1 spectre_v2 spec_store_bypass l1tf mds swapgs taa itlb_multihit srbds
bogomips	: 7002.48
clflush size	: 64
cache_alignment	: 64
address sizes	: 39 bits physical, 48 bits virtual
power management:

processor	: 2
vendor_id	: GenuineIntel
cpu family	: 6
model		: 158
model name	: Intel(R) Core(TM) i5-7600 CPU @ 3.50GHz
stepping	: 9
microcode	: 0xde
cpu MHz		: 3826.811
cache size	: 6144 KB
physical id	: 0
siblings	: 4
core id		: 2
cpu cores	: 4
apicid		: 4
initial apicid	: 4
fpu		: yes
fpu_exception	: yes
cpuid level	: 22
wp		: yes
flags		: fpu vme de pse tsc msr pae mce cx8 apic sep mtrr pge mca cmov pat pse36 clflush dts acpi mmx fxsr sse sse2 ss ht tm pbe syscall nx pdpe1gb rdtscp lm constant_tsc art arch_perfmon pebs bts rep_good nopl xtopology nonstop_tsc cpuid aperfmperf pni pclmulqdq dtes64 monitor ds_cpl vmx smx est tm2 ssse3 sdbg fma cx16 xtpr pdcm pcid sse4_1 sse4_2 x2apic movbe popcnt tsc_deadline_timer aes xsave avx f16c rdrand lahf_lm abm 3dnowprefetch cpuid_fault invpcid_single pti ssbd ibrs ibpb stibp tpr_shadow vnmi flexpriority ept vpid ept_ad fsgsbase tsc_adjust bmi1 hle avx2 smep bmi2 erms invpcid rtm mpx rdseed adx smap clflushopt intel_pt xsaveopt xsavec xgetbv1 xsaves dtherm ida arat pln pts hwp hwp_notify hwp_act_window hwp_epp md_clear flush_l1d
vmx flags	: vnmi preemption_timer invvpid ept_x_only ept_ad ept_1gb flexpriority tsc_offset vtpr mtf vapic ept vpid unrestricted_guest ple shadow_vmcs pml ept_mode_based_exec
bugs		: cpu_meltdown spectre_v1 spectre_v2 spec_store_bypass l1tf mds swapgs taa itlb_multihit srbds
bogomips	: 7002.48
clflush size	: 64
cache_alignment	: 64
address sizes	: 39 bits physical, 48 bits virtual
power management:

processor	: 3
vendor_id	: GenuineIntel
cpu family	: 6
model		: 158
model name	: Intel(R) Core(TM) i5-7600 CPU @ 3.50GHz
stepping	: 9
microcode	: 0xde
cpu MHz		: 3956.433
cache size	: 6144 KB
physical id	: 0
siblings	: 4
core id		: 3
cpu cores	: 4
apicid		: 6
initial apicid	: 6
fpu		: yes
fpu_exception	: yes
cpuid level	: 22
wp		: yes
flags		: fpu vme de pse tsc msr pae mce cx8 apic sep mtrr pge mca cmov pat pse36 clflush dts acpi mmx fxsr sse sse2 ss ht tm pbe syscall nx pdpe1gb rdtscp lm constant_tsc art arch_perfmon pebs bts rep_good nopl xtopology nonstop_tsc cpuid aperfmperf pni pclmulqdq dtes64 monitor ds_cpl vmx smx est tm2 ssse3 sdbg fma cx16 xtpr pdcm pcid sse4_1 sse4_2 x2apic movbe popcnt tsc_deadline_timer aes xsave avx f16c rdrand lahf_lm abm 3dnowprefetch cpuid_fault invpcid_single pti ssbd ibrs ibpb stibp tpr_shadow vnmi flexpriority ept vpid ept_ad fsgsbase tsc_adjust bmi1 hle avx2 smep bmi2 erms invpcid rtm mpx rdseed adx smap clflushopt intel_pt xsaveopt xsavec xgetbv1 xsaves dtherm ida arat pln pts hwp hwp_notify hwp_act_window hwp_epp md_clear flush_l1d
vmx flags	: vnmi preemption_timer invvpid ept_x_only ept_ad ept_1gb flexpriority tsc_offset vtpr mtf vapic ept vpid unrestricted_guest ple shadow_vmcs pml ept_mode_based_exec
bugs		: cpu_meltdown spectre_v1 spectre_v2 spec_store_bypass l1tf mds swapgs taa itlb_multihit srbds
bogomips	: 7002.48
clflush size	: 64
cache_alignment	: 64
address sizes	: 39 bits physical, 48 bits virtual
power management:



Memory: 4k page, physical 16349012k(654292k free), swap 16777212k(16770812k free)

vm_info: OpenJDK 64-Bit Server VM (25.275-b01) for linux-amd64 JRE (1.8.0_275-b01), built on Jan 10 2021 13:38:57 by "builduser" with gcc 10.2.0

time: Mon Feb  8 14:25:53 2021
timezone: PST
elapsed time: 0.064309 seconds (0d 0h 0m 0s)

