#
# A fatal error has been detected by the Java Runtime Environment:
#
#  SIGSEGV (0xb) at pc=0x00007fd81d98f0f0, pid=82287, tid=0x00007fd81cdee640
#
# JRE version: OpenJDK Runtime Environment (8.0_275-b01) (build 1.8.0_275-b01)
# Java VM: OpenJDK 64-Bit Server VM (25.275-b01 mixed mode linux-amd64 compressed oops)
# Problematic frame:
# V  [libjvm.so+0xa5a0f0]
#
# Core dump written. Default location: /home/sir/Desktop/Jave/core or core.82287
#
# If you would like to submit a bug report, please visit:
#   http://bugreport.java.com/bugreport/crash.jsp
#

---------------  T H R E A D  ---------------

Current thread (0x00007fd81800a800):  JavaThread "main" [_thread_in_vm, id=82288, stack(0x00007fd81ccef000,0x00007fd81cdef000)]

siginfo: si_signo: 11 (SIGSEGV), si_code: 1 (SEGV_MAPERR), si_addr: 0x0000000000000002

Registers:
RAX=0x00007fd818009240, RBX=0x0000000000000001, RCX=0x0000000000000056, RDX=0x000000000000000e
RSP=0x00007fd81cdece38, RBP=0x00007fd81cdece50, RSI=0x00007fd81dac9200, RDI=0x0000000000000000
R8 =0x00007fd81800a800, R9 =0x0000000000000006, R10=0x0000000000000007, R11=0x0000000000000000
R12=0x00007fd81cdecf30, R13=0x00007fd81dac8584, R14=0x00007fd818009220, R15=0x0000000000000000
RIP=0x00007fd81d98f0f0, EFLAGS=0x0000000000010202, CSGSFS=0x002b000000000033, ERR=0x0000000000000004
  TRAPNO=0x000000000000000e

Top of Stack: (sp=0x00007fd81cdece38)
0x00007fd81cdece38:   00007fd81d9417d2 00007fd8180091d0
0x00007fd81cdece48:   0000000000000001 00007fd81cded200
0x00007fd81cdece58:   00007fd81d92e55a 00007fd8180dc400
0x00007fd81cdece68:   00007fd81cded580 00007fd81cded570
0x00007fd81cdece78:   00000007c0001ef8 00007fd818009220
0x00007fd81cdece88:   00007fd81dddda7c 0000000000000000
0x00007fd81cdece98:   00000000000003d8 00007fd818007cf0
0x00007fd81cdecea8:   00007fd8180095f8 00007fd818009220
0x00007fd81cdeceb8:   00007fd81cdecf30 0000000000000012
0x00007fd81cdecec8:   00007fd818009210 0000000000000140
0x00007fd81cdeced8:   0000000000000004 0000003400000012
0x00007fd81cdecee8:   0000000000000000 0000000000000000
0x00007fd81cdecef8:   0000000000000000 000000770000005b
0x00007fd81cdecf08:   0000007c0000006e 00007fd818009640
0x00007fd81cdecf18:   0000000000000010 0000000000000110
0x00007fd81cdecf28:   00007fd818000020 00007fd8180dc110
0x00007fd81cdecf38:   0000000400000003 000000010000000e
0x00007fd81cdecf48:   00007fd818009220 0000000000000000
0x00007fd81cdecf58:   00007fd81cdecfa0 0000000000000110
0x00007fd81cdecf68:   00007fd81d87355e 00007fd8180dc400
0x00007fd81cdecf78:   00007fd81dcc5c40 0000000000000110
0x00007fd81cdecf88:   0000000000000110 00007fd8180dc810
0x00007fd81cdecf98:   0000000000000002 00007fd81cdecfd0
0x00007fd81cdecfa8:   00007fd81d375deb 00007fd81cdecfd0
0x00007fd81cdecfb8:   00007fd81d836077 0000000000000002
0x00007fd81cdecfc8:   00007fd81cdecfe0 00007fd81cded030
0x00007fd81cdecfd8:   00007fd81d375e96 0000000000000000
0x00007fd81cdecfe8:   0000000000000000 0000000000000000
0x00007fd81cdecff8:   0000000000000000 0000000000000000
0x00007fd81cded008:   00007fd8180dc810 00007fd81cded030
0x00007fd81cded018:   000000076cddb6f8 00007fd8180dbee0
0x00007fd81cded028:   00007fd7fbc00080 00007fd81cded060 

Instructions: (pc=0x00007fd81d98f0f0)
0x00007fd81d98f0d0:   0f b7 47 02 66 85 c0 79 07 c3 66 0f 1f 44 00 00
0x00007fd81d98f0e0:   48 83 c7 02 e9 d7 35 8a ff 90 66 0f 1f 44 00 00
0x00007fd81d98f0f0:   0f b7 47 02 66 85 c0 79 07 c3 66 0f 1f 44 00 00
0x00007fd81d98f100:   48 83 c7 02 e9 e7 35 8a ff 90 66 0f 1f 44 00 00 

Register to memory mapping:

RAX=0x00007fd818009240 is an unknown value
RBX=0x0000000000000001 is an unknown value
RCX=0x0000000000000056 is an unknown value
RDX=0x000000000000000e is an unknown value
RSP=0x00007fd81cdece38 is pointing into the stack for thread: 0x00007fd81800a800
RBP=0x00007fd81cdece50 is pointing into the stack for thread: 0x00007fd81800a800
RSI=0x00007fd81dac9200: <offset 0xb94200> in /usr/lib/jvm/java-8-openjdk/jre/lib/amd64/server/libjvm.so at 0x00007fd81cf35000
RDI=0x0000000000000000 is an unknown value
R8 =0x00007fd81800a800 is a thread
R9 =0x0000000000000006 is an unknown value
R10=0x0000000000000007 is an unknown value
R11=0x0000000000000000 is an unknown value
R12=0x00007fd81cdecf30 is pointing into the stack for thread: 0x00007fd81800a800
R13=0x00007fd81dac8584: <offset 0xb93584> in /usr/lib/jvm/java-8-openjdk/jre/lib/amd64/server/libjvm.so at 0x00007fd81cf35000
R14=0x00007fd818009220 is an unknown value
R15=0x0000000000000000 is an unknown value


Stack: [0x00007fd81ccef000,0x00007fd81cdef000],  sp=0x00007fd81cdece38,  free space=1015k
Native frames: (J=compiled Java code, j=interpreted, Vv=VM code, C=native code)
V  [libjvm.so+0xa5a0f0]
V  [libjvm.so+0x9f955a]
V  [libjvm.so+0x8da3ea]
V  [libjvm.so+0x6327dd]
V  [libjvm.so+0x632e24]
V  [libjvm.so+0x633131]
V  [libjvm.so+0x736ba9]
V  [libjvm.so+0x73731d]  JVM_GetClassDeclaredMethods+0x6d
j  java.lang.Class.getDeclaredMethods0(Z)[Ljava/lang/reflect/Method;+0
j  java.lang.Class.privateGetDeclaredMethods(Z)[Ljava/lang/reflect/Method;+37
j  java.lang.Class.privateGetMethodRecursive(Ljava/lang/String;[Ljava/lang/Class;ZLjava/lang/Class$MethodArray;)Ljava/lang/reflect/Method;+2
j  java.lang.Class.getMethod0(Ljava/lang/String;[Ljava/lang/Class;Z)Ljava/lang/reflect/Method;+16
j  java.lang.Class.getMethod(Ljava/lang/String;[Ljava/lang/Class;)Ljava/lang/reflect/Method;+13
j  sun.launcher.LauncherHelper.validateMainClass(Ljava/lang/Class;)V+12
j  sun.launcher.LauncherHelper.checkAndLoadMain(ZILjava/lang/String;)Ljava/lang/Class;+214
v  ~StubRoutines::call_stub
V  [libjvm.so+0x67b89e]
V  [libjvm.so+0x6f2be0]
V  [libjvm.so+0x6f4225]
C  [libjli.so+0x3c40]
C  [libpthread.so.0+0x93e9]  start_thread+0xe9

Java frames: (J=compiled Java code, j=interpreted, Vv=VM code)
j  java.lang.Class.getDeclaredMethods0(Z)[Ljava/lang/reflect/Method;+0
j  java.lang.Class.privateGetDeclaredMethods(Z)[Ljava/lang/reflect/Method;+37
j  java.lang.Class.privateGetMethodRecursive(Ljava/lang/String;[Ljava/lang/Class;ZLjava/lang/Class$MethodArray;)Ljava/lang/reflect/Method;+2
j  java.lang.Class.getMethod0(Ljava/lang/String;[Ljava/lang/Class;Z)Ljava/lang/reflect/Method;+16
j  java.lang.Class.getMethod(Ljava/lang/String;[Ljava/lang/Class;)Ljava/lang/reflect/Method;+13
j  sun.launcher.LauncherHelper.validateMainClass(Ljava/lang/Class;)V+12
j  sun.launcher.LauncherHelper.checkAndLoadMain(ZILjava/lang/String;)Ljava/lang/Class;+214
v  ~StubRoutines::call_stub

---------------  P R O C E S S  ---------------

Java Threads: ( => current thread )
  0x00007fd8180ce000 JavaThread "Service Thread" daemon [_thread_blocked, id=82300, stack(0x00007fd7f9d7e000,0x00007fd7f9e7f000)]
  0x00007fd8180c1000 JavaThread "C1 CompilerThread2" daemon [_thread_blocked, id=82299, stack(0x00007fd7f9e80000,0x00007fd7f9f80000)]
  0x00007fd8180bf000 JavaThread "C2 CompilerThread1" daemon [_thread_blocked, id=82298, stack(0x00007fd7f9f81000,0x00007fd7fa081000)]
  0x00007fd8180bc000 JavaThread "C2 CompilerThread0" daemon [_thread_blocked, id=82297, stack(0x00007fd7fa082000,0x00007fd7fa182000)]
  0x00007fd8180b6800 JavaThread "Signal Dispatcher" daemon [_thread_blocked, id=82296, stack(0x00007fd7fa182000,0x00007fd7fa283000)]
  0x00007fd818086000 JavaThread "Finalizer" daemon [_thread_blocked, id=82295, stack(0x00007fd7fa56a000,0x00007fd7fa66b000)]
  0x00007fd818081800 JavaThread "Reference Handler" daemon [_thread_blocked, id=82294, stack(0x00007fd7fa66b000,0x00007fd7fa76c000)]
=>0x00007fd81800a800 JavaThread "main" [_thread_in_vm, id=82288, stack(0x00007fd81ccef000,0x00007fd81cdef000)]

Other Threads:
  0x00007fd818078000 VMThread [stack: 0x00007fd7fa76d000,0x00007fd7fa86d000] [id=82293]
  0x00007fd8180d0800 WatcherThread [stack: 0x00007fd7f9c7e000,0x00007fd7f9d7e000] [id=82301]

VM state:not at safepoint (normal execution)

VM Mutex/Monitor currently owned by a thread:  ([mutex/lock_event])
[0x00007fd818007cf0] AdapterHandlerLibrary_lock - owner thread: 0x00007fd81800a800

heap address: 0x00000006c6800000, size: 3992 MB, Compressed Oops mode: Zero based, Oop shift amount: 3
Narrow klass base: 0x0000000000000000, Narrow klass shift: 3
Compressed class space size: 1073741824 Address: 0x00000007c0000000

Heap:
 PSYoungGen      total 74752K, used 1290K [0x000000076cd80000, 0x0000000772080000, 0x00000007c0000000)
  eden space 64512K, 2% used [0x000000076cd80000,0x000000076cec2900,0x0000000770c80000)
  from space 10240K, 0% used [0x0000000771680000,0x0000000771680000,0x0000000772080000)
  to   space 10240K, 0% used [0x0000000770c80000,0x0000000770c80000,0x0000000771680000)
 ParOldGen       total 171008K, used 0K [0x00000006c6800000, 0x00000006d0f00000, 0x000000076cd80000)
  object space 171008K, 0% used [0x00000006c6800000,0x00000006c6800000,0x00000006d0f00000)
 Metaspace       used 2646K, capacity 4486K, committed 4864K, reserved 1056768K
  class space    used 276K, capacity 386K, committed 512K, reserved 1048576K

Card table byte_map: [0x00007fd81c11e000,0x00007fd81c8eb000] byte_map_base: 0x00007fd818aea000

Marking Bits: (ParMarkBitMap*) 0x00007fd81dcf1f40
 Begin Bits: [0x00007fd800b0a000, 0x00007fd80496a000)
 End Bits:   [0x00007fd80496a000, 0x00007fd8087ca000)

Polling page: 0x00007fd81df3c000

CodeCache: size=245760Kb used=1083Kb max_used=1083Kb free=244676Kb
 bounds [0x00007fd809000000, 0x00007fd809270000, 0x00007fd818000000]
 total_blobs=256 nmethods=11 adapters=160
 compilation: enabled

Compilation events (10 events):
Event: 0.046 Thread 0x00007fd8180c1000    7       3       java.lang.Math::min (11 bytes)
Event: 0.046 Thread 0x00007fd8180c1000 nmethod 7 0x00007fd809102d10 code [0x00007fd809102e80, 0x00007fd809103010]
Event: 0.046 Thread 0x00007fd8180c1000    8       3       java.lang.String::length (6 bytes)
Event: 0.046 Thread 0x00007fd8180c1000 nmethod 8 0x00007fd80910d110 code [0x00007fd80910d280, 0x00007fd80910d3f0]
Event: 0.046 Thread 0x00007fd8180c1000    9       1       java.lang.Object::<init> (1 bytes)
Event: 0.046 Thread 0x00007fd8180c1000 nmethod 9 0x00007fd80910ce50 code [0x00007fd80910cfa0, 0x00007fd80910d0b0]
Event: 0.048 Thread 0x00007fd8180c1000   10       1       java.lang.ref.Reference::get (5 bytes)
Event: 0.048 Thread 0x00007fd8180c1000 nmethod 10 0x00007fd80910dc90 code [0x00007fd80910dde0, 0x00007fd80910def0]
Event: 0.049 Thread 0x00007fd8180c1000   11       1       java.lang.ThreadLocal::access$400 (5 bytes)
Event: 0.049 Thread 0x00007fd8180c1000 nmethod 11 0x00007fd80910ec10 code [0x00007fd80910ed60, 0x00007fd80910ee50]

GC Heap History (0 events):
No events

Deoptimization events (0 events):
No events

Classes redefined (0 events):
No events

Internal exceptions (2 events):
Event: 0.028 Thread 0x00007fd81800a800 Exception <a 'java/lang/NoSuchMethodError': Method sun.misc.Unsafe.defineClass(Ljava/lang/String;[BII)Ljava/lang/Class; name or signature does not match> (0x000000076cd87cc0) thrown at [/build/java8-openjdk/src/jdk8u-jdk8u275-b01/hotspot/src/share/vm/prim
Event: 0.028 Thread 0x00007fd81800a800 Exception <a 'java/lang/NoSuchMethodError': Method sun.misc.Unsafe.prefetchRead(Ljava/lang/Object;J)V name or signature does not match> (0x000000076cd87fa8) thrown at [/build/java8-openjdk/src/jdk8u-jdk8u275-b01/hotspot/src/share/vm/prims/jni.cpp, line 40

Events (10 events):
Event: 0.049 loading class java/security/AllPermission
Event: 0.049 loading class java/security/AllPermission done
Event: 0.049 loading class java/security/UnresolvedPermission
Event: 0.049 loading class java/security/UnresolvedPermission done
Event: 0.049 loading class java/security/BasicPermissionCollection
Event: 0.049 loading class java/security/BasicPermissionCollection done
Event: 0.050 loading class sun/launcher/LauncherHelper$FXHelper
Event: 0.050 loading class sun/launcher/LauncherHelper$FXHelper done
Event: 0.050 loading class java/lang/Class$MethodArray
Event: 0.050 loading class java/lang/Class$MethodArray done


Dynamic libraries:
6c6800000-6d0f00000 rw-p 00000000 00:00 0 
6d0f00000-76cd80000 ---p 00000000 00:00 0 
76cd80000-772080000 rw-p 00000000 00:00 0 
772080000-7c0000000 ---p 00000000 00:00 0 
7c0000000-7c0080000 rw-p 00000000 00:00 0 
7c0080000-800000000 ---p 00000000 00:00 0 
56460d8c8000-56460d8c9000 r--p 00000000 08:06 10618125                   /usr/lib/jvm/java-8-openjdk/jre/bin/java
56460d8c9000-56460d8ca000 r-xp 00001000 08:06 10618125                   /usr/lib/jvm/java-8-openjdk/jre/bin/java
56460d8ca000-56460d8cb000 r--p 00002000 08:06 10618125                   /usr/lib/jvm/java-8-openjdk/jre/bin/java
56460d8cb000-56460d8cc000 r--p 00002000 08:06 10618125                   /usr/lib/jvm/java-8-openjdk/jre/bin/java
56460d8cc000-56460d8cd000 rw-p 00003000 08:06 10618125                   /usr/lib/jvm/java-8-openjdk/jre/bin/java
56460df34000-56460df55000 rw-p 00000000 00:00 0                          [heap]
7fd7c4000000-7fd7c4021000 rw-p 00000000 00:00 0 
7fd7c4021000-7fd7c8000000 ---p 00000000 00:00 0 
7fd7cc000000-7fd7cc02d000 rw-p 00000000 00:00 0 
7fd7cc02d000-7fd7d0000000 ---p 00000000 00:00 0 
7fd7d0000000-7fd7d0021000 rw-p 00000000 00:00 0 
7fd7d0021000-7fd7d4000000 ---p 00000000 00:00 0 
7fd7d4000000-7fd7d4046000 rw-p 00000000 00:00 0 
7fd7d4046000-7fd7d8000000 ---p 00000000 00:00 0 
7fd7d8000000-7fd7d8021000 rw-p 00000000 00:00 0 
7fd7d8021000-7fd7dc000000 ---p 00000000 00:00 0 
7fd7dc000000-7fd7dc021000 rw-p 00000000 00:00 0 
7fd7dc021000-7fd7e0000000 ---p 00000000 00:00 0 
7fd7e0000000-7fd7e0021000 rw-p 00000000 00:00 0 
7fd7e0021000-7fd7e4000000 ---p 00000000 00:00 0 
7fd7e4000000-7fd7e4021000 rw-p 00000000 00:00 0 
7fd7e4021000-7fd7e8000000 ---p 00000000 00:00 0 
7fd7e8000000-7fd7e8021000 rw-p 00000000 00:00 0 
7fd7e8021000-7fd7ec000000 ---p 00000000 00:00 0 
7fd7ec000000-7fd7ec021000 rw-p 00000000 00:00 0 
7fd7ec021000-7fd7f0000000 ---p 00000000 00:00 0 
7fd7f0000000-7fd7f0021000 rw-p 00000000 00:00 0 
7fd7f0021000-7fd7f4000000 ---p 00000000 00:00 0 
7fd7f4000000-7fd7f4021000 rw-p 00000000 00:00 0 
7fd7f4021000-7fd7f8000000 ---p 00000000 00:00 0 
7fd7f8abc000-7fd7f8b0a000 rw-p 00000000 00:00 0 
7fd7f9c31000-7fd7f9c62000 rw-p 00000000 00:00 0 
7fd7f9c62000-7fd7f9c67000 r--p 00000000 08:06 10754083                   /usr/lib/jvm/java-8-openjdk/jre/lib/amd64/libnet.so
7fd7f9c67000-7fd7f9c77000 r-xp 00005000 08:06 10754083                   /usr/lib/jvm/java-8-openjdk/jre/lib/amd64/libnet.so
7fd7f9c77000-7fd7f9c7b000 r--p 00015000 08:06 10754083                   /usr/lib/jvm/java-8-openjdk/jre/lib/amd64/libnet.so
7fd7f9c7b000-7fd7f9c7c000 r--p 00018000 08:06 10754083                   /usr/lib/jvm/java-8-openjdk/jre/lib/amd64/libnet.so
7fd7f9c7c000-7fd7f9c7d000 rw-p 00019000 08:06 10754083                   /usr/lib/jvm/java-8-openjdk/jre/lib/amd64/libnet.so
7fd7f9c7d000-7fd7f9c7e000 ---p 00000000 00:00 0 
7fd7f9c7e000-7fd7f9d7e000 rw-p 00000000 00:00 0 
7fd7f9d7e000-7fd7f9d81000 ---p 00000000 00:00 0 
7fd7f9d81000-7fd7f9e7f000 rw-p 00000000 00:00 0 
7fd7f9e7f000-7fd7f9e80000 ---p 00000000 00:00 0 
7fd7f9e80000-7fd7f9e83000 ---p 00000000 00:00 0 
7fd7f9e83000-7fd7f9f80000 rw-p 00000000 00:00 0 
7fd7f9f80000-7fd7f9f81000 ---p 00000000 00:00 0 
7fd7f9f81000-7fd7f9f84000 ---p 00000000 00:00 0 
7fd7f9f84000-7fd7fa081000 rw-p 00000000 00:00 0 
7fd7fa081000-7fd7fa082000 ---p 00000000 00:00 0 
7fd7fa082000-7fd7fa085000 ---p 00000000 00:00 0 
7fd7fa085000-7fd7fa182000 rw-p 00000000 00:00 0 
7fd7fa182000-7fd7fa185000 ---p 00000000 00:00 0 
7fd7fa185000-7fd7fa283000 rw-p 00000000 00:00 0 
7fd7fa283000-7fd7fa56a000 r--p 00000000 08:06 8163457                    /usr/lib/locale/locale-archive
7fd7fa56a000-7fd7fa56d000 ---p 00000000 00:00 0 
7fd7fa56d000-7fd7fa66b000 rw-p 00000000 00:00 0 
7fd7fa66b000-7fd7fa66e000 ---p 00000000 00:00 0 
7fd7fa66e000-7fd7fa76c000 rw-p 00000000 00:00 0 
7fd7fa76c000-7fd7fa76d000 ---p 00000000 00:00 0 
7fd7fa76d000-7fd7fbc40000 rw-p 00000000 00:00 0 
7fd7fbc40000-7fd7fc000000 ---p 00000000 00:00 0 
7fd7fc000000-7fd7fc021000 rw-p 00000000 00:00 0 
7fd7fc021000-7fd800000000 ---p 00000000 00:00 0 
7fd800005000-7fd800074000 rw-p 00000000 00:00 0 
7fd800074000-7fd800245000 r--s 03c93000 08:06 10754790                   /usr/lib/jvm/java-8-openjdk/jre/lib/rt.jar
7fd800245000-7fd8087ca000 rw-p 00000000 00:00 0 
7fd8087ca000-7fd8087cb000 ---p 00000000 00:00 0 
7fd8087cb000-7fd8088cb000 rw-p 00000000 00:00 0 
7fd8088cb000-7fd8088cc000 ---p 00000000 00:00 0 
7fd8088cc000-7fd8089cc000 rw-p 00000000 00:00 0 
7fd8089cc000-7fd8089cd000 ---p 00000000 00:00 0 
7fd8089cd000-7fd808b21000 rw-p 00000000 00:00 0 
7fd808b21000-7fd809000000 ---p 00000000 00:00 0 
7fd809000000-7fd809270000 rwxp 00000000 00:00 0 
7fd809270000-7fd818000000 ---p 00000000 00:00 0 
7fd818000000-7fd8180fc000 rw-p 00000000 00:00 0 
7fd8180fc000-7fd81c000000 ---p 00000000 00:00 0 
7fd81c002000-7fd81c009000 r--p 00000000 08:06 10754084                   /usr/lib/jvm/java-8-openjdk/jre/lib/amd64/libnio.so
7fd81c009000-7fd81c011000 r-xp 00007000 08:06 10754084                   /usr/lib/jvm/java-8-openjdk/jre/lib/amd64/libnio.so
7fd81c011000-7fd81c014000 r--p 0000f000 08:06 10754084                   /usr/lib/jvm/java-8-openjdk/jre/lib/amd64/libnio.so
7fd81c014000-7fd81c015000 ---p 00012000 08:06 10754084                   /usr/lib/jvm/java-8-openjdk/jre/lib/amd64/libnio.so
7fd81c015000-7fd81c016000 r--p 00012000 08:06 10754084                   /usr/lib/jvm/java-8-openjdk/jre/lib/amd64/libnio.so
7fd81c016000-7fd81c017000 rw-p 00013000 08:06 10754084                   /usr/lib/jvm/java-8-openjdk/jre/lib/amd64/libnio.so
7fd81c017000-7fd81c01d000 r--s 000d3000 08:06 10754101                   /usr/lib/jvm/java-8-openjdk/jre/lib/jfr.jar
7fd81c01d000-7fd81c01e000 ---p 00000000 00:00 0 
7fd81c01e000-7fd81c172000 rw-p 00000000 00:00 0 
7fd81c172000-7fd81c650000 ---p 00000000 00:00 0 
7fd81c650000-7fd81c67b000 rw-p 00000000 00:00 0 
7fd81c67b000-7fd81c8ea000 ---p 00000000 00:00 0 
7fd81c8ea000-7fd81c8f5000 rw-p 00000000 00:00 0 
7fd81c8f5000-7fd81ccab000 ---p 00000000 00:00 0 
7fd81ccab000-7fd81ccae000 r--p 00000000 08:06 10754091                   /usr/lib/jvm/java-8-openjdk/jre/lib/amd64/libzip.so
7fd81ccae000-7fd81ccb2000 r-xp 00003000 08:06 10754091                   /usr/lib/jvm/java-8-openjdk/jre/lib/amd64/libzip.so
7fd81ccb2000-7fd81ccb4000 r--p 00007000 08:06 10754091                   /usr/lib/jvm/java-8-openjdk/jre/lib/amd64/libzip.so
7fd81ccb4000-7fd81ccb5000 r--p 00008000 08:06 10754091                   /usr/lib/jvm/java-8-openjdk/jre/lib/amd64/libzip.so
7fd81ccb5000-7fd81ccb6000 rw-p 00009000 08:06 10754091                   /usr/lib/jvm/java-8-openjdk/jre/lib/amd64/libzip.so
7fd81ccb6000-7fd81ccc3000 r--p 00000000 08:06 10754073                   /usr/lib/jvm/java-8-openjdk/jre/lib/amd64/libjava.so
7fd81ccc3000-7fd81ccd9000 r-xp 0000d000 08:06 10754073                   /usr/lib/jvm/java-8-openjdk/jre/lib/amd64/libjava.so
7fd81ccd9000-7fd81cce0000 r--p 00023000 08:06 10754073                   /usr/lib/jvm/java-8-openjdk/jre/lib/amd64/libjava.so
7fd81cce0000-7fd81cce1000 r--p 00029000 08:06 10754073                   /usr/lib/jvm/java-8-openjdk/jre/lib/amd64/libjava.so
7fd81cce1000-7fd81cce2000 rw-p 0002a000 08:06 10754073                   /usr/lib/jvm/java-8-openjdk/jre/lib/amd64/libjava.so
7fd81cce2000-7fd81cce3000 rw-p 00000000 00:00 0 
7fd81cce3000-7fd81cce6000 r--p 00000000 08:06 8129986                    /usr/lib/librt-2.32.so
7fd81cce6000-7fd81ccea000 r-xp 00003000 08:06 8129986                    /usr/lib/librt-2.32.so
7fd81ccea000-7fd81ccec000 r--p 00007000 08:06 8129986                    /usr/lib/librt-2.32.so
7fd81ccec000-7fd81cced000 r--p 00008000 08:06 8129986                    /usr/lib/librt-2.32.so
7fd81cced000-7fd81ccee000 rw-p 00009000 08:06 8129986                    /usr/lib/librt-2.32.so
7fd81ccee000-7fd81ccef000 ---p 00000000 00:00 0 
7fd81ccef000-7fd81ccf2000 ---p 00000000 00:00 0 
7fd81ccf2000-7fd81cdef000 rw-p 00000000 00:00 0 
7fd81cdef000-7fd81cdfe000 r--p 00000000 08:06 8129928                    /usr/lib/libm-2.32.so
7fd81cdfe000-7fd81ce9a000 r-xp 0000f000 08:06 8129928                    /usr/lib/libm-2.32.so
7fd81ce9a000-7fd81cf33000 r--p 000ab000 08:06 8129928                    /usr/lib/libm-2.32.so
7fd81cf33000-7fd81cf34000 r--p 00143000 08:06 8129928                    /usr/lib/libm-2.32.so
7fd81cf34000-7fd81cf35000 rw-p 00144000 08:06 8129928                    /usr/lib/libm-2.32.so
7fd81cf35000-7fd81d12c000 r--p 00000000 08:06 10885649                   /usr/lib/jvm/java-8-openjdk/jre/lib/amd64/server/libjvm.so
7fd81d12c000-7fd81da63000 r-xp 001f7000 08:06 10885649                   /usr/lib/jvm/java-8-openjdk/jre/lib/amd64/server/libjvm.so
7fd81da63000-7fd81dc1c000 r--p 00b2e000 08:06 10885649                   /usr/lib/jvm/java-8-openjdk/jre/lib/amd64/server/libjvm.so
7fd81dc1c000-7fd81dcb3000 r--p 00ce6000 08:06 10885649                   /usr/lib/jvm/java-8-openjdk/jre/lib/amd64/server/libjvm.so
7fd81dcb3000-7fd81dcdc000 rw-p 00d7d000 08:06 10885649                   /usr/lib/jvm/java-8-openjdk/jre/lib/amd64/server/libjvm.so
7fd81dcdc000-7fd81dd11000 rw-p 00000000 00:00 0 
7fd81dd11000-7fd81dd18000 r--p 00000000 08:06 8129977                    /usr/lib/libpthread-2.32.so
7fd81dd18000-7fd81dd28000 r-xp 00007000 08:06 8129977                    /usr/lib/libpthread-2.32.so
7fd81dd28000-7fd81dd2d000 r--p 00017000 08:06 8129977                    /usr/lib/libpthread-2.32.so
7fd81dd2d000-7fd81dd2e000 r--p 0001b000 08:06 8129977                    /usr/lib/libpthread-2.32.so
7fd81dd2e000-7fd81dd2f000 rw-p 0001c000 08:06 8129977                    /usr/lib/libpthread-2.32.so
7fd81dd2f000-7fd81dd33000 rw-p 00000000 00:00 0 
7fd81dd33000-7fd81dd34000 r--p 00000000 08:06 8129917                    /usr/lib/libdl-2.32.so
7fd81dd34000-7fd81dd36000 r-xp 00001000 08:06 8129917                    /usr/lib/libdl-2.32.so
7fd81dd36000-7fd81dd37000 r--p 00003000 08:06 8129917                    /usr/lib/libdl-2.32.so
7fd81dd37000-7fd81dd38000 r--p 00003000 08:06 8129917                    /usr/lib/libdl-2.32.so
7fd81dd38000-7fd81dd39000 rw-p 00004000 08:06 8129917                    /usr/lib/libdl-2.32.so
7fd81dd39000-7fd81dd3c000 r--p 00000000 08:06 8139696                    /usr/lib/libz.so.1.2.11
7fd81dd3c000-7fd81dd4a000 r-xp 00003000 08:06 8139696                    /usr/lib/libz.so.1.2.11
7fd81dd4a000-7fd81dd50000 r--p 00011000 08:06 8139696                    /usr/lib/libz.so.1.2.11
7fd81dd50000-7fd81dd51000 ---p 00017000 08:06 8139696                    /usr/lib/libz.so.1.2.11
7fd81dd51000-7fd81dd52000 r--p 00017000 08:06 8139696                    /usr/lib/libz.so.1.2.11
7fd81dd52000-7fd81dd53000 rw-p 00018000 08:06 8139696                    /usr/lib/libz.so.1.2.11
7fd81dd53000-7fd81dd79000 r--p 00000000 08:06 8129905                    /usr/lib/libc-2.32.so
7fd81dd79000-7fd81dec6000 r-xp 00026000 08:06 8129905                    /usr/lib/libc-2.32.so
7fd81dec6000-7fd81df12000 r--p 00173000 08:06 8129905                    /usr/lib/libc-2.32.so
7fd81df12000-7fd81df15000 r--p 001be000 08:06 8129905                    /usr/lib/libc-2.32.so
7fd81df15000-7fd81df18000 rw-p 001c1000 08:06 8129905                    /usr/lib/libc-2.32.so
7fd81df18000-7fd81df1c000 rw-p 00000000 00:00 0 
7fd81df1f000-7fd81df27000 rw-s 00000000 00:30 297                        /tmp/hsperfdata_sir/82287
7fd81df27000-7fd81df2a000 r--p 00000000 08:06 8129967                    /usr/lib/libnss_files-2.32.so
7fd81df2a000-7fd81df31000 r-xp 00003000 08:06 8129967                    /usr/lib/libnss_files-2.32.so
7fd81df31000-7fd81df33000 r--p 0000a000 08:06 8129967                    /usr/lib/libnss_files-2.32.so
7fd81df33000-7fd81df34000 r--p 0000b000 08:06 8129967                    /usr/lib/libnss_files-2.32.so
7fd81df34000-7fd81df35000 rw-p 0000c000 08:06 8129967                    /usr/lib/libnss_files-2.32.so
7fd81df35000-7fd81df3c000 rw-p 00000000 00:00 0 
7fd81df3c000-7fd81df3d000 r--p 00000000 00:00 0 
7fd81df3d000-7fd81df42000 r--p 00000000 08:06 10754090                   /usr/lib/jvm/java-8-openjdk/jre/lib/amd64/libverify.so
7fd81df42000-7fd81df49000 r-xp 00005000 08:06 10754090                   /usr/lib/jvm/java-8-openjdk/jre/lib/amd64/libverify.so
7fd81df49000-7fd81df4b000 r--p 0000c000 08:06 10754090                   /usr/lib/jvm/java-8-openjdk/jre/lib/amd64/libverify.so
7fd81df4b000-7fd81df4c000 ---p 0000e000 08:06 10754090                   /usr/lib/jvm/java-8-openjdk/jre/lib/amd64/libverify.so
7fd81df4c000-7fd81df4e000 r--p 0000e000 08:06 10754090                   /usr/lib/jvm/java-8-openjdk/jre/lib/amd64/libverify.so
7fd81df4e000-7fd81df4f000 rw-p 00010000 08:06 10754090                   /usr/lib/jvm/java-8-openjdk/jre/lib/amd64/libverify.so
7fd81df4f000-7fd81df52000 r--p 00000000 08:06 10885645                   /usr/lib/jvm/java-8-openjdk/jre/lib/amd64/jli/libjli.so
7fd81df52000-7fd81df5b000 r-xp 00003000 08:06 10885645                   /usr/lib/jvm/java-8-openjdk/jre/lib/amd64/jli/libjli.so
7fd81df5b000-7fd81df5e000 r--p 0000c000 08:06 10885645                   /usr/lib/jvm/java-8-openjdk/jre/lib/amd64/jli/libjli.so
7fd81df5e000-7fd81df5f000 r--p 0000e000 08:06 10885645                   /usr/lib/jvm/java-8-openjdk/jre/lib/amd64/jli/libjli.so
7fd81df5f000-7fd81df60000 rw-p 0000f000 08:06 10885645                   /usr/lib/jvm/java-8-openjdk/jre/lib/amd64/jli/libjli.so
7fd81df60000-7fd81df62000 rw-p 00000000 00:00 0 
7fd81df62000-7fd81df64000 r--p 00000000 08:06 8129881                    /usr/lib/ld-2.32.so
7fd81df64000-7fd81df85000 r-xp 00002000 08:06 8129881                    /usr/lib/ld-2.32.so
7fd81df85000-7fd81df8e000 r--p 00023000 08:06 8129881                    /usr/lib/ld-2.32.so
7fd81df8e000-7fd81df8f000 r--p 0002b000 08:06 8129881                    /usr/lib/ld-2.32.so
7fd81df8f000-7fd81df91000 rw-p 0002c000 08:06 8129881                    /usr/lib/ld-2.32.so
7fff551c8000-7fff551e9000 rw-p 00000000 00:00 0                          [stack]
7fff551f4000-7fff551f8000 r--p 00000000 00:00 0                          [vvar]
7fff551f8000-7fff551fa000 r-xp 00000000 00:00 0                          [vdso]
ffffffffff600000-ffffffffff601000 --xp 00000000 00:00 0                  [vsyscall]

VM Arguments:
jvm_args: -Xverify:none 
java_command: Void
java_class_path (initial): .
Launcher Type: SUN_STANDARD

Environment Variables:
PATH=/home/sir/.gem/ruby/2.7.0/bin:/usr/local/sbin:/usr/local/bin:/usr/bin:/usr/bin/site_perl:/usr/bin/vendor_perl:/usr/bin/core_perl
SHELL=/bin/fish
DISPLAY=:0

Signal Handlers:
SIGSEGV: [libjvm.so+0xaf74c0], sa_mask[0]=11111111011111111101111111111110, sa_flags=SA_RESTART|SA_SIGINFO
SIGBUS: [libjvm.so+0xaf74c0], sa_mask[0]=11111111011111111101111111111110, sa_flags=SA_RESTART|SA_SIGINFO
SIGFPE: [libjvm.so+0x944a60], sa_mask[0]=11111111011111111101111111111110, sa_flags=SA_RESTART|SA_SIGINFO
SIGPIPE: [libjvm.so+0x944a60], sa_mask[0]=11111111011111111101111111111110, sa_flags=SA_RESTART|SA_SIGINFO
SIGXFSZ: [libjvm.so+0x944a60], sa_mask[0]=11111111011111111101111111111110, sa_flags=SA_RESTART|SA_SIGINFO
SIGILL: [libjvm.so+0x944a60], sa_mask[0]=11111111011111111101111111111110, sa_flags=SA_RESTART|SA_SIGINFO
SIGUSR1: SIG_DFL, sa_mask[0]=00000000000000000000000000000000, sa_flags=none
SIGUSR2: [libjvm.so+0x944840], sa_mask[0]=00000000000000000000000000000000, sa_flags=SA_RESTART|SA_SIGINFO
SIGHUP: [libjvm.so+0x944d00], sa_mask[0]=11111111011111111101111111111110, sa_flags=SA_RESTART|SA_SIGINFO
SIGINT: [libjvm.so+0x944d00], sa_mask[0]=11111111011111111101111111111110, sa_flags=SA_RESTART|SA_SIGINFO
SIGTERM: [libjvm.so+0x944d00], sa_mask[0]=11111111011111111101111111111110, sa_flags=SA_RESTART|SA_SIGINFO
SIGQUIT: [libjvm.so+0x944d00], sa_mask[0]=11111111011111111101111111111110, sa_flags=SA_RESTART|SA_SIGINFO


---------------  S Y S T E M  ---------------

OS:LSB_VERSION=1.4
DISTRIB_ID=Arch
DISTRIB_RELEASE=rolling
DISTRIB_DESCRIPTION="Arch Linux"

uname:Linux 5.10.13-arch1-1 #1 SMP PREEMPT Wed, 03 Feb 2021 23:44:07 +0000 x86_64
libc:glibc 2.32 NPTL 2.32 
rlimit: STACK 8192k, CORE infinity, NPROC 63792, NOFILE 524288, AS infinity
load average:1.44 1.65 1.91

/proc/meminfo:
MemTotal:       16349012 kB
MemFree:          436584 kB
MemAvailable:    3207352 kB
Buffers:          392060 kB
Cached:          3553248 kB
SwapCached:          616 kB
Active:          1996292 kB
Inactive:       13004500 kB
Active(anon):      57468 kB
Inactive(anon): 12006844 kB
Active(file):    1938824 kB
Inactive(file):   997656 kB
Unevictable:          96 kB
Mlocked:              96 kB
SwapTotal:      16777212 kB
SwapFree:       16770812 kB
Dirty:             48108 kB
Writeback:             0 kB
AnonPages:      11055060 kB
Mapped:          2263052 kB
Shmem:           1011536 kB
KReclaimable:     171256 kB
Slab:             357768 kB
SReclaimable:     171256 kB
SUnreclaim:       186512 kB
KernelStack:       20880 kB
PageTables:        82208 kB
NFS_Unstable:          0 kB
Bounce:                0 kB
WritebackTmp:          0 kB
CommitLimit:    24951716 kB
Committed_AS:   21349100 kB
VmallocTotal:   34359738367 kB
VmallocUsed:       84984 kB
VmallocChunk:          0 kB
Percpu:             2336 kB
HardwareCorrupted:     0 kB
AnonHugePages:         0 kB
ShmemHugePages:        0 kB
ShmemPmdMapped:        0 kB
FileHugePages:         0 kB
FilePmdMapped:         0 kB
CmaTotal:              0 kB
CmaFree:               0 kB
HugePages_Total:       0
HugePages_Free:        0
HugePages_Rsvd:        0
HugePages_Surp:        0
Hugepagesize:       2048 kB
Hugetlb:               0 kB
DirectMap4k:     1022904 kB
DirectMap2M:    14663680 kB
DirectMap1G:     1048576 kB

container (cgroup) information:
container_type: cgroupv1
cpu_cpuset_cpus: 0-3
cpu_memory_nodes: 0
active_processor_count: 4
cpu_quota: -1
cpu_period: 100000
cpu_shares: -1
memory_limit_in_bytes: -1
memory_and_swap_limit_in_bytes: -1
memory_soft_limit_in_bytes: -1
memory_usage_in_bytes: 12997758976
memory_max_usage_in_bytes: 13286633472


CPU:total 4 (initial active 4) (4 cores per cpu, 1 threads per core) family 6 model 158 stepping 9, cmov, cx8, fxsr, mmx, sse, sse2, sse3, ssse3, sse4.1, sse4.2, popcnt, avx, avx2, aes, clmul, erms, rtm, 3dnowpref, lzcnt, tsc, tscinvbit, bmi1, bmi2, adx

/proc/cpuinfo:
processor	: 0
vendor_id	: GenuineIntel
cpu family	: 6
model		: 158
model name	: Intel(R) Core(TM) i5-7600 CPU @ 3.50GHz
stepping	: 9
microcode	: 0xde
cpu MHz		: 1554.001
cache size	: 6144 KB
physical id	: 0
siblings	: 4
core id		: 0
cpu cores	: 4
apicid		: 0
initial apicid	: 0
fpu		: yes
fpu_exception	: yes
cpuid level	: 22
wp		: yes
flags		: fpu vme de pse tsc msr pae mce cx8 apic sep mtrr pge mca cmov pat pse36 clflush dts acpi mmx fxsr sse sse2 ss ht tm pbe syscall nx pdpe1gb rdtscp lm constant_tsc art arch_perfmon pebs bts rep_good nopl xtopology nonstop_tsc cpuid aperfmperf pni pclmulqdq dtes64 monitor ds_cpl vmx smx est tm2 ssse3 sdbg fma cx16 xtpr pdcm pcid sse4_1 sse4_2 x2apic movbe popcnt tsc_deadline_timer aes xsave avx f16c rdrand lahf_lm abm 3dnowprefetch cpuid_fault invpcid_single pti ssbd ibrs ibpb stibp tpr_shadow vnmi flexpriority ept vpid ept_ad fsgsbase tsc_adjust bmi1 hle avx2 smep bmi2 erms invpcid rtm mpx rdseed adx smap clflushopt intel_pt xsaveopt xsavec xgetbv1 xsaves dtherm ida arat pln pts hwp hwp_notify hwp_act_window hwp_epp md_clear flush_l1d
vmx flags	: vnmi preemption_timer invvpid ept_x_only ept_ad ept_1gb flexpriority tsc_offset vtpr mtf vapic ept vpid unrestricted_guest ple shadow_vmcs pml ept_mode_based_exec
bugs		: cpu_meltdown spectre_v1 spectre_v2 spec_store_bypass l1tf mds swapgs taa itlb_multihit srbds
bogomips	: 7002.48
clflush size	: 64
cache_alignment	: 64
address sizes	: 39 bits physical, 48 bits virtual
power management:

processor	: 1
vendor_id	: GenuineIntel
cpu family	: 6
model		: 158
model name	: Intel(R) Core(TM) i5-7600 CPU @ 3.50GHz
stepping	: 9
microcode	: 0xde
cpu MHz		: 1383.899
cache size	: 6144 KB
physical id	: 0
siblings	: 4
core id		: 1
cpu cores	: 4
apicid		: 2
initial apicid	: 2
fpu		: yes
fpu_exception	: yes
cpuid level	: 22
wp		: yes
flags		: fpu vme de pse tsc msr pae mce cx8 apic sep mtrr pge mca cmov pat pse36 clflush dts acpi mmx fxsr sse sse2 ss ht tm pbe syscall nx pdpe1gb rdtscp lm constant_tsc art arch_perfmon pebs bts rep_good nopl xtopology nonstop_tsc cpuid aperfmperf pni pclmulqdq dtes64 monitor ds_cpl vmx smx est tm2 ssse3 sdbg fma cx16 xtpr pdcm pcid sse4_1 sse4_2 x2apic movbe popcnt tsc_deadline_timer aes xsave avx f16c rdrand lahf_lm abm 3dnowprefetch cpuid_fault invpcid_single pti ssbd ibrs ibpb stibp tpr_shadow vnmi flexpriority ept vpid ept_ad fsgsbase tsc_adjust bmi1 hle avx2 smep bmi2 erms invpcid rtm mpx rdseed adx smap clflushopt intel_pt xsaveopt xsavec xgetbv1 xsaves dtherm ida arat pln pts hwp hwp_notify hwp_act_window hwp_epp md_clear flush_l1d
vmx flags	: vnmi preemption_timer invvpid ept_x_only ept_ad ept_1gb flexpriority tsc_offset vtpr mtf vapic ept vpid unrestricted_guest ple shadow_vmcs pml ept_mode_based_exec
bugs		: cpu_meltdown spectre_v1 spectre_v2 spec_store_bypass l1tf mds swapgs taa itlb_multihit srbds
bogomips	: 7002.48
clflush size	: 64
cache_alignment	: 64
address sizes	: 39 bits physical, 48 bits virtual
power management:

processor	: 2
vendor_id	: GenuineIntel
cpu family	: 6
model		: 158
model name	: Intel(R) Core(TM) i5-7600 CPU @ 3.50GHz
stepping	: 9
microcode	: 0xde
cpu MHz		: 1277.912
cache size	: 6144 KB
physical id	: 0
siblings	: 4
core id		: 2
cpu cores	: 4
apicid		: 4
initial apicid	: 4
fpu		: yes
fpu_exception	: yes
cpuid level	: 22
wp		: yes
flags		: fpu vme de pse tsc msr pae mce cx8 apic sep mtrr pge mca cmov pat pse36 clflush dts acpi mmx fxsr sse sse2 ss ht tm pbe syscall nx pdpe1gb rdtscp lm constant_tsc art arch_perfmon pebs bts rep_good nopl xtopology nonstop_tsc cpuid aperfmperf pni pclmulqdq dtes64 monitor ds_cpl vmx smx est tm2 ssse3 sdbg fma cx16 xtpr pdcm pcid sse4_1 sse4_2 x2apic movbe popcnt tsc_deadline_timer aes xsave avx f16c rdrand lahf_lm abm 3dnowprefetch cpuid_fault invpcid_single pti ssbd ibrs ibpb stibp tpr_shadow vnmi flexpriority ept vpid ept_ad fsgsbase tsc_adjust bmi1 hle avx2 smep bmi2 erms invpcid rtm mpx rdseed adx smap clflushopt intel_pt xsaveopt xsavec xgetbv1 xsaves dtherm ida arat pln pts hwp hwp_notify hwp_act_window hwp_epp md_clear flush_l1d
vmx flags	: vnmi preemption_timer invvpid ept_x_only ept_ad ept_1gb flexpriority tsc_offset vtpr mtf vapic ept vpid unrestricted_guest ple shadow_vmcs pml ept_mode_based_exec
bugs		: cpu_meltdown spectre_v1 spectre_v2 spec_store_bypass l1tf mds swapgs taa itlb_multihit srbds
bogomips	: 7002.48
clflush size	: 64
cache_alignment	: 64
address sizes	: 39 bits physical, 48 bits virtual
power management:

processor	: 3
vendor_id	: GenuineIntel
cpu family	: 6
model		: 158
model name	: Intel(R) Core(TM) i5-7600 CPU @ 3.50GHz
stepping	: 9
microcode	: 0xde
cpu MHz		: 2377.032
cache size	: 6144 KB
physical id	: 0
siblings	: 4
core id		: 3
cpu cores	: 4
apicid		: 6
initial apicid	: 6
fpu		: yes
fpu_exception	: yes
cpuid level	: 22
wp		: yes
flags		: fpu vme de pse tsc msr pae mce cx8 apic sep mtrr pge mca cmov pat pse36 clflush dts acpi mmx fxsr sse sse2 ss ht tm pbe syscall nx pdpe1gb rdtscp lm constant_tsc art arch_perfmon pebs bts rep_good nopl xtopology nonstop_tsc cpuid aperfmperf pni pclmulqdq dtes64 monitor ds_cpl vmx smx est tm2 ssse3 sdbg fma cx16 xtpr pdcm pcid sse4_1 sse4_2 x2apic movbe popcnt tsc_deadline_timer aes xsave avx f16c rdrand lahf_lm abm 3dnowprefetch cpuid_fault invpcid_single pti ssbd ibrs ibpb stibp tpr_shadow vnmi flexpriority ept vpid ept_ad fsgsbase tsc_adjust bmi1 hle avx2 smep bmi2 erms invpcid rtm mpx rdseed adx smap clflushopt intel_pt xsaveopt xsavec xgetbv1 xsaves dtherm ida arat pln pts hwp hwp_notify hwp_act_window hwp_epp md_clear flush_l1d
vmx flags	: vnmi preemption_timer invvpid ept_x_only ept_ad ept_1gb flexpriority tsc_offset vtpr mtf vapic ept vpid unrestricted_guest ple shadow_vmcs pml ept_mode_based_exec
bugs		: cpu_meltdown spectre_v1 spectre_v2 spec_store_bypass l1tf mds swapgs taa itlb_multihit srbds
bogomips	: 7002.48
clflush size	: 64
cache_alignment	: 64
address sizes	: 39 bits physical, 48 bits virtual
power management:



Memory: 4k page, physical 16349012k(436584k free), swap 16777212k(16770812k free)

vm_info: OpenJDK 64-Bit Server VM (25.275-b01) for linux-amd64 JRE (1.8.0_275-b01), built on Jan 10 2021 13:38:57 by "builduser" with gcc 10.2.0

time: Mon Feb  8 14:29:31 2021
timezone: PST
elapsed time: 0.052690 seconds (0d 0h 0m 0s)

