#
# A fatal error has been detected by the Java Runtime Environment:
#
#  SIGSEGV (0xb) at pc=0x00007f1995873801, pid=80456, tid=0x00007f19952ef640
#
# JRE version: OpenJDK Runtime Environment (8.0_275-b01) (build 1.8.0_275-b01)
# Java VM: OpenJDK 64-Bit Server VM (25.275-b01 mixed mode linux-amd64 compressed oops)
# Problematic frame:
# V  [libjvm.so+0x43d801]
#
# Core dump written. Default location: /home/sir/Desktop/Jave/core or core.80456
#
# If you would like to submit a bug report, please visit:
#   http://bugreport.java.com/bugreport/crash.jsp
#

---------------  T H R E A D  ---------------

Current thread (0x00007f199000a800):  JavaThread "main" [_thread_in_vm, id=80457, stack(0x00007f19951f0000,0x00007f19952f0000)]

siginfo: si_signo: 11 (SIGSEGV), si_code: 2 (SEGV_ACCERR), si_addr: 0x00007f197bc59770

Registers:
RAX=0x00007f197bc00080, RBX=0x00007f19952ed300, RCX=0x0000000000000008, RDX=0x000000000000b2d4
RSP=0x00007f19952ecb00, RBP=0x00007f19952ecd30, RSI=0x00007f199620b7c0, RDI=0x00007f19952ed300
R8 =0x000000000000b2d4, R9 =0x0000000000000000, R10=0x00007f19952ed120, R11=0x0000000000000000
R12=0x00007f19952ed120, R13=0x0000000000000000, R14=0x00007f199000a800, R15=0x000000002204696f
RIP=0x00007f1995873801, EFLAGS=0x0000000000010246, CSGSFS=0x002b000000000033, ERR=0x0000000000000004
  TRAPNO=0x000000000000000e

Top of Stack: (sp=0x00007f19952ecb00)
0x00007f19952ecb00:   000000770000005b 00007f19952ed300
0x00007f19952ecb10:   00000000000000d0 0000000000000000
0x00007f19952ecb20:   0000000000000000 00000000952ed4e0
0x00007f19952ecb30:   0000000000000000 0000000000000000
0x00007f19952ecb40:   0000000000000000 0000000000000000
0x00007f19952ecb50:   0000000000000000 0000000000000000
0x00007f19952ecb60:   00000000ffffffff 0000000000000000
0x00007f19952ecb70:   0000000000000000 0000000000000000
0x00007f19952ecb80:   0000000000020000 00007f19900ebec0
0x00007f19952ecb90:   0000000000000000 0000010000000000
0x00007f19952ecba0:   00007f199401f7c0 00007f19961e6523
0x00007f19952ecbb0:   0000000000000000 0000000400000000
0x00007f19952ecbc0:   00007f19900ec300 0000000000040100
0x00007f19952ecbd0:   00007f19961e6523 00007f199000a800
0x00007f19952ecbe0:   00007f19900ec726 0000001a00000000
0x00007f19952ecbf0:   00007f19952e0001 00007f1900000054
0x00007f19952ecc00:   00007f1900000028 00007f199401d870
0x00007f19952ecc10:   00007f19952ecd90 00007f19900091d0
0x00007f19952ecc20:   00007f1990009210 00000000220483af
0x00007f19952ecc30:   00007f19952e0019 00007f19952ecee4
0x00007f19952ecc40:   00007f19952e00fe 00000000000003d8
0x00007f19952ecc50:   00007f1990009220 00007f19900095f8
0x00007f19952ecc60:   000000090000c7f0 0000000000000000
0x00007f19952ecc70:   00000001900ec7f0 00007f1900000000
0x00007f19952ecc80:   0000000000000000 0000000000000000
0x00007f19952ecc90:   0000000000000004 00007f19961e6523
0x00007f19952ecca0:   00007f199611e0a8 00007f199401f400
0x00007f19952eccb0:   0000000000000003 000001000000000e
0x00007f19952eccc0:   00007f1900000000 00007f199000a800
0x00007f19952eccd0:   0000000200000000 0000000000000000
0x00007f19952ecce0:   0000000000000000 0000000000000000
0x00007f19952eccf0:   0000000000000000 00007f1900000000 

Instructions: (pc=0x00007f1995873801)
0x00007f19958737e1:   85 90 fe ff ff 49 83 7e 08 00 0f 85 cf 05 00 00
0x00007f19958737f1:   49 8b 44 24 50 48 8d 35 c3 7f 99 00 45 0f b7 c0
0x00007f1995873801:   4a 8b 44 c0 50 48 39 86 80 02 00 00 0f 84 24 01
0x00007f1995873811:   00 00 48 3b 86 88 02 00 00 0f 84 85 00 00 00 41 

Register to memory mapping:

RAX=0x00007f197bc00080 is pointing into metadata
RBX=0x00007f19952ed300 is pointing into the stack for thread: 0x00007f199000a800
RCX=0x0000000000000008 is an unknown value
RDX=0x000000000000b2d4 is an unknown value
RSP=0x00007f19952ecb00 is pointing into the stack for thread: 0x00007f199000a800
RBP=0x00007f19952ecd30 is pointing into the stack for thread: 0x00007f199000a800
RSI=0x00007f199620b7c0: <offset 0xdd57c0> in /usr/lib/jvm/java-8-openjdk/jre/lib/amd64/server/libjvm.so at 0x00007f1995436000
RDI=0x00007f19952ed300 is pointing into the stack for thread: 0x00007f199000a800
R8 =0x000000000000b2d4 is an unknown value
R9 =0x0000000000000000 is an unknown value
R10=0x00007f19952ed120 is pointing into the stack for thread: 0x00007f199000a800
R11=0x0000000000000000 is an unknown value
R12=0x00007f19952ed120 is pointing into the stack for thread: 0x00007f199000a800
R13=0x0000000000000000 is an unknown value
R14=0x00007f199000a800 is a thread
R15=0x000000002204696f is an unknown value


Stack: [0x00007f19951f0000,0x00007f19952f0000],  sp=0x00007f19952ecb00,  free space=1010k
Native frames: (J=compiled Java code, j=interpreted, Vv=VM code, C=native code)
V  [libjvm.so+0x43d801]
V  [libjvm.so+0x43edaf]
V  [libjvm.so+0x440010]
V  [libjvm.so+0xa6b246]
V  [libjvm.so+0x720f56]
V  [libjvm.so+0x723412]  JVM_DefineClassWithSource+0x92
C  [libjava.so+0xda86]  Java_java_lang_ClassLoader_defineClass1+0x186
j  java.lang.ClassLoader.defineClass1(Ljava/lang/String;[BIILjava/security/ProtectionDomain;Ljava/lang/String;)Ljava/lang/Class;+0
j  java.lang.ClassLoader.defineClass(Ljava/lang/String;[BIILjava/security/ProtectionDomain;)Ljava/lang/Class;+27
j  java.security.SecureClassLoader.defineClass(Ljava/lang/String;[BIILjava/security/CodeSource;)Ljava/lang/Class;+12
j  java.net.URLClassLoader.defineClass(Ljava/lang/String;Lsun/misc/Resource;)Ljava/lang/Class;+138
j  java.net.URLClassLoader.access$100(Ljava/net/URLClassLoader;Ljava/lang/String;Lsun/misc/Resource;)Ljava/lang/Class;+3
j  java.net.URLClassLoader$1.run()Ljava/lang/Class;+43
j  java.net.URLClassLoader$1.run()Ljava/lang/Object;+1
v  ~StubRoutines::call_stub
V  [libjvm.so+0x67b89e]
V  [libjvm.so+0x732839]  JVM_DoPrivileged+0x2b9
j  java.security.AccessController.doPrivileged(Ljava/security/PrivilegedExceptionAction;Ljava/security/AccessControlContext;)Ljava/lang/Object;+0
j  java.net.URLClassLoader.findClass(Ljava/lang/String;)Ljava/lang/Class;+13
j  java.lang.ClassLoader.loadClass(Ljava/lang/String;Z)Ljava/lang/Class;+70
j  sun.misc.Launcher$AppClassLoader.loadClass(Ljava/lang/String;Z)Ljava/lang/Class;+81
j  java.lang.ClassLoader.loadClass(Ljava/lang/String;)Ljava/lang/Class;+3
j  sun.launcher.LauncherHelper.checkAndLoadMain(ZILjava/lang/String;)Ljava/lang/Class;+93
v  ~StubRoutines::call_stub
V  [libjvm.so+0x67b89e]
V  [libjvm.so+0x6f2be0]
V  [libjvm.so+0x6f4225]
C  [libjli.so+0x3c40]
C  [libpthread.so.0+0x93e9]  start_thread+0xe9

Java frames: (J=compiled Java code, j=interpreted, Vv=VM code)
j  java.lang.ClassLoader.defineClass1(Ljava/lang/String;[BIILjava/security/ProtectionDomain;Ljava/lang/String;)Ljava/lang/Class;+0
j  java.lang.ClassLoader.defineClass(Ljava/lang/String;[BIILjava/security/ProtectionDomain;)Ljava/lang/Class;+27
j  java.security.SecureClassLoader.defineClass(Ljava/lang/String;[BIILjava/security/CodeSource;)Ljava/lang/Class;+12
j  java.net.URLClassLoader.defineClass(Ljava/lang/String;Lsun/misc/Resource;)Ljava/lang/Class;+138
j  java.net.URLClassLoader.access$100(Ljava/net/URLClassLoader;Ljava/lang/String;Lsun/misc/Resource;)Ljava/lang/Class;+3
j  java.net.URLClassLoader$1.run()Ljava/lang/Class;+43
j  java.net.URLClassLoader$1.run()Ljava/lang/Object;+1
v  ~StubRoutines::call_stub
j  java.security.AccessController.doPrivileged(Ljava/security/PrivilegedExceptionAction;Ljava/security/AccessControlContext;)Ljava/lang/Object;+0
j  java.net.URLClassLoader.findClass(Ljava/lang/String;)Ljava/lang/Class;+13
j  java.lang.ClassLoader.loadClass(Ljava/lang/String;Z)Ljava/lang/Class;+70
j  sun.misc.Launcher$AppClassLoader.loadClass(Ljava/lang/String;Z)Ljava/lang/Class;+81
j  java.lang.ClassLoader.loadClass(Ljava/lang/String;)Ljava/lang/Class;+3
j  sun.launcher.LauncherHelper.checkAndLoadMain(ZILjava/lang/String;)Ljava/lang/Class;+93
v  ~StubRoutines::call_stub

---------------  P R O C E S S  ---------------

Java Threads: ( => current thread )
  0x00007f19900de000 JavaThread "Service Thread" daemon [_thread_blocked, id=80469, stack(0x00007f1979ee2000,0x00007f1979fe3000)]
  0x00007f19900c1000 JavaThread "C1 CompilerThread2" daemon [_thread_blocked, id=80468, stack(0x00007f1979fe4000,0x00007f197a0e4000)]
  0x00007f19900bf000 JavaThread "C2 CompilerThread1" daemon [_thread_blocked, id=80467, stack(0x00007f197a0e5000,0x00007f197a1e5000)]
  0x00007f19900bc000 JavaThread "C2 CompilerThread0" daemon [_thread_blocked, id=80466, stack(0x00007f197a1e6000,0x00007f197a2e6000)]
  0x00007f19900b6800 JavaThread "Signal Dispatcher" daemon [_thread_blocked, id=80465, stack(0x00007f197a2e6000,0x00007f197a3e7000)]
  0x00007f1990086000 JavaThread "Finalizer" daemon [_thread_blocked, id=80464, stack(0x00007f197a6ce000,0x00007f197a7cf000)]
  0x00007f1990081800 JavaThread "Reference Handler" daemon [_thread_blocked, id=80463, stack(0x00007f197a7cf000,0x00007f197a8d0000)]
=>0x00007f199000a800 JavaThread "main" [_thread_in_vm, id=80457, stack(0x00007f19951f0000,0x00007f19952f0000)]

Other Threads:
  0x00007f1990078000 VMThread [stack: 0x00007f197a8d1000,0x00007f197a9d1000] [id=80462]
  0x00007f19900e0800 WatcherThread [stack: 0x00007f1979de2000,0x00007f1979ee2000] [id=80470]

VM state:not at safepoint (normal execution)

VM Mutex/Monitor currently owned by a thread: None

heap address: 0x00000006c6800000, size: 3992 MB, Compressed Oops mode: Zero based, Oop shift amount: 3
Narrow klass base: 0x0000000000000000, Narrow klass shift: 3
Compressed class space size: 1073741824 Address: 0x00000007c0000000

Heap:
 PSYoungGen      total 74752K, used 1290K [0x000000076cd80000, 0x0000000772080000, 0x00000007c0000000)
  eden space 64512K, 2% used [0x000000076cd80000,0x000000076cec2900,0x0000000770c80000)
  from space 10240K, 0% used [0x0000000771680000,0x0000000771680000,0x0000000772080000)
  to   space 10240K, 0% used [0x0000000770c80000,0x0000000770c80000,0x0000000771680000)
 ParOldGen       total 171008K, used 0K [0x00000006c6800000, 0x00000006d0f00000, 0x000000076cd80000)
  object space 171008K, 0% used [0x00000006c6800000,0x00000006c6800000,0x00000006d0f00000)
 Metaspace       used 2633K, capacity 4486K, committed 4864K, reserved 1056768K
  class space    used 274K, capacity 386K, committed 512K, reserved 1048576K

Card table byte_map: [0x00007f199461f000,0x00007f1994dec000] byte_map_base: 0x00007f1990feb000

Marking Bits: (ParMarkBitMap*) 0x00007f19961f2f40
 Begin Bits: [0x00007f1964340000, 0x00007f19681a0000)
 End Bits:   [0x00007f19681a0000, 0x00007f196c000000)

Polling page: 0x00007f199643d000

CodeCache: size=245760Kb used=1083Kb max_used=1083Kb free=244676Kb
 bounds [0x00007f1981000000, 0x00007f1981270000, 0x00007f1990000000]
 total_blobs=256 nmethods=11 adapters=160
 compilation: enabled

Compilation events (10 events):
Event: 0.060 Thread 0x00007f19900c1000    8       3       java.lang.String::length (6 bytes)
Event: 0.060 Thread 0x00007f19900c1000 nmethod 8 0x00007f198110f210 code [0x00007f198110f380, 0x00007f198110f4f0]
Event: 0.060 Thread 0x00007f19900c1000    7       3       java.lang.Math::min (11 bytes)
Event: 0.060 Thread 0x00007f19900c1000 nmethod 7 0x00007f198110ee90 code [0x00007f198110f000, 0x00007f198110f190]
Event: 0.060 Thread 0x00007f19900c1000    9       1       java.lang.Object::<init> (1 bytes)
Event: 0.060 Thread 0x00007f19900c1000 nmethod 9 0x00007f198110ebd0 code [0x00007f198110ed20, 0x00007f198110ee30]
Event: 0.062 Thread 0x00007f19900c1000   10       1       java.lang.ref.Reference::get (5 bytes)
Event: 0.062 Thread 0x00007f19900c1000 nmethod 10 0x00007f198110c910 code [0x00007f198110ca60, 0x00007f198110cb70]
Event: 0.063 Thread 0x00007f19900c1000   11       1       java.lang.ThreadLocal::access$400 (5 bytes)
Event: 0.063 Thread 0x00007f19900c1000 nmethod 11 0x00007f198110b990 code [0x00007f198110bae0, 0x00007f198110bbd0]

GC Heap History (0 events):
No events

Deoptimization events (0 events):
No events

Classes redefined (0 events):
No events

Internal exceptions (2 events):
Event: 0.039 Thread 0x00007f199000a800 Exception <a 'java/lang/NoSuchMethodError': Method sun.misc.Unsafe.defineClass(Ljava/lang/String;[BII)Ljava/lang/Class; name or signature does not match> (0x000000076cd87cc0) thrown at [/build/java8-openjdk/src/jdk8u-jdk8u275-b01/hotspot/src/share/vm/prim
Event: 0.039 Thread 0x00007f199000a800 Exception <a 'java/lang/NoSuchMethodError': Method sun.misc.Unsafe.prefetchRead(Ljava/lang/Object;J)V name or signature does not match> (0x000000076cd87fa8) thrown at [/build/java8-openjdk/src/jdk8u-jdk8u275-b01/hotspot/src/share/vm/prims/jni.cpp, line 40

Events (10 events):
Event: 0.063 loading class java/io/FilePermission$1
Event: 0.063 loading class java/io/FilePermission$1 done
Event: 0.063 loading class java/io/FilePermissionCollection
Event: 0.063 loading class java/io/FilePermissionCollection done
Event: 0.063 loading class java/security/AllPermission
Event: 0.063 loading class java/security/AllPermission done
Event: 0.063 loading class java/security/UnresolvedPermission
Event: 0.063 loading class java/security/UnresolvedPermission done
Event: 0.063 loading class java/security/BasicPermissionCollection
Event: 0.064 loading class java/security/BasicPermissionCollection done


Dynamic libraries:
6c6800000-6d0f00000 rw-p 00000000 00:00 0 
6d0f00000-76cd80000 ---p 00000000 00:00 0 
76cd80000-772080000 rw-p 00000000 00:00 0 
772080000-7c0000000 ---p 00000000 00:00 0 
7c0000000-7c0080000 rw-p 00000000 00:00 0 
7c0080000-800000000 ---p 00000000 00:00 0 
55cb91e51000-55cb91e52000 r--p 00000000 08:06 10618125                   /usr/lib/jvm/java-8-openjdk/jre/bin/java
55cb91e52000-55cb91e53000 r-xp 00001000 08:06 10618125                   /usr/lib/jvm/java-8-openjdk/jre/bin/java
55cb91e53000-55cb91e54000 r--p 00002000 08:06 10618125                   /usr/lib/jvm/java-8-openjdk/jre/bin/java
55cb91e54000-55cb91e55000 r--p 00002000 08:06 10618125                   /usr/lib/jvm/java-8-openjdk/jre/bin/java
55cb91e55000-55cb91e56000 rw-p 00003000 08:06 10618125                   /usr/lib/jvm/java-8-openjdk/jre/bin/java
55cb91e7a000-55cb91e9b000 rw-p 00000000 00:00 0                          [heap]
7f1940000000-7f1940021000 rw-p 00000000 00:00 0 
7f1940021000-7f1944000000 ---p 00000000 00:00 0 
7f1944000000-7f1944021000 rw-p 00000000 00:00 0 
7f1944021000-7f1948000000 ---p 00000000 00:00 0 
7f1948000000-7f1948021000 rw-p 00000000 00:00 0 
7f1948021000-7f194c000000 ---p 00000000 00:00 0 
7f194c000000-7f194c02d000 rw-p 00000000 00:00 0 
7f194c02d000-7f1950000000 ---p 00000000 00:00 0 
7f1950000000-7f1950021000 rw-p 00000000 00:00 0 
7f1950021000-7f1954000000 ---p 00000000 00:00 0 
7f1954000000-7f195403e000 rw-p 00000000 00:00 0 
7f195403e000-7f1958000000 ---p 00000000 00:00 0 
7f1958000000-7f1958021000 rw-p 00000000 00:00 0 
7f1958021000-7f195c000000 ---p 00000000 00:00 0 
7f195c000000-7f195c021000 rw-p 00000000 00:00 0 
7f195c021000-7f1960000000 ---p 00000000 00:00 0 
7f1960000000-7f1960021000 rw-p 00000000 00:00 0 
7f1960021000-7f1964000000 ---p 00000000 00:00 0 
7f1964340000-7f196c000000 rw-p 00000000 00:00 0 
7f196c000000-7f196c021000 rw-p 00000000 00:00 0 
7f196c021000-7f1970000000 ---p 00000000 00:00 0 
7f1970000000-7f1970021000 rw-p 00000000 00:00 0 
7f1970021000-7f1974000000 ---p 00000000 00:00 0 
7f1974000000-7f1974021000 rw-p 00000000 00:00 0 
7f1974021000-7f1978000000 ---p 00000000 00:00 0 
7f1979d95000-7f1979dc6000 rw-p 00000000 00:00 0 
7f1979dc6000-7f1979dcb000 r--p 00000000 08:06 10754083                   /usr/lib/jvm/java-8-openjdk/jre/lib/amd64/libnet.so
7f1979dcb000-7f1979ddb000 r-xp 00005000 08:06 10754083                   /usr/lib/jvm/java-8-openjdk/jre/lib/amd64/libnet.so
7f1979ddb000-7f1979ddf000 r--p 00015000 08:06 10754083                   /usr/lib/jvm/java-8-openjdk/jre/lib/amd64/libnet.so
7f1979ddf000-7f1979de0000 r--p 00018000 08:06 10754083                   /usr/lib/jvm/java-8-openjdk/jre/lib/amd64/libnet.so
7f1979de0000-7f1979de1000 rw-p 00019000 08:06 10754083                   /usr/lib/jvm/java-8-openjdk/jre/lib/amd64/libnet.so
7f1979de1000-7f1979de2000 ---p 00000000 00:00 0 
7f1979de2000-7f1979ee2000 rw-p 00000000 00:00 0 
7f1979ee2000-7f1979ee5000 ---p 00000000 00:00 0 
7f1979ee5000-7f1979fe3000 rw-p 00000000 00:00 0 
7f1979fe3000-7f1979fe4000 ---p 00000000 00:00 0 
7f1979fe4000-7f1979fe7000 ---p 00000000 00:00 0 
7f1979fe7000-7f197a0e4000 rw-p 00000000 00:00 0 
7f197a0e4000-7f197a0e5000 ---p 00000000 00:00 0 
7f197a0e5000-7f197a0e8000 ---p 00000000 00:00 0 
7f197a0e8000-7f197a1e5000 rw-p 00000000 00:00 0 
7f197a1e5000-7f197a1e6000 ---p 00000000 00:00 0 
7f197a1e6000-7f197a1e9000 ---p 00000000 00:00 0 
7f197a1e9000-7f197a2e6000 rw-p 00000000 00:00 0 
7f197a2e6000-7f197a2e9000 ---p 00000000 00:00 0 
7f197a2e9000-7f197a3e7000 rw-p 00000000 00:00 0 
7f197a3e7000-7f197a6ce000 r--p 00000000 08:06 8163457                    /usr/lib/locale/locale-archive
7f197a6ce000-7f197a6d1000 ---p 00000000 00:00 0 
7f197a6d1000-7f197a7cf000 rw-p 00000000 00:00 0 
7f197a7cf000-7f197a7d2000 ---p 00000000 00:00 0 
7f197a7d2000-7f197a8d0000 rw-p 00000000 00:00 0 
7f197a8d0000-7f197a8d1000 ---p 00000000 00:00 0 
7f197a8d1000-7f197bc40000 rw-p 00000000 00:00 0 
7f197bc40000-7f197c000000 ---p 00000000 00:00 0 
7f197c000000-7f197c021000 rw-p 00000000 00:00 0 
7f197c021000-7f1980000000 ---p 00000000 00:00 0 
7f1980016000-7f19801e9000 rw-p 00000000 00:00 0 
7f19801e9000-7f19803ba000 r--s 03c93000 08:06 10754790                   /usr/lib/jvm/java-8-openjdk/jre/lib/rt.jar
7f19803ba000-7f1980bfc000 rw-p 00000000 00:00 0 
7f1980bfc000-7f1980bfd000 ---p 00000000 00:00 0 
7f1980bfd000-7f1980cfd000 rw-p 00000000 00:00 0 
7f1980cfd000-7f1980cfe000 ---p 00000000 00:00 0 
7f1980cfe000-7f1980dfe000 rw-p 00000000 00:00 0 
7f1980dfe000-7f1980dff000 ---p 00000000 00:00 0 
7f1980dff000-7f1980eff000 rw-p 00000000 00:00 0 
7f1980eff000-7f1980f00000 ---p 00000000 00:00 0 
7f1980f00000-7f1981000000 rw-p 00000000 00:00 0 
7f1981000000-7f1981270000 rwxp 00000000 00:00 0 
7f1981270000-7f1990000000 ---p 00000000 00:00 0 
7f1990000000-7f1990108000 rw-p 00000000 00:00 0 
7f1990108000-7f1994000000 ---p 00000000 00:00 0 
7f1994000000-7f1994007000 r--p 00000000 08:06 10754084                   /usr/lib/jvm/java-8-openjdk/jre/lib/amd64/libnio.so
7f1994007000-7f199400f000 r-xp 00007000 08:06 10754084                   /usr/lib/jvm/java-8-openjdk/jre/lib/amd64/libnio.so
7f199400f000-7f1994012000 r--p 0000f000 08:06 10754084                   /usr/lib/jvm/java-8-openjdk/jre/lib/amd64/libnio.so
7f1994012000-7f1994013000 ---p 00012000 08:06 10754084                   /usr/lib/jvm/java-8-openjdk/jre/lib/amd64/libnio.so
7f1994013000-7f1994014000 r--p 00012000 08:06 10754084                   /usr/lib/jvm/java-8-openjdk/jre/lib/amd64/libnio.so
7f1994014000-7f1994015000 rw-p 00013000 08:06 10754084                   /usr/lib/jvm/java-8-openjdk/jre/lib/amd64/libnio.so
7f1994015000-7f199401b000 r--s 000d3000 08:06 10754101                   /usr/lib/jvm/java-8-openjdk/jre/lib/jfr.jar
7f199401b000-7f1994140000 rw-p 00000000 00:00 0 
7f1994140000-7f199461f000 ---p 00000000 00:00 0 
7f199461f000-7f1994673000 rw-p 00000000 00:00 0 
7f1994673000-7f1994b51000 ---p 00000000 00:00 0 
7f1994b51000-7f1994b7c000 rw-p 00000000 00:00 0 
7f1994b7c000-7f1994deb000 ---p 00000000 00:00 0 
7f1994deb000-7f1994df6000 rw-p 00000000 00:00 0 
7f1994df6000-7f19951ac000 ---p 00000000 00:00 0 
7f19951ac000-7f19951af000 r--p 00000000 08:06 10754091                   /usr/lib/jvm/java-8-openjdk/jre/lib/amd64/libzip.so
7f19951af000-7f19951b3000 r-xp 00003000 08:06 10754091                   /usr/lib/jvm/java-8-openjdk/jre/lib/amd64/libzip.so
7f19951b3000-7f19951b5000 r--p 00007000 08:06 10754091                   /usr/lib/jvm/java-8-openjdk/jre/lib/amd64/libzip.so
7f19951b5000-7f19951b6000 r--p 00008000 08:06 10754091                   /usr/lib/jvm/java-8-openjdk/jre/lib/amd64/libzip.so
7f19951b6000-7f19951b7000 rw-p 00009000 08:06 10754091                   /usr/lib/jvm/java-8-openjdk/jre/lib/amd64/libzip.so
7f19951b7000-7f19951c4000 r--p 00000000 08:06 10754073                   /usr/lib/jvm/java-8-openjdk/jre/lib/amd64/libjava.so
7f19951c4000-7f19951da000 r-xp 0000d000 08:06 10754073                   /usr/lib/jvm/java-8-openjdk/jre/lib/amd64/libjava.so
7f19951da000-7f19951e1000 r--p 00023000 08:06 10754073                   /usr/lib/jvm/java-8-openjdk/jre/lib/amd64/libjava.so
7f19951e1000-7f19951e2000 r--p 00029000 08:06 10754073                   /usr/lib/jvm/java-8-openjdk/jre/lib/amd64/libjava.so
7f19951e2000-7f19951e3000 rw-p 0002a000 08:06 10754073                   /usr/lib/jvm/java-8-openjdk/jre/lib/amd64/libjava.so
7f19951e3000-7f19951e4000 rw-p 00000000 00:00 0 
7f19951e4000-7f19951e7000 r--p 00000000 08:06 8129986                    /usr/lib/librt-2.32.so
7f19951e7000-7f19951eb000 r-xp 00003000 08:06 8129986                    /usr/lib/librt-2.32.so
7f19951eb000-7f19951ed000 r--p 00007000 08:06 8129986                    /usr/lib/librt-2.32.so
7f19951ed000-7f19951ee000 r--p 00008000 08:06 8129986                    /usr/lib/librt-2.32.so
7f19951ee000-7f19951ef000 rw-p 00009000 08:06 8129986                    /usr/lib/librt-2.32.so
7f19951ef000-7f19951f0000 ---p 00000000 00:00 0 
7f19951f0000-7f19951f3000 ---p 00000000 00:00 0 
7f19951f3000-7f19952f0000 rw-p 00000000 00:00 0 
7f19952f0000-7f19952ff000 r--p 00000000 08:06 8129928                    /usr/lib/libm-2.32.so
7f19952ff000-7f199539b000 r-xp 0000f000 08:06 8129928                    /usr/lib/libm-2.32.so
7f199539b000-7f1995434000 r--p 000ab000 08:06 8129928                    /usr/lib/libm-2.32.so
7f1995434000-7f1995435000 r--p 00143000 08:06 8129928                    /usr/lib/libm-2.32.so
7f1995435000-7f1995436000 rw-p 00144000 08:06 8129928                    /usr/lib/libm-2.32.so
7f1995436000-7f199562d000 r--p 00000000 08:06 10885649                   /usr/lib/jvm/java-8-openjdk/jre/lib/amd64/server/libjvm.so
7f199562d000-7f1995f64000 r-xp 001f7000 08:06 10885649                   /usr/lib/jvm/java-8-openjdk/jre/lib/amd64/server/libjvm.so
7f1995f64000-7f199611d000 r--p 00b2e000 08:06 10885649                   /usr/lib/jvm/java-8-openjdk/jre/lib/amd64/server/libjvm.so
7f199611d000-7f19961b4000 r--p 00ce6000 08:06 10885649                   /usr/lib/jvm/java-8-openjdk/jre/lib/amd64/server/libjvm.so
7f19961b4000-7f19961dd000 rw-p 00d7d000 08:06 10885649                   /usr/lib/jvm/java-8-openjdk/jre/lib/amd64/server/libjvm.so
7f19961dd000-7f1996212000 rw-p 00000000 00:00 0 
7f1996212000-7f1996219000 r--p 00000000 08:06 8129977                    /usr/lib/libpthread-2.32.so
7f1996219000-7f1996229000 r-xp 00007000 08:06 8129977                    /usr/lib/libpthread-2.32.so
7f1996229000-7f199622e000 r--p 00017000 08:06 8129977                    /usr/lib/libpthread-2.32.so
7f199622e000-7f199622f000 r--p 0001b000 08:06 8129977                    /usr/lib/libpthread-2.32.so
7f199622f000-7f1996230000 rw-p 0001c000 08:06 8129977                    /usr/lib/libpthread-2.32.so
7f1996230000-7f1996234000 rw-p 00000000 00:00 0 
7f1996234000-7f1996235000 r--p 00000000 08:06 8129917                    /usr/lib/libdl-2.32.so
7f1996235000-7f1996237000 r-xp 00001000 08:06 8129917                    /usr/lib/libdl-2.32.so
7f1996237000-7f1996238000 r--p 00003000 08:06 8129917                    /usr/lib/libdl-2.32.so
7f1996238000-7f1996239000 r--p 00003000 08:06 8129917                    /usr/lib/libdl-2.32.so
7f1996239000-7f199623a000 rw-p 00004000 08:06 8129917                    /usr/lib/libdl-2.32.so
7f199623a000-7f199623d000 r--p 00000000 08:06 8139696                    /usr/lib/libz.so.1.2.11
7f199623d000-7f199624b000 r-xp 00003000 08:06 8139696                    /usr/lib/libz.so.1.2.11
7f199624b000-7f1996251000 r--p 00011000 08:06 8139696                    /usr/lib/libz.so.1.2.11
7f1996251000-7f1996252000 ---p 00017000 08:06 8139696                    /usr/lib/libz.so.1.2.11
7f1996252000-7f1996253000 r--p 00017000 08:06 8139696                    /usr/lib/libz.so.1.2.11
7f1996253000-7f1996254000 rw-p 00018000 08:06 8139696                    /usr/lib/libz.so.1.2.11
7f1996254000-7f199627a000 r--p 00000000 08:06 8129905                    /usr/lib/libc-2.32.so
7f199627a000-7f19963c7000 r-xp 00026000 08:06 8129905                    /usr/lib/libc-2.32.so
7f19963c7000-7f1996413000 r--p 00173000 08:06 8129905                    /usr/lib/libc-2.32.so
7f1996413000-7f1996416000 r--p 001be000 08:06 8129905                    /usr/lib/libc-2.32.so
7f1996416000-7f1996419000 rw-p 001c1000 08:06 8129905                    /usr/lib/libc-2.32.so
7f1996419000-7f199641d000 rw-p 00000000 00:00 0 
7f1996420000-7f1996428000 rw-s 00000000 00:30 275                        /tmp/hsperfdata_sir/80456
7f1996428000-7f199642b000 r--p 00000000 08:06 8129967                    /usr/lib/libnss_files-2.32.so
7f199642b000-7f1996432000 r-xp 00003000 08:06 8129967                    /usr/lib/libnss_files-2.32.so
7f1996432000-7f1996434000 r--p 0000a000 08:06 8129967                    /usr/lib/libnss_files-2.32.so
7f1996434000-7f1996435000 r--p 0000b000 08:06 8129967                    /usr/lib/libnss_files-2.32.so
7f1996435000-7f1996436000 rw-p 0000c000 08:06 8129967                    /usr/lib/libnss_files-2.32.so
7f1996436000-7f199643d000 rw-p 00000000 00:00 0 
7f199643d000-7f199643e000 r--p 00000000 00:00 0 
7f199643e000-7f1996443000 r--p 00000000 08:06 10754090                   /usr/lib/jvm/java-8-openjdk/jre/lib/amd64/libverify.so
7f1996443000-7f199644a000 r-xp 00005000 08:06 10754090                   /usr/lib/jvm/java-8-openjdk/jre/lib/amd64/libverify.so
7f199644a000-7f199644c000 r--p 0000c000 08:06 10754090                   /usr/lib/jvm/java-8-openjdk/jre/lib/amd64/libverify.so
7f199644c000-7f199644d000 ---p 0000e000 08:06 10754090                   /usr/lib/jvm/java-8-openjdk/jre/lib/amd64/libverify.so
7f199644d000-7f199644f000 r--p 0000e000 08:06 10754090                   /usr/lib/jvm/java-8-openjdk/jre/lib/amd64/libverify.so
7f199644f000-7f1996450000 rw-p 00010000 08:06 10754090                   /usr/lib/jvm/java-8-openjdk/jre/lib/amd64/libverify.so
7f1996450000-7f1996453000 r--p 00000000 08:06 10885645                   /usr/lib/jvm/java-8-openjdk/jre/lib/amd64/jli/libjli.so
7f1996453000-7f199645c000 r-xp 00003000 08:06 10885645                   /usr/lib/jvm/java-8-openjdk/jre/lib/amd64/jli/libjli.so
7f199645c000-7f199645f000 r--p 0000c000 08:06 10885645                   /usr/lib/jvm/java-8-openjdk/jre/lib/amd64/jli/libjli.so
7f199645f000-7f1996460000 r--p 0000e000 08:06 10885645                   /usr/lib/jvm/java-8-openjdk/jre/lib/amd64/jli/libjli.so
7f1996460000-7f1996461000 rw-p 0000f000 08:06 10885645                   /usr/lib/jvm/java-8-openjdk/jre/lib/amd64/jli/libjli.so
7f1996461000-7f1996463000 rw-p 00000000 00:00 0 
7f1996463000-7f1996465000 r--p 00000000 08:06 8129881                    /usr/lib/ld-2.32.so
7f1996465000-7f1996486000 r-xp 00002000 08:06 8129881                    /usr/lib/ld-2.32.so
7f1996486000-7f199648f000 r--p 00023000 08:06 8129881                    /usr/lib/ld-2.32.so
7f199648f000-7f1996490000 r--p 0002b000 08:06 8129881                    /usr/lib/ld-2.32.so
7f1996490000-7f1996492000 rw-p 0002c000 08:06 8129881                    /usr/lib/ld-2.32.so
7ffe848a3000-7ffe848c4000 rw-p 00000000 00:00 0                          [stack]
7ffe849f5000-7ffe849f9000 r--p 00000000 00:00 0                          [vvar]
7ffe849f9000-7ffe849fb000 r-xp 00000000 00:00 0                          [vdso]
ffffffffff600000-ffffffffff601000 --xp 00000000 00:00 0                  [vsyscall]

VM Arguments:
jvm_args: -Xverify:none 
java_command: Void
java_class_path (initial): .
Launcher Type: SUN_STANDARD

Environment Variables:
PATH=/home/sir/.gem/ruby/2.7.0/bin:/usr/local/sbin:/usr/local/bin:/usr/bin:/usr/bin/site_perl:/usr/bin/vendor_perl:/usr/bin/core_perl
SHELL=/bin/fish
DISPLAY=:0

Signal Handlers:
SIGSEGV: [libjvm.so+0xaf74c0], sa_mask[0]=11111111011111111101111111111110, sa_flags=SA_RESTART|SA_SIGINFO
SIGBUS: [libjvm.so+0xaf74c0], sa_mask[0]=11111111011111111101111111111110, sa_flags=SA_RESTART|SA_SIGINFO
SIGFPE: [libjvm.so+0x944a60], sa_mask[0]=11111111011111111101111111111110, sa_flags=SA_RESTART|SA_SIGINFO
SIGPIPE: [libjvm.so+0x944a60], sa_mask[0]=11111111011111111101111111111110, sa_flags=SA_RESTART|SA_SIGINFO
SIGXFSZ: [libjvm.so+0x944a60], sa_mask[0]=11111111011111111101111111111110, sa_flags=SA_RESTART|SA_SIGINFO
SIGILL: [libjvm.so+0x944a60], sa_mask[0]=11111111011111111101111111111110, sa_flags=SA_RESTART|SA_SIGINFO
SIGUSR1: SIG_DFL, sa_mask[0]=00000000000000000000000000000000, sa_flags=none
SIGUSR2: [libjvm.so+0x944840], sa_mask[0]=00000000000000000000000000000000, sa_flags=SA_RESTART|SA_SIGINFO
SIGHUP: [libjvm.so+0x944d00], sa_mask[0]=11111111011111111101111111111110, sa_flags=SA_RESTART|SA_SIGINFO
SIGINT: [libjvm.so+0x944d00], sa_mask[0]=11111111011111111101111111111110, sa_flags=SA_RESTART|SA_SIGINFO
SIGTERM: [libjvm.so+0x944d00], sa_mask[0]=11111111011111111101111111111110, sa_flags=SA_RESTART|SA_SIGINFO
SIGQUIT: [libjvm.so+0x944d00], sa_mask[0]=11111111011111111101111111111110, sa_flags=SA_RESTART|SA_SIGINFO


---------------  S Y S T E M  ---------------

OS:LSB_VERSION=1.4
DISTRIB_ID=Arch
DISTRIB_RELEASE=rolling
DISTRIB_DESCRIPTION="Arch Linux"

uname:Linux 5.10.13-arch1-1 #1 SMP PREEMPT Wed, 03 Feb 2021 23:44:07 +0000 x86_64
libc:glibc 2.32 NPTL 2.32 
rlimit: STACK 8192k, CORE infinity, NPROC 63792, NOFILE 524288, AS infinity
load average:1.11 1.45 2.00

/proc/meminfo:
MemTotal:       16349012 kB
MemFree:          648488 kB
MemAvailable:    3382696 kB
Buffers:          389868 kB
Cached:          3520992 kB
SwapCached:          616 kB
Active:          1989272 kB
Inactive:       12805148 kB
Active(anon):      56876 kB
Inactive(anon): 11836972 kB
Active(file):    1932396 kB
Inactive(file):   968176 kB
Unevictable:          96 kB
Mlocked:              96 kB
SwapTotal:      16777212 kB
SwapFree:       16770812 kB
Dirty:              1164 kB
Writeback:             0 kB
AnonPages:      10883312 kB
Mapped:          2254964 kB
Shmem:           1012996 kB
KReclaimable:     170604 kB
Slab:             355580 kB
SReclaimable:     170604 kB
SUnreclaim:       184976 kB
KernelStack:       20752 kB
PageTables:        82192 kB
NFS_Unstable:          0 kB
Bounce:                0 kB
WritebackTmp:          0 kB
CommitLimit:    24951716 kB
Committed_AS:   21246712 kB
VmallocTotal:   34359738367 kB
VmallocUsed:       84872 kB
VmallocChunk:          0 kB
Percpu:             2336 kB
HardwareCorrupted:     0 kB
AnonHugePages:         0 kB
ShmemHugePages:        0 kB
ShmemPmdMapped:        0 kB
FileHugePages:         0 kB
FilePmdMapped:         0 kB
CmaTotal:              0 kB
CmaFree:               0 kB
HugePages_Total:       0
HugePages_Free:        0
HugePages_Rsvd:        0
HugePages_Surp:        0
Hugepagesize:       2048 kB
Hugetlb:               0 kB
DirectMap4k:     1022904 kB
DirectMap2M:    14663680 kB
DirectMap1G:     1048576 kB

container (cgroup) information:
container_type: cgroupv1
cpu_cpuset_cpus: 0-3
cpu_memory_nodes: 0
active_processor_count: 4
cpu_quota: -1
cpu_period: 100000
cpu_shares: -1
memory_limit_in_bytes: -1
memory_and_swap_limit_in_bytes: -1
memory_soft_limit_in_bytes: -1
memory_usage_in_bytes: 12795502592
memory_max_usage_in_bytes: 13286633472


CPU:total 4 (initial active 4) (4 cores per cpu, 1 threads per core) family 6 model 158 stepping 9, cmov, cx8, fxsr, mmx, sse, sse2, sse3, ssse3, sse4.1, sse4.2, popcnt, avx, avx2, aes, clmul, erms, rtm, 3dnowpref, lzcnt, tsc, tscinvbit, bmi1, bmi2, adx

/proc/cpuinfo:
processor	: 0
vendor_id	: GenuineIntel
cpu family	: 6
model		: 158
model name	: Intel(R) Core(TM) i5-7600 CPU @ 3.50GHz
stepping	: 9
microcode	: 0xde
cpu MHz		: 1671.057
cache size	: 6144 KB
physical id	: 0
siblings	: 4
core id		: 0
cpu cores	: 4
apicid		: 0
initial apicid	: 0
fpu		: yes
fpu_exception	: yes
cpuid level	: 22
wp		: yes
flags		: fpu vme de pse tsc msr pae mce cx8 apic sep mtrr pge mca cmov pat pse36 clflush dts acpi mmx fxsr sse sse2 ss ht tm pbe syscall nx pdpe1gb rdtscp lm constant_tsc art arch_perfmon pebs bts rep_good nopl xtopology nonstop_tsc cpuid aperfmperf pni pclmulqdq dtes64 monitor ds_cpl vmx smx est tm2 ssse3 sdbg fma cx16 xtpr pdcm pcid sse4_1 sse4_2 x2apic movbe popcnt tsc_deadline_timer aes xsave avx f16c rdrand lahf_lm abm 3dnowprefetch cpuid_fault invpcid_single pti ssbd ibrs ibpb stibp tpr_shadow vnmi flexpriority ept vpid ept_ad fsgsbase tsc_adjust bmi1 hle avx2 smep bmi2 erms invpcid rtm mpx rdseed adx smap clflushopt intel_pt xsaveopt xsavec xgetbv1 xsaves dtherm ida arat pln pts hwp hwp_notify hwp_act_window hwp_epp md_clear flush_l1d
vmx flags	: vnmi preemption_timer invvpid ept_x_only ept_ad ept_1gb flexpriority tsc_offset vtpr mtf vapic ept vpid unrestricted_guest ple shadow_vmcs pml ept_mode_based_exec
bugs		: cpu_meltdown spectre_v1 spectre_v2 spec_store_bypass l1tf mds swapgs taa itlb_multihit srbds
bogomips	: 7002.48
clflush size	: 64
cache_alignment	: 64
address sizes	: 39 bits physical, 48 bits virtual
power management:

processor	: 1
vendor_id	: GenuineIntel
cpu family	: 6
model		: 158
model name	: Intel(R) Core(TM) i5-7600 CPU @ 3.50GHz
stepping	: 9
microcode	: 0xde
cpu MHz		: 1883.536
cache size	: 6144 KB
physical id	: 0
siblings	: 4
core id		: 1
cpu cores	: 4
apicid		: 2
initial apicid	: 2
fpu		: yes
fpu_exception	: yes
cpuid level	: 22
wp		: yes
flags		: fpu vme de pse tsc msr pae mce cx8 apic sep mtrr pge mca cmov pat pse36 clflush dts acpi mmx fxsr sse sse2 ss ht tm pbe syscall nx pdpe1gb rdtscp lm constant_tsc art arch_perfmon pebs bts rep_good nopl xtopology nonstop_tsc cpuid aperfmperf pni pclmulqdq dtes64 monitor ds_cpl vmx smx est tm2 ssse3 sdbg fma cx16 xtpr pdcm pcid sse4_1 sse4_2 x2apic movbe popcnt tsc_deadline_timer aes xsave avx f16c rdrand lahf_lm abm 3dnowprefetch cpuid_fault invpcid_single pti ssbd ibrs ibpb stibp tpr_shadow vnmi flexpriority ept vpid ept_ad fsgsbase tsc_adjust bmi1 hle avx2 smep bmi2 erms invpcid rtm mpx rdseed adx smap clflushopt intel_pt xsaveopt xsavec xgetbv1 xsaves dtherm ida arat pln pts hwp hwp_notify hwp_act_window hwp_epp md_clear flush_l1d
vmx flags	: vnmi preemption_timer invvpid ept_x_only ept_ad ept_1gb flexpriority tsc_offset vtpr mtf vapic ept vpid unrestricted_guest ple shadow_vmcs pml ept_mode_based_exec
bugs		: cpu_meltdown spectre_v1 spectre_v2 spec_store_bypass l1tf mds swapgs taa itlb_multihit srbds
bogomips	: 7002.48
clflush size	: 64
cache_alignment	: 64
address sizes	: 39 bits physical, 48 bits virtual
power management:

processor	: 2
vendor_id	: GenuineIntel
cpu family	: 6
model		: 158
model name	: Intel(R) Core(TM) i5-7600 CPU @ 3.50GHz
stepping	: 9
microcode	: 0xde
cpu MHz		: 2852.891
cache size	: 6144 KB
physical id	: 0
siblings	: 4
core id		: 2
cpu cores	: 4
apicid		: 4
initial apicid	: 4
fpu		: yes
fpu_exception	: yes
cpuid level	: 22
wp		: yes
flags		: fpu vme de pse tsc msr pae mce cx8 apic sep mtrr pge mca cmov pat pse36 clflush dts acpi mmx fxsr sse sse2 ss ht tm pbe syscall nx pdpe1gb rdtscp lm constant_tsc art arch_perfmon pebs bts rep_good nopl xtopology nonstop_tsc cpuid aperfmperf pni pclmulqdq dtes64 monitor ds_cpl vmx smx est tm2 ssse3 sdbg fma cx16 xtpr pdcm pcid sse4_1 sse4_2 x2apic movbe popcnt tsc_deadline_timer aes xsave avx f16c rdrand lahf_lm abm 3dnowprefetch cpuid_fault invpcid_single pti ssbd ibrs ibpb stibp tpr_shadow vnmi flexpriority ept vpid ept_ad fsgsbase tsc_adjust bmi1 hle avx2 smep bmi2 erms invpcid rtm mpx rdseed adx smap clflushopt intel_pt xsaveopt xsavec xgetbv1 xsaves dtherm ida arat pln pts hwp hwp_notify hwp_act_window hwp_epp md_clear flush_l1d
vmx flags	: vnmi preemption_timer invvpid ept_x_only ept_ad ept_1gb flexpriority tsc_offset vtpr mtf vapic ept vpid unrestricted_guest ple shadow_vmcs pml ept_mode_based_exec
bugs		: cpu_meltdown spectre_v1 spectre_v2 spec_store_bypass l1tf mds swapgs taa itlb_multihit srbds
bogomips	: 7002.48
clflush size	: 64
cache_alignment	: 64
address sizes	: 39 bits physical, 48 bits virtual
power management:

processor	: 3
vendor_id	: GenuineIntel
cpu family	: 6
model		: 158
model name	: Intel(R) Core(TM) i5-7600 CPU @ 3.50GHz
stepping	: 9
microcode	: 0xde
cpu MHz		: 2082.359
cache size	: 6144 KB
physical id	: 0
siblings	: 4
core id		: 3
cpu cores	: 4
apicid		: 6
initial apicid	: 6
fpu		: yes
fpu_exception	: yes
cpuid level	: 22
wp		: yes
flags		: fpu vme de pse tsc msr pae mce cx8 apic sep mtrr pge mca cmov pat pse36 clflush dts acpi mmx fxsr sse sse2 ss ht tm pbe syscall nx pdpe1gb rdtscp lm constant_tsc art arch_perfmon pebs bts rep_good nopl xtopology nonstop_tsc cpuid aperfmperf pni pclmulqdq dtes64 monitor ds_cpl vmx smx est tm2 ssse3 sdbg fma cx16 xtpr pdcm pcid sse4_1 sse4_2 x2apic movbe popcnt tsc_deadline_timer aes xsave avx f16c rdrand lahf_lm abm 3dnowprefetch cpuid_fault invpcid_single pti ssbd ibrs ibpb stibp tpr_shadow vnmi flexpriority ept vpid ept_ad fsgsbase tsc_adjust bmi1 hle avx2 smep bmi2 erms invpcid rtm mpx rdseed adx smap clflushopt intel_pt xsaveopt xsavec xgetbv1 xsaves dtherm ida arat pln pts hwp hwp_notify hwp_act_window hwp_epp md_clear flush_l1d
vmx flags	: vnmi preemption_timer invvpid ept_x_only ept_ad ept_1gb flexpriority tsc_offset vtpr mtf vapic ept vpid unrestricted_guest ple shadow_vmcs pml ept_mode_based_exec
bugs		: cpu_meltdown spectre_v1 spectre_v2 spec_store_bypass l1tf mds swapgs taa itlb_multihit srbds
bogomips	: 7002.48
clflush size	: 64
cache_alignment	: 64
address sizes	: 39 bits physical, 48 bits virtual
power management:



Memory: 4k page, physical 16349012k(648488k free), swap 16777212k(16770812k free)

vm_info: OpenJDK 64-Bit Server VM (25.275-b01) for linux-amd64 JRE (1.8.0_275-b01), built on Jan 10 2021 13:38:57 by "builduser" with gcc 10.2.0

time: Mon Feb  8 14:22:21 2021
timezone: PST
elapsed time: 0.066719 seconds (0d 0h 0m 0s)

