#
# A fatal error has been detected by the Java Runtime Environment:
#
#  SIGSEGV (0xb) at pc=0x00007f48f13770f0, pid=20446, tid=0x00007f48f07d6640
#
# JRE version: OpenJDK Runtime Environment (8.0_275-b01) (build 1.8.0_275-b01)
# Java VM: OpenJDK 64-Bit Server VM (25.275-b01 mixed mode linux-amd64 compressed oops)
# Problematic frame:
# V  [libjvm.so+0xa5a0f0]
#
# Core dump written. Default location: /home/sir/Desktop/Jave/core or core.20446
#
# If you would like to submit a bug report, please visit:
#   http://bugreport.java.com/bugreport/crash.jsp
#

---------------  T H R E A D  ---------------

Current thread (0x00007f48ec00a800):  JavaThread "main" [_thread_in_vm, id=20447, stack(0x00007f48f06d7000,0x00007f48f07d7000)]

siginfo: si_signo: 11 (SIGSEGV), si_code: 1 (SEGV_MAPERR), si_addr: 0x0000000000000002

Registers:
RAX=0x00007f48ec009240, RBX=0x0000000000000001, RCX=0x0000000000000056, RDX=0x000000000000000e
RSP=0x00007f48f07d4e38, RBP=0x00007f48f07d4e50, RSI=0x00007f48f14b1200, RDI=0x0000000000000000
R8 =0x00007f48ec00a800, R9 =0x0000000000000006, R10=0x0000000000000007, R11=0x0000000000000000
R12=0x00007f48f07d4f30, R13=0x00007f48f14b0584, R14=0x00007f48ec009220, R15=0x0000000000000000
RIP=0x00007f48f13770f0, EFLAGS=0x0000000000010202, CSGSFS=0x002b000000000033, ERR=0x0000000000000004
  TRAPNO=0x000000000000000e

Top of Stack: (sp=0x00007f48f07d4e38)
0x00007f48f07d4e38:   00007f48f13297d2 00007f48ec0091d0
0x00007f48f07d4e48:   0000000000000001 00007f48f07d5200
0x00007f48f07d4e58:   00007f48f131655a 00007f48ec0ec950
0x00007f48f07d4e68:   00007f4800000000 00007f48f07d5570
0x00007f48f07d4e78:   00000007c0001ef8 00007f48ec009220
0x00007f48f07d4e88:   00007f48ec0091d0 00007f48ec059880
0x00007f48f07d4e98:   00000000000003d8 00007f48ec007cf0
0x00007f48f07d4ea8:   00007f48ec0095f8 00007f48ec009220
0x00007f48f07d4eb8:   00007f48f07d4f30 0000000100000012
0x00007f48f07d4ec8:   00007f48ec009210 0000000000000001
0x00007f48f07d4ed8:   00007f48f07d4f00 0000003400000012
0x00007f48f07d4ee8:   0000000000000000 0000000000000000
0x00007f48f07d4ef8:   0000000000000000 00000000b0000000
0x00007f48f07d4f08:   0000007c00000000 00007f48ffffffff
0x00007f48f07d4f18:   0000000000000010 0000000000000110
0x00007f48f07d4f28:   00007f48ec000020 00007f48ec0ec0f0
0x00007f48f07d4f38:   0000000400000003 000000010000000e
0x00007f48f07d4f48:   00007f48ec009220 0000000000000000
0x00007f48f07d4f58:   00007f48f07d4fa0 0000000000000110
0x00007f48f07d4f68:   00007f48f125b55e 00007f48ec0ec950
0x00007f48f07d4f78:   00007f48f16adc40 0000000000000110
0x00007f48f07d4f88:   0000000000000110 00007f48ec0ec660
0x00007f48f07d4f98:   0000000000000001 00007f48f07d4fd0
0x00007f48f07d4fa8:   00007f48f0d5ddeb 00007f48f07d4fd0
0x00007f48f07d4fb8:   00007f48f121e077 0000000000000001
0x00007f48f07d4fc8:   00007f48f07d4fe0 00007f48f07d5030
0x00007f48f07d4fd8:   00007f48f0d5de96 0000000000000000
0x00007f48f07d4fe8:   0000000000000000 0000000000000000
0x00007f48f07d4ff8:   0000000000000000 0000000000000000
0x00007f48f07d5008:   00007f48ec0ec660 00007f48f07d5030
0x00007f48f07d5018:   000000076cddb150 00007f48ec0ebec0
0x00007f48f07d5028:   00007f48cf434068 00007f48f07d5060 

Instructions: (pc=0x00007f48f13770f0)
0x00007f48f13770d0:   0f b7 47 02 66 85 c0 79 07 c3 66 0f 1f 44 00 00
0x00007f48f13770e0:   48 83 c7 02 e9 d7 35 8a ff 90 66 0f 1f 44 00 00
0x00007f48f13770f0:   0f b7 47 02 66 85 c0 79 07 c3 66 0f 1f 44 00 00
0x00007f48f1377100:   48 83 c7 02 e9 e7 35 8a ff 90 66 0f 1f 44 00 00 

Register to memory mapping:

RAX=0x00007f48ec009240 is an unknown value
RBX=0x0000000000000001 is an unknown value
RCX=0x0000000000000056 is an unknown value
RDX=0x000000000000000e is an unknown value
RSP=0x00007f48f07d4e38 is pointing into the stack for thread: 0x00007f48ec00a800
RBP=0x00007f48f07d4e50 is pointing into the stack for thread: 0x00007f48ec00a800
RSI=0x00007f48f14b1200: <offset 0xb94200> in /usr/lib/jvm/java-8-openjdk/jre/lib/amd64/server/libjvm.so at 0x00007f48f091d000
RDI=0x0000000000000000 is an unknown value
R8 =0x00007f48ec00a800 is a thread
R9 =0x0000000000000006 is an unknown value
R10=0x0000000000000007 is an unknown value
R11=0x0000000000000000 is an unknown value
R12=0x00007f48f07d4f30 is pointing into the stack for thread: 0x00007f48ec00a800
R13=0x00007f48f14b0584: <offset 0xb93584> in /usr/lib/jvm/java-8-openjdk/jre/lib/amd64/server/libjvm.so at 0x00007f48f091d000
R14=0x00007f48ec009220 is an unknown value
R15=0x0000000000000000 is an unknown value


Stack: [0x00007f48f06d7000,0x00007f48f07d7000],  sp=0x00007f48f07d4e38,  free space=1015k
Native frames: (J=compiled Java code, j=interpreted, Vv=VM code, C=native code)
V  [libjvm.so+0xa5a0f0]
V  [libjvm.so+0x9f955a]
V  [libjvm.so+0x8da3ea]
V  [libjvm.so+0x6327dd]
V  [libjvm.so+0x632e24]
V  [libjvm.so+0x633131]
V  [libjvm.so+0x736ba9]
V  [libjvm.so+0x73731d]  JVM_GetClassDeclaredMethods+0x6d
j  java.lang.Class.getDeclaredMethods0(Z)[Ljava/lang/reflect/Method;+0
j  java.lang.Class.privateGetDeclaredMethods(Z)[Ljava/lang/reflect/Method;+37
j  java.lang.Class.privateGetMethodRecursive(Ljava/lang/String;[Ljava/lang/Class;ZLjava/lang/Class$MethodArray;)Ljava/lang/reflect/Method;+2
j  java.lang.Class.getMethod0(Ljava/lang/String;[Ljava/lang/Class;Z)Ljava/lang/reflect/Method;+16
j  java.lang.Class.getMethod(Ljava/lang/String;[Ljava/lang/Class;)Ljava/lang/reflect/Method;+13
j  sun.launcher.LauncherHelper.validateMainClass(Ljava/lang/Class;)V+12
j  sun.launcher.LauncherHelper.checkAndLoadMain(ZILjava/lang/String;)Ljava/lang/Class;+214
v  ~StubRoutines::call_stub
V  [libjvm.so+0x67b89e]
V  [libjvm.so+0x6f2be0]
V  [libjvm.so+0x6f4225]
C  [libjli.so+0x3c40]
C  [libpthread.so.0+0x93e9]  start_thread+0xe9

Java frames: (J=compiled Java code, j=interpreted, Vv=VM code)
j  java.lang.Class.getDeclaredMethods0(Z)[Ljava/lang/reflect/Method;+0
j  java.lang.Class.privateGetDeclaredMethods(Z)[Ljava/lang/reflect/Method;+37
j  java.lang.Class.privateGetMethodRecursive(Ljava/lang/String;[Ljava/lang/Class;ZLjava/lang/Class$MethodArray;)Ljava/lang/reflect/Method;+2
j  java.lang.Class.getMethod0(Ljava/lang/String;[Ljava/lang/Class;Z)Ljava/lang/reflect/Method;+16
j  java.lang.Class.getMethod(Ljava/lang/String;[Ljava/lang/Class;)Ljava/lang/reflect/Method;+13
j  sun.launcher.LauncherHelper.validateMainClass(Ljava/lang/Class;)V+12
j  sun.launcher.LauncherHelper.checkAndLoadMain(ZILjava/lang/String;)Ljava/lang/Class;+214
v  ~StubRoutines::call_stub

---------------  P R O C E S S  ---------------

Java Threads: ( => current thread )
  0x00007f48ec0ce000 JavaThread "Service Thread" daemon [_thread_blocked, id=20459, stack(0x00007f48cd731000,0x00007f48cd832000)]
  0x00007f48ec0c1000 JavaThread "C1 CompilerThread2" daemon [_thread_blocked, id=20458, stack(0x00007f48cd833000,0x00007f48cd933000)]
  0x00007f48ec0bf000 JavaThread "C2 CompilerThread1" daemon [_thread_blocked, id=20457, stack(0x00007f48cd934000,0x00007f48cda34000)]
  0x00007f48ec0bc000 JavaThread "C2 CompilerThread0" daemon [_thread_blocked, id=20456, stack(0x00007f48cda35000,0x00007f48cdb35000)]
  0x00007f48ec0b6800 JavaThread "Signal Dispatcher" daemon [_thread_blocked, id=20455, stack(0x00007f48cdb3b000,0x00007f48cdc3c000)]
  0x00007f48ec086000 JavaThread "Finalizer" daemon [_thread_blocked, id=20454, stack(0x00007f48cdf23000,0x00007f48ce024000)]
  0x00007f48ec081800 JavaThread "Reference Handler" daemon [_thread_blocked, id=20453, stack(0x00007f48ce024000,0x00007f48ce125000)]
=>0x00007f48ec00a800 JavaThread "main" [_thread_in_vm, id=20447, stack(0x00007f48f06d7000,0x00007f48f07d7000)]

Other Threads:
  0x00007f48ec078000 VMThread [stack: 0x00007f48ce126000,0x00007f48ce226000] [id=20452]
  0x00007f48ec0d0800 WatcherThread [stack: 0x00007f48cd631000,0x00007f48cd731000] [id=20460]

VM state:not at safepoint (normal execution)

VM Mutex/Monitor currently owned by a thread:  ([mutex/lock_event])
[0x00007f48ec007cf0] AdapterHandlerLibrary_lock - owner thread: 0x00007f48ec00a800

heap address: 0x00000006c6800000, size: 3992 MB, Compressed Oops mode: Zero based, Oop shift amount: 3
Narrow klass base: 0x0000000000000000, Narrow klass shift: 3
Compressed class space size: 1073741824 Address: 0x00000007c0000000

Heap:
 PSYoungGen      total 74752K, used 1290K [0x000000076cd80000, 0x0000000772080000, 0x00000007c0000000)
  eden space 64512K, 2% used [0x000000076cd80000,0x000000076cec2900,0x0000000770c80000)
  from space 10240K, 0% used [0x0000000771680000,0x0000000771680000,0x0000000772080000)
  to   space 10240K, 0% used [0x0000000770c80000,0x0000000770c80000,0x0000000771680000)
 ParOldGen       total 171008K, used 0K [0x00000006c6800000, 0x00000006d0f00000, 0x000000076cd80000)
  object space 171008K, 0% used [0x00000006c6800000,0x00000006c6800000,0x00000006d0f00000)
 Metaspace       used 2645K, capacity 4486K, committed 4864K, reserved 1056768K
  class space    used 276K, capacity 386K, committed 512K, reserved 1048576K

Card table byte_map: [0x00007f48dc833000,0x00007f48dd000000] byte_map_base: 0x00007f48d91ff000

Marking Bits: (ParMarkBitMap*) 0x00007f48f16d9f40
 Begin Bits: [0x00007f48d443e000, 0x00007f48d829e000)
 End Bits:   [0x00007f48d829e000, 0x00007f48dc0fe000)

Polling page: 0x00007f48f1924000

CodeCache: size=245760Kb used=1083Kb max_used=1083Kb free=244676Kb
 bounds [0x00007f48dd000000, 0x00007f48dd270000, 0x00007f48ec000000]
 total_blobs=256 nmethods=11 adapters=160
 compilation: enabled

Compilation events (10 events):
Event: 0.035 Thread 0x00007f48ec0c1000    8       3       java.lang.String::length (6 bytes)
Event: 0.035 Thread 0x00007f48ec0c1000 nmethod 8 0x00007f48dd103350 code [0x00007f48dd1034c0, 0x00007f48dd103630]
Event: 0.035 Thread 0x00007f48ec0c1000    7       3       java.lang.Math::min (11 bytes)
Event: 0.035 Thread 0x00007f48ec0c1000 nmethod 7 0x00007f48dd102fd0 code [0x00007f48dd103140, 0x00007f48dd1032d0]
Event: 0.035 Thread 0x00007f48ec0c1000    9       1       java.lang.Object::<init> (1 bytes)
Event: 0.035 Thread 0x00007f48ec0c1000 nmethod 9 0x00007f48dd102d10 code [0x00007f48dd102e60, 0x00007f48dd102f70]
Event: 0.037 Thread 0x00007f48ec0c1000   10       1       java.lang.ref.Reference::get (5 bytes)
Event: 0.037 Thread 0x00007f48ec0c1000 nmethod 10 0x00007f48dd10dc10 code [0x00007f48dd10dd60, 0x00007f48dd10de70]
Event: 0.039 Thread 0x00007f48ec0c1000   11       1       java.lang.ThreadLocal::access$400 (5 bytes)
Event: 0.039 Thread 0x00007f48ec0c1000 nmethod 11 0x00007f48dd10eb90 code [0x00007f48dd10ece0, 0x00007f48dd10edd0]

GC Heap History (0 events):
No events

Deoptimization events (0 events):
No events

Classes redefined (0 events):
No events

Internal exceptions (2 events):
Event: 0.019 Thread 0x00007f48ec00a800 Exception <a 'java/lang/NoSuchMethodError': Method sun.misc.Unsafe.defineClass(Ljava/lang/String;[BII)Ljava/lang/Class; name or signature does not match> (0x000000076cd87cc0) thrown at [/build/java8-openjdk/src/jdk8u-jdk8u275-b01/hotspot/src/share/vm/prim
Event: 0.019 Thread 0x00007f48ec00a800 Exception <a 'java/lang/NoSuchMethodError': Method sun.misc.Unsafe.prefetchRead(Ljava/lang/Object;J)V name or signature does not match> (0x000000076cd87fa8) thrown at [/build/java8-openjdk/src/jdk8u-jdk8u275-b01/hotspot/src/share/vm/prims/jni.cpp, line 40

Events (10 events):
Event: 0.039 loading class java/security/AllPermission
Event: 0.039 loading class java/security/AllPermission done
Event: 0.039 loading class java/security/UnresolvedPermission
Event: 0.039 loading class java/security/UnresolvedPermission done
Event: 0.039 loading class java/security/BasicPermissionCollection
Event: 0.039 loading class java/security/BasicPermissionCollection done
Event: 0.039 loading class sun/launcher/LauncherHelper$FXHelper
Event: 0.039 loading class sun/launcher/LauncherHelper$FXHelper done
Event: 0.039 loading class java/lang/Class$MethodArray
Event: 0.039 loading class java/lang/Class$MethodArray done


Dynamic libraries:
6c6800000-6d0f00000 rw-p 00000000 00:00 0 
6d0f00000-76cd80000 ---p 00000000 00:00 0 
76cd80000-772080000 rw-p 00000000 00:00 0 
772080000-7c0000000 ---p 00000000 00:00 0 
7c0000000-7c0080000 rw-p 00000000 00:00 0 
7c0080000-800000000 ---p 00000000 00:00 0 
55b168cff000-55b168d00000 r--p 00000000 08:06 10618125                   /usr/lib/jvm/java-8-openjdk/jre/bin/java
55b168d00000-55b168d01000 r-xp 00001000 08:06 10618125                   /usr/lib/jvm/java-8-openjdk/jre/bin/java
55b168d01000-55b168d02000 r--p 00002000 08:06 10618125                   /usr/lib/jvm/java-8-openjdk/jre/bin/java
55b168d02000-55b168d03000 r--p 00002000 08:06 10618125                   /usr/lib/jvm/java-8-openjdk/jre/bin/java
55b168d03000-55b168d04000 rw-p 00003000 08:06 10618125                   /usr/lib/jvm/java-8-openjdk/jre/bin/java
55b16abde000-55b16abff000 rw-p 00000000 00:00 0                          [heap]
7f4898000000-7f4898021000 rw-p 00000000 00:00 0 
7f4898021000-7f489c000000 ---p 00000000 00:00 0 
7f48a0000000-7f48a002d000 rw-p 00000000 00:00 0 
7f48a002d000-7f48a4000000 ---p 00000000 00:00 0 
7f48a4000000-7f48a4021000 rw-p 00000000 00:00 0 
7f48a4021000-7f48a8000000 ---p 00000000 00:00 0 
7f48a8000000-7f48a803e000 rw-p 00000000 00:00 0 
7f48a803e000-7f48ac000000 ---p 00000000 00:00 0 
7f48ac000000-7f48ac021000 rw-p 00000000 00:00 0 
7f48ac021000-7f48b0000000 ---p 00000000 00:00 0 
7f48b0000000-7f48b0021000 rw-p 00000000 00:00 0 
7f48b0021000-7f48b4000000 ---p 00000000 00:00 0 
7f48b4000000-7f48b4021000 rw-p 00000000 00:00 0 
7f48b4021000-7f48b8000000 ---p 00000000 00:00 0 
7f48b8000000-7f48b8021000 rw-p 00000000 00:00 0 
7f48b8021000-7f48bc000000 ---p 00000000 00:00 0 
7f48bc000000-7f48bc021000 rw-p 00000000 00:00 0 
7f48bc021000-7f48c0000000 ---p 00000000 00:00 0 
7f48c0000000-7f48c0021000 rw-p 00000000 00:00 0 
7f48c0021000-7f48c4000000 ---p 00000000 00:00 0 
7f48c4000000-7f48c4021000 rw-p 00000000 00:00 0 
7f48c4021000-7f48c8000000 ---p 00000000 00:00 0 
7f48c8000000-7f48c8021000 rw-p 00000000 00:00 0 
7f48c8021000-7f48cc000000 ---p 00000000 00:00 0 
7f48cd5cf000-7f48cd600000 rw-p 00000000 00:00 0 
7f48cd600000-7f48cd605000 r--p 00000000 08:06 10754083                   /usr/lib/jvm/java-8-openjdk/jre/lib/amd64/libnet.so
7f48cd605000-7f48cd615000 r-xp 00005000 08:06 10754083                   /usr/lib/jvm/java-8-openjdk/jre/lib/amd64/libnet.so
7f48cd615000-7f48cd619000 r--p 00015000 08:06 10754083                   /usr/lib/jvm/java-8-openjdk/jre/lib/amd64/libnet.so
7f48cd619000-7f48cd61a000 r--p 00018000 08:06 10754083                   /usr/lib/jvm/java-8-openjdk/jre/lib/amd64/libnet.so
7f48cd61a000-7f48cd61b000 rw-p 00019000 08:06 10754083                   /usr/lib/jvm/java-8-openjdk/jre/lib/amd64/libnet.so
7f48cd61b000-7f48cd622000 r--p 00000000 08:06 10754084                   /usr/lib/jvm/java-8-openjdk/jre/lib/amd64/libnio.so
7f48cd622000-7f48cd62a000 r-xp 00007000 08:06 10754084                   /usr/lib/jvm/java-8-openjdk/jre/lib/amd64/libnio.so
7f48cd62a000-7f48cd62d000 r--p 0000f000 08:06 10754084                   /usr/lib/jvm/java-8-openjdk/jre/lib/amd64/libnio.so
7f48cd62d000-7f48cd62e000 ---p 00012000 08:06 10754084                   /usr/lib/jvm/java-8-openjdk/jre/lib/amd64/libnio.so
7f48cd62e000-7f48cd62f000 r--p 00012000 08:06 10754084                   /usr/lib/jvm/java-8-openjdk/jre/lib/amd64/libnio.so
7f48cd62f000-7f48cd630000 rw-p 00013000 08:06 10754084                   /usr/lib/jvm/java-8-openjdk/jre/lib/amd64/libnio.so
7f48cd630000-7f48cd631000 ---p 00000000 00:00 0 
7f48cd631000-7f48cd731000 rw-p 00000000 00:00 0 
7f48cd731000-7f48cd734000 ---p 00000000 00:00 0 
7f48cd734000-7f48cd832000 rw-p 00000000 00:00 0 
7f48cd832000-7f48cd833000 ---p 00000000 00:00 0 
7f48cd833000-7f48cd836000 ---p 00000000 00:00 0 
7f48cd836000-7f48cd933000 rw-p 00000000 00:00 0 
7f48cd933000-7f48cd934000 ---p 00000000 00:00 0 
7f48cd934000-7f48cd937000 ---p 00000000 00:00 0 
7f48cd937000-7f48cda34000 rw-p 00000000 00:00 0 
7f48cda34000-7f48cda35000 ---p 00000000 00:00 0 
7f48cda35000-7f48cda38000 ---p 00000000 00:00 0 
7f48cda38000-7f48cdb35000 rw-p 00000000 00:00 0 
7f48cdb35000-7f48cdb3b000 r--s 000d3000 08:06 10754101                   /usr/lib/jvm/java-8-openjdk/jre/lib/jfr.jar
7f48cdb3b000-7f48cdb3e000 ---p 00000000 00:00 0 
7f48cdb3e000-7f48cdc3c000 rw-p 00000000 00:00 0 
7f48cdc3c000-7f48cdf23000 r--p 00000000 08:06 8163457                    /usr/lib/locale/locale-archive
7f48cdf23000-7f48cdf26000 ---p 00000000 00:00 0 
7f48cdf26000-7f48ce024000 rw-p 00000000 00:00 0 
7f48ce024000-7f48ce027000 ---p 00000000 00:00 0 
7f48ce027000-7f48ce125000 rw-p 00000000 00:00 0 
7f48ce125000-7f48ce126000 ---p 00000000 00:00 0 
7f48ce126000-7f48cf474000 rw-p 00000000 00:00 0 
7f48cf474000-7f48cf834000 ---p 00000000 00:00 0 
7f48cf834000-7f48d0000000 rw-p 00000000 00:00 0 
7f48d0000000-7f48d0021000 rw-p 00000000 00:00 0 
7f48d0021000-7f48d4000000 ---p 00000000 00:00 0 
7f48d4003000-7f48d41f7000 rw-p 00000000 00:00 0 
7f48d41f7000-7f48d43c8000 r--s 03c93000 08:06 10754790                   /usr/lib/jvm/java-8-openjdk/jre/lib/rt.jar
7f48d43c8000-7f48dc0fe000 rw-p 00000000 00:00 0 
7f48dc0fe000-7f48dc0ff000 ---p 00000000 00:00 0 
7f48dc0ff000-7f48dc1ff000 rw-p 00000000 00:00 0 
7f48dc1ff000-7f48dc200000 ---p 00000000 00:00 0 
7f48dc200000-7f48dc354000 rw-p 00000000 00:00 0 
7f48dc354000-7f48dc833000 ---p 00000000 00:00 0 
7f48dc833000-7f48dc887000 rw-p 00000000 00:00 0 
7f48dc887000-7f48dcd65000 ---p 00000000 00:00 0 
7f48dcd65000-7f48dcd90000 rw-p 00000000 00:00 0 
7f48dcd90000-7f48dcfff000 ---p 00000000 00:00 0 
7f48dcfff000-7f48dd000000 rw-p 00000000 00:00 0 
7f48dd000000-7f48dd270000 rwxp 00000000 00:00 0 
7f48dd270000-7f48ec000000 ---p 00000000 00:00 0 
7f48ec000000-7f48ec10c000 rw-p 00000000 00:00 0 
7f48ec10c000-7f48f0000000 ---p 00000000 00:00 0 
7f48f0000000-7f48f00d1000 rw-p 00000000 00:00 0 
7f48f00d1000-7f48f00d2000 ---p 00000000 00:00 0 
7f48f00d2000-7f48f01d2000 rw-p 00000000 00:00 0 
7f48f01d2000-7f48f01d3000 ---p 00000000 00:00 0 
7f48f01d3000-7f48f02dd000 rw-p 00000000 00:00 0 
7f48f02dd000-7f48f0693000 ---p 00000000 00:00 0 
7f48f0693000-7f48f0696000 r--p 00000000 08:06 10754091                   /usr/lib/jvm/java-8-openjdk/jre/lib/amd64/libzip.so
7f48f0696000-7f48f069a000 r-xp 00003000 08:06 10754091                   /usr/lib/jvm/java-8-openjdk/jre/lib/amd64/libzip.so
7f48f069a000-7f48f069c000 r--p 00007000 08:06 10754091                   /usr/lib/jvm/java-8-openjdk/jre/lib/amd64/libzip.so
7f48f069c000-7f48f069d000 r--p 00008000 08:06 10754091                   /usr/lib/jvm/java-8-openjdk/jre/lib/amd64/libzip.so
7f48f069d000-7f48f069e000 rw-p 00009000 08:06 10754091                   /usr/lib/jvm/java-8-openjdk/jre/lib/amd64/libzip.so
7f48f069e000-7f48f06ab000 r--p 00000000 08:06 10754073                   /usr/lib/jvm/java-8-openjdk/jre/lib/amd64/libjava.so
7f48f06ab000-7f48f06c1000 r-xp 0000d000 08:06 10754073                   /usr/lib/jvm/java-8-openjdk/jre/lib/amd64/libjava.so
7f48f06c1000-7f48f06c8000 r--p 00023000 08:06 10754073                   /usr/lib/jvm/java-8-openjdk/jre/lib/amd64/libjava.so
7f48f06c8000-7f48f06c9000 r--p 00029000 08:06 10754073                   /usr/lib/jvm/java-8-openjdk/jre/lib/amd64/libjava.so
7f48f06c9000-7f48f06ca000 rw-p 0002a000 08:06 10754073                   /usr/lib/jvm/java-8-openjdk/jre/lib/amd64/libjava.so
7f48f06ca000-7f48f06cb000 rw-p 00000000 00:00 0 
7f48f06cb000-7f48f06ce000 r--p 00000000 08:06 8129986                    /usr/lib/librt-2.32.so
7f48f06ce000-7f48f06d2000 r-xp 00003000 08:06 8129986                    /usr/lib/librt-2.32.so
7f48f06d2000-7f48f06d4000 r--p 00007000 08:06 8129986                    /usr/lib/librt-2.32.so
7f48f06d4000-7f48f06d5000 r--p 00008000 08:06 8129986                    /usr/lib/librt-2.32.so
7f48f06d5000-7f48f06d6000 rw-p 00009000 08:06 8129986                    /usr/lib/librt-2.32.so
7f48f06d6000-7f48f06d7000 ---p 00000000 00:00 0 
7f48f06d7000-7f48f06da000 ---p 00000000 00:00 0 
7f48f06da000-7f48f07d7000 rw-p 00000000 00:00 0 
7f48f07d7000-7f48f07e6000 r--p 00000000 08:06 8129928                    /usr/lib/libm-2.32.so
7f48f07e6000-7f48f0882000 r-xp 0000f000 08:06 8129928                    /usr/lib/libm-2.32.so
7f48f0882000-7f48f091b000 r--p 000ab000 08:06 8129928                    /usr/lib/libm-2.32.so
7f48f091b000-7f48f091c000 r--p 00143000 08:06 8129928                    /usr/lib/libm-2.32.so
7f48f091c000-7f48f091d000 rw-p 00144000 08:06 8129928                    /usr/lib/libm-2.32.so
7f48f091d000-7f48f0b14000 r--p 00000000 08:06 10885649                   /usr/lib/jvm/java-8-openjdk/jre/lib/amd64/server/libjvm.so
7f48f0b14000-7f48f144b000 r-xp 001f7000 08:06 10885649                   /usr/lib/jvm/java-8-openjdk/jre/lib/amd64/server/libjvm.so
7f48f144b000-7f48f1604000 r--p 00b2e000 08:06 10885649                   /usr/lib/jvm/java-8-openjdk/jre/lib/amd64/server/libjvm.so
7f48f1604000-7f48f169b000 r--p 00ce6000 08:06 10885649                   /usr/lib/jvm/java-8-openjdk/jre/lib/amd64/server/libjvm.so
7f48f169b000-7f48f16c4000 rw-p 00d7d000 08:06 10885649                   /usr/lib/jvm/java-8-openjdk/jre/lib/amd64/server/libjvm.so
7f48f16c4000-7f48f16f9000 rw-p 00000000 00:00 0 
7f48f16f9000-7f48f1700000 r--p 00000000 08:06 8129977                    /usr/lib/libpthread-2.32.so
7f48f1700000-7f48f1710000 r-xp 00007000 08:06 8129977                    /usr/lib/libpthread-2.32.so
7f48f1710000-7f48f1715000 r--p 00017000 08:06 8129977                    /usr/lib/libpthread-2.32.so
7f48f1715000-7f48f1716000 r--p 0001b000 08:06 8129977                    /usr/lib/libpthread-2.32.so
7f48f1716000-7f48f1717000 rw-p 0001c000 08:06 8129977                    /usr/lib/libpthread-2.32.so
7f48f1717000-7f48f171b000 rw-p 00000000 00:00 0 
7f48f171b000-7f48f171c000 r--p 00000000 08:06 8129917                    /usr/lib/libdl-2.32.so
7f48f171c000-7f48f171e000 r-xp 00001000 08:06 8129917                    /usr/lib/libdl-2.32.so
7f48f171e000-7f48f171f000 r--p 00003000 08:06 8129917                    /usr/lib/libdl-2.32.so
7f48f171f000-7f48f1720000 r--p 00003000 08:06 8129917                    /usr/lib/libdl-2.32.so
7f48f1720000-7f48f1721000 rw-p 00004000 08:06 8129917                    /usr/lib/libdl-2.32.so
7f48f1721000-7f48f1724000 r--p 00000000 08:06 8139696                    /usr/lib/libz.so.1.2.11
7f48f1724000-7f48f1732000 r-xp 00003000 08:06 8139696                    /usr/lib/libz.so.1.2.11
7f48f1732000-7f48f1738000 r--p 00011000 08:06 8139696                    /usr/lib/libz.so.1.2.11
7f48f1738000-7f48f1739000 ---p 00017000 08:06 8139696                    /usr/lib/libz.so.1.2.11
7f48f1739000-7f48f173a000 r--p 00017000 08:06 8139696                    /usr/lib/libz.so.1.2.11
7f48f173a000-7f48f173b000 rw-p 00018000 08:06 8139696                    /usr/lib/libz.so.1.2.11
7f48f173b000-7f48f1761000 r--p 00000000 08:06 8129905                    /usr/lib/libc-2.32.so
7f48f1761000-7f48f18ae000 r-xp 00026000 08:06 8129905                    /usr/lib/libc-2.32.so
7f48f18ae000-7f48f18fa000 r--p 00173000 08:06 8129905                    /usr/lib/libc-2.32.so
7f48f18fa000-7f48f18fd000 r--p 001be000 08:06 8129905                    /usr/lib/libc-2.32.so
7f48f18fd000-7f48f1900000 rw-p 001c1000 08:06 8129905                    /usr/lib/libc-2.32.so
7f48f1900000-7f48f1904000 rw-p 00000000 00:00 0 
7f48f1907000-7f48f190f000 rw-s 00000000 00:30 137                        /tmp/hsperfdata_sir/20446
7f48f190f000-7f48f1912000 r--p 00000000 08:06 8129967                    /usr/lib/libnss_files-2.32.so
7f48f1912000-7f48f1919000 r-xp 00003000 08:06 8129967                    /usr/lib/libnss_files-2.32.so
7f48f1919000-7f48f191b000 r--p 0000a000 08:06 8129967                    /usr/lib/libnss_files-2.32.so
7f48f191b000-7f48f191c000 r--p 0000b000 08:06 8129967                    /usr/lib/libnss_files-2.32.so
7f48f191c000-7f48f191d000 rw-p 0000c000 08:06 8129967                    /usr/lib/libnss_files-2.32.so
7f48f191d000-7f48f1924000 rw-p 00000000 00:00 0 
7f48f1924000-7f48f1925000 r--p 00000000 00:00 0 
7f48f1925000-7f48f192a000 r--p 00000000 08:06 10754090                   /usr/lib/jvm/java-8-openjdk/jre/lib/amd64/libverify.so
7f48f192a000-7f48f1931000 r-xp 00005000 08:06 10754090                   /usr/lib/jvm/java-8-openjdk/jre/lib/amd64/libverify.so
7f48f1931000-7f48f1933000 r--p 0000c000 08:06 10754090                   /usr/lib/jvm/java-8-openjdk/jre/lib/amd64/libverify.so
7f48f1933000-7f48f1934000 ---p 0000e000 08:06 10754090                   /usr/lib/jvm/java-8-openjdk/jre/lib/amd64/libverify.so
7f48f1934000-7f48f1936000 r--p 0000e000 08:06 10754090                   /usr/lib/jvm/java-8-openjdk/jre/lib/amd64/libverify.so
7f48f1936000-7f48f1937000 rw-p 00010000 08:06 10754090                   /usr/lib/jvm/java-8-openjdk/jre/lib/amd64/libverify.so
7f48f1937000-7f48f193a000 r--p 00000000 08:06 10885645                   /usr/lib/jvm/java-8-openjdk/jre/lib/amd64/jli/libjli.so
7f48f193a000-7f48f1943000 r-xp 00003000 08:06 10885645                   /usr/lib/jvm/java-8-openjdk/jre/lib/amd64/jli/libjli.so
7f48f1943000-7f48f1946000 r--p 0000c000 08:06 10885645                   /usr/lib/jvm/java-8-openjdk/jre/lib/amd64/jli/libjli.so
7f48f1946000-7f48f1947000 r--p 0000e000 08:06 10885645                   /usr/lib/jvm/java-8-openjdk/jre/lib/amd64/jli/libjli.so
7f48f1947000-7f48f1948000 rw-p 0000f000 08:06 10885645                   /usr/lib/jvm/java-8-openjdk/jre/lib/amd64/jli/libjli.so
7f48f1948000-7f48f194a000 rw-p 00000000 00:00 0 
7f48f194a000-7f48f194c000 r--p 00000000 08:06 8129881                    /usr/lib/ld-2.32.so
7f48f194c000-7f48f196d000 r-xp 00002000 08:06 8129881                    /usr/lib/ld-2.32.so
7f48f196d000-7f48f1976000 r--p 00023000 08:06 8129881                    /usr/lib/ld-2.32.so
7f48f1976000-7f48f1977000 r--p 0002b000 08:06 8129881                    /usr/lib/ld-2.32.so
7f48f1977000-7f48f1979000 rw-p 0002c000 08:06 8129881                    /usr/lib/ld-2.32.so
7fff4aea0000-7fff4aec1000 rw-p 00000000 00:00 0                          [stack]
7fff4af03000-7fff4af07000 r--p 00000000 00:00 0                          [vvar]
7fff4af07000-7fff4af09000 r-xp 00000000 00:00 0                          [vdso]
ffffffffff600000-ffffffffff601000 --xp 00000000 00:00 0                  [vsyscall]

VM Arguments:
jvm_args: -Xverify:none 
java_command: Void
java_class_path (initial): .
Launcher Type: SUN_STANDARD

Environment Variables:
PATH=/home/sir/.gem/ruby/2.7.0/bin:/usr/local/sbin:/usr/local/bin:/usr/bin:/usr/bin/site_perl:/usr/bin/vendor_perl:/usr/bin/core_perl
SHELL=/bin/fish
DISPLAY=:0

Signal Handlers:
SIGSEGV: [libjvm.so+0xaf74c0], sa_mask[0]=11111111011111111101111111111110, sa_flags=SA_RESTART|SA_SIGINFO
SIGBUS: [libjvm.so+0xaf74c0], sa_mask[0]=11111111011111111101111111111110, sa_flags=SA_RESTART|SA_SIGINFO
SIGFPE: [libjvm.so+0x944a60], sa_mask[0]=11111111011111111101111111111110, sa_flags=SA_RESTART|SA_SIGINFO
SIGPIPE: [libjvm.so+0x944a60], sa_mask[0]=11111111011111111101111111111110, sa_flags=SA_RESTART|SA_SIGINFO
SIGXFSZ: [libjvm.so+0x944a60], sa_mask[0]=11111111011111111101111111111110, sa_flags=SA_RESTART|SA_SIGINFO
SIGILL: [libjvm.so+0x944a60], sa_mask[0]=11111111011111111101111111111110, sa_flags=SA_RESTART|SA_SIGINFO
SIGUSR1: SIG_DFL, sa_mask[0]=00000000000000000000000000000000, sa_flags=none
SIGUSR2: [libjvm.so+0x944840], sa_mask[0]=00000000000000000000000000000000, sa_flags=SA_RESTART|SA_SIGINFO
SIGHUP: [libjvm.so+0x944d00], sa_mask[0]=11111111011111111101111111111110, sa_flags=SA_RESTART|SA_SIGINFO
SIGINT: [libjvm.so+0x944d00], sa_mask[0]=11111111011111111101111111111110, sa_flags=SA_RESTART|SA_SIGINFO
SIGTERM: [libjvm.so+0x944d00], sa_mask[0]=11111111011111111101111111111110, sa_flags=SA_RESTART|SA_SIGINFO
SIGQUIT: [libjvm.so+0x944d00], sa_mask[0]=11111111011111111101111111111110, sa_flags=SA_RESTART|SA_SIGINFO


---------------  S Y S T E M  ---------------

OS:LSB_VERSION=1.4
DISTRIB_ID=Arch
DISTRIB_RELEASE=rolling
DISTRIB_DESCRIPTION="Arch Linux"

uname:Linux 5.10.13-arch1-1 #1 SMP PREEMPT Wed, 03 Feb 2021 23:44:07 +0000 x86_64
libc:glibc 2.32 NPTL 2.32 
rlimit: STACK 8192k, CORE infinity, NPROC 63792, NOFILE 524288, AS infinity
load average:0.69 0.72 0.93

/proc/meminfo:
MemTotal:       16349012 kB
MemFree:         3333728 kB
MemAvailable:    6889084 kB
Buffers:          293168 kB
Cached:          3887036 kB
SwapCached:            0 kB
Active:          1388800 kB
Inactive:       10913704 kB
Active(anon):       5192 kB
Inactive(anon):  8597784 kB
Active(file):    1383608 kB
Inactive(file):  2315920 kB
Unevictable:          32 kB
Mlocked:              32 kB
SwapTotal:      16777212 kB
SwapFree:       16777212 kB
Dirty:              6988 kB
Writeback:             0 kB
AnonPages:       8122408 kB
Mapped:          1512376 kB
Shmem:            485556 kB
KReclaimable:     192796 kB
Slab:             328244 kB
SReclaimable:     192796 kB
SUnreclaim:       135448 kB
KernelStack:       17408 kB
PageTables:        55776 kB
NFS_Unstable:          0 kB
Bounce:                0 kB
WritebackTmp:          0 kB
CommitLimit:    24951716 kB
Committed_AS:   14532224 kB
VmallocTotal:   34359738367 kB
VmallocUsed:       81392 kB
VmallocChunk:          0 kB
Percpu:             2192 kB
HardwareCorrupted:     0 kB
AnonHugePages:         0 kB
ShmemHugePages:        0 kB
ShmemPmdMapped:        0 kB
FileHugePages:         0 kB
FilePmdMapped:         0 kB
CmaTotal:              0 kB
CmaFree:               0 kB
HugePages_Total:       0
HugePages_Free:        0
HugePages_Rsvd:        0
HugePages_Surp:        0
Hugepagesize:       2048 kB
Hugetlb:               0 kB
DirectMap4k:      656312 kB
DirectMap2M:    12933120 kB
DirectMap1G:     3145728 kB

container (cgroup) information:
container_type: cgroupv1
cpu_cpuset_cpus: 0-3
cpu_memory_nodes: 0
active_processor_count: 4
cpu_quota: -1
cpu_period: 100000
cpu_shares: -1
memory_limit_in_bytes: -1
memory_and_swap_limit_in_bytes: -1
memory_soft_limit_in_bytes: -1
memory_usage_in_bytes: 10107785216
memory_max_usage_in_bytes: 10512351232


CPU:total 4 (initial active 4) (4 cores per cpu, 1 threads per core) family 6 model 158 stepping 9, cmov, cx8, fxsr, mmx, sse, sse2, sse3, ssse3, sse4.1, sse4.2, popcnt, avx, avx2, aes, clmul, erms, rtm, 3dnowpref, lzcnt, tsc, tscinvbit, bmi1, bmi2, adx

/proc/cpuinfo:
processor	: 0
vendor_id	: GenuineIntel
cpu family	: 6
model		: 158
model name	: Intel(R) Core(TM) i5-7600 CPU @ 3.50GHz
stepping	: 9
microcode	: 0xde
cpu MHz		: 1602.089
cache size	: 6144 KB
physical id	: 0
siblings	: 4
core id		: 0
cpu cores	: 4
apicid		: 0
initial apicid	: 0
fpu		: yes
fpu_exception	: yes
cpuid level	: 22
wp		: yes
flags		: fpu vme de pse tsc msr pae mce cx8 apic sep mtrr pge mca cmov pat pse36 clflush dts acpi mmx fxsr sse sse2 ss ht tm pbe syscall nx pdpe1gb rdtscp lm constant_tsc art arch_perfmon pebs bts rep_good nopl xtopology nonstop_tsc cpuid aperfmperf pni pclmulqdq dtes64 monitor ds_cpl vmx smx est tm2 ssse3 sdbg fma cx16 xtpr pdcm pcid sse4_1 sse4_2 x2apic movbe popcnt tsc_deadline_timer aes xsave avx f16c rdrand lahf_lm abm 3dnowprefetch cpuid_fault invpcid_single pti ssbd ibrs ibpb stibp tpr_shadow vnmi flexpriority ept vpid ept_ad fsgsbase tsc_adjust bmi1 hle avx2 smep bmi2 erms invpcid rtm mpx rdseed adx smap clflushopt intel_pt xsaveopt xsavec xgetbv1 xsaves dtherm ida arat pln pts hwp hwp_notify hwp_act_window hwp_epp md_clear flush_l1d
vmx flags	: vnmi preemption_timer invvpid ept_x_only ept_ad ept_1gb flexpriority tsc_offset vtpr mtf vapic ept vpid unrestricted_guest ple shadow_vmcs pml ept_mode_based_exec
bugs		: cpu_meltdown spectre_v1 spectre_v2 spec_store_bypass l1tf mds swapgs taa itlb_multihit srbds
bogomips	: 7002.48
clflush size	: 64
cache_alignment	: 64
address sizes	: 39 bits physical, 48 bits virtual
power management:

processor	: 1
vendor_id	: GenuineIntel
cpu family	: 6
model		: 158
model name	: Intel(R) Core(TM) i5-7600 CPU @ 3.50GHz
stepping	: 9
microcode	: 0xde
cpu MHz		: 2682.736
cache size	: 6144 KB
physical id	: 0
siblings	: 4
core id		: 1
cpu cores	: 4
apicid		: 2
initial apicid	: 2
fpu		: yes
fpu_exception	: yes
cpuid level	: 22
wp		: yes
flags		: fpu vme de pse tsc msr pae mce cx8 apic sep mtrr pge mca cmov pat pse36 clflush dts acpi mmx fxsr sse sse2 ss ht tm pbe syscall nx pdpe1gb rdtscp lm constant_tsc art arch_perfmon pebs bts rep_good nopl xtopology nonstop_tsc cpuid aperfmperf pni pclmulqdq dtes64 monitor ds_cpl vmx smx est tm2 ssse3 sdbg fma cx16 xtpr pdcm pcid sse4_1 sse4_2 x2apic movbe popcnt tsc_deadline_timer aes xsave avx f16c rdrand lahf_lm abm 3dnowprefetch cpuid_fault invpcid_single pti ssbd ibrs ibpb stibp tpr_shadow vnmi flexpriority ept vpid ept_ad fsgsbase tsc_adjust bmi1 hle avx2 smep bmi2 erms invpcid rtm mpx rdseed adx smap clflushopt intel_pt xsaveopt xsavec xgetbv1 xsaves dtherm ida arat pln pts hwp hwp_notify hwp_act_window hwp_epp md_clear flush_l1d
vmx flags	: vnmi preemption_timer invvpid ept_x_only ept_ad ept_1gb flexpriority tsc_offset vtpr mtf vapic ept vpid unrestricted_guest ple shadow_vmcs pml ept_mode_based_exec
bugs		: cpu_meltdown spectre_v1 spectre_v2 spec_store_bypass l1tf mds swapgs taa itlb_multihit srbds
bogomips	: 7002.48
clflush size	: 64
cache_alignment	: 64
address sizes	: 39 bits physical, 48 bits virtual
power management:

processor	: 2
vendor_id	: GenuineIntel
cpu family	: 6
model		: 158
model name	: Intel(R) Core(TM) i5-7600 CPU @ 3.50GHz
stepping	: 9
microcode	: 0xde
cpu MHz		: 2444.200
cache size	: 6144 KB
physical id	: 0
siblings	: 4
core id		: 2
cpu cores	: 4
apicid		: 4
initial apicid	: 4
fpu		: yes
fpu_exception	: yes
cpuid level	: 22
wp		: yes
flags		: fpu vme de pse tsc msr pae mce cx8 apic sep mtrr pge mca cmov pat pse36 clflush dts acpi mmx fxsr sse sse2 ss ht tm pbe syscall nx pdpe1gb rdtscp lm constant_tsc art arch_perfmon pebs bts rep_good nopl xtopology nonstop_tsc cpuid aperfmperf pni pclmulqdq dtes64 monitor ds_cpl vmx smx est tm2 ssse3 sdbg fma cx16 xtpr pdcm pcid sse4_1 sse4_2 x2apic movbe popcnt tsc_deadline_timer aes xsave avx f16c rdrand lahf_lm abm 3dnowprefetch cpuid_fault invpcid_single pti ssbd ibrs ibpb stibp tpr_shadow vnmi flexpriority ept vpid ept_ad fsgsbase tsc_adjust bmi1 hle avx2 smep bmi2 erms invpcid rtm mpx rdseed adx smap clflushopt intel_pt xsaveopt xsavec xgetbv1 xsaves dtherm ida arat pln pts hwp hwp_notify hwp_act_window hwp_epp md_clear flush_l1d
vmx flags	: vnmi preemption_timer invvpid ept_x_only ept_ad ept_1gb flexpriority tsc_offset vtpr mtf vapic ept vpid unrestricted_guest ple shadow_vmcs pml ept_mode_based_exec
bugs		: cpu_meltdown spectre_v1 spectre_v2 spec_store_bypass l1tf mds swapgs taa itlb_multihit srbds
bogomips	: 7002.48
clflush size	: 64
cache_alignment	: 64
address sizes	: 39 bits physical, 48 bits virtual
power management:

processor	: 3
vendor_id	: GenuineIntel
cpu family	: 6
model		: 158
model name	: Intel(R) Core(TM) i5-7600 CPU @ 3.50GHz
stepping	: 9
microcode	: 0xde
cpu MHz		: 1969.709
cache size	: 6144 KB
physical id	: 0
siblings	: 4
core id		: 3
cpu cores	: 4
apicid		: 6
initial apicid	: 6
fpu		: yes
fpu_exception	: yes
cpuid level	: 22
wp		: yes
flags		: fpu vme de pse tsc msr pae mce cx8 apic sep mtrr pge mca cmov pat pse36 clflush dts acpi mmx fxsr sse sse2 ss ht tm pbe syscall nx pdpe1gb rdtscp lm constant_tsc art arch_perfmon pebs bts rep_good nopl xtopology nonstop_tsc cpuid aperfmperf pni pclmulqdq dtes64 monitor ds_cpl vmx smx est tm2 ssse3 sdbg fma cx16 xtpr pdcm pcid sse4_1 sse4_2 x2apic movbe popcnt tsc_deadline_timer aes xsave avx f16c rdrand lahf_lm abm 3dnowprefetch cpuid_fault invpcid_single pti ssbd ibrs ibpb stibp tpr_shadow vnmi flexpriority ept vpid ept_ad fsgsbase tsc_adjust bmi1 hle avx2 smep bmi2 erms invpcid rtm mpx rdseed adx smap clflushopt intel_pt xsaveopt xsavec xgetbv1 xsaves dtherm ida arat pln pts hwp hwp_notify hwp_act_window hwp_epp md_clear flush_l1d
vmx flags	: vnmi preemption_timer invvpid ept_x_only ept_ad ept_1gb flexpriority tsc_offset vtpr mtf vapic ept vpid unrestricted_guest ple shadow_vmcs pml ept_mode_based_exec
bugs		: cpu_meltdown spectre_v1 spectre_v2 spec_store_bypass l1tf mds swapgs taa itlb_multihit srbds
bogomips	: 7002.48
clflush size	: 64
cache_alignment	: 64
address sizes	: 39 bits physical, 48 bits virtual
power management:



Memory: 4k page, physical 16349012k(3333728k free), swap 16777212k(16777212k free)

vm_info: OpenJDK 64-Bit Server VM (25.275-b01) for linux-amd64 JRE (1.8.0_275-b01), built on Jan 10 2021 13:38:57 by "builduser" with gcc 10.2.0

time: Sun Feb  7 22:53:19 2021
timezone: PST
elapsed time: 0.041996 seconds (0d 0h 0m 0s)

