#
# A fatal error has been detected by the Java Runtime Environment:
#
#  SIGSEGV (0xb) at pc=0x00007fbcf250c0f0, pid=89183, tid=0x00007fbcf196b640
#
# JRE version: OpenJDK Runtime Environment (8.0_275-b01) (build 1.8.0_275-b01)
# Java VM: OpenJDK 64-Bit Server VM (25.275-b01 mixed mode linux-amd64 compressed oops)
# Problematic frame:
# V  [libjvm.so+0xa5a0f0]
#
# Core dump written. Default location: /home/sir/Desktop/Jave/core or core.89183
#
# If you would like to submit a bug report, please visit:
#   http://bugreport.java.com/bugreport/crash.jsp
#

---------------  T H R E A D  ---------------

Current thread (0x00007fbcec00a800):  JavaThread "main" [_thread_in_vm, id=89184, stack(0x00007fbcf186c000,0x00007fbcf196c000)]

siginfo: si_signo: 11 (SIGSEGV), si_code: 1 (SEGV_MAPERR), si_addr: 0x0000000000000002

Registers:
RAX=0x00007fbcec009240, RBX=0x0000000000000001, RCX=0x0000000000000056, RDX=0x000000000000000e
RSP=0x00007fbcf1969e38, RBP=0x00007fbcf1969e50, RSI=0x00007fbcf2646200, RDI=0x0000000000000000
R8 =0x00007fbcec00a800, R9 =0x0000000000000006, R10=0x0000000000000007, R11=0x0000000000000000
R12=0x00007fbcf1969f30, R13=0x00007fbcf2645584, R14=0x00007fbcec009220, R15=0x0000000000000000
RIP=0x00007fbcf250c0f0, EFLAGS=0x0000000000010202, CSGSFS=0x002b000000000033, ERR=0x0000000000000004
  TRAPNO=0x000000000000000e

Top of Stack: (sp=0x00007fbcf1969e38)
0x00007fbcf1969e38:   00007fbcf24be7d2 00007fbcec0091d0
0x00007fbcf1969e48:   0000000000000001 00007fbcf196a200
0x00007fbcf1969e58:   00007fbcf24ab55a 00007fbcec0e47e0
0x00007fbcf1969e68:   00007fbc00000000 00007fbcf196a570
0x00007fbcf1969e78:   00000007c0001ef8 00007fbcec009220
0x00007fbcf1969e88:   00007fbcec0091d0 00007fbcec059880
0x00007fbcf1969e98:   00000000000003d8 00007fbcec007cf0
0x00007fbcf1969ea8:   00007fbcec0095f8 00007fbcec009220
0x00007fbcf1969eb8:   00007fbcf1969f30 0000000100000012
0x00007fbcf1969ec8:   00007fbcec009210 0000000000000001
0x00007fbcf1969ed8:   00007fbcf1969f00 0000003400000012
0x00007fbcf1969ee8:   0000000000000000 0000000000000000
0x00007fbcf1969ef8:   0000000000000000 00000000b0000000
0x00007fbcf1969f08:   0000007c00000000 00007fbcffffffff
0x00007fbcf1969f18:   0000000000000010 0000000000000110
0x00007fbcf1969f28:   00007fbcec000020 00007fbcec0e44f0
0x00007fbcf1969f38:   0000000400000003 000000010000000e
0x00007fbcf1969f48:   00007fbcec009220 0000000000000000
0x00007fbcf1969f58:   00007fbcf1969fa0 0000000000000110
0x00007fbcf1969f68:   00007fbcf23f055e 00007fbcec0e47e0
0x00007fbcf1969f78:   00007fbcf2842c40 0000000000000110
0x00007fbcf1969f88:   0000000000000110 00007fbcec0e4c00
0x00007fbcf1969f98:   0000000000000002 00007fbcf1969fd0
0x00007fbcf1969fa8:   00007fbcf1ef2deb 00007fbcf1969fd0
0x00007fbcf1969fb8:   00007fbcf23b3077 0000000000000002
0x00007fbcf1969fc8:   00007fbcf1969fe0 00007fbcf196a030
0x00007fbcf1969fd8:   00007fbcf1ef2e96 0000000000000000
0x00007fbcf1969fe8:   0000000000000000 0000000000000000
0x00007fbcf1969ff8:   0000000000000000 0000000000000000
0x00007fbcf196a008:   00007fbcec0e4c00 00007fbcf196a030
0x00007fbcf196a018:   000000076cddb720 00007fbcec0e42c0
0x00007fbcf196a028:   00007fbcdc434088 00007fbcf196a060 

Instructions: (pc=0x00007fbcf250c0f0)
0x00007fbcf250c0d0:   0f b7 47 02 66 85 c0 79 07 c3 66 0f 1f 44 00 00
0x00007fbcf250c0e0:   48 83 c7 02 e9 d7 35 8a ff 90 66 0f 1f 44 00 00
0x00007fbcf250c0f0:   0f b7 47 02 66 85 c0 79 07 c3 66 0f 1f 44 00 00
0x00007fbcf250c100:   48 83 c7 02 e9 e7 35 8a ff 90 66 0f 1f 44 00 00 

Register to memory mapping:

RAX=0x00007fbcec009240 is an unknown value
RBX=0x0000000000000001 is an unknown value
RCX=0x0000000000000056 is an unknown value
RDX=0x000000000000000e is an unknown value
RSP=0x00007fbcf1969e38 is pointing into the stack for thread: 0x00007fbcec00a800
RBP=0x00007fbcf1969e50 is pointing into the stack for thread: 0x00007fbcec00a800
RSI=0x00007fbcf2646200: <offset 0xb94200> in /usr/lib/jvm/java-8-openjdk/jre/lib/amd64/server/libjvm.so at 0x00007fbcf1ab2000
RDI=0x0000000000000000 is an unknown value
R8 =0x00007fbcec00a800 is a thread
R9 =0x0000000000000006 is an unknown value
R10=0x0000000000000007 is an unknown value
R11=0x0000000000000000 is an unknown value
R12=0x00007fbcf1969f30 is pointing into the stack for thread: 0x00007fbcec00a800
R13=0x00007fbcf2645584: <offset 0xb93584> in /usr/lib/jvm/java-8-openjdk/jre/lib/amd64/server/libjvm.so at 0x00007fbcf1ab2000
R14=0x00007fbcec009220 is an unknown value
R15=0x0000000000000000 is an unknown value


Stack: [0x00007fbcf186c000,0x00007fbcf196c000],  sp=0x00007fbcf1969e38,  free space=1015k
Native frames: (J=compiled Java code, j=interpreted, Vv=VM code, C=native code)
V  [libjvm.so+0xa5a0f0]
V  [libjvm.so+0x9f955a]
V  [libjvm.so+0x8da3ea]
V  [libjvm.so+0x6327dd]
V  [libjvm.so+0x632e24]
V  [libjvm.so+0x633131]
V  [libjvm.so+0x736ba9]
V  [libjvm.so+0x73731d]  JVM_GetClassDeclaredMethods+0x6d
j  java.lang.Class.getDeclaredMethods0(Z)[Ljava/lang/reflect/Method;+0
j  java.lang.Class.privateGetDeclaredMethods(Z)[Ljava/lang/reflect/Method;+37
j  java.lang.Class.privateGetMethodRecursive(Ljava/lang/String;[Ljava/lang/Class;ZLjava/lang/Class$MethodArray;)Ljava/lang/reflect/Method;+2
j  java.lang.Class.getMethod0(Ljava/lang/String;[Ljava/lang/Class;Z)Ljava/lang/reflect/Method;+16
j  java.lang.Class.getMethod(Ljava/lang/String;[Ljava/lang/Class;)Ljava/lang/reflect/Method;+13
j  sun.launcher.LauncherHelper.validateMainClass(Ljava/lang/Class;)V+12
j  sun.launcher.LauncherHelper.checkAndLoadMain(ZILjava/lang/String;)Ljava/lang/Class;+214
v  ~StubRoutines::call_stub
V  [libjvm.so+0x67b89e]
V  [libjvm.so+0x6f2be0]
V  [libjvm.so+0x6f4225]
C  [libjli.so+0x3c40]
C  [libpthread.so.0+0x93e9]  start_thread+0xe9

Java frames: (J=compiled Java code, j=interpreted, Vv=VM code)
j  java.lang.Class.getDeclaredMethods0(Z)[Ljava/lang/reflect/Method;+0
j  java.lang.Class.privateGetDeclaredMethods(Z)[Ljava/lang/reflect/Method;+37
j  java.lang.Class.privateGetMethodRecursive(Ljava/lang/String;[Ljava/lang/Class;ZLjava/lang/Class$MethodArray;)Ljava/lang/reflect/Method;+2
j  java.lang.Class.getMethod0(Ljava/lang/String;[Ljava/lang/Class;Z)Ljava/lang/reflect/Method;+16
j  java.lang.Class.getMethod(Ljava/lang/String;[Ljava/lang/Class;)Ljava/lang/reflect/Method;+13
j  sun.launcher.LauncherHelper.validateMainClass(Ljava/lang/Class;)V+12
j  sun.launcher.LauncherHelper.checkAndLoadMain(ZILjava/lang/String;)Ljava/lang/Class;+214
v  ~StubRoutines::call_stub

---------------  P R O C E S S  ---------------

Java Threads: ( => current thread )
  0x00007fbcec0ce000 JavaThread "Service Thread" daemon [_thread_blocked, id=89196, stack(0x00007fbcd6572000,0x00007fbcd6673000)]
  0x00007fbcec0c1000 JavaThread "C1 CompilerThread2" daemon [_thread_blocked, id=89195, stack(0x00007fbcd6674000,0x00007fbcd6774000)]
  0x00007fbcec0bf000 JavaThread "C2 CompilerThread1" daemon [_thread_blocked, id=89194, stack(0x00007fbcd6775000,0x00007fbcd6875000)]
  0x00007fbcec0bc000 JavaThread "C2 CompilerThread0" daemon [_thread_blocked, id=89193, stack(0x00007fbcd6876000,0x00007fbcd6976000)]
  0x00007fbcec0b6800 JavaThread "Signal Dispatcher" daemon [_thread_blocked, id=89192, stack(0x00007fbcd6976000,0x00007fbcd6a77000)]
  0x00007fbcec086000 JavaThread "Finalizer" daemon [_thread_blocked, id=89191, stack(0x00007fbcd6d5e000,0x00007fbcd6e5f000)]
  0x00007fbcec081800 JavaThread "Reference Handler" daemon [_thread_blocked, id=89190, stack(0x00007fbcd6e5f000,0x00007fbcd6f60000)]
=>0x00007fbcec00a800 JavaThread "main" [_thread_in_vm, id=89184, stack(0x00007fbcf186c000,0x00007fbcf196c000)]

Other Threads:
  0x00007fbcec078000 VMThread [stack: 0x00007fbcd6f61000,0x00007fbcd7061000] [id=89189]
  0x00007fbcec0d0800 WatcherThread [stack: 0x00007fbcd6472000,0x00007fbcd6572000] [id=89197]

VM state:not at safepoint (normal execution)

VM Mutex/Monitor currently owned by a thread:  ([mutex/lock_event])
[0x00007fbcec007cf0] AdapterHandlerLibrary_lock - owner thread: 0x00007fbcec00a800

heap address: 0x00000006c6800000, size: 3992 MB, Compressed Oops mode: Zero based, Oop shift amount: 3
Narrow klass base: 0x0000000000000000, Narrow klass shift: 3
Compressed class space size: 1073741824 Address: 0x00000007c0000000

Heap:
 PSYoungGen      total 74752K, used 1290K [0x000000076cd80000, 0x0000000772080000, 0x00000007c0000000)
  eden space 64512K, 2% used [0x000000076cd80000,0x000000076cec2900,0x0000000770c80000)
  from space 10240K, 0% used [0x0000000771680000,0x0000000771680000,0x0000000772080000)
  to   space 10240K, 0% used [0x0000000770c80000,0x0000000770c80000,0x0000000771680000)
 ParOldGen       total 171008K, used 0K [0x00000006c6800000, 0x00000006d0f00000, 0x000000076cd80000)
  object space 171008K, 0% used [0x00000006c6800000,0x00000006c6800000,0x00000006d0f00000)
 Metaspace       used 2646K, capacity 4486K, committed 4864K, reserved 1056768K
  class space    used 276K, capacity 386K, committed 512K, reserved 1048576K

Card table byte_map: [0x00007fbcf0c9b000,0x00007fbcf1468000] byte_map_base: 0x00007fbced667000

Marking Bits: (ParMarkBitMap*) 0x00007fbcf286ef40
 Begin Bits: [0x00007fbcc8340000, 0x00007fbccc1a0000)
 End Bits:   [0x00007fbccc1a0000, 0x00007fbcd0000000)

Polling page: 0x00007fbcf2ab9000

CodeCache: size=245760Kb used=1083Kb max_used=1083Kb free=244676Kb
 bounds [0x00007fbcdd000000, 0x00007fbcdd270000, 0x00007fbcec000000]
 total_blobs=256 nmethods=11 adapters=160
 compilation: enabled

Compilation events (10 events):
Event: 0.030 Thread 0x00007fbcec0c1000    7       3       java.lang.Math::min (11 bytes)
Event: 0.030 Thread 0x00007fbcec0c1000 nmethod 7 0x00007fbcdd103c10 code [0x00007fbcdd103d80, 0x00007fbcdd103f10]
Event: 0.030 Thread 0x00007fbcec0c1000    8       3       java.lang.String::length (6 bytes)
Event: 0.030 Thread 0x00007fbcec0c1000 nmethod 8 0x00007fbcdd103890 code [0x00007fbcdd103a00, 0x00007fbcdd103b70]
Event: 0.030 Thread 0x00007fbcec0c1000    9       1       java.lang.Object::<init> (1 bytes)
Event: 0.030 Thread 0x00007fbcec0c1000 nmethod 9 0x00007fbcdd1035d0 code [0x00007fbcdd103720, 0x00007fbcdd103830]
Event: 0.032 Thread 0x00007fbcec0c1000   10       1       java.lang.ref.Reference::get (5 bytes)
Event: 0.032 Thread 0x00007fbcec0c1000 nmethod 10 0x00007fbcdd10ded0 code [0x00007fbcdd10e020, 0x00007fbcdd10e130]
Event: 0.034 Thread 0x00007fbcec0c1000   11       1       java.lang.ThreadLocal::access$400 (5 bytes)
Event: 0.034 Thread 0x00007fbcec0c1000 nmethod 11 0x00007fbcdd10ee50 code [0x00007fbcdd10efa0, 0x00007fbcdd10f090]

GC Heap History (0 events):
No events

Deoptimization events (0 events):
No events

Classes redefined (0 events):
No events

Internal exceptions (2 events):
Event: 0.012 Thread 0x00007fbcec00a800 Exception <a 'java/lang/NoSuchMethodError': Method sun.misc.Unsafe.defineClass(Ljava/lang/String;[BII)Ljava/lang/Class; name or signature does not match> (0x000000076cd87cc0) thrown at [/build/java8-openjdk/src/jdk8u-jdk8u275-b01/hotspot/src/share/vm/prim
Event: 0.012 Thread 0x00007fbcec00a800 Exception <a 'java/lang/NoSuchMethodError': Method sun.misc.Unsafe.prefetchRead(Ljava/lang/Object;J)V name or signature does not match> (0x000000076cd87fa8) thrown at [/build/java8-openjdk/src/jdk8u-jdk8u275-b01/hotspot/src/share/vm/prims/jni.cpp, line 40

Events (10 events):
Event: 0.034 loading class java/security/AllPermission
Event: 0.034 loading class java/security/AllPermission done
Event: 0.034 loading class java/security/UnresolvedPermission
Event: 0.034 loading class java/security/UnresolvedPermission done
Event: 0.034 loading class java/security/BasicPermissionCollection
Event: 0.034 loading class java/security/BasicPermissionCollection done
Event: 0.034 loading class sun/launcher/LauncherHelper$FXHelper
Event: 0.034 loading class sun/launcher/LauncherHelper$FXHelper done
Event: 0.034 loading class java/lang/Class$MethodArray
Event: 0.034 loading class java/lang/Class$MethodArray done


Dynamic libraries:
6c6800000-6d0f00000 rw-p 00000000 00:00 0 
6d0f00000-76cd80000 ---p 00000000 00:00 0 
76cd80000-772080000 rw-p 00000000 00:00 0 
772080000-7c0000000 ---p 00000000 00:00 0 
7c0000000-7c0080000 rw-p 00000000 00:00 0 
7c0080000-800000000 ---p 00000000 00:00 0 
55ac47067000-55ac47068000 r--p 00000000 08:06 10618125                   /usr/lib/jvm/java-8-openjdk/jre/bin/java
55ac47068000-55ac47069000 r-xp 00001000 08:06 10618125                   /usr/lib/jvm/java-8-openjdk/jre/bin/java
55ac47069000-55ac4706a000 r--p 00002000 08:06 10618125                   /usr/lib/jvm/java-8-openjdk/jre/bin/java
55ac4706a000-55ac4706b000 r--p 00002000 08:06 10618125                   /usr/lib/jvm/java-8-openjdk/jre/bin/java
55ac4706b000-55ac4706c000 rw-p 00003000 08:06 10618125                   /usr/lib/jvm/java-8-openjdk/jre/bin/java
55ac48f43000-55ac48f64000 rw-p 00000000 00:00 0                          [heap]
7fbc9c000000-7fbc9c021000 rw-p 00000000 00:00 0 
7fbc9c021000-7fbca0000000 ---p 00000000 00:00 0 
7fbca0000000-7fbca0021000 rw-p 00000000 00:00 0 
7fbca0021000-7fbca4000000 ---p 00000000 00:00 0 
7fbca4000000-7fbca4021000 rw-p 00000000 00:00 0 
7fbca4021000-7fbca8000000 ---p 00000000 00:00 0 
7fbca8000000-7fbca8034000 rw-p 00000000 00:00 0 
7fbca8034000-7fbcac000000 ---p 00000000 00:00 0 
7fbcac000000-7fbcac021000 rw-p 00000000 00:00 0 
7fbcac021000-7fbcb0000000 ---p 00000000 00:00 0 
7fbcb0000000-7fbcb0046000 rw-p 00000000 00:00 0 
7fbcb0046000-7fbcb4000000 ---p 00000000 00:00 0 
7fbcb4000000-7fbcb4021000 rw-p 00000000 00:00 0 
7fbcb4021000-7fbcb8000000 ---p 00000000 00:00 0 
7fbcb8000000-7fbcb8021000 rw-p 00000000 00:00 0 
7fbcb8021000-7fbcbc000000 ---p 00000000 00:00 0 
7fbcbc000000-7fbcbc021000 rw-p 00000000 00:00 0 
7fbcbc021000-7fbcc0000000 ---p 00000000 00:00 0 
7fbcc0000000-7fbcc0021000 rw-p 00000000 00:00 0 
7fbcc0021000-7fbcc4000000 ---p 00000000 00:00 0 
7fbcc4000000-7fbcc4021000 rw-p 00000000 00:00 0 
7fbcc4021000-7fbcc8000000 ---p 00000000 00:00 0 
7fbcc8340000-7fbcd0000000 rw-p 00000000 00:00 0 
7fbcd0000000-7fbcd0021000 rw-p 00000000 00:00 0 
7fbcd0021000-7fbcd4000000 ---p 00000000 00:00 0 
7fbcd6410000-7fbcd6441000 rw-p 00000000 00:00 0 
7fbcd6441000-7fbcd6446000 r--p 00000000 08:06 10754083                   /usr/lib/jvm/java-8-openjdk/jre/lib/amd64/libnet.so
7fbcd6446000-7fbcd6456000 r-xp 00005000 08:06 10754083                   /usr/lib/jvm/java-8-openjdk/jre/lib/amd64/libnet.so
7fbcd6456000-7fbcd645a000 r--p 00015000 08:06 10754083                   /usr/lib/jvm/java-8-openjdk/jre/lib/amd64/libnet.so
7fbcd645a000-7fbcd645b000 r--p 00018000 08:06 10754083                   /usr/lib/jvm/java-8-openjdk/jre/lib/amd64/libnet.so
7fbcd645b000-7fbcd645c000 rw-p 00019000 08:06 10754083                   /usr/lib/jvm/java-8-openjdk/jre/lib/amd64/libnet.so
7fbcd645c000-7fbcd6463000 r--p 00000000 08:06 10754084                   /usr/lib/jvm/java-8-openjdk/jre/lib/amd64/libnio.so
7fbcd6463000-7fbcd646b000 r-xp 00007000 08:06 10754084                   /usr/lib/jvm/java-8-openjdk/jre/lib/amd64/libnio.so
7fbcd646b000-7fbcd646e000 r--p 0000f000 08:06 10754084                   /usr/lib/jvm/java-8-openjdk/jre/lib/amd64/libnio.so
7fbcd646e000-7fbcd646f000 ---p 00012000 08:06 10754084                   /usr/lib/jvm/java-8-openjdk/jre/lib/amd64/libnio.so
7fbcd646f000-7fbcd6470000 r--p 00012000 08:06 10754084                   /usr/lib/jvm/java-8-openjdk/jre/lib/amd64/libnio.so
7fbcd6470000-7fbcd6471000 rw-p 00013000 08:06 10754084                   /usr/lib/jvm/java-8-openjdk/jre/lib/amd64/libnio.so
7fbcd6471000-7fbcd6472000 ---p 00000000 00:00 0 
7fbcd6472000-7fbcd6572000 rw-p 00000000 00:00 0 
7fbcd6572000-7fbcd6575000 ---p 00000000 00:00 0 
7fbcd6575000-7fbcd6673000 rw-p 00000000 00:00 0 
7fbcd6673000-7fbcd6674000 ---p 00000000 00:00 0 
7fbcd6674000-7fbcd6677000 ---p 00000000 00:00 0 
7fbcd6677000-7fbcd6774000 rw-p 00000000 00:00 0 
7fbcd6774000-7fbcd6775000 ---p 00000000 00:00 0 
7fbcd6775000-7fbcd6778000 ---p 00000000 00:00 0 
7fbcd6778000-7fbcd6875000 rw-p 00000000 00:00 0 
7fbcd6875000-7fbcd6876000 ---p 00000000 00:00 0 
7fbcd6876000-7fbcd6879000 ---p 00000000 00:00 0 
7fbcd6879000-7fbcd6976000 rw-p 00000000 00:00 0 
7fbcd6976000-7fbcd6979000 ---p 00000000 00:00 0 
7fbcd6979000-7fbcd6a77000 rw-p 00000000 00:00 0 
7fbcd6a77000-7fbcd6d5e000 r--p 00000000 08:06 8163457                    /usr/lib/locale/locale-archive
7fbcd6d5e000-7fbcd6d61000 ---p 00000000 00:00 0 
7fbcd6d61000-7fbcd6e5f000 rw-p 00000000 00:00 0 
7fbcd6e5f000-7fbcd6e62000 ---p 00000000 00:00 0 
7fbcd6e62000-7fbcd6f60000 rw-p 00000000 00:00 0 
7fbcd6f60000-7fbcd6f61000 ---p 00000000 00:00 0 
7fbcd6f61000-7fbcd8000000 rw-p 00000000 00:00 0 
7fbcd8000000-7fbcd8021000 rw-p 00000000 00:00 0 
7fbcd8021000-7fbcdc000000 ---p 00000000 00:00 0 
7fbcdc013000-7fbcdc474000 rw-p 00000000 00:00 0 
7fbcdc474000-7fbcdc834000 ---p 00000000 00:00 0 
7fbcdc834000-7fbcdd000000 rw-p 00000000 00:00 0 
7fbcdd000000-7fbcdd270000 rwxp 00000000 00:00 0 
7fbcdd270000-7fbcec000000 ---p 00000000 00:00 0 
7fbcec000000-7fbcec104000 rw-p 00000000 00:00 0 
7fbcec104000-7fbcf0000000 ---p 00000000 00:00 0 
7fbcf0004000-7fbcf000a000 r--s 000d3000 08:06 10754101                   /usr/lib/jvm/java-8-openjdk/jre/lib/jfr.jar
7fbcf000a000-7fbcf004c000 rw-p 00000000 00:00 0 
7fbcf004c000-7fbcf021d000 r--s 03c93000 08:06 10754790                   /usr/lib/jvm/java-8-openjdk/jre/lib/rt.jar
7fbcf021d000-7fbcf0364000 rw-p 00000000 00:00 0 
7fbcf0364000-7fbcf0365000 ---p 00000000 00:00 0 
7fbcf0365000-7fbcf0465000 rw-p 00000000 00:00 0 
7fbcf0465000-7fbcf0466000 ---p 00000000 00:00 0 
7fbcf0466000-7fbcf0566000 rw-p 00000000 00:00 0 
7fbcf0566000-7fbcf0567000 ---p 00000000 00:00 0 
7fbcf0567000-7fbcf0667000 rw-p 00000000 00:00 0 
7fbcf0667000-7fbcf0668000 ---p 00000000 00:00 0 
7fbcf0668000-7fbcf07bc000 rw-p 00000000 00:00 0 
7fbcf07bc000-7fbcf0c9b000 ---p 00000000 00:00 0 
7fbcf0c9b000-7fbcf0cef000 rw-p 00000000 00:00 0 
7fbcf0cef000-7fbcf11cd000 ---p 00000000 00:00 0 
7fbcf11cd000-7fbcf11f8000 rw-p 00000000 00:00 0 
7fbcf11f8000-7fbcf1467000 ---p 00000000 00:00 0 
7fbcf1467000-7fbcf1472000 rw-p 00000000 00:00 0 
7fbcf1472000-7fbcf1828000 ---p 00000000 00:00 0 
7fbcf1828000-7fbcf182b000 r--p 00000000 08:06 10754091                   /usr/lib/jvm/java-8-openjdk/jre/lib/amd64/libzip.so
7fbcf182b000-7fbcf182f000 r-xp 00003000 08:06 10754091                   /usr/lib/jvm/java-8-openjdk/jre/lib/amd64/libzip.so
7fbcf182f000-7fbcf1831000 r--p 00007000 08:06 10754091                   /usr/lib/jvm/java-8-openjdk/jre/lib/amd64/libzip.so
7fbcf1831000-7fbcf1832000 r--p 00008000 08:06 10754091                   /usr/lib/jvm/java-8-openjdk/jre/lib/amd64/libzip.so
7fbcf1832000-7fbcf1833000 rw-p 00009000 08:06 10754091                   /usr/lib/jvm/java-8-openjdk/jre/lib/amd64/libzip.so
7fbcf1833000-7fbcf1840000 r--p 00000000 08:06 10754073                   /usr/lib/jvm/java-8-openjdk/jre/lib/amd64/libjava.so
7fbcf1840000-7fbcf1856000 r-xp 0000d000 08:06 10754073                   /usr/lib/jvm/java-8-openjdk/jre/lib/amd64/libjava.so
7fbcf1856000-7fbcf185d000 r--p 00023000 08:06 10754073                   /usr/lib/jvm/java-8-openjdk/jre/lib/amd64/libjava.so
7fbcf185d000-7fbcf185e000 r--p 00029000 08:06 10754073                   /usr/lib/jvm/java-8-openjdk/jre/lib/amd64/libjava.so
7fbcf185e000-7fbcf185f000 rw-p 0002a000 08:06 10754073                   /usr/lib/jvm/java-8-openjdk/jre/lib/amd64/libjava.so
7fbcf185f000-7fbcf1860000 rw-p 00000000 00:00 0 
7fbcf1860000-7fbcf1863000 r--p 00000000 08:06 8129986                    /usr/lib/librt-2.32.so
7fbcf1863000-7fbcf1867000 r-xp 00003000 08:06 8129986                    /usr/lib/librt-2.32.so
7fbcf1867000-7fbcf1869000 r--p 00007000 08:06 8129986                    /usr/lib/librt-2.32.so
7fbcf1869000-7fbcf186a000 r--p 00008000 08:06 8129986                    /usr/lib/librt-2.32.so
7fbcf186a000-7fbcf186b000 rw-p 00009000 08:06 8129986                    /usr/lib/librt-2.32.so
7fbcf186b000-7fbcf186c000 ---p 00000000 00:00 0 
7fbcf186c000-7fbcf186f000 ---p 00000000 00:00 0 
7fbcf186f000-7fbcf196c000 rw-p 00000000 00:00 0 
7fbcf196c000-7fbcf197b000 r--p 00000000 08:06 8129928                    /usr/lib/libm-2.32.so
7fbcf197b000-7fbcf1a17000 r-xp 0000f000 08:06 8129928                    /usr/lib/libm-2.32.so
7fbcf1a17000-7fbcf1ab0000 r--p 000ab000 08:06 8129928                    /usr/lib/libm-2.32.so
7fbcf1ab0000-7fbcf1ab1000 r--p 00143000 08:06 8129928                    /usr/lib/libm-2.32.so
7fbcf1ab1000-7fbcf1ab2000 rw-p 00144000 08:06 8129928                    /usr/lib/libm-2.32.so
7fbcf1ab2000-7fbcf1ca9000 r--p 00000000 08:06 10885649                   /usr/lib/jvm/java-8-openjdk/jre/lib/amd64/server/libjvm.so
7fbcf1ca9000-7fbcf25e0000 r-xp 001f7000 08:06 10885649                   /usr/lib/jvm/java-8-openjdk/jre/lib/amd64/server/libjvm.so
7fbcf25e0000-7fbcf2799000 r--p 00b2e000 08:06 10885649                   /usr/lib/jvm/java-8-openjdk/jre/lib/amd64/server/libjvm.so
7fbcf2799000-7fbcf2830000 r--p 00ce6000 08:06 10885649                   /usr/lib/jvm/java-8-openjdk/jre/lib/amd64/server/libjvm.so
7fbcf2830000-7fbcf2859000 rw-p 00d7d000 08:06 10885649                   /usr/lib/jvm/java-8-openjdk/jre/lib/amd64/server/libjvm.so
7fbcf2859000-7fbcf288e000 rw-p 00000000 00:00 0 
7fbcf288e000-7fbcf2895000 r--p 00000000 08:06 8129977                    /usr/lib/libpthread-2.32.so
7fbcf2895000-7fbcf28a5000 r-xp 00007000 08:06 8129977                    /usr/lib/libpthread-2.32.so
7fbcf28a5000-7fbcf28aa000 r--p 00017000 08:06 8129977                    /usr/lib/libpthread-2.32.so
7fbcf28aa000-7fbcf28ab000 r--p 0001b000 08:06 8129977                    /usr/lib/libpthread-2.32.so
7fbcf28ab000-7fbcf28ac000 rw-p 0001c000 08:06 8129977                    /usr/lib/libpthread-2.32.so
7fbcf28ac000-7fbcf28b0000 rw-p 00000000 00:00 0 
7fbcf28b0000-7fbcf28b1000 r--p 00000000 08:06 8129917                    /usr/lib/libdl-2.32.so
7fbcf28b1000-7fbcf28b3000 r-xp 00001000 08:06 8129917                    /usr/lib/libdl-2.32.so
7fbcf28b3000-7fbcf28b4000 r--p 00003000 08:06 8129917                    /usr/lib/libdl-2.32.so
7fbcf28b4000-7fbcf28b5000 r--p 00003000 08:06 8129917                    /usr/lib/libdl-2.32.so
7fbcf28b5000-7fbcf28b6000 rw-p 00004000 08:06 8129917                    /usr/lib/libdl-2.32.so
7fbcf28b6000-7fbcf28b9000 r--p 00000000 08:06 8139696                    /usr/lib/libz.so.1.2.11
7fbcf28b9000-7fbcf28c7000 r-xp 00003000 08:06 8139696                    /usr/lib/libz.so.1.2.11
7fbcf28c7000-7fbcf28cd000 r--p 00011000 08:06 8139696                    /usr/lib/libz.so.1.2.11
7fbcf28cd000-7fbcf28ce000 ---p 00017000 08:06 8139696                    /usr/lib/libz.so.1.2.11
7fbcf28ce000-7fbcf28cf000 r--p 00017000 08:06 8139696                    /usr/lib/libz.so.1.2.11
7fbcf28cf000-7fbcf28d0000 rw-p 00018000 08:06 8139696                    /usr/lib/libz.so.1.2.11
7fbcf28d0000-7fbcf28f6000 r--p 00000000 08:06 8129905                    /usr/lib/libc-2.32.so
7fbcf28f6000-7fbcf2a43000 r-xp 00026000 08:06 8129905                    /usr/lib/libc-2.32.so
7fbcf2a43000-7fbcf2a8f000 r--p 00173000 08:06 8129905                    /usr/lib/libc-2.32.so
7fbcf2a8f000-7fbcf2a92000 r--p 001be000 08:06 8129905                    /usr/lib/libc-2.32.so
7fbcf2a92000-7fbcf2a95000 rw-p 001c1000 08:06 8129905                    /usr/lib/libc-2.32.so
7fbcf2a95000-7fbcf2a99000 rw-p 00000000 00:00 0 
7fbcf2a9c000-7fbcf2aa4000 rw-s 00000000 00:30 332                        /tmp/hsperfdata_sir/89183
7fbcf2aa4000-7fbcf2aa7000 r--p 00000000 08:06 8129967                    /usr/lib/libnss_files-2.32.so
7fbcf2aa7000-7fbcf2aae000 r-xp 00003000 08:06 8129967                    /usr/lib/libnss_files-2.32.so
7fbcf2aae000-7fbcf2ab0000 r--p 0000a000 08:06 8129967                    /usr/lib/libnss_files-2.32.so
7fbcf2ab0000-7fbcf2ab1000 r--p 0000b000 08:06 8129967                    /usr/lib/libnss_files-2.32.so
7fbcf2ab1000-7fbcf2ab2000 rw-p 0000c000 08:06 8129967                    /usr/lib/libnss_files-2.32.so
7fbcf2ab2000-7fbcf2ab9000 rw-p 00000000 00:00 0 
7fbcf2ab9000-7fbcf2aba000 r--p 00000000 00:00 0 
7fbcf2aba000-7fbcf2abf000 r--p 00000000 08:06 10754090                   /usr/lib/jvm/java-8-openjdk/jre/lib/amd64/libverify.so
7fbcf2abf000-7fbcf2ac6000 r-xp 00005000 08:06 10754090                   /usr/lib/jvm/java-8-openjdk/jre/lib/amd64/libverify.so
7fbcf2ac6000-7fbcf2ac8000 r--p 0000c000 08:06 10754090                   /usr/lib/jvm/java-8-openjdk/jre/lib/amd64/libverify.so
7fbcf2ac8000-7fbcf2ac9000 ---p 0000e000 08:06 10754090                   /usr/lib/jvm/java-8-openjdk/jre/lib/amd64/libverify.so
7fbcf2ac9000-7fbcf2acb000 r--p 0000e000 08:06 10754090                   /usr/lib/jvm/java-8-openjdk/jre/lib/amd64/libverify.so
7fbcf2acb000-7fbcf2acc000 rw-p 00010000 08:06 10754090                   /usr/lib/jvm/java-8-openjdk/jre/lib/amd64/libverify.so
7fbcf2acc000-7fbcf2acf000 r--p 00000000 08:06 10885645                   /usr/lib/jvm/java-8-openjdk/jre/lib/amd64/jli/libjli.so
7fbcf2acf000-7fbcf2ad8000 r-xp 00003000 08:06 10885645                   /usr/lib/jvm/java-8-openjdk/jre/lib/amd64/jli/libjli.so
7fbcf2ad8000-7fbcf2adb000 r--p 0000c000 08:06 10885645                   /usr/lib/jvm/java-8-openjdk/jre/lib/amd64/jli/libjli.so
7fbcf2adb000-7fbcf2adc000 r--p 0000e000 08:06 10885645                   /usr/lib/jvm/java-8-openjdk/jre/lib/amd64/jli/libjli.so
7fbcf2adc000-7fbcf2add000 rw-p 0000f000 08:06 10885645                   /usr/lib/jvm/java-8-openjdk/jre/lib/amd64/jli/libjli.so
7fbcf2add000-7fbcf2adf000 rw-p 00000000 00:00 0 
7fbcf2adf000-7fbcf2ae1000 r--p 00000000 08:06 8129881                    /usr/lib/ld-2.32.so
7fbcf2ae1000-7fbcf2b02000 r-xp 00002000 08:06 8129881                    /usr/lib/ld-2.32.so
7fbcf2b02000-7fbcf2b0b000 r--p 00023000 08:06 8129881                    /usr/lib/ld-2.32.so
7fbcf2b0b000-7fbcf2b0c000 r--p 0002b000 08:06 8129881                    /usr/lib/ld-2.32.so
7fbcf2b0c000-7fbcf2b0e000 rw-p 0002c000 08:06 8129881                    /usr/lib/ld-2.32.so
7ffdb9706000-7ffdb9727000 rw-p 00000000 00:00 0                          [stack]
7ffdb9774000-7ffdb9778000 r--p 00000000 00:00 0                          [vvar]
7ffdb9778000-7ffdb977a000 r-xp 00000000 00:00 0                          [vdso]
ffffffffff600000-ffffffffff601000 --xp 00000000 00:00 0                  [vsyscall]

VM Arguments:
jvm_args: -Xverify:none 
java_command: Void_
java_class_path (initial): .
Launcher Type: SUN_STANDARD

Environment Variables:
PATH=/home/sir/.gem/ruby/2.7.0/bin:/usr/local/sbin:/usr/local/bin:/usr/bin:/usr/bin/site_perl:/usr/bin/vendor_perl:/usr/bin/core_perl
SHELL=/bin/fish
DISPLAY=:0

Signal Handlers:
SIGSEGV: [libjvm.so+0xaf74c0], sa_mask[0]=11111111011111111101111111111110, sa_flags=SA_RESTART|SA_SIGINFO
SIGBUS: [libjvm.so+0xaf74c0], sa_mask[0]=11111111011111111101111111111110, sa_flags=SA_RESTART|SA_SIGINFO
SIGFPE: [libjvm.so+0x944a60], sa_mask[0]=11111111011111111101111111111110, sa_flags=SA_RESTART|SA_SIGINFO
SIGPIPE: [libjvm.so+0x944a60], sa_mask[0]=11111111011111111101111111111110, sa_flags=SA_RESTART|SA_SIGINFO
SIGXFSZ: [libjvm.so+0x944a60], sa_mask[0]=11111111011111111101111111111110, sa_flags=SA_RESTART|SA_SIGINFO
SIGILL: [libjvm.so+0x944a60], sa_mask[0]=11111111011111111101111111111110, sa_flags=SA_RESTART|SA_SIGINFO
SIGUSR1: SIG_DFL, sa_mask[0]=00000000000000000000000000000000, sa_flags=none
SIGUSR2: [libjvm.so+0x944840], sa_mask[0]=00000000000000000000000000000000, sa_flags=SA_RESTART|SA_SIGINFO
SIGHUP: [libjvm.so+0x944d00], sa_mask[0]=11111111011111111101111111111110, sa_flags=SA_RESTART|SA_SIGINFO
SIGINT: [libjvm.so+0x944d00], sa_mask[0]=11111111011111111101111111111110, sa_flags=SA_RESTART|SA_SIGINFO
SIGTERM: [libjvm.so+0x944d00], sa_mask[0]=11111111011111111101111111111110, sa_flags=SA_RESTART|SA_SIGINFO
SIGQUIT: [libjvm.so+0x944d00], sa_mask[0]=11111111011111111101111111111110, sa_flags=SA_RESTART|SA_SIGINFO


---------------  S Y S T E M  ---------------

OS:LSB_VERSION=1.4
DISTRIB_ID=Arch
DISTRIB_RELEASE=rolling
DISTRIB_DESCRIPTION="Arch Linux"

uname:Linux 5.10.13-arch1-1 #1 SMP PREEMPT Wed, 03 Feb 2021 23:44:07 +0000 x86_64
libc:glibc 2.32 NPTL 2.32 
rlimit: STACK 8192k, CORE infinity, NPROC 63792, NOFILE 524288, AS infinity
load average:1.09 1.49 1.75

/proc/meminfo:
MemTotal:       16349012 kB
MemFree:          378792 kB
MemAvailable:    3183028 kB
Buffers:          385176 kB
Cached:          3574544 kB
SwapCached:          640 kB
Active:          1828528 kB
Inactive:       13234208 kB
Active(anon):      60344 kB
Inactive(anon): 12028092 kB
Active(file):    1768184 kB
Inactive(file):  1206116 kB
Unevictable:          96 kB
Mlocked:              96 kB
SwapTotal:      16777212 kB
SwapFree:       16770300 kB
Dirty:             30664 kB
Writeback:             0 kB
AnonPages:      11102356 kB
Mapped:          2233940 kB
Shmem:            985548 kB
KReclaimable:     164868 kB
Slab:             354368 kB
SReclaimable:     164868 kB
SUnreclaim:       189500 kB
KernelStack:       21056 kB
PageTables:        82760 kB
NFS_Unstable:          0 kB
Bounce:                0 kB
WritebackTmp:          0 kB
CommitLimit:    24951716 kB
Committed_AS:   21410996 kB
VmallocTotal:   34359738367 kB
VmallocUsed:       85128 kB
VmallocChunk:          0 kB
Percpu:             2336 kB
HardwareCorrupted:     0 kB
AnonHugePages:         0 kB
ShmemHugePages:        0 kB
ShmemPmdMapped:        0 kB
FileHugePages:         0 kB
FilePmdMapped:         0 kB
CmaTotal:              0 kB
CmaFree:               0 kB
HugePages_Total:       0
HugePages_Free:        0
HugePages_Rsvd:        0
HugePages_Surp:        0
Hugepagesize:       2048 kB
Hugetlb:               0 kB
DirectMap4k:     1027000 kB
DirectMap2M:    14659584 kB
DirectMap1G:     1048576 kB

container (cgroup) information:
container_type: cgroupv1
cpu_cpuset_cpus: 0-3
cpu_memory_nodes: 0
active_processor_count: 4
cpu_quota: -1
cpu_period: 100000
cpu_shares: -1
memory_limit_in_bytes: -1
memory_and_swap_limit_in_bytes: -1
memory_soft_limit_in_bytes: -1
memory_usage_in_bytes: 13073874944
memory_max_usage_in_bytes: 13286633472


CPU:total 4 (initial active 4) (4 cores per cpu, 1 threads per core) family 6 model 158 stepping 9, cmov, cx8, fxsr, mmx, sse, sse2, sse3, ssse3, sse4.1, sse4.2, popcnt, avx, avx2, aes, clmul, erms, rtm, 3dnowpref, lzcnt, tsc, tscinvbit, bmi1, bmi2, adx

/proc/cpuinfo:
processor	: 0
vendor_id	: GenuineIntel
cpu family	: 6
model		: 158
model name	: Intel(R) Core(TM) i5-7600 CPU @ 3.50GHz
stepping	: 9
microcode	: 0xde
cpu MHz		: 2814.764
cache size	: 6144 KB
physical id	: 0
siblings	: 4
core id		: 0
cpu cores	: 4
apicid		: 0
initial apicid	: 0
fpu		: yes
fpu_exception	: yes
cpuid level	: 22
wp		: yes
flags		: fpu vme de pse tsc msr pae mce cx8 apic sep mtrr pge mca cmov pat pse36 clflush dts acpi mmx fxsr sse sse2 ss ht tm pbe syscall nx pdpe1gb rdtscp lm constant_tsc art arch_perfmon pebs bts rep_good nopl xtopology nonstop_tsc cpuid aperfmperf pni pclmulqdq dtes64 monitor ds_cpl vmx smx est tm2 ssse3 sdbg fma cx16 xtpr pdcm pcid sse4_1 sse4_2 x2apic movbe popcnt tsc_deadline_timer aes xsave avx f16c rdrand lahf_lm abm 3dnowprefetch cpuid_fault invpcid_single pti ssbd ibrs ibpb stibp tpr_shadow vnmi flexpriority ept vpid ept_ad fsgsbase tsc_adjust bmi1 hle avx2 smep bmi2 erms invpcid rtm mpx rdseed adx smap clflushopt intel_pt xsaveopt xsavec xgetbv1 xsaves dtherm ida arat pln pts hwp hwp_notify hwp_act_window hwp_epp md_clear flush_l1d
vmx flags	: vnmi preemption_timer invvpid ept_x_only ept_ad ept_1gb flexpriority tsc_offset vtpr mtf vapic ept vpid unrestricted_guest ple shadow_vmcs pml ept_mode_based_exec
bugs		: cpu_meltdown spectre_v1 spectre_v2 spec_store_bypass l1tf mds swapgs taa itlb_multihit srbds
bogomips	: 7002.48
clflush size	: 64
cache_alignment	: 64
address sizes	: 39 bits physical, 48 bits virtual
power management:

processor	: 1
vendor_id	: GenuineIntel
cpu family	: 6
model		: 158
model name	: Intel(R) Core(TM) i5-7600 CPU @ 3.50GHz
stepping	: 9
microcode	: 0xde
cpu MHz		: 1873.447
cache size	: 6144 KB
physical id	: 0
siblings	: 4
core id		: 1
cpu cores	: 4
apicid		: 2
initial apicid	: 2
fpu		: yes
fpu_exception	: yes
cpuid level	: 22
wp		: yes
flags		: fpu vme de pse tsc msr pae mce cx8 apic sep mtrr pge mca cmov pat pse36 clflush dts acpi mmx fxsr sse sse2 ss ht tm pbe syscall nx pdpe1gb rdtscp lm constant_tsc art arch_perfmon pebs bts rep_good nopl xtopology nonstop_tsc cpuid aperfmperf pni pclmulqdq dtes64 monitor ds_cpl vmx smx est tm2 ssse3 sdbg fma cx16 xtpr pdcm pcid sse4_1 sse4_2 x2apic movbe popcnt tsc_deadline_timer aes xsave avx f16c rdrand lahf_lm abm 3dnowprefetch cpuid_fault invpcid_single pti ssbd ibrs ibpb stibp tpr_shadow vnmi flexpriority ept vpid ept_ad fsgsbase tsc_adjust bmi1 hle avx2 smep bmi2 erms invpcid rtm mpx rdseed adx smap clflushopt intel_pt xsaveopt xsavec xgetbv1 xsaves dtherm ida arat pln pts hwp hwp_notify hwp_act_window hwp_epp md_clear flush_l1d
vmx flags	: vnmi preemption_timer invvpid ept_x_only ept_ad ept_1gb flexpriority tsc_offset vtpr mtf vapic ept vpid unrestricted_guest ple shadow_vmcs pml ept_mode_based_exec
bugs		: cpu_meltdown spectre_v1 spectre_v2 spec_store_bypass l1tf mds swapgs taa itlb_multihit srbds
bogomips	: 7002.48
clflush size	: 64
cache_alignment	: 64
address sizes	: 39 bits physical, 48 bits virtual
power management:

processor	: 2
vendor_id	: GenuineIntel
cpu family	: 6
model		: 158
model name	: Intel(R) Core(TM) i5-7600 CPU @ 3.50GHz
stepping	: 9
microcode	: 0xde
cpu MHz		: 1589.614
cache size	: 6144 KB
physical id	: 0
siblings	: 4
core id		: 2
cpu cores	: 4
apicid		: 4
initial apicid	: 4
fpu		: yes
fpu_exception	: yes
cpuid level	: 22
wp		: yes
flags		: fpu vme de pse tsc msr pae mce cx8 apic sep mtrr pge mca cmov pat pse36 clflush dts acpi mmx fxsr sse sse2 ss ht tm pbe syscall nx pdpe1gb rdtscp lm constant_tsc art arch_perfmon pebs bts rep_good nopl xtopology nonstop_tsc cpuid aperfmperf pni pclmulqdq dtes64 monitor ds_cpl vmx smx est tm2 ssse3 sdbg fma cx16 xtpr pdcm pcid sse4_1 sse4_2 x2apic movbe popcnt tsc_deadline_timer aes xsave avx f16c rdrand lahf_lm abm 3dnowprefetch cpuid_fault invpcid_single pti ssbd ibrs ibpb stibp tpr_shadow vnmi flexpriority ept vpid ept_ad fsgsbase tsc_adjust bmi1 hle avx2 smep bmi2 erms invpcid rtm mpx rdseed adx smap clflushopt intel_pt xsaveopt xsavec xgetbv1 xsaves dtherm ida arat pln pts hwp hwp_notify hwp_act_window hwp_epp md_clear flush_l1d
vmx flags	: vnmi preemption_timer invvpid ept_x_only ept_ad ept_1gb flexpriority tsc_offset vtpr mtf vapic ept vpid unrestricted_guest ple shadow_vmcs pml ept_mode_based_exec
bugs		: cpu_meltdown spectre_v1 spectre_v2 spec_store_bypass l1tf mds swapgs taa itlb_multihit srbds
bogomips	: 7002.48
clflush size	: 64
cache_alignment	: 64
address sizes	: 39 bits physical, 48 bits virtual
power management:

processor	: 3
vendor_id	: GenuineIntel
cpu family	: 6
model		: 158
model name	: Intel(R) Core(TM) i5-7600 CPU @ 3.50GHz
stepping	: 9
microcode	: 0xde
cpu MHz		: 2249.745
cache size	: 6144 KB
physical id	: 0
siblings	: 4
core id		: 3
cpu cores	: 4
apicid		: 6
initial apicid	: 6
fpu		: yes
fpu_exception	: yes
cpuid level	: 22
wp		: yes
flags		: fpu vme de pse tsc msr pae mce cx8 apic sep mtrr pge mca cmov pat pse36 clflush dts acpi mmx fxsr sse sse2 ss ht tm pbe syscall nx pdpe1gb rdtscp lm constant_tsc art arch_perfmon pebs bts rep_good nopl xtopology nonstop_tsc cpuid aperfmperf pni pclmulqdq dtes64 monitor ds_cpl vmx smx est tm2 ssse3 sdbg fma cx16 xtpr pdcm pcid sse4_1 sse4_2 x2apic movbe popcnt tsc_deadline_timer aes xsave avx f16c rdrand lahf_lm abm 3dnowprefetch cpuid_fault invpcid_single pti ssbd ibrs ibpb stibp tpr_shadow vnmi flexpriority ept vpid ept_ad fsgsbase tsc_adjust bmi1 hle avx2 smep bmi2 erms invpcid rtm mpx rdseed adx smap clflushopt intel_pt xsaveopt xsavec xgetbv1 xsaves dtherm ida arat pln pts hwp hwp_notify hwp_act_window hwp_epp md_clear flush_l1d
vmx flags	: vnmi preemption_timer invvpid ept_x_only ept_ad ept_1gb flexpriority tsc_offset vtpr mtf vapic ept vpid unrestricted_guest ple shadow_vmcs pml ept_mode_based_exec
bugs		: cpu_meltdown spectre_v1 spectre_v2 spec_store_bypass l1tf mds swapgs taa itlb_multihit srbds
bogomips	: 7002.48
clflush size	: 64
cache_alignment	: 64
address sizes	: 39 bits physical, 48 bits virtual
power management:



Memory: 4k page, physical 16349012k(378792k free), swap 16777212k(16770300k free)

vm_info: OpenJDK 64-Bit Server VM (25.275-b01) for linux-amd64 JRE (1.8.0_275-b01), built on Jan 10 2021 13:38:57 by "builduser" with gcc 10.2.0

time: Mon Feb  8 15:03:24 2021
timezone: PST
elapsed time: 0.037339 seconds (0d 0h 0m 0s)

