#
# A fatal error has been detected by the Java Runtime Environment:
#
#  SIGSEGV (0xb) at pc=0x00007f8cfef7b0f0, pid=83133, tid=0x00007f8cfe3da640
#
# JRE version: OpenJDK Runtime Environment (8.0_275-b01) (build 1.8.0_275-b01)
# Java VM: OpenJDK 64-Bit Server VM (25.275-b01 mixed mode linux-amd64 compressed oops)
# Problematic frame:
# V  [libjvm.so+0xa5a0f0]
#
# Core dump written. Default location: /home/sir/Desktop/Jave/core or core.83133
#
# If you would like to submit a bug report, please visit:
#   http://bugreport.java.com/bugreport/crash.jsp
#

---------------  T H R E A D  ---------------

Current thread (0x00007f8cf800a800):  JavaThread "main" [_thread_in_vm, id=83134, stack(0x00007f8cfe2db000,0x00007f8cfe3db000)]

siginfo: si_signo: 11 (SIGSEGV), si_code: 1 (SEGV_MAPERR), si_addr: 0x0000000000000002

Registers:
RAX=0x00007f8cf8009240, RBX=0x0000000000000001, RCX=0x0000000000000056, RDX=0x000000000000000e
RSP=0x00007f8cfe3d8e38, RBP=0x00007f8cfe3d8e50, RSI=0x00007f8cff0b5200, RDI=0x0000000000000000
R8 =0x00007f8cf800a800, R9 =0x0000000000000006, R10=0x0000000000000007, R11=0x0000000000000000
R12=0x00007f8cfe3d8f30, R13=0x00007f8cff0b4584, R14=0x00007f8cf8009220, R15=0x0000000000000000
RIP=0x00007f8cfef7b0f0, EFLAGS=0x0000000000010202, CSGSFS=0x002b000000000033, ERR=0x0000000000000004
  TRAPNO=0x000000000000000e

Top of Stack: (sp=0x00007f8cfe3d8e38)
0x00007f8cfe3d8e38:   00007f8cfef2d7d2 00007f8cf80091d0
0x00007f8cfe3d8e48:   0000000000000001 00007f8cfe3d9200
0x00007f8cfe3d8e58:   00007f8cfef1a55a 00007f8cf80d45f0
0x00007f8cfe3d8e68:   00007f8c00000000 00007f8cfe3d9570
0x00007f8cfe3d8e78:   00000007c0001ef8 00007f8cf8009220
0x00007f8cfe3d8e88:   00007f8cf80091d0 00007f8cf8059880
0x00007f8cfe3d8e98:   00000000000003d8 00007f8cf8007cf0
0x00007f8cfe3d8ea8:   00007f8cf80095f8 00007f8cf8009220
0x00007f8cfe3d8eb8:   00007f8cfe3d8f30 0000000100000012
0x00007f8cfe3d8ec8:   00007f8cf8009210 0000000000000001
0x00007f8cfe3d8ed8:   00007f8cfe3d8f00 0000003400000012
0x00007f8cfe3d8ee8:   0000000000000000 0000000000000000
0x00007f8cfe3d8ef8:   0000000000000000 00000000b0000000
0x00007f8cfe3d8f08:   0000007c00000000 00007f8cffffffff
0x00007f8cfe3d8f18:   0000000000000010 0000000000000110
0x00007f8cfe3d8f28:   00007f8cf8000020 00007f8cf80d3d30
0x00007f8cfe3d8f38:   0000000400000003 000000010000000e
0x00007f8cfe3d8f48:   00007f8cf8009220 0000000000000000
0x00007f8cfe3d8f58:   00007f8cfe3d8fa0 0000000000000110
0x00007f8cfe3d8f68:   00007f8cfee5f55e 00007f8cf80d45f0
0x00007f8cfe3d8f78:   00007f8cff2b1c40 0000000000000110
0x00007f8cfe3d8f88:   0000000000000110 00007f8cf80d4300
0x00007f8cfe3d8f98:   0000000000000001 00007f8cfe3d8fd0
0x00007f8cfe3d8fa8:   00007f8cfe961deb 00007f8cfe3d8fd0
0x00007f8cfe3d8fb8:   00007f8cfee22077 0000000000000001
0x00007f8cfe3d8fc8:   00007f8cfe3d8fe0 00007f8cfe3d9030
0x00007f8cfe3d8fd8:   00007f8cfe961e96 0000000000000000
0x00007f8cfe3d8fe8:   0000000000000000 0000000000000000
0x00007f8cfe3d8ff8:   0000000000000000 0000000000000000
0x00007f8cfe3d9008:   00007f8cf80d4300 00007f8cfe3d9030
0x00007f8cfe3d9018:   000000076cddb1b8 00007f8cf80d3b00
0x00007f8cfe3d9028:   00007f8ce8c00070 00007f8cfe3d9060 

Instructions: (pc=0x00007f8cfef7b0f0)
0x00007f8cfef7b0d0:   0f b7 47 02 66 85 c0 79 07 c3 66 0f 1f 44 00 00
0x00007f8cfef7b0e0:   48 83 c7 02 e9 d7 35 8a ff 90 66 0f 1f 44 00 00
0x00007f8cfef7b0f0:   0f b7 47 02 66 85 c0 79 07 c3 66 0f 1f 44 00 00
0x00007f8cfef7b100:   48 83 c7 02 e9 e7 35 8a ff 90 66 0f 1f 44 00 00 

Register to memory mapping:

RAX=0x00007f8cf8009240 is an unknown value
RBX=0x0000000000000001 is an unknown value
RCX=0x0000000000000056 is an unknown value
RDX=0x000000000000000e is an unknown value
RSP=0x00007f8cfe3d8e38 is pointing into the stack for thread: 0x00007f8cf800a800
RBP=0x00007f8cfe3d8e50 is pointing into the stack for thread: 0x00007f8cf800a800
RSI=0x00007f8cff0b5200: <offset 0xb94200> in /usr/lib/jvm/java-8-openjdk/jre/lib/amd64/server/libjvm.so at 0x00007f8cfe521000
RDI=0x0000000000000000 is an unknown value
R8 =0x00007f8cf800a800 is a thread
R9 =0x0000000000000006 is an unknown value
R10=0x0000000000000007 is an unknown value
R11=0x0000000000000000 is an unknown value
R12=0x00007f8cfe3d8f30 is pointing into the stack for thread: 0x00007f8cf800a800
R13=0x00007f8cff0b4584: <offset 0xb93584> in /usr/lib/jvm/java-8-openjdk/jre/lib/amd64/server/libjvm.so at 0x00007f8cfe521000
R14=0x00007f8cf8009220 is an unknown value
R15=0x0000000000000000 is an unknown value


Stack: [0x00007f8cfe2db000,0x00007f8cfe3db000],  sp=0x00007f8cfe3d8e38,  free space=1015k
Native frames: (J=compiled Java code, j=interpreted, Vv=VM code, C=native code)
V  [libjvm.so+0xa5a0f0]
V  [libjvm.so+0x9f955a]
V  [libjvm.so+0x8da3ea]
V  [libjvm.so+0x6327dd]
V  [libjvm.so+0x632e24]
V  [libjvm.so+0x633131]
V  [libjvm.so+0x736ba9]
V  [libjvm.so+0x73731d]  JVM_GetClassDeclaredMethods+0x6d
j  java.lang.Class.getDeclaredMethods0(Z)[Ljava/lang/reflect/Method;+0
j  java.lang.Class.privateGetDeclaredMethods(Z)[Ljava/lang/reflect/Method;+37
j  java.lang.Class.privateGetMethodRecursive(Ljava/lang/String;[Ljava/lang/Class;ZLjava/lang/Class$MethodArray;)Ljava/lang/reflect/Method;+2
j  java.lang.Class.getMethod0(Ljava/lang/String;[Ljava/lang/Class;Z)Ljava/lang/reflect/Method;+16
j  java.lang.Class.getMethod(Ljava/lang/String;[Ljava/lang/Class;)Ljava/lang/reflect/Method;+13
j  sun.launcher.LauncherHelper.validateMainClass(Ljava/lang/Class;)V+12
j  sun.launcher.LauncherHelper.checkAndLoadMain(ZILjava/lang/String;)Ljava/lang/Class;+214
v  ~StubRoutines::call_stub
V  [libjvm.so+0x67b89e]
V  [libjvm.so+0x6f2be0]
V  [libjvm.so+0x6f4225]
C  [libjli.so+0x3c40]
C  [libpthread.so.0+0x93e9]  start_thread+0xe9

Java frames: (J=compiled Java code, j=interpreted, Vv=VM code)
j  java.lang.Class.getDeclaredMethods0(Z)[Ljava/lang/reflect/Method;+0
j  java.lang.Class.privateGetDeclaredMethods(Z)[Ljava/lang/reflect/Method;+37
j  java.lang.Class.privateGetMethodRecursive(Ljava/lang/String;[Ljava/lang/Class;ZLjava/lang/Class$MethodArray;)Ljava/lang/reflect/Method;+2
j  java.lang.Class.getMethod0(Ljava/lang/String;[Ljava/lang/Class;Z)Ljava/lang/reflect/Method;+16
j  java.lang.Class.getMethod(Ljava/lang/String;[Ljava/lang/Class;)Ljava/lang/reflect/Method;+13
j  sun.launcher.LauncherHelper.validateMainClass(Ljava/lang/Class;)V+12
j  sun.launcher.LauncherHelper.checkAndLoadMain(ZILjava/lang/String;)Ljava/lang/Class;+214
v  ~StubRoutines::call_stub

---------------  P R O C E S S  ---------------

Java Threads: ( => current thread )
  0x00007f8cf80c5800 JavaThread "Service Thread" daemon [_thread_blocked, id=83146, stack(0x00007f8ce2f0b000,0x00007f8ce300c000)]
  0x00007f8cf80c1000 JavaThread "C1 CompilerThread2" daemon [_thread_blocked, id=83145, stack(0x00007f8ce300d000,0x00007f8ce310d000)]
  0x00007f8cf80bf000 JavaThread "C2 CompilerThread1" daemon [_thread_blocked, id=83144, stack(0x00007f8ce310e000,0x00007f8ce320e000)]
  0x00007f8cf80bc000 JavaThread "C2 CompilerThread0" daemon [_thread_blocked, id=83143, stack(0x00007f8ce320f000,0x00007f8ce330f000)]
  0x00007f8cf80b6800 JavaThread "Signal Dispatcher" daemon [_thread_blocked, id=83142, stack(0x00007f8ce330f000,0x00007f8ce3410000)]
  0x00007f8cf8086000 JavaThread "Finalizer" daemon [_thread_blocked, id=83141, stack(0x00007f8ce36f7000,0x00007f8ce37f8000)]
  0x00007f8cf8081800 JavaThread "Reference Handler" daemon [_thread_blocked, id=83140, stack(0x00007f8ce37f8000,0x00007f8ce38f9000)]
=>0x00007f8cf800a800 JavaThread "main" [_thread_in_vm, id=83134, stack(0x00007f8cfe2db000,0x00007f8cfe3db000)]

Other Threads:
  0x00007f8cf8078000 VMThread [stack: 0x00007f8ce38fa000,0x00007f8ce39fa000] [id=83139]
  0x00007f8cf80c8800 WatcherThread [stack: 0x00007f8ce2e0b000,0x00007f8ce2f0b000] [id=83147]

VM state:not at safepoint (normal execution)

VM Mutex/Monitor currently owned by a thread:  ([mutex/lock_event])
[0x00007f8cf8007cf0] AdapterHandlerLibrary_lock - owner thread: 0x00007f8cf800a800

heap address: 0x00000006c6800000, size: 3992 MB, Compressed Oops mode: Zero based, Oop shift amount: 3
Narrow klass base: 0x0000000000000000, Narrow klass shift: 3
Compressed class space size: 1073741824 Address: 0x00000007c0000000

Heap:
 PSYoungGen      total 74752K, used 1290K [0x000000076cd80000, 0x0000000772080000, 0x00000007c0000000)
  eden space 64512K, 2% used [0x000000076cd80000,0x000000076cec2900,0x0000000770c80000)
  from space 10240K, 0% used [0x0000000771680000,0x0000000771680000,0x0000000772080000)
  to   space 10240K, 0% used [0x0000000770c80000,0x0000000770c80000,0x0000000771680000)
 ParOldGen       total 171008K, used 0K [0x00000006c6800000, 0x00000006d0f00000, 0x000000076cd80000)
  object space 171008K, 0% used [0x00000006c6800000,0x00000006c6800000,0x00000006d0f00000)
 Metaspace       used 2645K, capacity 4486K, committed 4864K, reserved 1056768K
  class space    used 276K, capacity 386K, committed 512K, reserved 1048576K

Card table byte_map: [0x00007f8cfd70a000,0x00007f8cfded7000] byte_map_base: 0x00007f8cfa0d6000

Marking Bits: (ParMarkBitMap*) 0x00007f8cff2ddf40
 Begin Bits: [0x00007f8ccc340000, 0x00007f8cd01a0000)
 End Bits:   [0x00007f8cd01a0000, 0x00007f8cd4000000)

Polling page: 0x00007f8cff528000

CodeCache: size=245760Kb used=1083Kb max_used=1083Kb free=244676Kb
 bounds [0x00007f8ce9000000, 0x00007f8ce9270000, 0x00007f8cf8000000]
 total_blobs=256 nmethods=11 adapters=160
 compilation: enabled

Compilation events (10 events):
Event: 0.061 Thread 0x00007f8cf80c1000    8       3       java.lang.String::length (6 bytes)
Event: 0.061 Thread 0x00007f8cf80c1000 nmethod 8 0x00007f8ce910be90 code [0x00007f8ce910c000, 0x00007f8ce910c170]
Event: 0.061 Thread 0x00007f8cf80c1000    7       3       java.lang.Math::min (11 bytes)
Event: 0.061 Thread 0x00007f8cf80c1000 nmethod 7 0x00007f8ce91032d0 code [0x00007f8ce9103440, 0x00007f8ce91035d0]
Event: 0.061 Thread 0x00007f8cf80c1000    9       1       java.lang.Object::<init> (1 bytes)
Event: 0.061 Thread 0x00007f8cf80c1000 nmethod 9 0x00007f8ce9103010 code [0x00007f8ce9103160, 0x00007f8ce9103270]
Event: 0.064 Thread 0x00007f8cf80c1000   10       1       java.lang.ref.Reference::get (5 bytes)
Event: 0.064 Thread 0x00007f8cf80c1000 nmethod 10 0x00007f8ce910dc10 code [0x00007f8ce910dd60, 0x00007f8ce910de70]
Event: 0.065 Thread 0x00007f8cf80c1000   11       1       java.lang.ThreadLocal::access$400 (5 bytes)
Event: 0.065 Thread 0x00007f8cf80c1000 nmethod 11 0x00007f8ce910eb90 code [0x00007f8ce910ece0, 0x00007f8ce910edd0]

GC Heap History (0 events):
No events

Deoptimization events (0 events):
No events

Classes redefined (0 events):
No events

Internal exceptions (2 events):
Event: 0.040 Thread 0x00007f8cf800a800 Exception <a 'java/lang/NoSuchMethodError': Method sun.misc.Unsafe.defineClass(Ljava/lang/String;[BII)Ljava/lang/Class; name or signature does not match> (0x000000076cd87cc0) thrown at [/build/java8-openjdk/src/jdk8u-jdk8u275-b01/hotspot/src/share/vm/prim
Event: 0.040 Thread 0x00007f8cf800a800 Exception <a 'java/lang/NoSuchMethodError': Method sun.misc.Unsafe.prefetchRead(Ljava/lang/Object;J)V name or signature does not match> (0x000000076cd87fa8) thrown at [/build/java8-openjdk/src/jdk8u-jdk8u275-b01/hotspot/src/share/vm/prims/jni.cpp, line 40

Events (10 events):
Event: 0.065 loading class java/security/AllPermission
Event: 0.065 loading class java/security/AllPermission done
Event: 0.065 loading class java/security/UnresolvedPermission
Event: 0.065 loading class java/security/UnresolvedPermission done
Event: 0.065 loading class java/security/BasicPermissionCollection
Event: 0.065 loading class java/security/BasicPermissionCollection done
Event: 0.066 loading class sun/launcher/LauncherHelper$FXHelper
Event: 0.066 loading class sun/launcher/LauncherHelper$FXHelper done
Event: 0.066 loading class java/lang/Class$MethodArray
Event: 0.066 loading class java/lang/Class$MethodArray done


Dynamic libraries:
6c6800000-6d0f00000 rw-p 00000000 00:00 0 
6d0f00000-76cd80000 ---p 00000000 00:00 0 
76cd80000-772080000 rw-p 00000000 00:00 0 
772080000-7c0000000 ---p 00000000 00:00 0 
7c0000000-7c0080000 rw-p 00000000 00:00 0 
7c0080000-800000000 ---p 00000000 00:00 0 
56455a5cd000-56455a5ce000 r--p 00000000 08:06 10618125                   /usr/lib/jvm/java-8-openjdk/jre/bin/java
56455a5ce000-56455a5cf000 r-xp 00001000 08:06 10618125                   /usr/lib/jvm/java-8-openjdk/jre/bin/java
56455a5cf000-56455a5d0000 r--p 00002000 08:06 10618125                   /usr/lib/jvm/java-8-openjdk/jre/bin/java
56455a5d0000-56455a5d1000 r--p 00002000 08:06 10618125                   /usr/lib/jvm/java-8-openjdk/jre/bin/java
56455a5d1000-56455a5d2000 rw-p 00003000 08:06 10618125                   /usr/lib/jvm/java-8-openjdk/jre/bin/java
56455a77e000-56455a79f000 rw-p 00000000 00:00 0                          [heap]
7f8ca8000000-7f8ca8021000 rw-p 00000000 00:00 0 
7f8ca8021000-7f8cac000000 ---p 00000000 00:00 0 
7f8cac000000-7f8cac021000 rw-p 00000000 00:00 0 
7f8cac021000-7f8cb0000000 ---p 00000000 00:00 0 
7f8cb0000000-7f8cb0021000 rw-p 00000000 00:00 0 
7f8cb0021000-7f8cb4000000 ---p 00000000 00:00 0 
7f8cb4000000-7f8cb4021000 rw-p 00000000 00:00 0 
7f8cb4021000-7f8cb8000000 ---p 00000000 00:00 0 
7f8cb8000000-7f8cb8021000 rw-p 00000000 00:00 0 
7f8cb8021000-7f8cbc000000 ---p 00000000 00:00 0 
7f8cbc000000-7f8cbc07e000 rw-p 00000000 00:00 0 
7f8cbc07e000-7f8cc0000000 ---p 00000000 00:00 0 
7f8cc0000000-7f8cc0021000 rw-p 00000000 00:00 0 
7f8cc0021000-7f8cc4000000 ---p 00000000 00:00 0 
7f8cc4000000-7f8cc4021000 rw-p 00000000 00:00 0 
7f8cc4021000-7f8cc8000000 ---p 00000000 00:00 0 
7f8cc8000000-7f8cc8021000 rw-p 00000000 00:00 0 
7f8cc8021000-7f8ccc000000 ---p 00000000 00:00 0 
7f8ccc340000-7f8cd4000000 rw-p 00000000 00:00 0 
7f8cd4000000-7f8cd4021000 rw-p 00000000 00:00 0 
7f8cd4021000-7f8cd8000000 ---p 00000000 00:00 0 
7f8cd8000000-7f8cd8021000 rw-p 00000000 00:00 0 
7f8cd8021000-7f8cdc000000 ---p 00000000 00:00 0 
7f8cdc000000-7f8cdc021000 rw-p 00000000 00:00 0 
7f8cdc021000-7f8ce0000000 ---p 00000000 00:00 0 
7f8ce2e0a000-7f8ce2e0b000 ---p 00000000 00:00 0 
7f8ce2e0b000-7f8ce2f0b000 rw-p 00000000 00:00 0 
7f8ce2f0b000-7f8ce2f0e000 ---p 00000000 00:00 0 
7f8ce2f0e000-7f8ce300c000 rw-p 00000000 00:00 0 
7f8ce300c000-7f8ce300d000 ---p 00000000 00:00 0 
7f8ce300d000-7f8ce3010000 ---p 00000000 00:00 0 
7f8ce3010000-7f8ce310d000 rw-p 00000000 00:00 0 
7f8ce310d000-7f8ce310e000 ---p 00000000 00:00 0 
7f8ce310e000-7f8ce3111000 ---p 00000000 00:00 0 
7f8ce3111000-7f8ce320e000 rw-p 00000000 00:00 0 
7f8ce320e000-7f8ce320f000 ---p 00000000 00:00 0 
7f8ce320f000-7f8ce3212000 ---p 00000000 00:00 0 
7f8ce3212000-7f8ce330f000 rw-p 00000000 00:00 0 
7f8ce330f000-7f8ce3312000 ---p 00000000 00:00 0 
7f8ce3312000-7f8ce3410000 rw-p 00000000 00:00 0 
7f8ce3410000-7f8ce36f7000 r--p 00000000 08:06 8163457                    /usr/lib/locale/locale-archive
7f8ce36f7000-7f8ce36fa000 ---p 00000000 00:00 0 
7f8ce36fa000-7f8ce37f8000 rw-p 00000000 00:00 0 
7f8ce37f8000-7f8ce37fb000 ---p 00000000 00:00 0 
7f8ce37fb000-7f8ce38f9000 rw-p 00000000 00:00 0 
7f8ce38f9000-7f8ce38fa000 ---p 00000000 00:00 0 
7f8ce38fa000-7f8ce4000000 rw-p 00000000 00:00 0 
7f8ce4000000-7f8ce4021000 rw-p 00000000 00:00 0 
7f8ce4021000-7f8ce8000000 ---p 00000000 00:00 0 
7f8ce808c000-7f8ce80bd000 rw-p 00000000 00:00 0 
7f8ce80bd000-7f8ce80c2000 r--p 00000000 08:06 10754083                   /usr/lib/jvm/java-8-openjdk/jre/lib/amd64/libnet.so
7f8ce80c2000-7f8ce80d2000 r-xp 00005000 08:06 10754083                   /usr/lib/jvm/java-8-openjdk/jre/lib/amd64/libnet.so
7f8ce80d2000-7f8ce80d6000 r--p 00015000 08:06 10754083                   /usr/lib/jvm/java-8-openjdk/jre/lib/amd64/libnet.so
7f8ce80d6000-7f8ce80d7000 r--p 00018000 08:06 10754083                   /usr/lib/jvm/java-8-openjdk/jre/lib/amd64/libnet.so
7f8ce80d7000-7f8ce80d8000 rw-p 00019000 08:06 10754083                   /usr/lib/jvm/java-8-openjdk/jre/lib/amd64/libnet.so
7f8ce80d8000-7f8ce8c40000 rw-p 00000000 00:00 0 
7f8ce8c40000-7f8ce9000000 ---p 00000000 00:00 0 
7f8ce9000000-7f8ce9270000 rwxp 00000000 00:00 0 
7f8ce9270000-7f8cf8000000 ---p 00000000 00:00 0 
7f8cf8000000-7f8cf80f4000 rw-p 00000000 00:00 0 
7f8cf80f4000-7f8cfc000000 ---p 00000000 00:00 0 
7f8cfc000000-7f8cfc007000 r--p 00000000 08:06 10754084                   /usr/lib/jvm/java-8-openjdk/jre/lib/amd64/libnio.so
7f8cfc007000-7f8cfc00f000 r-xp 00007000 08:06 10754084                   /usr/lib/jvm/java-8-openjdk/jre/lib/amd64/libnio.so
7f8cfc00f000-7f8cfc012000 r--p 0000f000 08:06 10754084                   /usr/lib/jvm/java-8-openjdk/jre/lib/amd64/libnio.so
7f8cfc012000-7f8cfc013000 ---p 00012000 08:06 10754084                   /usr/lib/jvm/java-8-openjdk/jre/lib/amd64/libnio.so
7f8cfc013000-7f8cfc014000 r--p 00012000 08:06 10754084                   /usr/lib/jvm/java-8-openjdk/jre/lib/amd64/libnio.so
7f8cfc014000-7f8cfc015000 rw-p 00013000 08:06 10754084                   /usr/lib/jvm/java-8-openjdk/jre/lib/amd64/libnio.so
7f8cfc015000-7f8cfc01b000 r--s 000d3000 08:06 10754101                   /usr/lib/jvm/java-8-openjdk/jre/lib/jfr.jar
7f8cfc01b000-7f8cfc2ef000 rw-p 00000000 00:00 0 
7f8cfc2ef000-7f8cfc4c0000 r--s 03c93000 08:06 10754790                   /usr/lib/jvm/java-8-openjdk/jre/lib/rt.jar
7f8cfc4c0000-7f8cfcdd3000 rw-p 00000000 00:00 0 
7f8cfcdd3000-7f8cfcdd4000 ---p 00000000 00:00 0 
7f8cfcdd4000-7f8cfced4000 rw-p 00000000 00:00 0 
7f8cfced4000-7f8cfced5000 ---p 00000000 00:00 0 
7f8cfced5000-7f8cfcfd5000 rw-p 00000000 00:00 0 
7f8cfcfd5000-7f8cfcfd6000 ---p 00000000 00:00 0 
7f8cfcfd6000-7f8cfd0d6000 rw-p 00000000 00:00 0 
7f8cfd0d6000-7f8cfd0d7000 ---p 00000000 00:00 0 
7f8cfd0d7000-7f8cfd22b000 rw-p 00000000 00:00 0 
7f8cfd22b000-7f8cfd70a000 ---p 00000000 00:00 0 
7f8cfd70a000-7f8cfd75e000 rw-p 00000000 00:00 0 
7f8cfd75e000-7f8cfdc3c000 ---p 00000000 00:00 0 
7f8cfdc3c000-7f8cfdc67000 rw-p 00000000 00:00 0 
7f8cfdc67000-7f8cfded6000 ---p 00000000 00:00 0 
7f8cfded6000-7f8cfdee1000 rw-p 00000000 00:00 0 
7f8cfdee1000-7f8cfe297000 ---p 00000000 00:00 0 
7f8cfe297000-7f8cfe29a000 r--p 00000000 08:06 10754091                   /usr/lib/jvm/java-8-openjdk/jre/lib/amd64/libzip.so
7f8cfe29a000-7f8cfe29e000 r-xp 00003000 08:06 10754091                   /usr/lib/jvm/java-8-openjdk/jre/lib/amd64/libzip.so
7f8cfe29e000-7f8cfe2a0000 r--p 00007000 08:06 10754091                   /usr/lib/jvm/java-8-openjdk/jre/lib/amd64/libzip.so
7f8cfe2a0000-7f8cfe2a1000 r--p 00008000 08:06 10754091                   /usr/lib/jvm/java-8-openjdk/jre/lib/amd64/libzip.so
7f8cfe2a1000-7f8cfe2a2000 rw-p 00009000 08:06 10754091                   /usr/lib/jvm/java-8-openjdk/jre/lib/amd64/libzip.so
7f8cfe2a2000-7f8cfe2af000 r--p 00000000 08:06 10754073                   /usr/lib/jvm/java-8-openjdk/jre/lib/amd64/libjava.so
7f8cfe2af000-7f8cfe2c5000 r-xp 0000d000 08:06 10754073                   /usr/lib/jvm/java-8-openjdk/jre/lib/amd64/libjava.so
7f8cfe2c5000-7f8cfe2cc000 r--p 00023000 08:06 10754073                   /usr/lib/jvm/java-8-openjdk/jre/lib/amd64/libjava.so
7f8cfe2cc000-7f8cfe2cd000 r--p 00029000 08:06 10754073                   /usr/lib/jvm/java-8-openjdk/jre/lib/amd64/libjava.so
7f8cfe2cd000-7f8cfe2ce000 rw-p 0002a000 08:06 10754073                   /usr/lib/jvm/java-8-openjdk/jre/lib/amd64/libjava.so
7f8cfe2ce000-7f8cfe2cf000 rw-p 00000000 00:00 0 
7f8cfe2cf000-7f8cfe2d2000 r--p 00000000 08:06 8129986                    /usr/lib/librt-2.32.so
7f8cfe2d2000-7f8cfe2d6000 r-xp 00003000 08:06 8129986                    /usr/lib/librt-2.32.so
7f8cfe2d6000-7f8cfe2d8000 r--p 00007000 08:06 8129986                    /usr/lib/librt-2.32.so
7f8cfe2d8000-7f8cfe2d9000 r--p 00008000 08:06 8129986                    /usr/lib/librt-2.32.so
7f8cfe2d9000-7f8cfe2da000 rw-p 00009000 08:06 8129986                    /usr/lib/librt-2.32.so
7f8cfe2da000-7f8cfe2db000 ---p 00000000 00:00 0 
7f8cfe2db000-7f8cfe2de000 ---p 00000000 00:00 0 
7f8cfe2de000-7f8cfe3db000 rw-p 00000000 00:00 0 
7f8cfe3db000-7f8cfe3ea000 r--p 00000000 08:06 8129928                    /usr/lib/libm-2.32.so
7f8cfe3ea000-7f8cfe486000 r-xp 0000f000 08:06 8129928                    /usr/lib/libm-2.32.so
7f8cfe486000-7f8cfe51f000 r--p 000ab000 08:06 8129928                    /usr/lib/libm-2.32.so
7f8cfe51f000-7f8cfe520000 r--p 00143000 08:06 8129928                    /usr/lib/libm-2.32.so
7f8cfe520000-7f8cfe521000 rw-p 00144000 08:06 8129928                    /usr/lib/libm-2.32.so
7f8cfe521000-7f8cfe718000 r--p 00000000 08:06 10885649                   /usr/lib/jvm/java-8-openjdk/jre/lib/amd64/server/libjvm.so
7f8cfe718000-7f8cff04f000 r-xp 001f7000 08:06 10885649                   /usr/lib/jvm/java-8-openjdk/jre/lib/amd64/server/libjvm.so
7f8cff04f000-7f8cff208000 r--p 00b2e000 08:06 10885649                   /usr/lib/jvm/java-8-openjdk/jre/lib/amd64/server/libjvm.so
7f8cff208000-7f8cff29f000 r--p 00ce6000 08:06 10885649                   /usr/lib/jvm/java-8-openjdk/jre/lib/amd64/server/libjvm.so
7f8cff29f000-7f8cff2c8000 rw-p 00d7d000 08:06 10885649                   /usr/lib/jvm/java-8-openjdk/jre/lib/amd64/server/libjvm.so
7f8cff2c8000-7f8cff2fd000 rw-p 00000000 00:00 0 
7f8cff2fd000-7f8cff304000 r--p 00000000 08:06 8129977                    /usr/lib/libpthread-2.32.so
7f8cff304000-7f8cff314000 r-xp 00007000 08:06 8129977                    /usr/lib/libpthread-2.32.so
7f8cff314000-7f8cff319000 r--p 00017000 08:06 8129977                    /usr/lib/libpthread-2.32.so
7f8cff319000-7f8cff31a000 r--p 0001b000 08:06 8129977                    /usr/lib/libpthread-2.32.so
7f8cff31a000-7f8cff31b000 rw-p 0001c000 08:06 8129977                    /usr/lib/libpthread-2.32.so
7f8cff31b000-7f8cff31f000 rw-p 00000000 00:00 0 
7f8cff31f000-7f8cff320000 r--p 00000000 08:06 8129917                    /usr/lib/libdl-2.32.so
7f8cff320000-7f8cff322000 r-xp 00001000 08:06 8129917                    /usr/lib/libdl-2.32.so
7f8cff322000-7f8cff323000 r--p 00003000 08:06 8129917                    /usr/lib/libdl-2.32.so
7f8cff323000-7f8cff324000 r--p 00003000 08:06 8129917                    /usr/lib/libdl-2.32.so
7f8cff324000-7f8cff325000 rw-p 00004000 08:06 8129917                    /usr/lib/libdl-2.32.so
7f8cff325000-7f8cff328000 r--p 00000000 08:06 8139696                    /usr/lib/libz.so.1.2.11
7f8cff328000-7f8cff336000 r-xp 00003000 08:06 8139696                    /usr/lib/libz.so.1.2.11
7f8cff336000-7f8cff33c000 r--p 00011000 08:06 8139696                    /usr/lib/libz.so.1.2.11
7f8cff33c000-7f8cff33d000 ---p 00017000 08:06 8139696                    /usr/lib/libz.so.1.2.11
7f8cff33d000-7f8cff33e000 r--p 00017000 08:06 8139696                    /usr/lib/libz.so.1.2.11
7f8cff33e000-7f8cff33f000 rw-p 00018000 08:06 8139696                    /usr/lib/libz.so.1.2.11
7f8cff33f000-7f8cff365000 r--p 00000000 08:06 8129905                    /usr/lib/libc-2.32.so
7f8cff365000-7f8cff4b2000 r-xp 00026000 08:06 8129905                    /usr/lib/libc-2.32.so
7f8cff4b2000-7f8cff4fe000 r--p 00173000 08:06 8129905                    /usr/lib/libc-2.32.so
7f8cff4fe000-7f8cff501000 r--p 001be000 08:06 8129905                    /usr/lib/libc-2.32.so
7f8cff501000-7f8cff504000 rw-p 001c1000 08:06 8129905                    /usr/lib/libc-2.32.so
7f8cff504000-7f8cff508000 rw-p 00000000 00:00 0 
7f8cff50b000-7f8cff513000 rw-s 00000000 00:30 305                        /tmp/hsperfdata_sir/83133
7f8cff513000-7f8cff516000 r--p 00000000 08:06 8129967                    /usr/lib/libnss_files-2.32.so
7f8cff516000-7f8cff51d000 r-xp 00003000 08:06 8129967                    /usr/lib/libnss_files-2.32.so
7f8cff51d000-7f8cff51f000 r--p 0000a000 08:06 8129967                    /usr/lib/libnss_files-2.32.so
7f8cff51f000-7f8cff520000 r--p 0000b000 08:06 8129967                    /usr/lib/libnss_files-2.32.so
7f8cff520000-7f8cff521000 rw-p 0000c000 08:06 8129967                    /usr/lib/libnss_files-2.32.so
7f8cff521000-7f8cff528000 rw-p 00000000 00:00 0 
7f8cff528000-7f8cff529000 r--p 00000000 00:00 0 
7f8cff529000-7f8cff52e000 r--p 00000000 08:06 10754090                   /usr/lib/jvm/java-8-openjdk/jre/lib/amd64/libverify.so
7f8cff52e000-7f8cff535000 r-xp 00005000 08:06 10754090                   /usr/lib/jvm/java-8-openjdk/jre/lib/amd64/libverify.so
7f8cff535000-7f8cff537000 r--p 0000c000 08:06 10754090                   /usr/lib/jvm/java-8-openjdk/jre/lib/amd64/libverify.so
7f8cff537000-7f8cff538000 ---p 0000e000 08:06 10754090                   /usr/lib/jvm/java-8-openjdk/jre/lib/amd64/libverify.so
7f8cff538000-7f8cff53a000 r--p 0000e000 08:06 10754090                   /usr/lib/jvm/java-8-openjdk/jre/lib/amd64/libverify.so
7f8cff53a000-7f8cff53b000 rw-p 00010000 08:06 10754090                   /usr/lib/jvm/java-8-openjdk/jre/lib/amd64/libverify.so
7f8cff53b000-7f8cff53e000 r--p 00000000 08:06 10885645                   /usr/lib/jvm/java-8-openjdk/jre/lib/amd64/jli/libjli.so
7f8cff53e000-7f8cff547000 r-xp 00003000 08:06 10885645                   /usr/lib/jvm/java-8-openjdk/jre/lib/amd64/jli/libjli.so
7f8cff547000-7f8cff54a000 r--p 0000c000 08:06 10885645                   /usr/lib/jvm/java-8-openjdk/jre/lib/amd64/jli/libjli.so
7f8cff54a000-7f8cff54b000 r--p 0000e000 08:06 10885645                   /usr/lib/jvm/java-8-openjdk/jre/lib/amd64/jli/libjli.so
7f8cff54b000-7f8cff54c000 rw-p 0000f000 08:06 10885645                   /usr/lib/jvm/java-8-openjdk/jre/lib/amd64/jli/libjli.so
7f8cff54c000-7f8cff54e000 rw-p 00000000 00:00 0 
7f8cff54e000-7f8cff550000 r--p 00000000 08:06 8129881                    /usr/lib/ld-2.32.so
7f8cff550000-7f8cff571000 r-xp 00002000 08:06 8129881                    /usr/lib/ld-2.32.so
7f8cff571000-7f8cff57a000 r--p 00023000 08:06 8129881                    /usr/lib/ld-2.32.so
7f8cff57a000-7f8cff57b000 r--p 0002b000 08:06 8129881                    /usr/lib/ld-2.32.so
7f8cff57b000-7f8cff57d000 rw-p 0002c000 08:06 8129881                    /usr/lib/ld-2.32.so
7ffdc57e1000-7ffdc5802000 rw-p 00000000 00:00 0                          [stack]
7ffdc5824000-7ffdc5828000 r--p 00000000 00:00 0                          [vvar]
7ffdc5828000-7ffdc582a000 r-xp 00000000 00:00 0                          [vdso]
ffffffffff600000-ffffffffff601000 --xp 00000000 00:00 0                  [vsyscall]

VM Arguments:
jvm_args: -Xverify:none 
java_command: Void
java_class_path (initial): .
Launcher Type: SUN_STANDARD

Environment Variables:
PATH=/home/sir/.gem/ruby/2.7.0/bin:/usr/local/sbin:/usr/local/bin:/usr/bin:/usr/bin/site_perl:/usr/bin/vendor_perl:/usr/bin/core_perl
SHELL=/bin/fish
DISPLAY=:0

Signal Handlers:
SIGSEGV: [libjvm.so+0xaf74c0], sa_mask[0]=11111111011111111101111111111110, sa_flags=SA_RESTART|SA_SIGINFO
SIGBUS: [libjvm.so+0xaf74c0], sa_mask[0]=11111111011111111101111111111110, sa_flags=SA_RESTART|SA_SIGINFO
SIGFPE: [libjvm.so+0x944a60], sa_mask[0]=11111111011111111101111111111110, sa_flags=SA_RESTART|SA_SIGINFO
SIGPIPE: [libjvm.so+0x944a60], sa_mask[0]=11111111011111111101111111111110, sa_flags=SA_RESTART|SA_SIGINFO
SIGXFSZ: [libjvm.so+0x944a60], sa_mask[0]=11111111011111111101111111111110, sa_flags=SA_RESTART|SA_SIGINFO
SIGILL: [libjvm.so+0x944a60], sa_mask[0]=11111111011111111101111111111110, sa_flags=SA_RESTART|SA_SIGINFO
SIGUSR1: SIG_DFL, sa_mask[0]=00000000000000000000000000000000, sa_flags=none
SIGUSR2: [libjvm.so+0x944840], sa_mask[0]=00000000000000000000000000000000, sa_flags=SA_RESTART|SA_SIGINFO
SIGHUP: [libjvm.so+0x944d00], sa_mask[0]=11111111011111111101111111111110, sa_flags=SA_RESTART|SA_SIGINFO
SIGINT: [libjvm.so+0x944d00], sa_mask[0]=11111111011111111101111111111110, sa_flags=SA_RESTART|SA_SIGINFO
SIGTERM: [libjvm.so+0x944d00], sa_mask[0]=11111111011111111101111111111110, sa_flags=SA_RESTART|SA_SIGINFO
SIGQUIT: [libjvm.so+0x944d00], sa_mask[0]=11111111011111111101111111111110, sa_flags=SA_RESTART|SA_SIGINFO


---------------  S Y S T E M  ---------------

OS:LSB_VERSION=1.4
DISTRIB_ID=Arch
DISTRIB_RELEASE=rolling
DISTRIB_DESCRIPTION="Arch Linux"

uname:Linux 5.10.13-arch1-1 #1 SMP PREEMPT Wed, 03 Feb 2021 23:44:07 +0000 x86_64
libc:glibc 2.32 NPTL 2.32 
rlimit: STACK 8192k, CORE infinity, NPROC 63792, NOFILE 524288, AS infinity
load average:1.52 1.70 1.88

/proc/meminfo:
MemTotal:       16349012 kB
MemFree:          382604 kB
MemAvailable:    3178752 kB
Buffers:          392976 kB
Cached:          3577464 kB
SwapCached:          616 kB
Active:          1997784 kB
Inactive:       13049976 kB
Active(anon):      57680 kB
Inactive(anon): 12028884 kB
Active(file):    1940104 kB
Inactive(file):  1021092 kB
Unevictable:          96 kB
Mlocked:              96 kB
SwapTotal:      16777212 kB
SwapFree:       16770812 kB
Dirty:             19764 kB
Writeback:           156 kB
AnonPages:      11076852 kB
Mapped:          2270188 kB
Shmem:           1011952 kB
KReclaimable:     171920 kB
Slab:             357704 kB
SReclaimable:     171920 kB
SUnreclaim:       185784 kB
KernelStack:       20608 kB
PageTables:        82408 kB
NFS_Unstable:          0 kB
Bounce:                0 kB
WritebackTmp:          0 kB
CommitLimit:    24951716 kB
Committed_AS:   21338704 kB
VmallocTotal:   34359738367 kB
VmallocUsed:       84776 kB
VmallocChunk:          0 kB
Percpu:             2336 kB
HardwareCorrupted:     0 kB
AnonHugePages:         0 kB
ShmemHugePages:        0 kB
ShmemPmdMapped:        0 kB
FileHugePages:         0 kB
FilePmdMapped:         0 kB
CmaTotal:              0 kB
CmaFree:               0 kB
HugePages_Total:       0
HugePages_Free:        0
HugePages_Rsvd:        0
HugePages_Surp:        0
Hugepagesize:       2048 kB
Hugetlb:               0 kB
DirectMap4k:     1022904 kB
DirectMap2M:    14663680 kB
DirectMap1G:     1048576 kB

container (cgroup) information:
container_type: cgroupv1
cpu_cpuset_cpus: 0-3
cpu_memory_nodes: 0
active_processor_count: 4
cpu_quota: -1
cpu_period: 100000
cpu_shares: -1
memory_limit_in_bytes: -1
memory_and_swap_limit_in_bytes: -1
memory_soft_limit_in_bytes: -1
memory_usage_in_bytes: 13042921472
memory_max_usage_in_bytes: 13286633472


CPU:total 4 (initial active 4) (4 cores per cpu, 1 threads per core) family 6 model 158 stepping 9, cmov, cx8, fxsr, mmx, sse, sse2, sse3, ssse3, sse4.1, sse4.2, popcnt, avx, avx2, aes, clmul, erms, rtm, 3dnowpref, lzcnt, tsc, tscinvbit, bmi1, bmi2, adx

/proc/cpuinfo:
processor	: 0
vendor_id	: GenuineIntel
cpu family	: 6
model		: 158
model name	: Intel(R) Core(TM) i5-7600 CPU @ 3.50GHz
stepping	: 9
microcode	: 0xde
cpu MHz		: 1254.816
cache size	: 6144 KB
physical id	: 0
siblings	: 4
core id		: 0
cpu cores	: 4
apicid		: 0
initial apicid	: 0
fpu		: yes
fpu_exception	: yes
cpuid level	: 22
wp		: yes
flags		: fpu vme de pse tsc msr pae mce cx8 apic sep mtrr pge mca cmov pat pse36 clflush dts acpi mmx fxsr sse sse2 ss ht tm pbe syscall nx pdpe1gb rdtscp lm constant_tsc art arch_perfmon pebs bts rep_good nopl xtopology nonstop_tsc cpuid aperfmperf pni pclmulqdq dtes64 monitor ds_cpl vmx smx est tm2 ssse3 sdbg fma cx16 xtpr pdcm pcid sse4_1 sse4_2 x2apic movbe popcnt tsc_deadline_timer aes xsave avx f16c rdrand lahf_lm abm 3dnowprefetch cpuid_fault invpcid_single pti ssbd ibrs ibpb stibp tpr_shadow vnmi flexpriority ept vpid ept_ad fsgsbase tsc_adjust bmi1 hle avx2 smep bmi2 erms invpcid rtm mpx rdseed adx smap clflushopt intel_pt xsaveopt xsavec xgetbv1 xsaves dtherm ida arat pln pts hwp hwp_notify hwp_act_window hwp_epp md_clear flush_l1d
vmx flags	: vnmi preemption_timer invvpid ept_x_only ept_ad ept_1gb flexpriority tsc_offset vtpr mtf vapic ept vpid unrestricted_guest ple shadow_vmcs pml ept_mode_based_exec
bugs		: cpu_meltdown spectre_v1 spectre_v2 spec_store_bypass l1tf mds swapgs taa itlb_multihit srbds
bogomips	: 7002.48
clflush size	: 64
cache_alignment	: 64
address sizes	: 39 bits physical, 48 bits virtual
power management:

processor	: 1
vendor_id	: GenuineIntel
cpu family	: 6
model		: 158
model name	: Intel(R) Core(TM) i5-7600 CPU @ 3.50GHz
stepping	: 9
microcode	: 0xde
cpu MHz		: 1975.536
cache size	: 6144 KB
physical id	: 0
siblings	: 4
core id		: 1
cpu cores	: 4
apicid		: 2
initial apicid	: 2
fpu		: yes
fpu_exception	: yes
cpuid level	: 22
wp		: yes
flags		: fpu vme de pse tsc msr pae mce cx8 apic sep mtrr pge mca cmov pat pse36 clflush dts acpi mmx fxsr sse sse2 ss ht tm pbe syscall nx pdpe1gb rdtscp lm constant_tsc art arch_perfmon pebs bts rep_good nopl xtopology nonstop_tsc cpuid aperfmperf pni pclmulqdq dtes64 monitor ds_cpl vmx smx est tm2 ssse3 sdbg fma cx16 xtpr pdcm pcid sse4_1 sse4_2 x2apic movbe popcnt tsc_deadline_timer aes xsave avx f16c rdrand lahf_lm abm 3dnowprefetch cpuid_fault invpcid_single pti ssbd ibrs ibpb stibp tpr_shadow vnmi flexpriority ept vpid ept_ad fsgsbase tsc_adjust bmi1 hle avx2 smep bmi2 erms invpcid rtm mpx rdseed adx smap clflushopt intel_pt xsaveopt xsavec xgetbv1 xsaves dtherm ida arat pln pts hwp hwp_notify hwp_act_window hwp_epp md_clear flush_l1d
vmx flags	: vnmi preemption_timer invvpid ept_x_only ept_ad ept_1gb flexpriority tsc_offset vtpr mtf vapic ept vpid unrestricted_guest ple shadow_vmcs pml ept_mode_based_exec
bugs		: cpu_meltdown spectre_v1 spectre_v2 spec_store_bypass l1tf mds swapgs taa itlb_multihit srbds
bogomips	: 7002.48
clflush size	: 64
cache_alignment	: 64
address sizes	: 39 bits physical, 48 bits virtual
power management:

processor	: 2
vendor_id	: GenuineIntel
cpu family	: 6
model		: 158
model name	: Intel(R) Core(TM) i5-7600 CPU @ 3.50GHz
stepping	: 9
microcode	: 0xde
cpu MHz		: 1653.989
cache size	: 6144 KB
physical id	: 0
siblings	: 4
core id		: 2
cpu cores	: 4
apicid		: 4
initial apicid	: 4
fpu		: yes
fpu_exception	: yes
cpuid level	: 22
wp		: yes
flags		: fpu vme de pse tsc msr pae mce cx8 apic sep mtrr pge mca cmov pat pse36 clflush dts acpi mmx fxsr sse sse2 ss ht tm pbe syscall nx pdpe1gb rdtscp lm constant_tsc art arch_perfmon pebs bts rep_good nopl xtopology nonstop_tsc cpuid aperfmperf pni pclmulqdq dtes64 monitor ds_cpl vmx smx est tm2 ssse3 sdbg fma cx16 xtpr pdcm pcid sse4_1 sse4_2 x2apic movbe popcnt tsc_deadline_timer aes xsave avx f16c rdrand lahf_lm abm 3dnowprefetch cpuid_fault invpcid_single pti ssbd ibrs ibpb stibp tpr_shadow vnmi flexpriority ept vpid ept_ad fsgsbase tsc_adjust bmi1 hle avx2 smep bmi2 erms invpcid rtm mpx rdseed adx smap clflushopt intel_pt xsaveopt xsavec xgetbv1 xsaves dtherm ida arat pln pts hwp hwp_notify hwp_act_window hwp_epp md_clear flush_l1d
vmx flags	: vnmi preemption_timer invvpid ept_x_only ept_ad ept_1gb flexpriority tsc_offset vtpr mtf vapic ept vpid unrestricted_guest ple shadow_vmcs pml ept_mode_based_exec
bugs		: cpu_meltdown spectre_v1 spectre_v2 spec_store_bypass l1tf mds swapgs taa itlb_multihit srbds
bogomips	: 7002.48
clflush size	: 64
cache_alignment	: 64
address sizes	: 39 bits physical, 48 bits virtual
power management:

processor	: 3
vendor_id	: GenuineIntel
cpu family	: 6
model		: 158
model name	: Intel(R) Core(TM) i5-7600 CPU @ 3.50GHz
stepping	: 9
microcode	: 0xde
cpu MHz		: 1199.367
cache size	: 6144 KB
physical id	: 0
siblings	: 4
core id		: 3
cpu cores	: 4
apicid		: 6
initial apicid	: 6
fpu		: yes
fpu_exception	: yes
cpuid level	: 22
wp		: yes
flags		: fpu vme de pse tsc msr pae mce cx8 apic sep mtrr pge mca cmov pat pse36 clflush dts acpi mmx fxsr sse sse2 ss ht tm pbe syscall nx pdpe1gb rdtscp lm constant_tsc art arch_perfmon pebs bts rep_good nopl xtopology nonstop_tsc cpuid aperfmperf pni pclmulqdq dtes64 monitor ds_cpl vmx smx est tm2 ssse3 sdbg fma cx16 xtpr pdcm pcid sse4_1 sse4_2 x2apic movbe popcnt tsc_deadline_timer aes xsave avx f16c rdrand lahf_lm abm 3dnowprefetch cpuid_fault invpcid_single pti ssbd ibrs ibpb stibp tpr_shadow vnmi flexpriority ept vpid ept_ad fsgsbase tsc_adjust bmi1 hle avx2 smep bmi2 erms invpcid rtm mpx rdseed adx smap clflushopt intel_pt xsaveopt xsavec xgetbv1 xsaves dtherm ida arat pln pts hwp hwp_notify hwp_act_window hwp_epp md_clear flush_l1d
vmx flags	: vnmi preemption_timer invvpid ept_x_only ept_ad ept_1gb flexpriority tsc_offset vtpr mtf vapic ept vpid unrestricted_guest ple shadow_vmcs pml ept_mode_based_exec
bugs		: cpu_meltdown spectre_v1 spectre_v2 spec_store_bypass l1tf mds swapgs taa itlb_multihit srbds
bogomips	: 7002.48
clflush size	: 64
cache_alignment	: 64
address sizes	: 39 bits physical, 48 bits virtual
power management:



Memory: 4k page, physical 16349012k(382604k free), swap 16777212k(16770812k free)

vm_info: OpenJDK 64-Bit Server VM (25.275-b01) for linux-amd64 JRE (1.8.0_275-b01), built on Jan 10 2021 13:38:57 by "builduser" with gcc 10.2.0

time: Mon Feb  8 14:33:09 2021
timezone: PST
elapsed time: 0.069195 seconds (0d 0h 0m 0s)

