#
# A fatal error has been detected by the Java Runtime Environment:
#
#  SIGSEGV (0xb) at pc=0x00007f9c608a10f0, pid=91127, tid=0x00007f9c5fd00640
#
# JRE version: OpenJDK Runtime Environment (8.0_275-b01) (build 1.8.0_275-b01)
# Java VM: OpenJDK 64-Bit Server VM (25.275-b01 mixed mode linux-amd64 compressed oops)
# Problematic frame:
# V  [libjvm.so+0xa5a0f0]
#
# Core dump written. Default location: /home/sir/Desktop/Jave/core or core.91127
#
# If you would like to submit a bug report, please visit:
#   http://bugreport.java.com/bugreport/crash.jsp
#

---------------  T H R E A D  ---------------

Current thread (0x00007f9c5800a800):  JavaThread "main" [_thread_in_vm, id=91128, stack(0x00007f9c5fc01000,0x00007f9c5fd01000)]

siginfo: si_signo: 11 (SIGSEGV), si_code: 1 (SEGV_MAPERR), si_addr: 0x0000000000000002

Registers:
RAX=0x00007f9c58009240, RBX=0x0000000000000001, RCX=0x0000000000000056, RDX=0x000000000000000e
RSP=0x00007f9c5fcfee38, RBP=0x00007f9c5fcfee50, RSI=0x00007f9c609db200, RDI=0x0000000000000000
R8 =0x00007f9c5800a800, R9 =0x0000000000000006, R10=0x0000000000000007, R11=0x0000000000000000
R12=0x00007f9c5fcfef30, R13=0x00007f9c609da584, R14=0x00007f9c58009220, R15=0x0000000000000000
RIP=0x00007f9c608a10f0, EFLAGS=0x0000000000010202, CSGSFS=0x002b000000000033, ERR=0x0000000000000004
  TRAPNO=0x000000000000000e

Top of Stack: (sp=0x00007f9c5fcfee38)
0x00007f9c5fcfee38:   00007f9c608537d2 00007f9c580091d0
0x00007f9c5fcfee48:   0000000000000001 00007f9c5fcff200
0x00007f9c5fcfee58:   00007f9c6084055a 00007f9c580e4dd0
0x00007f9c5fcfee68:   00007f9c00000000 00007f9c5fcff570
0x00007f9c5fcfee78:   00000007c0001ef8 00007f9c58009220
0x00007f9c5fcfee88:   00007f9c580091d0 00007f9c58059880
0x00007f9c5fcfee98:   00000000000003d8 00007f9c58007cf0
0x00007f9c5fcfeea8:   00007f9c580095f8 00007f9c58009220
0x00007f9c5fcfeeb8:   00007f9c5fcfef30 0000000100000012
0x00007f9c5fcfeec8:   00007f9c58009210 0000000000000001
0x00007f9c5fcfeed8:   00007f9c5fcfef00 0000003400000012
0x00007f9c5fcfeee8:   0000000000000000 0000000000000000
0x00007f9c5fcfeef8:   0000000000000000 00000000b0000000
0x00007f9c5fcfef08:   0000007c00000000 00007f9cffffffff
0x00007f9c5fcfef18:   0000000000000010 0000000000000110
0x00007f9c5fcfef28:   00007f9c58000020 00007f9c580e44f0
0x00007f9c5fcfef38:   0000000400000003 000000010000000e
0x00007f9c5fcfef48:   00007f9c58009220 0000000000000000
0x00007f9c5fcfef58:   00007f9c5fcfefa0 0000000000000110
0x00007f9c5fcfef68:   00007f9c6078555e 00007f9c580e4dd0
0x00007f9c5fcfef78:   00007f9c60bd7c40 0000000000000110
0x00007f9c5fcfef88:   0000000000000110 00007f9c580e4ab0
0x00007f9c5fcfef98:   0000000000000002 00007f9c5fcfefd0
0x00007f9c5fcfefa8:   00007f9c60287deb 00007f9c5fcfefd0
0x00007f9c5fcfefb8:   00007f9c60748077 0000000000000002
0x00007f9c5fcfefc8:   00007f9c5fcfefe0 00007f9c5fcff030
0x00007f9c5fcfefd8:   00007f9c60287e96 0000000000000000
0x00007f9c5fcfefe8:   0000000000000000 0000000000000000
0x00007f9c5fcfeff8:   0000000000000000 0000000000000000
0x00007f9c5fcff008:   00007f9c580e4ab0 00007f9c5fcff030
0x00007f9c5fcff018:   000000076cddb1c0 00007f9c580e42c0
0x00007f9c5fcff028:   00007f9c5dadf070 00007f9c5fcff060 

Instructions: (pc=0x00007f9c608a10f0)
0x00007f9c608a10d0:   0f b7 47 02 66 85 c0 79 07 c3 66 0f 1f 44 00 00
0x00007f9c608a10e0:   48 83 c7 02 e9 d7 35 8a ff 90 66 0f 1f 44 00 00
0x00007f9c608a10f0:   0f b7 47 02 66 85 c0 79 07 c3 66 0f 1f 44 00 00
0x00007f9c608a1100:   48 83 c7 02 e9 e7 35 8a ff 90 66 0f 1f 44 00 00 

Register to memory mapping:

RAX=0x00007f9c58009240 is an unknown value
RBX=0x0000000000000001 is an unknown value
RCX=0x0000000000000056 is an unknown value
RDX=0x000000000000000e is an unknown value
RSP=0x00007f9c5fcfee38 is pointing into the stack for thread: 0x00007f9c5800a800
RBP=0x00007f9c5fcfee50 is pointing into the stack for thread: 0x00007f9c5800a800
RSI=0x00007f9c609db200: <offset 0xb94200> in /usr/lib/jvm/java-8-openjdk/jre/lib/amd64/server/libjvm.so at 0x00007f9c5fe47000
RDI=0x0000000000000000 is an unknown value
R8 =0x00007f9c5800a800 is a thread
R9 =0x0000000000000006 is an unknown value
R10=0x0000000000000007 is an unknown value
R11=0x0000000000000000 is an unknown value
R12=0x00007f9c5fcfef30 is pointing into the stack for thread: 0x00007f9c5800a800
R13=0x00007f9c609da584: <offset 0xb93584> in /usr/lib/jvm/java-8-openjdk/jre/lib/amd64/server/libjvm.so at 0x00007f9c5fe47000
R14=0x00007f9c58009220 is an unknown value
R15=0x0000000000000000 is an unknown value


Stack: [0x00007f9c5fc01000,0x00007f9c5fd01000],  sp=0x00007f9c5fcfee38,  free space=1015k
Native frames: (J=compiled Java code, j=interpreted, Vv=VM code, C=native code)
V  [libjvm.so+0xa5a0f0]
V  [libjvm.so+0x9f955a]
V  [libjvm.so+0x8da3ea]
V  [libjvm.so+0x6327dd]
V  [libjvm.so+0x632e24]
V  [libjvm.so+0x633131]
V  [libjvm.so+0x736ba9]
V  [libjvm.so+0x73731d]  JVM_GetClassDeclaredMethods+0x6d
j  java.lang.Class.getDeclaredMethods0(Z)[Ljava/lang/reflect/Method;+0
j  java.lang.Class.privateGetDeclaredMethods(Z)[Ljava/lang/reflect/Method;+37
j  java.lang.Class.privateGetMethodRecursive(Ljava/lang/String;[Ljava/lang/Class;ZLjava/lang/Class$MethodArray;)Ljava/lang/reflect/Method;+2
j  java.lang.Class.getMethod0(Ljava/lang/String;[Ljava/lang/Class;Z)Ljava/lang/reflect/Method;+16
j  java.lang.Class.getMethod(Ljava/lang/String;[Ljava/lang/Class;)Ljava/lang/reflect/Method;+13
j  sun.launcher.LauncherHelper.validateMainClass(Ljava/lang/Class;)V+12
j  sun.launcher.LauncherHelper.checkAndLoadMain(ZILjava/lang/String;)Ljava/lang/Class;+214
v  ~StubRoutines::call_stub
V  [libjvm.so+0x67b89e]
V  [libjvm.so+0x6f2be0]
V  [libjvm.so+0x6f4225]
C  [libjli.so+0x3c40]
C  [libpthread.so.0+0x93e9]  start_thread+0xe9

Java frames: (J=compiled Java code, j=interpreted, Vv=VM code)
j  java.lang.Class.getDeclaredMethods0(Z)[Ljava/lang/reflect/Method;+0
j  java.lang.Class.privateGetDeclaredMethods(Z)[Ljava/lang/reflect/Method;+37
j  java.lang.Class.privateGetMethodRecursive(Ljava/lang/String;[Ljava/lang/Class;ZLjava/lang/Class$MethodArray;)Ljava/lang/reflect/Method;+2
j  java.lang.Class.getMethod0(Ljava/lang/String;[Ljava/lang/Class;Z)Ljava/lang/reflect/Method;+16
j  java.lang.Class.getMethod(Ljava/lang/String;[Ljava/lang/Class;)Ljava/lang/reflect/Method;+13
j  sun.launcher.LauncherHelper.validateMainClass(Ljava/lang/Class;)V+12
j  sun.launcher.LauncherHelper.checkAndLoadMain(ZILjava/lang/String;)Ljava/lang/Class;+214
v  ~StubRoutines::call_stub

---------------  P R O C E S S  ---------------

Java Threads: ( => current thread )
  0x00007f9c580ce000 JavaThread "Service Thread" daemon [_thread_blocked, id=91140, stack(0x00007f9c48915000,0x00007f9c48a16000)]
  0x00007f9c580c1000 JavaThread "C1 CompilerThread2" daemon [_thread_blocked, id=91139, stack(0x00007f9c48a17000,0x00007f9c48b17000)]
  0x00007f9c580bf000 JavaThread "C2 CompilerThread1" daemon [_thread_blocked, id=91138, stack(0x00007f9c48b18000,0x00007f9c48c18000)]
  0x00007f9c580bc000 JavaThread "C2 CompilerThread0" daemon [_thread_blocked, id=91137, stack(0x00007f9c48c19000,0x00007f9c48d19000)]
  0x00007f9c580b6800 JavaThread "Signal Dispatcher" daemon [_thread_blocked, id=91136, stack(0x00007f9c5c00f000,0x00007f9c5c110000)]
  0x00007f9c58086000 JavaThread "Finalizer" daemon [_thread_blocked, id=91135, stack(0x00007f9c5c110000,0x00007f9c5c211000)]
  0x00007f9c58081800 JavaThread "Reference Handler" daemon [_thread_blocked, id=91134, stack(0x00007f9c5c211000,0x00007f9c5c312000)]
=>0x00007f9c5800a800 JavaThread "main" [_thread_in_vm, id=91128, stack(0x00007f9c5fc01000,0x00007f9c5fd01000)]

Other Threads:
  0x00007f9c58078000 VMThread [stack: 0x00007f9c5c313000,0x00007f9c5c413000] [id=91133]
  0x00007f9c580d0800 WatcherThread [stack: 0x00007f9c48815000,0x00007f9c48915000] [id=91141]

VM state:not at safepoint (normal execution)

VM Mutex/Monitor currently owned by a thread:  ([mutex/lock_event])
[0x00007f9c58007cf0] AdapterHandlerLibrary_lock - owner thread: 0x00007f9c5800a800

heap address: 0x00000006c6800000, size: 3992 MB, Compressed Oops mode: Zero based, Oop shift amount: 3
Narrow klass base: 0x0000000000000000, Narrow klass shift: 3
Compressed class space size: 1073741824 Address: 0x00000007c0000000

Heap:
 PSYoungGen      total 74752K, used 1290K [0x000000076cd80000, 0x0000000772080000, 0x00000007c0000000)
  eden space 64512K, 2% used [0x000000076cd80000,0x000000076cec2900,0x0000000770c80000)
  from space 10240K, 0% used [0x0000000771680000,0x0000000771680000,0x0000000772080000)
  to   space 10240K, 0% used [0x0000000770c80000,0x0000000770c80000,0x0000000771680000)
 ParOldGen       total 171008K, used 0K [0x00000006c6800000, 0x00000006d0f00000, 0x000000076cd80000)
  object space 171008K, 0% used [0x00000006c6800000,0x00000006c6800000,0x00000006d0f00000)
 Metaspace       used 2645K, capacity 4486K, committed 4864K, reserved 1056768K
  class space    used 276K, capacity 386K, committed 512K, reserved 1048576K

Card table byte_map: [0x00007f9c5f030000,0x00007f9c5f7fd000] byte_map_base: 0x00007f9c5b9fc000

Marking Bits: (ParMarkBitMap*) 0x00007f9c60c03f40
 Begin Bits: [0x00007f9c34340000, 0x00007f9c381a0000)
 End Bits:   [0x00007f9c381a0000, 0x00007f9c3c000000)

Polling page: 0x00007f9c60e4e000

CodeCache: size=245760Kb used=1083Kb max_used=1083Kb free=244676Kb
 bounds [0x00007f9c49000000, 0x00007f9c49270000, 0x00007f9c58000000]
 total_blobs=256 nmethods=11 adapters=160
 compilation: enabled

Compilation events (10 events):
Event: 0.054 Thread 0x00007f9c580c1000    7       3       java.lang.Math::min (11 bytes)
Event: 0.054 Thread 0x00007f9c580c1000 nmethod 7 0x00007f9c49102190 code [0x00007f9c49102300, 0x00007f9c49102490]
Event: 0.054 Thread 0x00007f9c580c1000    8       3       java.lang.String::length (6 bytes)
Event: 0.054 Thread 0x00007f9c580c1000 nmethod 8 0x00007f9c4910c1d0 code [0x00007f9c4910c340, 0x00007f9c4910c4b0]
Event: 0.055 Thread 0x00007f9c580c1000    9       1       java.lang.Object::<init> (1 bytes)
Event: 0.055 Thread 0x00007f9c580c1000 nmethod 9 0x00007f9c4910bf10 code [0x00007f9c4910c060, 0x00007f9c4910c170]
Event: 0.057 Thread 0x00007f9c580c1000   10       1       java.lang.ref.Reference::get (5 bytes)
Event: 0.057 Thread 0x00007f9c580c1000 nmethod 10 0x00007f9c4910dd50 code [0x00007f9c4910dea0, 0x00007f9c4910dfb0]
Event: 0.058 Thread 0x00007f9c580c1000   11       1       java.lang.ThreadLocal::access$400 (5 bytes)
Event: 0.058 Thread 0x00007f9c580c1000 nmethod 11 0x00007f9c4910ecd0 code [0x00007f9c4910ee20, 0x00007f9c4910ef10]

GC Heap History (0 events):
No events

Deoptimization events (0 events):
No events

Classes redefined (0 events):
No events

Internal exceptions (2 events):
Event: 0.034 Thread 0x00007f9c5800a800 Exception <a 'java/lang/NoSuchMethodError': Method sun.misc.Unsafe.defineClass(Ljava/lang/String;[BII)Ljava/lang/Class; name or signature does not match> (0x000000076cd87cc0) thrown at [/build/java8-openjdk/src/jdk8u-jdk8u275-b01/hotspot/src/share/vm/prim
Event: 0.034 Thread 0x00007f9c5800a800 Exception <a 'java/lang/NoSuchMethodError': Method sun.misc.Unsafe.prefetchRead(Ljava/lang/Object;J)V name or signature does not match> (0x000000076cd87fa8) thrown at [/build/java8-openjdk/src/jdk8u-jdk8u275-b01/hotspot/src/share/vm/prims/jni.cpp, line 40

Events (10 events):
Event: 0.058 loading class java/security/AllPermission
Event: 0.058 loading class java/security/AllPermission done
Event: 0.058 loading class java/security/UnresolvedPermission
Event: 0.058 loading class java/security/UnresolvedPermission done
Event: 0.058 loading class java/security/BasicPermissionCollection
Event: 0.058 loading class java/security/BasicPermissionCollection done
Event: 0.058 loading class sun/launcher/LauncherHelper$FXHelper
Event: 0.058 loading class sun/launcher/LauncherHelper$FXHelper done
Event: 0.058 loading class java/lang/Class$MethodArray
Event: 0.058 loading class java/lang/Class$MethodArray done


Dynamic libraries:
6c6800000-6d0f00000 rw-p 00000000 00:00 0 
6d0f00000-76cd80000 ---p 00000000 00:00 0 
76cd80000-772080000 rw-p 00000000 00:00 0 
772080000-7c0000000 ---p 00000000 00:00 0 
7c0000000-7c0080000 rw-p 00000000 00:00 0 
7c0080000-800000000 ---p 00000000 00:00 0 
55b81903f000-55b819040000 r--p 00000000 08:06 10618125                   /usr/lib/jvm/java-8-openjdk/jre/bin/java
55b819040000-55b819041000 r-xp 00001000 08:06 10618125                   /usr/lib/jvm/java-8-openjdk/jre/bin/java
55b819041000-55b819042000 r--p 00002000 08:06 10618125                   /usr/lib/jvm/java-8-openjdk/jre/bin/java
55b819042000-55b819043000 r--p 00002000 08:06 10618125                   /usr/lib/jvm/java-8-openjdk/jre/bin/java
55b819043000-55b819044000 rw-p 00003000 08:06 10618125                   /usr/lib/jvm/java-8-openjdk/jre/bin/java
55b8199eb000-55b819a0c000 rw-p 00000000 00:00 0                          [heap]
7f9c08000000-7f9c08021000 rw-p 00000000 00:00 0 
7f9c08021000-7f9c0c000000 ---p 00000000 00:00 0 
7f9c0c000000-7f9c0c021000 rw-p 00000000 00:00 0 
7f9c0c021000-7f9c10000000 ---p 00000000 00:00 0 
7f9c10000000-7f9c10021000 rw-p 00000000 00:00 0 
7f9c10021000-7f9c14000000 ---p 00000000 00:00 0 
7f9c14000000-7f9c14021000 rw-p 00000000 00:00 0 
7f9c14021000-7f9c18000000 ---p 00000000 00:00 0 
7f9c18000000-7f9c18021000 rw-p 00000000 00:00 0 
7f9c18021000-7f9c1c000000 ---p 00000000 00:00 0 
7f9c1c000000-7f9c1c05e000 rw-p 00000000 00:00 0 
7f9c1c05e000-7f9c20000000 ---p 00000000 00:00 0 
7f9c20000000-7f9c20021000 rw-p 00000000 00:00 0 
7f9c20021000-7f9c24000000 ---p 00000000 00:00 0 
7f9c24000000-7f9c24021000 rw-p 00000000 00:00 0 
7f9c24021000-7f9c28000000 ---p 00000000 00:00 0 
7f9c28000000-7f9c28021000 rw-p 00000000 00:00 0 
7f9c28021000-7f9c2c000000 ---p 00000000 00:00 0 
7f9c2c000000-7f9c2c021000 rw-p 00000000 00:00 0 
7f9c2c021000-7f9c30000000 ---p 00000000 00:00 0 
7f9c30000000-7f9c30021000 rw-p 00000000 00:00 0 
7f9c30021000-7f9c34000000 ---p 00000000 00:00 0 
7f9c34340000-7f9c3c000000 rw-p 00000000 00:00 0 
7f9c3c000000-7f9c3c021000 rw-p 00000000 00:00 0 
7f9c3c021000-7f9c40000000 ---p 00000000 00:00 0 
7f9c44000000-7f9c44021000 rw-p 00000000 00:00 0 
7f9c44021000-7f9c48000000 ---p 00000000 00:00 0 
7f9c487b3000-7f9c487e4000 rw-p 00000000 00:00 0 
7f9c487e4000-7f9c487e9000 r--p 00000000 08:06 10754083                   /usr/lib/jvm/java-8-openjdk/jre/lib/amd64/libnet.so
7f9c487e9000-7f9c487f9000 r-xp 00005000 08:06 10754083                   /usr/lib/jvm/java-8-openjdk/jre/lib/amd64/libnet.so
7f9c487f9000-7f9c487fd000 r--p 00015000 08:06 10754083                   /usr/lib/jvm/java-8-openjdk/jre/lib/amd64/libnet.so
7f9c487fd000-7f9c487fe000 r--p 00018000 08:06 10754083                   /usr/lib/jvm/java-8-openjdk/jre/lib/amd64/libnet.so
7f9c487fe000-7f9c487ff000 rw-p 00019000 08:06 10754083                   /usr/lib/jvm/java-8-openjdk/jre/lib/amd64/libnet.so
7f9c487ff000-7f9c48806000 r--p 00000000 08:06 10754084                   /usr/lib/jvm/java-8-openjdk/jre/lib/amd64/libnio.so
7f9c48806000-7f9c4880e000 r-xp 00007000 08:06 10754084                   /usr/lib/jvm/java-8-openjdk/jre/lib/amd64/libnio.so
7f9c4880e000-7f9c48811000 r--p 0000f000 08:06 10754084                   /usr/lib/jvm/java-8-openjdk/jre/lib/amd64/libnio.so
7f9c48811000-7f9c48812000 ---p 00012000 08:06 10754084                   /usr/lib/jvm/java-8-openjdk/jre/lib/amd64/libnio.so
7f9c48812000-7f9c48813000 r--p 00012000 08:06 10754084                   /usr/lib/jvm/java-8-openjdk/jre/lib/amd64/libnio.so
7f9c48813000-7f9c48814000 rw-p 00013000 08:06 10754084                   /usr/lib/jvm/java-8-openjdk/jre/lib/amd64/libnio.so
7f9c48814000-7f9c48815000 ---p 00000000 00:00 0 
7f9c48815000-7f9c48915000 rw-p 00000000 00:00 0 
7f9c48915000-7f9c48918000 ---p 00000000 00:00 0 
7f9c48918000-7f9c48a16000 rw-p 00000000 00:00 0 
7f9c48a16000-7f9c48a17000 ---p 00000000 00:00 0 
7f9c48a17000-7f9c48a1a000 ---p 00000000 00:00 0 
7f9c48a1a000-7f9c48b17000 rw-p 00000000 00:00 0 
7f9c48b17000-7f9c48b18000 ---p 00000000 00:00 0 
7f9c48b18000-7f9c48b1b000 ---p 00000000 00:00 0 
7f9c48b1b000-7f9c48c18000 rw-p 00000000 00:00 0 
7f9c48c18000-7f9c48c19000 ---p 00000000 00:00 0 
7f9c48c19000-7f9c48c1c000 ---p 00000000 00:00 0 
7f9c48c1c000-7f9c48d19000 rw-p 00000000 00:00 0 
7f9c48d19000-7f9c49000000 r--p 00000000 08:06 8163457                    /usr/lib/locale/locale-archive
7f9c49000000-7f9c49270000 rwxp 00000000 00:00 0 
7f9c49270000-7f9c58000000 ---p 00000000 00:00 0 
7f9c58000000-7f9c58104000 rw-p 00000000 00:00 0 
7f9c58104000-7f9c5c000000 ---p 00000000 00:00 0 
7f9c5c009000-7f9c5c00f000 r--s 000d3000 08:06 10754101                   /usr/lib/jvm/java-8-openjdk/jre/lib/jfr.jar
7f9c5c00f000-7f9c5c012000 ---p 00000000 00:00 0 
7f9c5c012000-7f9c5c110000 rw-p 00000000 00:00 0 
7f9c5c110000-7f9c5c113000 ---p 00000000 00:00 0 
7f9c5c113000-7f9c5c211000 rw-p 00000000 00:00 0 
7f9c5c211000-7f9c5c214000 ---p 00000000 00:00 0 
7f9c5c214000-7f9c5c312000 rw-p 00000000 00:00 0 
7f9c5c312000-7f9c5c313000 ---p 00000000 00:00 0 
7f9c5c313000-7f9c5d415000 rw-p 00000000 00:00 0 
7f9c5d415000-7f9c5d5e6000 r--s 03c93000 08:06 10754790                   /usr/lib/jvm/java-8-openjdk/jre/lib/rt.jar
7f9c5d5e6000-7f9c5db1f000 rw-p 00000000 00:00 0 
7f9c5db1f000-7f9c5dedf000 ---p 00000000 00:00 0 
7f9c5dedf000-7f9c5e6f9000 rw-p 00000000 00:00 0 
7f9c5e6f9000-7f9c5e6fa000 ---p 00000000 00:00 0 
7f9c5e6fa000-7f9c5e7fa000 rw-p 00000000 00:00 0 
7f9c5e7fa000-7f9c5e7fb000 ---p 00000000 00:00 0 
7f9c5e7fb000-7f9c5e8fb000 rw-p 00000000 00:00 0 
7f9c5e8fb000-7f9c5e8fc000 ---p 00000000 00:00 0 
7f9c5e8fc000-7f9c5e9fc000 rw-p 00000000 00:00 0 
7f9c5e9fc000-7f9c5e9fd000 ---p 00000000 00:00 0 
7f9c5e9fd000-7f9c5eb51000 rw-p 00000000 00:00 0 
7f9c5eb51000-7f9c5f030000 ---p 00000000 00:00 0 
7f9c5f030000-7f9c5f084000 rw-p 00000000 00:00 0 
7f9c5f084000-7f9c5f562000 ---p 00000000 00:00 0 
7f9c5f562000-7f9c5f58d000 rw-p 00000000 00:00 0 
7f9c5f58d000-7f9c5f7fc000 ---p 00000000 00:00 0 
7f9c5f7fc000-7f9c5f807000 rw-p 00000000 00:00 0 
7f9c5f807000-7f9c5fbbd000 ---p 00000000 00:00 0 
7f9c5fbbd000-7f9c5fbc0000 r--p 00000000 08:06 10754091                   /usr/lib/jvm/java-8-openjdk/jre/lib/amd64/libzip.so
7f9c5fbc0000-7f9c5fbc4000 r-xp 00003000 08:06 10754091                   /usr/lib/jvm/java-8-openjdk/jre/lib/amd64/libzip.so
7f9c5fbc4000-7f9c5fbc6000 r--p 00007000 08:06 10754091                   /usr/lib/jvm/java-8-openjdk/jre/lib/amd64/libzip.so
7f9c5fbc6000-7f9c5fbc7000 r--p 00008000 08:06 10754091                   /usr/lib/jvm/java-8-openjdk/jre/lib/amd64/libzip.so
7f9c5fbc7000-7f9c5fbc8000 rw-p 00009000 08:06 10754091                   /usr/lib/jvm/java-8-openjdk/jre/lib/amd64/libzip.so
7f9c5fbc8000-7f9c5fbd5000 r--p 00000000 08:06 10754073                   /usr/lib/jvm/java-8-openjdk/jre/lib/amd64/libjava.so
7f9c5fbd5000-7f9c5fbeb000 r-xp 0000d000 08:06 10754073                   /usr/lib/jvm/java-8-openjdk/jre/lib/amd64/libjava.so
7f9c5fbeb000-7f9c5fbf2000 r--p 00023000 08:06 10754073                   /usr/lib/jvm/java-8-openjdk/jre/lib/amd64/libjava.so
7f9c5fbf2000-7f9c5fbf3000 r--p 00029000 08:06 10754073                   /usr/lib/jvm/java-8-openjdk/jre/lib/amd64/libjava.so
7f9c5fbf3000-7f9c5fbf4000 rw-p 0002a000 08:06 10754073                   /usr/lib/jvm/java-8-openjdk/jre/lib/amd64/libjava.so
7f9c5fbf4000-7f9c5fbf5000 rw-p 00000000 00:00 0 
7f9c5fbf5000-7f9c5fbf8000 r--p 00000000 08:06 8129986                    /usr/lib/librt-2.32.so
7f9c5fbf8000-7f9c5fbfc000 r-xp 00003000 08:06 8129986                    /usr/lib/librt-2.32.so
7f9c5fbfc000-7f9c5fbfe000 r--p 00007000 08:06 8129986                    /usr/lib/librt-2.32.so
7f9c5fbfe000-7f9c5fbff000 r--p 00008000 08:06 8129986                    /usr/lib/librt-2.32.so
7f9c5fbff000-7f9c5fc00000 rw-p 00009000 08:06 8129986                    /usr/lib/librt-2.32.so
7f9c5fc00000-7f9c5fc01000 ---p 00000000 00:00 0 
7f9c5fc01000-7f9c5fc04000 ---p 00000000 00:00 0 
7f9c5fc04000-7f9c5fd01000 rw-p 00000000 00:00 0 
7f9c5fd01000-7f9c5fd10000 r--p 00000000 08:06 8129928                    /usr/lib/libm-2.32.so
7f9c5fd10000-7f9c5fdac000 r-xp 0000f000 08:06 8129928                    /usr/lib/libm-2.32.so
7f9c5fdac000-7f9c5fe45000 r--p 000ab000 08:06 8129928                    /usr/lib/libm-2.32.so
7f9c5fe45000-7f9c5fe46000 r--p 00143000 08:06 8129928                    /usr/lib/libm-2.32.so
7f9c5fe46000-7f9c5fe47000 rw-p 00144000 08:06 8129928                    /usr/lib/libm-2.32.so
7f9c5fe47000-7f9c6003e000 r--p 00000000 08:06 10885649                   /usr/lib/jvm/java-8-openjdk/jre/lib/amd64/server/libjvm.so
7f9c6003e000-7f9c60975000 r-xp 001f7000 08:06 10885649                   /usr/lib/jvm/java-8-openjdk/jre/lib/amd64/server/libjvm.so
7f9c60975000-7f9c60b2e000 r--p 00b2e000 08:06 10885649                   /usr/lib/jvm/java-8-openjdk/jre/lib/amd64/server/libjvm.so
7f9c60b2e000-7f9c60bc5000 r--p 00ce6000 08:06 10885649                   /usr/lib/jvm/java-8-openjdk/jre/lib/amd64/server/libjvm.so
7f9c60bc5000-7f9c60bee000 rw-p 00d7d000 08:06 10885649                   /usr/lib/jvm/java-8-openjdk/jre/lib/amd64/server/libjvm.so
7f9c60bee000-7f9c60c23000 rw-p 00000000 00:00 0 
7f9c60c23000-7f9c60c2a000 r--p 00000000 08:06 8129977                    /usr/lib/libpthread-2.32.so
7f9c60c2a000-7f9c60c3a000 r-xp 00007000 08:06 8129977                    /usr/lib/libpthread-2.32.so
7f9c60c3a000-7f9c60c3f000 r--p 00017000 08:06 8129977                    /usr/lib/libpthread-2.32.so
7f9c60c3f000-7f9c60c40000 r--p 0001b000 08:06 8129977                    /usr/lib/libpthread-2.32.so
7f9c60c40000-7f9c60c41000 rw-p 0001c000 08:06 8129977                    /usr/lib/libpthread-2.32.so
7f9c60c41000-7f9c60c45000 rw-p 00000000 00:00 0 
7f9c60c45000-7f9c60c46000 r--p 00000000 08:06 8129917                    /usr/lib/libdl-2.32.so
7f9c60c46000-7f9c60c48000 r-xp 00001000 08:06 8129917                    /usr/lib/libdl-2.32.so
7f9c60c48000-7f9c60c49000 r--p 00003000 08:06 8129917                    /usr/lib/libdl-2.32.so
7f9c60c49000-7f9c60c4a000 r--p 00003000 08:06 8129917                    /usr/lib/libdl-2.32.so
7f9c60c4a000-7f9c60c4b000 rw-p 00004000 08:06 8129917                    /usr/lib/libdl-2.32.so
7f9c60c4b000-7f9c60c4e000 r--p 00000000 08:06 8139696                    /usr/lib/libz.so.1.2.11
7f9c60c4e000-7f9c60c5c000 r-xp 00003000 08:06 8139696                    /usr/lib/libz.so.1.2.11
7f9c60c5c000-7f9c60c62000 r--p 00011000 08:06 8139696                    /usr/lib/libz.so.1.2.11
7f9c60c62000-7f9c60c63000 ---p 00017000 08:06 8139696                    /usr/lib/libz.so.1.2.11
7f9c60c63000-7f9c60c64000 r--p 00017000 08:06 8139696                    /usr/lib/libz.so.1.2.11
7f9c60c64000-7f9c60c65000 rw-p 00018000 08:06 8139696                    /usr/lib/libz.so.1.2.11
7f9c60c65000-7f9c60c8b000 r--p 00000000 08:06 8129905                    /usr/lib/libc-2.32.so
7f9c60c8b000-7f9c60dd8000 r-xp 00026000 08:06 8129905                    /usr/lib/libc-2.32.so
7f9c60dd8000-7f9c60e24000 r--p 00173000 08:06 8129905                    /usr/lib/libc-2.32.so
7f9c60e24000-7f9c60e27000 r--p 001be000 08:06 8129905                    /usr/lib/libc-2.32.so
7f9c60e27000-7f9c60e2a000 rw-p 001c1000 08:06 8129905                    /usr/lib/libc-2.32.so
7f9c60e2a000-7f9c60e2e000 rw-p 00000000 00:00 0 
7f9c60e31000-7f9c60e39000 rw-s 00000000 00:30 350                        /tmp/hsperfdata_sir/91127
7f9c60e39000-7f9c60e3c000 r--p 00000000 08:06 8129967                    /usr/lib/libnss_files-2.32.so
7f9c60e3c000-7f9c60e43000 r-xp 00003000 08:06 8129967                    /usr/lib/libnss_files-2.32.so
7f9c60e43000-7f9c60e45000 r--p 0000a000 08:06 8129967                    /usr/lib/libnss_files-2.32.so
7f9c60e45000-7f9c60e46000 r--p 0000b000 08:06 8129967                    /usr/lib/libnss_files-2.32.so
7f9c60e46000-7f9c60e47000 rw-p 0000c000 08:06 8129967                    /usr/lib/libnss_files-2.32.so
7f9c60e47000-7f9c60e4e000 rw-p 00000000 00:00 0 
7f9c60e4e000-7f9c60e4f000 r--p 00000000 00:00 0 
7f9c60e4f000-7f9c60e54000 r--p 00000000 08:06 10754090                   /usr/lib/jvm/java-8-openjdk/jre/lib/amd64/libverify.so
7f9c60e54000-7f9c60e5b000 r-xp 00005000 08:06 10754090                   /usr/lib/jvm/java-8-openjdk/jre/lib/amd64/libverify.so
7f9c60e5b000-7f9c60e5d000 r--p 0000c000 08:06 10754090                   /usr/lib/jvm/java-8-openjdk/jre/lib/amd64/libverify.so
7f9c60e5d000-7f9c60e5e000 ---p 0000e000 08:06 10754090                   /usr/lib/jvm/java-8-openjdk/jre/lib/amd64/libverify.so
7f9c60e5e000-7f9c60e60000 r--p 0000e000 08:06 10754090                   /usr/lib/jvm/java-8-openjdk/jre/lib/amd64/libverify.so
7f9c60e60000-7f9c60e61000 rw-p 00010000 08:06 10754090                   /usr/lib/jvm/java-8-openjdk/jre/lib/amd64/libverify.so
7f9c60e61000-7f9c60e64000 r--p 00000000 08:06 10885645                   /usr/lib/jvm/java-8-openjdk/jre/lib/amd64/jli/libjli.so
7f9c60e64000-7f9c60e6d000 r-xp 00003000 08:06 10885645                   /usr/lib/jvm/java-8-openjdk/jre/lib/amd64/jli/libjli.so
7f9c60e6d000-7f9c60e70000 r--p 0000c000 08:06 10885645                   /usr/lib/jvm/java-8-openjdk/jre/lib/amd64/jli/libjli.so
7f9c60e70000-7f9c60e71000 r--p 0000e000 08:06 10885645                   /usr/lib/jvm/java-8-openjdk/jre/lib/amd64/jli/libjli.so
7f9c60e71000-7f9c60e72000 rw-p 0000f000 08:06 10885645                   /usr/lib/jvm/java-8-openjdk/jre/lib/amd64/jli/libjli.so
7f9c60e72000-7f9c60e74000 rw-p 00000000 00:00 0 
7f9c60e74000-7f9c60e76000 r--p 00000000 08:06 8129881                    /usr/lib/ld-2.32.so
7f9c60e76000-7f9c60e97000 r-xp 00002000 08:06 8129881                    /usr/lib/ld-2.32.so
7f9c60e97000-7f9c60ea0000 r--p 00023000 08:06 8129881                    /usr/lib/ld-2.32.so
7f9c60ea0000-7f9c60ea1000 r--p 0002b000 08:06 8129881                    /usr/lib/ld-2.32.so
7f9c60ea1000-7f9c60ea3000 rw-p 0002c000 08:06 8129881                    /usr/lib/ld-2.32.so
7ffd42506000-7ffd42527000 rw-p 00000000 00:00 0                          [stack]
7ffd42528000-7ffd4252c000 r--p 00000000 00:00 0                          [vvar]
7ffd4252c000-7ffd4252e000 r-xp 00000000 00:00 0                          [vdso]
ffffffffff600000-ffffffffff601000 --xp 00000000 00:00 0                  [vsyscall]

VM Arguments:
jvm_args: -Xverify:none 
java_command: Void3
java_class_path (initial): .
Launcher Type: SUN_STANDARD

Environment Variables:
PATH=/home/sir/.gem/ruby/2.7.0/bin:/usr/local/sbin:/usr/local/bin:/usr/bin:/usr/bin/site_perl:/usr/bin/vendor_perl:/usr/bin/core_perl
SHELL=/bin/fish
DISPLAY=:0

Signal Handlers:
SIGSEGV: [libjvm.so+0xaf74c0], sa_mask[0]=11111111011111111101111111111110, sa_flags=SA_RESTART|SA_SIGINFO
SIGBUS: [libjvm.so+0xaf74c0], sa_mask[0]=11111111011111111101111111111110, sa_flags=SA_RESTART|SA_SIGINFO
SIGFPE: [libjvm.so+0x944a60], sa_mask[0]=11111111011111111101111111111110, sa_flags=SA_RESTART|SA_SIGINFO
SIGPIPE: [libjvm.so+0x944a60], sa_mask[0]=11111111011111111101111111111110, sa_flags=SA_RESTART|SA_SIGINFO
SIGXFSZ: [libjvm.so+0x944a60], sa_mask[0]=11111111011111111101111111111110, sa_flags=SA_RESTART|SA_SIGINFO
SIGILL: [libjvm.so+0x944a60], sa_mask[0]=11111111011111111101111111111110, sa_flags=SA_RESTART|SA_SIGINFO
SIGUSR1: SIG_DFL, sa_mask[0]=00000000000000000000000000000000, sa_flags=none
SIGUSR2: [libjvm.so+0x944840], sa_mask[0]=00000000000000000000000000000000, sa_flags=SA_RESTART|SA_SIGINFO
SIGHUP: [libjvm.so+0x944d00], sa_mask[0]=11111111011111111101111111111110, sa_flags=SA_RESTART|SA_SIGINFO
SIGINT: [libjvm.so+0x944d00], sa_mask[0]=11111111011111111101111111111110, sa_flags=SA_RESTART|SA_SIGINFO
SIGTERM: [libjvm.so+0x944d00], sa_mask[0]=11111111011111111101111111111110, sa_flags=SA_RESTART|SA_SIGINFO
SIGQUIT: [libjvm.so+0x944d00], sa_mask[0]=11111111011111111101111111111110, sa_flags=SA_RESTART|SA_SIGINFO


---------------  S Y S T E M  ---------------

OS:LSB_VERSION=1.4
DISTRIB_ID=Arch
DISTRIB_RELEASE=rolling
DISTRIB_DESCRIPTION="Arch Linux"

uname:Linux 5.10.13-arch1-1 #1 SMP PREEMPT Wed, 03 Feb 2021 23:44:07 +0000 x86_64
libc:glibc 2.32 NPTL 2.32 
rlimit: STACK 8192k, CORE infinity, NPROC 63792, NOFILE 524288, AS infinity
load average:1.47 1.73 1.79

/proc/meminfo:
MemTotal:       16349012 kB
MemFree:          339400 kB
MemAvailable:    3095576 kB
Buffers:          378704 kB
Cached:          3540116 kB
SwapCached:          624 kB
Active:          1796788 kB
Inactive:       13308056 kB
Active(anon):      60872 kB
Inactive(anon): 12116216 kB
Active(file):    1735916 kB
Inactive(file):  1191840 kB
Unevictable:          96 kB
Mlocked:              96 kB
SwapTotal:      16777212 kB
SwapFree:       16770300 kB
Dirty:             20836 kB
Writeback:             0 kB
AnonPages:      11185468 kB
Mapped:          2222496 kB
Shmem:            991192 kB
KReclaimable:     161840 kB
Slab:             349468 kB
SReclaimable:     161840 kB
SUnreclaim:       187628 kB
KernelStack:       20928 kB
PageTables:        83228 kB
NFS_Unstable:          0 kB
Bounce:                0 kB
WritebackTmp:          0 kB
CommitLimit:    24951716 kB
Committed_AS:   21428304 kB
VmallocTotal:   34359738367 kB
VmallocUsed:       85032 kB
VmallocChunk:          0 kB
Percpu:             2336 kB
HardwareCorrupted:     0 kB
AnonHugePages:         0 kB
ShmemHugePages:        0 kB
ShmemPmdMapped:        0 kB
FileHugePages:         0 kB
FilePmdMapped:         0 kB
CmaTotal:              0 kB
CmaFree:               0 kB
HugePages_Total:       0
HugePages_Free:        0
HugePages_Rsvd:        0
HugePages_Surp:        0
Hugepagesize:       2048 kB
Hugetlb:               0 kB
DirectMap4k:     1027000 kB
DirectMap2M:    14659584 kB
DirectMap1G:     1048576 kB

container (cgroup) information:
container_type: cgroupv1
cpu_cpuset_cpus: 0-3
cpu_memory_nodes: 0
active_processor_count: 4
cpu_quota: -1
cpu_period: 100000
cpu_shares: -1
memory_limit_in_bytes: -1
memory_and_swap_limit_in_bytes: -1
memory_soft_limit_in_bytes: -1
memory_usage_in_bytes: 13131341824
memory_max_usage_in_bytes: 13309673472


CPU:total 4 (initial active 4) (4 cores per cpu, 1 threads per core) family 6 model 158 stepping 9, cmov, cx8, fxsr, mmx, sse, sse2, sse3, ssse3, sse4.1, sse4.2, popcnt, avx, avx2, aes, clmul, erms, rtm, 3dnowpref, lzcnt, tsc, tscinvbit, bmi1, bmi2, adx

/proc/cpuinfo:
processor	: 0
vendor_id	: GenuineIntel
cpu family	: 6
model		: 158
model name	: Intel(R) Core(TM) i5-7600 CPU @ 3.50GHz
stepping	: 9
microcode	: 0xde
cpu MHz		: 1398.879
cache size	: 6144 KB
physical id	: 0
siblings	: 4
core id		: 0
cpu cores	: 4
apicid		: 0
initial apicid	: 0
fpu		: yes
fpu_exception	: yes
cpuid level	: 22
wp		: yes
flags		: fpu vme de pse tsc msr pae mce cx8 apic sep mtrr pge mca cmov pat pse36 clflush dts acpi mmx fxsr sse sse2 ss ht tm pbe syscall nx pdpe1gb rdtscp lm constant_tsc art arch_perfmon pebs bts rep_good nopl xtopology nonstop_tsc cpuid aperfmperf pni pclmulqdq dtes64 monitor ds_cpl vmx smx est tm2 ssse3 sdbg fma cx16 xtpr pdcm pcid sse4_1 sse4_2 x2apic movbe popcnt tsc_deadline_timer aes xsave avx f16c rdrand lahf_lm abm 3dnowprefetch cpuid_fault invpcid_single pti ssbd ibrs ibpb stibp tpr_shadow vnmi flexpriority ept vpid ept_ad fsgsbase tsc_adjust bmi1 hle avx2 smep bmi2 erms invpcid rtm mpx rdseed adx smap clflushopt intel_pt xsaveopt xsavec xgetbv1 xsaves dtherm ida arat pln pts hwp hwp_notify hwp_act_window hwp_epp md_clear flush_l1d
vmx flags	: vnmi preemption_timer invvpid ept_x_only ept_ad ept_1gb flexpriority tsc_offset vtpr mtf vapic ept vpid unrestricted_guest ple shadow_vmcs pml ept_mode_based_exec
bugs		: cpu_meltdown spectre_v1 spectre_v2 spec_store_bypass l1tf mds swapgs taa itlb_multihit srbds
bogomips	: 7002.48
clflush size	: 64
cache_alignment	: 64
address sizes	: 39 bits physical, 48 bits virtual
power management:

processor	: 1
vendor_id	: GenuineIntel
cpu family	: 6
model		: 158
model name	: Intel(R) Core(TM) i5-7600 CPU @ 3.50GHz
stepping	: 9
microcode	: 0xde
cpu MHz		: 1830.061
cache size	: 6144 KB
physical id	: 0
siblings	: 4
core id		: 1
cpu cores	: 4
apicid		: 2
initial apicid	: 2
fpu		: yes
fpu_exception	: yes
cpuid level	: 22
wp		: yes
flags		: fpu vme de pse tsc msr pae mce cx8 apic sep mtrr pge mca cmov pat pse36 clflush dts acpi mmx fxsr sse sse2 ss ht tm pbe syscall nx pdpe1gb rdtscp lm constant_tsc art arch_perfmon pebs bts rep_good nopl xtopology nonstop_tsc cpuid aperfmperf pni pclmulqdq dtes64 monitor ds_cpl vmx smx est tm2 ssse3 sdbg fma cx16 xtpr pdcm pcid sse4_1 sse4_2 x2apic movbe popcnt tsc_deadline_timer aes xsave avx f16c rdrand lahf_lm abm 3dnowprefetch cpuid_fault invpcid_single pti ssbd ibrs ibpb stibp tpr_shadow vnmi flexpriority ept vpid ept_ad fsgsbase tsc_adjust bmi1 hle avx2 smep bmi2 erms invpcid rtm mpx rdseed adx smap clflushopt intel_pt xsaveopt xsavec xgetbv1 xsaves dtherm ida arat pln pts hwp hwp_notify hwp_act_window hwp_epp md_clear flush_l1d
vmx flags	: vnmi preemption_timer invvpid ept_x_only ept_ad ept_1gb flexpriority tsc_offset vtpr mtf vapic ept vpid unrestricted_guest ple shadow_vmcs pml ept_mode_based_exec
bugs		: cpu_meltdown spectre_v1 spectre_v2 spec_store_bypass l1tf mds swapgs taa itlb_multihit srbds
bogomips	: 7002.48
clflush size	: 64
cache_alignment	: 64
address sizes	: 39 bits physical, 48 bits virtual
power management:

processor	: 2
vendor_id	: GenuineIntel
cpu family	: 6
model		: 158
model name	: Intel(R) Core(TM) i5-7600 CPU @ 3.50GHz
stepping	: 9
microcode	: 0xde
cpu MHz		: 1678.566
cache size	: 6144 KB
physical id	: 0
siblings	: 4
core id		: 2
cpu cores	: 4
apicid		: 4
initial apicid	: 4
fpu		: yes
fpu_exception	: yes
cpuid level	: 22
wp		: yes
flags		: fpu vme de pse tsc msr pae mce cx8 apic sep mtrr pge mca cmov pat pse36 clflush dts acpi mmx fxsr sse sse2 ss ht tm pbe syscall nx pdpe1gb rdtscp lm constant_tsc art arch_perfmon pebs bts rep_good nopl xtopology nonstop_tsc cpuid aperfmperf pni pclmulqdq dtes64 monitor ds_cpl vmx smx est tm2 ssse3 sdbg fma cx16 xtpr pdcm pcid sse4_1 sse4_2 x2apic movbe popcnt tsc_deadline_timer aes xsave avx f16c rdrand lahf_lm abm 3dnowprefetch cpuid_fault invpcid_single pti ssbd ibrs ibpb stibp tpr_shadow vnmi flexpriority ept vpid ept_ad fsgsbase tsc_adjust bmi1 hle avx2 smep bmi2 erms invpcid rtm mpx rdseed adx smap clflushopt intel_pt xsaveopt xsavec xgetbv1 xsaves dtherm ida arat pln pts hwp hwp_notify hwp_act_window hwp_epp md_clear flush_l1d
vmx flags	: vnmi preemption_timer invvpid ept_x_only ept_ad ept_1gb flexpriority tsc_offset vtpr mtf vapic ept vpid unrestricted_guest ple shadow_vmcs pml ept_mode_based_exec
bugs		: cpu_meltdown spectre_v1 spectre_v2 spec_store_bypass l1tf mds swapgs taa itlb_multihit srbds
bogomips	: 7002.48
clflush size	: 64
cache_alignment	: 64
address sizes	: 39 bits physical, 48 bits virtual
power management:

processor	: 3
vendor_id	: GenuineIntel
cpu family	: 6
model		: 158
model name	: Intel(R) Core(TM) i5-7600 CPU @ 3.50GHz
stepping	: 9
microcode	: 0xde
cpu MHz		: 3106.986
cache size	: 6144 KB
physical id	: 0
siblings	: 4
core id		: 3
cpu cores	: 4
apicid		: 6
initial apicid	: 6
fpu		: yes
fpu_exception	: yes
cpuid level	: 22
wp		: yes
flags		: fpu vme de pse tsc msr pae mce cx8 apic sep mtrr pge mca cmov pat pse36 clflush dts acpi mmx fxsr sse sse2 ss ht tm pbe syscall nx pdpe1gb rdtscp lm constant_tsc art arch_perfmon pebs bts rep_good nopl xtopology nonstop_tsc cpuid aperfmperf pni pclmulqdq dtes64 monitor ds_cpl vmx smx est tm2 ssse3 sdbg fma cx16 xtpr pdcm pcid sse4_1 sse4_2 x2apic movbe popcnt tsc_deadline_timer aes xsave avx f16c rdrand lahf_lm abm 3dnowprefetch cpuid_fault invpcid_single pti ssbd ibrs ibpb stibp tpr_shadow vnmi flexpriority ept vpid ept_ad fsgsbase tsc_adjust bmi1 hle avx2 smep bmi2 erms invpcid rtm mpx rdseed adx smap clflushopt intel_pt xsaveopt xsavec xgetbv1 xsaves dtherm ida arat pln pts hwp hwp_notify hwp_act_window hwp_epp md_clear flush_l1d
vmx flags	: vnmi preemption_timer invvpid ept_x_only ept_ad ept_1gb flexpriority tsc_offset vtpr mtf vapic ept vpid unrestricted_guest ple shadow_vmcs pml ept_mode_based_exec
bugs		: cpu_meltdown spectre_v1 spectre_v2 spec_store_bypass l1tf mds swapgs taa itlb_multihit srbds
bogomips	: 7002.48
clflush size	: 64
cache_alignment	: 64
address sizes	: 39 bits physical, 48 bits virtual
power management:



Memory: 4k page, physical 16349012k(339400k free), swap 16777212k(16770300k free)

vm_info: OpenJDK 64-Bit Server VM (25.275-b01) for linux-amd64 JRE (1.8.0_275-b01), built on Jan 10 2021 13:38:57 by "builduser" with gcc 10.2.0

time: Mon Feb  8 15:10:49 2021
timezone: PST
elapsed time: 0.061603 seconds (0d 0h 0m 0s)

