#
# A fatal error has been detected by the Java Runtime Environment:
#
#  SIGSEGV (0xb) at pc=0x00007f2fff7960f0, pid=22628, tid=0x00007f2ffebf5640
#
# JRE version: OpenJDK Runtime Environment (8.0_275-b01) (build 1.8.0_275-b01)
# Java VM: OpenJDK 64-Bit Server VM (25.275-b01 mixed mode linux-amd64 compressed oops)
# Problematic frame:
# V  [libjvm.so+0xa5a0f0]
#
# Core dump written. Default location: /home/sir/Desktop/Jave/core or core.22628
#
# If you would like to submit a bug report, please visit:
#   http://bugreport.java.com/bugreport/crash.jsp
#

---------------  T H R E A D  ---------------

Current thread (0x00007f2ff800a800):  JavaThread "main" [_thread_in_vm, id=22629, stack(0x00007f2ffeaf6000,0x00007f2ffebf6000)]

siginfo: si_signo: 11 (SIGSEGV), si_code: 1 (SEGV_MAPERR), si_addr: 0x0000000000000002

Registers:
RAX=0x00007f2ff8009240, RBX=0x0000000000000001, RCX=0x0000000000000056, RDX=0x000000000000000e
RSP=0x00007f2ffebf3e38, RBP=0x00007f2ffebf3e50, RSI=0x00007f2fff8d0200, RDI=0x0000000000000000
R8 =0x00007f2ff800a800, R9 =0x0000000000000006, R10=0x0000000000000007, R11=0x0000000000000000
R12=0x00007f2ffebf3f30, R13=0x00007f2fff8cf584, R14=0x00007f2ff8009220, R15=0x0000000000000000
RIP=0x00007f2fff7960f0, EFLAGS=0x0000000000010202, CSGSFS=0x002b000000000033, ERR=0x0000000000000004
  TRAPNO=0x000000000000000e

Top of Stack: (sp=0x00007f2ffebf3e38)
0x00007f2ffebf3e38:   00007f2fff7487d2 00007f2ff80091d0
0x00007f2ffebf3e48:   0000000000000001 00007f2ffebf4200
0x00007f2ffebf3e58:   00007f2fff73555a 00007f2ff80ec950
0x00007f2ffebf3e68:   00007f2f00000000 00007f2ffebf4570
0x00007f2ffebf3e78:   00000007c0001ef8 00007f2ff8009220
0x00007f2ffebf3e88:   00007f2ff80091d0 00007f2ff8059880
0x00007f2ffebf3e98:   00000000000003d8 00007f2ff8007cf0
0x00007f2ffebf3ea8:   00007f2ff80095f8 00007f2ff8009220
0x00007f2ffebf3eb8:   00007f2ffebf3f30 0000000100000012
0x00007f2ffebf3ec8:   00007f2ff8009210 0000000000000001
0x00007f2ffebf3ed8:   00007f2ffebf3f00 0000003400000012
0x00007f2ffebf3ee8:   0000000000000000 0000000000000000
0x00007f2ffebf3ef8:   0000000000000000 00000000b0000000
0x00007f2ffebf3f08:   0000007c00000000 00007f2fffffffff
0x00007f2ffebf3f18:   0000000000000010 0000000000000110
0x00007f2ffebf3f28:   00007f2ff8000020 00007f2ff80ec0f0
0x00007f2ffebf3f38:   0000000400000003 000000010000000e
0x00007f2ffebf3f48:   00007f2ff8009220 0000000000000000
0x00007f2ffebf3f58:   00007f2ffebf3fa0 0000000000000110
0x00007f2ffebf3f68:   00007f2fff67a55e 00007f2ff80ec950
0x00007f2ffebf3f78:   00007f2fffaccc40 0000000000000110
0x00007f2ffebf3f88:   0000000000000110 00007f2ff80ec660
0x00007f2ffebf3f98:   0000000000000001 00007f2ffebf3fd0
0x00007f2ffebf3fa8:   00007f2fff17cdeb 00007f2ffebf3fd0
0x00007f2ffebf3fb8:   00007f2fff63d077 0000000000000001
0x00007f2ffebf3fc8:   00007f2ffebf3fe0 00007f2ffebf4030
0x00007f2ffebf3fd8:   00007f2fff17ce96 0000000000000000
0x00007f2ffebf3fe8:   0000000000000000 0000000000000000
0x00007f2ffebf3ff8:   0000000000000000 0000000000000000
0x00007f2ffebf4008:   00007f2ff80ec660 00007f2ffebf4030
0x00007f2ffebf4018:   000000076cddb150 00007f2ff80ebec0
0x00007f2ffebf4028:   00007f2ffc9d4068 00007f2ffebf4060 

Instructions: (pc=0x00007f2fff7960f0)
0x00007f2fff7960d0:   0f b7 47 02 66 85 c0 79 07 c3 66 0f 1f 44 00 00
0x00007f2fff7960e0:   48 83 c7 02 e9 d7 35 8a ff 90 66 0f 1f 44 00 00
0x00007f2fff7960f0:   0f b7 47 02 66 85 c0 79 07 c3 66 0f 1f 44 00 00
0x00007f2fff796100:   48 83 c7 02 e9 e7 35 8a ff 90 66 0f 1f 44 00 00 

Register to memory mapping:

RAX=0x00007f2ff8009240 is an unknown value
RBX=0x0000000000000001 is an unknown value
RCX=0x0000000000000056 is an unknown value
RDX=0x000000000000000e is an unknown value
RSP=0x00007f2ffebf3e38 is pointing into the stack for thread: 0x00007f2ff800a800
RBP=0x00007f2ffebf3e50 is pointing into the stack for thread: 0x00007f2ff800a800
RSI=0x00007f2fff8d0200: <offset 0xb94200> in /usr/lib/jvm/java-8-openjdk/jre/lib/amd64/server/libjvm.so at 0x00007f2ffed3c000
RDI=0x0000000000000000 is an unknown value
R8 =0x00007f2ff800a800 is a thread
R9 =0x0000000000000006 is an unknown value
R10=0x0000000000000007 is an unknown value
R11=0x0000000000000000 is an unknown value
R12=0x00007f2ffebf3f30 is pointing into the stack for thread: 0x00007f2ff800a800
R13=0x00007f2fff8cf584: <offset 0xb93584> in /usr/lib/jvm/java-8-openjdk/jre/lib/amd64/server/libjvm.so at 0x00007f2ffed3c000
R14=0x00007f2ff8009220 is an unknown value
R15=0x0000000000000000 is an unknown value


Stack: [0x00007f2ffeaf6000,0x00007f2ffebf6000],  sp=0x00007f2ffebf3e38,  free space=1015k
Native frames: (J=compiled Java code, j=interpreted, Vv=VM code, C=native code)
V  [libjvm.so+0xa5a0f0]
V  [libjvm.so+0x9f955a]
V  [libjvm.so+0x8da3ea]
V  [libjvm.so+0x6327dd]
V  [libjvm.so+0x632e24]
V  [libjvm.so+0x633131]
V  [libjvm.so+0x736ba9]
V  [libjvm.so+0x73731d]  JVM_GetClassDeclaredMethods+0x6d
j  java.lang.Class.getDeclaredMethods0(Z)[Ljava/lang/reflect/Method;+0
j  java.lang.Class.privateGetDeclaredMethods(Z)[Ljava/lang/reflect/Method;+37
j  java.lang.Class.privateGetMethodRecursive(Ljava/lang/String;[Ljava/lang/Class;ZLjava/lang/Class$MethodArray;)Ljava/lang/reflect/Method;+2
j  java.lang.Class.getMethod0(Ljava/lang/String;[Ljava/lang/Class;Z)Ljava/lang/reflect/Method;+16
j  java.lang.Class.getMethod(Ljava/lang/String;[Ljava/lang/Class;)Ljava/lang/reflect/Method;+13
j  sun.launcher.LauncherHelper.validateMainClass(Ljava/lang/Class;)V+12
j  sun.launcher.LauncherHelper.checkAndLoadMain(ZILjava/lang/String;)Ljava/lang/Class;+214
v  ~StubRoutines::call_stub
V  [libjvm.so+0x67b89e]
V  [libjvm.so+0x6f2be0]
V  [libjvm.so+0x6f4225]
C  [libjli.so+0x3c40]
C  [libpthread.so.0+0x93e9]  start_thread+0xe9

Java frames: (J=compiled Java code, j=interpreted, Vv=VM code)
j  java.lang.Class.getDeclaredMethods0(Z)[Ljava/lang/reflect/Method;+0
j  java.lang.Class.privateGetDeclaredMethods(Z)[Ljava/lang/reflect/Method;+37
j  java.lang.Class.privateGetMethodRecursive(Ljava/lang/String;[Ljava/lang/Class;ZLjava/lang/Class$MethodArray;)Ljava/lang/reflect/Method;+2
j  java.lang.Class.getMethod0(Ljava/lang/String;[Ljava/lang/Class;Z)Ljava/lang/reflect/Method;+16
j  java.lang.Class.getMethod(Ljava/lang/String;[Ljava/lang/Class;)Ljava/lang/reflect/Method;+13
j  sun.launcher.LauncherHelper.validateMainClass(Ljava/lang/Class;)V+12
j  sun.launcher.LauncherHelper.checkAndLoadMain(ZILjava/lang/String;)Ljava/lang/Class;+214
v  ~StubRoutines::call_stub

---------------  P R O C E S S  ---------------

Java Threads: ( => current thread )
  0x00007f2ff80ce000 JavaThread "Service Thread" daemon [_thread_blocked, id=22641, stack(0x00007f2fdbafb000,0x00007f2fdbbfc000)]
  0x00007f2ff80c1000 JavaThread "C1 CompilerThread2" daemon [_thread_blocked, id=22640, stack(0x00007f2fdbbfd000,0x00007f2fdbcfd000)]
  0x00007f2ff80bf000 JavaThread "C2 CompilerThread1" daemon [_thread_blocked, id=22639, stack(0x00007f2fdbcfe000,0x00007f2fdbdfe000)]
  0x00007f2ff80bc000 JavaThread "C2 CompilerThread0" daemon [_thread_blocked, id=22638, stack(0x00007f2fdbdff000,0x00007f2fdbeff000)]
  0x00007f2ff80b6800 JavaThread "Signal Dispatcher" daemon [_thread_blocked, id=22637, stack(0x00007f2fdbeff000,0x00007f2fdc000000)]
  0x00007f2ff8086000 JavaThread "Finalizer" daemon [_thread_blocked, id=22636, stack(0x00007f2fe0330000,0x00007f2fe0431000)]
  0x00007f2ff8081800 JavaThread "Reference Handler" daemon [_thread_blocked, id=22635, stack(0x00007f2fe0431000,0x00007f2fe0532000)]
=>0x00007f2ff800a800 JavaThread "main" [_thread_in_vm, id=22629, stack(0x00007f2ffeaf6000,0x00007f2ffebf6000)]

Other Threads:
  0x00007f2ff8078000 VMThread [stack: 0x00007f2fe0533000,0x00007f2fe0633000] [id=22634]
  0x00007f2ff80d0800 WatcherThread [stack: 0x00007f2fdb9fb000,0x00007f2fdbafb000] [id=22642]

VM state:not at safepoint (normal execution)

VM Mutex/Monitor currently owned by a thread:  ([mutex/lock_event])
[0x00007f2ff8007cf0] AdapterHandlerLibrary_lock - owner thread: 0x00007f2ff800a800

heap address: 0x00000006c6800000, size: 3992 MB, Compressed Oops mode: Zero based, Oop shift amount: 3
Narrow klass base: 0x0000000000000000, Narrow klass shift: 3
Compressed class space size: 1073741824 Address: 0x00000007c0000000

Heap:
 PSYoungGen      total 74752K, used 1290K [0x000000076cd80000, 0x0000000772080000, 0x00000007c0000000)
  eden space 64512K, 2% used [0x000000076cd80000,0x000000076cec2900,0x0000000770c80000)
  from space 10240K, 0% used [0x0000000771680000,0x0000000771680000,0x0000000772080000)
  to   space 10240K, 0% used [0x0000000770c80000,0x0000000770c80000,0x0000000771680000)
 ParOldGen       total 171008K, used 0K [0x00000006c6800000, 0x00000006d0f00000, 0x000000076cd80000)
  object space 171008K, 0% used [0x00000006c6800000,0x00000006c6800000,0x00000006d0f00000)
 Metaspace       used 2645K, capacity 4486K, committed 4864K, reserved 1056768K
  class space    used 276K, capacity 386K, committed 512K, reserved 1048576K

Card table byte_map: [0x00007f2ffdf25000,0x00007f2ffe6f2000] byte_map_base: 0x00007f2ffa8f1000

Marking Bits: (ParMarkBitMap*) 0x00007f2fffaf8f40
 Begin Bits: [0x00007f2fe1340000, 0x00007f2fe51a0000)
 End Bits:   [0x00007f2fe51a0000, 0x00007f2fe9000000)

Polling page: 0x00007f2fffd43000

CodeCache: size=245760Kb used=1083Kb max_used=1083Kb free=244676Kb
 bounds [0x00007f2fe9000000, 0x00007f2fe9270000, 0x00007f2ff8000000]
 total_blobs=256 nmethods=11 adapters=160
 compilation: enabled

Compilation events (10 events):
Event: 0.064 Thread 0x00007f2ff80c1000    7       3       java.lang.Math::min (11 bytes)
Event: 0.064 Thread 0x00007f2ff80c1000 nmethod 7 0x00007f2fe9102190 code [0x00007f2fe9102300, 0x00007f2fe9102490]
Event: 0.064 Thread 0x00007f2ff80c1000    8       3       java.lang.String::length (6 bytes)
Event: 0.064 Thread 0x00007f2ff80c1000 nmethod 8 0x00007f2fe910c4d0 code [0x00007f2fe910c640, 0x00007f2fe910c7b0]
Event: 0.064 Thread 0x00007f2ff80c1000    9       1       java.lang.Object::<init> (1 bytes)
Event: 0.064 Thread 0x00007f2ff80c1000 nmethod 9 0x00007f2fe910c210 code [0x00007f2fe910c360, 0x00007f2fe910c470]
Event: 0.066 Thread 0x00007f2ff80c1000   10       1       java.lang.ref.Reference::get (5 bytes)
Event: 0.066 Thread 0x00007f2ff80c1000 nmethod 10 0x00007f2fe910dc90 code [0x00007f2fe910dde0, 0x00007f2fe910def0]
Event: 0.067 Thread 0x00007f2ff80c1000   11       1       java.lang.ThreadLocal::access$400 (5 bytes)
Event: 0.067 Thread 0x00007f2ff80c1000 nmethod 11 0x00007f2fe910ec10 code [0x00007f2fe910ed60, 0x00007f2fe910ee50]

GC Heap History (0 events):
No events

Deoptimization events (0 events):
No events

Classes redefined (0 events):
No events

Internal exceptions (2 events):
Event: 0.042 Thread 0x00007f2ff800a800 Exception <a 'java/lang/NoSuchMethodError': Method sun.misc.Unsafe.defineClass(Ljava/lang/String;[BII)Ljava/lang/Class; name or signature does not match> (0x000000076cd87cc0) thrown at [/build/java8-openjdk/src/jdk8u-jdk8u275-b01/hotspot/src/share/vm/prim
Event: 0.042 Thread 0x00007f2ff800a800 Exception <a 'java/lang/NoSuchMethodError': Method sun.misc.Unsafe.prefetchRead(Ljava/lang/Object;J)V name or signature does not match> (0x000000076cd87fa8) thrown at [/build/java8-openjdk/src/jdk8u-jdk8u275-b01/hotspot/src/share/vm/prims/jni.cpp, line 40

Events (10 events):
Event: 0.067 loading class java/security/AllPermission
Event: 0.067 loading class java/security/AllPermission done
Event: 0.067 loading class java/security/UnresolvedPermission
Event: 0.067 loading class java/security/UnresolvedPermission done
Event: 0.067 loading class java/security/BasicPermissionCollection
Event: 0.067 loading class java/security/BasicPermissionCollection done
Event: 0.068 loading class sun/launcher/LauncherHelper$FXHelper
Event: 0.068 loading class sun/launcher/LauncherHelper$FXHelper done
Event: 0.068 loading class java/lang/Class$MethodArray
Event: 0.068 loading class java/lang/Class$MethodArray done


Dynamic libraries:
6c6800000-6d0f00000 rw-p 00000000 00:00 0 
6d0f00000-76cd80000 ---p 00000000 00:00 0 
76cd80000-772080000 rw-p 00000000 00:00 0 
772080000-7c0000000 ---p 00000000 00:00 0 
7c0000000-7c0080000 rw-p 00000000 00:00 0 
7c0080000-800000000 ---p 00000000 00:00 0 
560a21956000-560a21957000 r--p 00000000 08:06 10618125                   /usr/lib/jvm/java-8-openjdk/jre/bin/java
560a21957000-560a21958000 r-xp 00001000 08:06 10618125                   /usr/lib/jvm/java-8-openjdk/jre/bin/java
560a21958000-560a21959000 r--p 00002000 08:06 10618125                   /usr/lib/jvm/java-8-openjdk/jre/bin/java
560a21959000-560a2195a000 r--p 00002000 08:06 10618125                   /usr/lib/jvm/java-8-openjdk/jre/bin/java
560a2195a000-560a2195b000 rw-p 00003000 08:06 10618125                   /usr/lib/jvm/java-8-openjdk/jre/bin/java
560a21d44000-560a21d65000 rw-p 00000000 00:00 0                          [heap]
7f2fa4000000-7f2fa4021000 rw-p 00000000 00:00 0 
7f2fa4021000-7f2fa8000000 ---p 00000000 00:00 0 
7f2fac000000-7f2fac02c000 rw-p 00000000 00:00 0 
7f2fac02c000-7f2fb0000000 ---p 00000000 00:00 0 
7f2fb0000000-7f2fb0021000 rw-p 00000000 00:00 0 
7f2fb0021000-7f2fb4000000 ---p 00000000 00:00 0 
7f2fb4000000-7f2fb4036000 rw-p 00000000 00:00 0 
7f2fb4036000-7f2fb8000000 ---p 00000000 00:00 0 
7f2fb8000000-7f2fb8021000 rw-p 00000000 00:00 0 
7f2fb8021000-7f2fbc000000 ---p 00000000 00:00 0 
7f2fbc000000-7f2fbc021000 rw-p 00000000 00:00 0 
7f2fbc021000-7f2fc0000000 ---p 00000000 00:00 0 
7f2fc0000000-7f2fc0021000 rw-p 00000000 00:00 0 
7f2fc0021000-7f2fc4000000 ---p 00000000 00:00 0 
7f2fc4000000-7f2fc4021000 rw-p 00000000 00:00 0 
7f2fc4021000-7f2fc8000000 ---p 00000000 00:00 0 
7f2fc8000000-7f2fc8021000 rw-p 00000000 00:00 0 
7f2fc8021000-7f2fcc000000 ---p 00000000 00:00 0 
7f2fcc000000-7f2fcc021000 rw-p 00000000 00:00 0 
7f2fcc021000-7f2fd0000000 ---p 00000000 00:00 0 
7f2fd0000000-7f2fd0021000 rw-p 00000000 00:00 0 
7f2fd0021000-7f2fd4000000 ---p 00000000 00:00 0 
7f2fd4000000-7f2fd4021000 rw-p 00000000 00:00 0 
7f2fd4021000-7f2fd8000000 ---p 00000000 00:00 0 
7f2fdb9c9000-7f2fdb9fa000 rw-p 00000000 00:00 0 
7f2fdb9fa000-7f2fdb9fb000 ---p 00000000 00:00 0 
7f2fdb9fb000-7f2fdbafb000 rw-p 00000000 00:00 0 
7f2fdbafb000-7f2fdbafe000 ---p 00000000 00:00 0 
7f2fdbafe000-7f2fdbbfc000 rw-p 00000000 00:00 0 
7f2fdbbfc000-7f2fdbbfd000 ---p 00000000 00:00 0 
7f2fdbbfd000-7f2fdbc00000 ---p 00000000 00:00 0 
7f2fdbc00000-7f2fdbcfd000 rw-p 00000000 00:00 0 
7f2fdbcfd000-7f2fdbcfe000 ---p 00000000 00:00 0 
7f2fdbcfe000-7f2fdbd01000 ---p 00000000 00:00 0 
7f2fdbd01000-7f2fdbdfe000 rw-p 00000000 00:00 0 
7f2fdbdfe000-7f2fdbdff000 ---p 00000000 00:00 0 
7f2fdbdff000-7f2fdbe02000 ---p 00000000 00:00 0 
7f2fdbe02000-7f2fdbeff000 rw-p 00000000 00:00 0 
7f2fdbeff000-7f2fdbf02000 ---p 00000000 00:00 0 
7f2fdbf02000-7f2fdc000000 rw-p 00000000 00:00 0 
7f2fdc000000-7f2fdc021000 rw-p 00000000 00:00 0 
7f2fdc021000-7f2fe0000000 ---p 00000000 00:00 0 
7f2fe0019000-7f2fe001e000 r--p 00000000 08:06 10754083                   /usr/lib/jvm/java-8-openjdk/jre/lib/amd64/libnet.so
7f2fe001e000-7f2fe002e000 r-xp 00005000 08:06 10754083                   /usr/lib/jvm/java-8-openjdk/jre/lib/amd64/libnet.so
7f2fe002e000-7f2fe0032000 r--p 00015000 08:06 10754083                   /usr/lib/jvm/java-8-openjdk/jre/lib/amd64/libnet.so
7f2fe0032000-7f2fe0033000 r--p 00018000 08:06 10754083                   /usr/lib/jvm/java-8-openjdk/jre/lib/amd64/libnet.so
7f2fe0033000-7f2fe0034000 rw-p 00019000 08:06 10754083                   /usr/lib/jvm/java-8-openjdk/jre/lib/amd64/libnet.so
7f2fe0034000-7f2fe003b000 r--p 00000000 08:06 10754084                   /usr/lib/jvm/java-8-openjdk/jre/lib/amd64/libnio.so
7f2fe003b000-7f2fe0043000 r-xp 00007000 08:06 10754084                   /usr/lib/jvm/java-8-openjdk/jre/lib/amd64/libnio.so
7f2fe0043000-7f2fe0046000 r--p 0000f000 08:06 10754084                   /usr/lib/jvm/java-8-openjdk/jre/lib/amd64/libnio.so
7f2fe0046000-7f2fe0047000 ---p 00012000 08:06 10754084                   /usr/lib/jvm/java-8-openjdk/jre/lib/amd64/libnio.so
7f2fe0047000-7f2fe0048000 r--p 00012000 08:06 10754084                   /usr/lib/jvm/java-8-openjdk/jre/lib/amd64/libnio.so
7f2fe0048000-7f2fe0049000 rw-p 00013000 08:06 10754084                   /usr/lib/jvm/java-8-openjdk/jre/lib/amd64/libnio.so
7f2fe0049000-7f2fe0330000 r--p 00000000 08:06 8163457                    /usr/lib/locale/locale-archive
7f2fe0330000-7f2fe0333000 ---p 00000000 00:00 0 
7f2fe0333000-7f2fe0431000 rw-p 00000000 00:00 0 
7f2fe0431000-7f2fe0434000 ---p 00000000 00:00 0 
7f2fe0434000-7f2fe0532000 rw-p 00000000 00:00 0 
7f2fe0532000-7f2fe0533000 ---p 00000000 00:00 0 
7f2fe0533000-7f2fe9000000 rw-p 00000000 00:00 0 
7f2fe9000000-7f2fe9270000 rwxp 00000000 00:00 0 
7f2fe9270000-7f2ff8000000 ---p 00000000 00:00 0 
7f2ff8000000-7f2ff810c000 rw-p 00000000 00:00 0 
7f2ff810c000-7f2ffc000000 ---p 00000000 00:00 0 
7f2ffc00f000-7f2ffc015000 r--s 000d3000 08:06 10754101                   /usr/lib/jvm/java-8-openjdk/jre/lib/jfr.jar
7f2ffc015000-7f2ffc30a000 rw-p 00000000 00:00 0 
7f2ffc30a000-7f2ffc4db000 r--s 03c93000 08:06 10754790                   /usr/lib/jvm/java-8-openjdk/jre/lib/rt.jar
7f2ffc4db000-7f2ffca14000 rw-p 00000000 00:00 0 
7f2ffca14000-7f2ffcdd4000 ---p 00000000 00:00 0 
7f2ffcdd4000-7f2ffd5ee000 rw-p 00000000 00:00 0 
7f2ffd5ee000-7f2ffd5ef000 ---p 00000000 00:00 0 
7f2ffd5ef000-7f2ffd6ef000 rw-p 00000000 00:00 0 
7f2ffd6ef000-7f2ffd6f0000 ---p 00000000 00:00 0 
7f2ffd6f0000-7f2ffd7f0000 rw-p 00000000 00:00 0 
7f2ffd7f0000-7f2ffd7f1000 ---p 00000000 00:00 0 
7f2ffd7f1000-7f2ffd8f1000 rw-p 00000000 00:00 0 
7f2ffd8f1000-7f2ffd8f2000 ---p 00000000 00:00 0 
7f2ffd8f2000-7f2ffda46000 rw-p 00000000 00:00 0 
7f2ffda46000-7f2ffdf25000 ---p 00000000 00:00 0 
7f2ffdf25000-7f2ffdf79000 rw-p 00000000 00:00 0 
7f2ffdf79000-7f2ffe457000 ---p 00000000 00:00 0 
7f2ffe457000-7f2ffe482000 rw-p 00000000 00:00 0 
7f2ffe482000-7f2ffe6f1000 ---p 00000000 00:00 0 
7f2ffe6f1000-7f2ffe6fc000 rw-p 00000000 00:00 0 
7f2ffe6fc000-7f2ffeab2000 ---p 00000000 00:00 0 
7f2ffeab2000-7f2ffeab5000 r--p 00000000 08:06 10754091                   /usr/lib/jvm/java-8-openjdk/jre/lib/amd64/libzip.so
7f2ffeab5000-7f2ffeab9000 r-xp 00003000 08:06 10754091                   /usr/lib/jvm/java-8-openjdk/jre/lib/amd64/libzip.so
7f2ffeab9000-7f2ffeabb000 r--p 00007000 08:06 10754091                   /usr/lib/jvm/java-8-openjdk/jre/lib/amd64/libzip.so
7f2ffeabb000-7f2ffeabc000 r--p 00008000 08:06 10754091                   /usr/lib/jvm/java-8-openjdk/jre/lib/amd64/libzip.so
7f2ffeabc000-7f2ffeabd000 rw-p 00009000 08:06 10754091                   /usr/lib/jvm/java-8-openjdk/jre/lib/amd64/libzip.so
7f2ffeabd000-7f2ffeaca000 r--p 00000000 08:06 10754073                   /usr/lib/jvm/java-8-openjdk/jre/lib/amd64/libjava.so
7f2ffeaca000-7f2ffeae0000 r-xp 0000d000 08:06 10754073                   /usr/lib/jvm/java-8-openjdk/jre/lib/amd64/libjava.so
7f2ffeae0000-7f2ffeae7000 r--p 00023000 08:06 10754073                   /usr/lib/jvm/java-8-openjdk/jre/lib/amd64/libjava.so
7f2ffeae7000-7f2ffeae8000 r--p 00029000 08:06 10754073                   /usr/lib/jvm/java-8-openjdk/jre/lib/amd64/libjava.so
7f2ffeae8000-7f2ffeae9000 rw-p 0002a000 08:06 10754073                   /usr/lib/jvm/java-8-openjdk/jre/lib/amd64/libjava.so
7f2ffeae9000-7f2ffeaea000 rw-p 00000000 00:00 0 
7f2ffeaea000-7f2ffeaed000 r--p 00000000 08:06 8129986                    /usr/lib/librt-2.32.so
7f2ffeaed000-7f2ffeaf1000 r-xp 00003000 08:06 8129986                    /usr/lib/librt-2.32.so
7f2ffeaf1000-7f2ffeaf3000 r--p 00007000 08:06 8129986                    /usr/lib/librt-2.32.so
7f2ffeaf3000-7f2ffeaf4000 r--p 00008000 08:06 8129986                    /usr/lib/librt-2.32.so
7f2ffeaf4000-7f2ffeaf5000 rw-p 00009000 08:06 8129986                    /usr/lib/librt-2.32.so
7f2ffeaf5000-7f2ffeaf6000 ---p 00000000 00:00 0 
7f2ffeaf6000-7f2ffeaf9000 ---p 00000000 00:00 0 
7f2ffeaf9000-7f2ffebf6000 rw-p 00000000 00:00 0 
7f2ffebf6000-7f2ffec05000 r--p 00000000 08:06 8129928                    /usr/lib/libm-2.32.so
7f2ffec05000-7f2ffeca1000 r-xp 0000f000 08:06 8129928                    /usr/lib/libm-2.32.so
7f2ffeca1000-7f2ffed3a000 r--p 000ab000 08:06 8129928                    /usr/lib/libm-2.32.so
7f2ffed3a000-7f2ffed3b000 r--p 00143000 08:06 8129928                    /usr/lib/libm-2.32.so
7f2ffed3b000-7f2ffed3c000 rw-p 00144000 08:06 8129928                    /usr/lib/libm-2.32.so
7f2ffed3c000-7f2ffef33000 r--p 00000000 08:06 10885649                   /usr/lib/jvm/java-8-openjdk/jre/lib/amd64/server/libjvm.so
7f2ffef33000-7f2fff86a000 r-xp 001f7000 08:06 10885649                   /usr/lib/jvm/java-8-openjdk/jre/lib/amd64/server/libjvm.so
7f2fff86a000-7f2fffa23000 r--p 00b2e000 08:06 10885649                   /usr/lib/jvm/java-8-openjdk/jre/lib/amd64/server/libjvm.so
7f2fffa23000-7f2fffaba000 r--p 00ce6000 08:06 10885649                   /usr/lib/jvm/java-8-openjdk/jre/lib/amd64/server/libjvm.so
7f2fffaba000-7f2fffae3000 rw-p 00d7d000 08:06 10885649                   /usr/lib/jvm/java-8-openjdk/jre/lib/amd64/server/libjvm.so
7f2fffae3000-7f2fffb18000 rw-p 00000000 00:00 0 
7f2fffb18000-7f2fffb1f000 r--p 00000000 08:06 8129977                    /usr/lib/libpthread-2.32.so
7f2fffb1f000-7f2fffb2f000 r-xp 00007000 08:06 8129977                    /usr/lib/libpthread-2.32.so
7f2fffb2f000-7f2fffb34000 r--p 00017000 08:06 8129977                    /usr/lib/libpthread-2.32.so
7f2fffb34000-7f2fffb35000 r--p 0001b000 08:06 8129977                    /usr/lib/libpthread-2.32.so
7f2fffb35000-7f2fffb36000 rw-p 0001c000 08:06 8129977                    /usr/lib/libpthread-2.32.so
7f2fffb36000-7f2fffb3a000 rw-p 00000000 00:00 0 
7f2fffb3a000-7f2fffb3b000 r--p 00000000 08:06 8129917                    /usr/lib/libdl-2.32.so
7f2fffb3b000-7f2fffb3d000 r-xp 00001000 08:06 8129917                    /usr/lib/libdl-2.32.so
7f2fffb3d000-7f2fffb3e000 r--p 00003000 08:06 8129917                    /usr/lib/libdl-2.32.so
7f2fffb3e000-7f2fffb3f000 r--p 00003000 08:06 8129917                    /usr/lib/libdl-2.32.so
7f2fffb3f000-7f2fffb40000 rw-p 00004000 08:06 8129917                    /usr/lib/libdl-2.32.so
7f2fffb40000-7f2fffb43000 r--p 00000000 08:06 8139696                    /usr/lib/libz.so.1.2.11
7f2fffb43000-7f2fffb51000 r-xp 00003000 08:06 8139696                    /usr/lib/libz.so.1.2.11
7f2fffb51000-7f2fffb57000 r--p 00011000 08:06 8139696                    /usr/lib/libz.so.1.2.11
7f2fffb57000-7f2fffb58000 ---p 00017000 08:06 8139696                    /usr/lib/libz.so.1.2.11
7f2fffb58000-7f2fffb59000 r--p 00017000 08:06 8139696                    /usr/lib/libz.so.1.2.11
7f2fffb59000-7f2fffb5a000 rw-p 00018000 08:06 8139696                    /usr/lib/libz.so.1.2.11
7f2fffb5a000-7f2fffb80000 r--p 00000000 08:06 8129905                    /usr/lib/libc-2.32.so
7f2fffb80000-7f2fffccd000 r-xp 00026000 08:06 8129905                    /usr/lib/libc-2.32.so
7f2fffccd000-7f2fffd19000 r--p 00173000 08:06 8129905                    /usr/lib/libc-2.32.so
7f2fffd19000-7f2fffd1c000 r--p 001be000 08:06 8129905                    /usr/lib/libc-2.32.so
7f2fffd1c000-7f2fffd1f000 rw-p 001c1000 08:06 8129905                    /usr/lib/libc-2.32.so
7f2fffd1f000-7f2fffd23000 rw-p 00000000 00:00 0 
7f2fffd26000-7f2fffd2e000 rw-s 00000000 00:30 161                        /tmp/hsperfdata_sir/22628
7f2fffd2e000-7f2fffd31000 r--p 00000000 08:06 8129967                    /usr/lib/libnss_files-2.32.so
7f2fffd31000-7f2fffd38000 r-xp 00003000 08:06 8129967                    /usr/lib/libnss_files-2.32.so
7f2fffd38000-7f2fffd3a000 r--p 0000a000 08:06 8129967                    /usr/lib/libnss_files-2.32.so
7f2fffd3a000-7f2fffd3b000 r--p 0000b000 08:06 8129967                    /usr/lib/libnss_files-2.32.so
7f2fffd3b000-7f2fffd3c000 rw-p 0000c000 08:06 8129967                    /usr/lib/libnss_files-2.32.so
7f2fffd3c000-7f2fffd43000 rw-p 00000000 00:00 0 
7f2fffd43000-7f2fffd44000 r--p 00000000 00:00 0 
7f2fffd44000-7f2fffd49000 r--p 00000000 08:06 10754090                   /usr/lib/jvm/java-8-openjdk/jre/lib/amd64/libverify.so
7f2fffd49000-7f2fffd50000 r-xp 00005000 08:06 10754090                   /usr/lib/jvm/java-8-openjdk/jre/lib/amd64/libverify.so
7f2fffd50000-7f2fffd52000 r--p 0000c000 08:06 10754090                   /usr/lib/jvm/java-8-openjdk/jre/lib/amd64/libverify.so
7f2fffd52000-7f2fffd53000 ---p 0000e000 08:06 10754090                   /usr/lib/jvm/java-8-openjdk/jre/lib/amd64/libverify.so
7f2fffd53000-7f2fffd55000 r--p 0000e000 08:06 10754090                   /usr/lib/jvm/java-8-openjdk/jre/lib/amd64/libverify.so
7f2fffd55000-7f2fffd56000 rw-p 00010000 08:06 10754090                   /usr/lib/jvm/java-8-openjdk/jre/lib/amd64/libverify.so
7f2fffd56000-7f2fffd59000 r--p 00000000 08:06 10885645                   /usr/lib/jvm/java-8-openjdk/jre/lib/amd64/jli/libjli.so
7f2fffd59000-7f2fffd62000 r-xp 00003000 08:06 10885645                   /usr/lib/jvm/java-8-openjdk/jre/lib/amd64/jli/libjli.so
7f2fffd62000-7f2fffd65000 r--p 0000c000 08:06 10885645                   /usr/lib/jvm/java-8-openjdk/jre/lib/amd64/jli/libjli.so
7f2fffd65000-7f2fffd66000 r--p 0000e000 08:06 10885645                   /usr/lib/jvm/java-8-openjdk/jre/lib/amd64/jli/libjli.so
7f2fffd66000-7f2fffd67000 rw-p 0000f000 08:06 10885645                   /usr/lib/jvm/java-8-openjdk/jre/lib/amd64/jli/libjli.so
7f2fffd67000-7f2fffd69000 rw-p 00000000 00:00 0 
7f2fffd69000-7f2fffd6b000 r--p 00000000 08:06 8129881                    /usr/lib/ld-2.32.so
7f2fffd6b000-7f2fffd8c000 r-xp 00002000 08:06 8129881                    /usr/lib/ld-2.32.so
7f2fffd8c000-7f2fffd95000 r--p 00023000 08:06 8129881                    /usr/lib/ld-2.32.so
7f2fffd95000-7f2fffd96000 r--p 0002b000 08:06 8129881                    /usr/lib/ld-2.32.so
7f2fffd96000-7f2fffd98000 rw-p 0002c000 08:06 8129881                    /usr/lib/ld-2.32.so
7fff40540000-7fff40561000 rw-p 00000000 00:00 0                          [stack]
7fff405bf000-7fff405c3000 r--p 00000000 00:00 0                          [vvar]
7fff405c3000-7fff405c5000 r-xp 00000000 00:00 0                          [vdso]
ffffffffff600000-ffffffffff601000 --xp 00000000 00:00 0                  [vsyscall]

VM Arguments:
jvm_args: -Xverify:none 
java_command: Void
java_class_path (initial): .
Launcher Type: SUN_STANDARD

Environment Variables:
PATH=/home/sir/.gem/ruby/2.7.0/bin:/usr/local/sbin:/usr/local/bin:/usr/bin:/usr/bin/site_perl:/usr/bin/vendor_perl:/usr/bin/core_perl
SHELL=/bin/fish
DISPLAY=:0

Signal Handlers:
SIGSEGV: [libjvm.so+0xaf74c0], sa_mask[0]=11111111011111111101111111111110, sa_flags=SA_RESTART|SA_SIGINFO
SIGBUS: [libjvm.so+0xaf74c0], sa_mask[0]=11111111011111111101111111111110, sa_flags=SA_RESTART|SA_SIGINFO
SIGFPE: [libjvm.so+0x944a60], sa_mask[0]=11111111011111111101111111111110, sa_flags=SA_RESTART|SA_SIGINFO
SIGPIPE: [libjvm.so+0x944a60], sa_mask[0]=11111111011111111101111111111110, sa_flags=SA_RESTART|SA_SIGINFO
SIGXFSZ: [libjvm.so+0x944a60], sa_mask[0]=11111111011111111101111111111110, sa_flags=SA_RESTART|SA_SIGINFO
SIGILL: [libjvm.so+0x944a60], sa_mask[0]=11111111011111111101111111111110, sa_flags=SA_RESTART|SA_SIGINFO
SIGUSR1: SIG_DFL, sa_mask[0]=00000000000000000000000000000000, sa_flags=none
SIGUSR2: [libjvm.so+0x944840], sa_mask[0]=00000000000000000000000000000000, sa_flags=SA_RESTART|SA_SIGINFO
SIGHUP: [libjvm.so+0x944d00], sa_mask[0]=11111111011111111101111111111110, sa_flags=SA_RESTART|SA_SIGINFO
SIGINT: [libjvm.so+0x944d00], sa_mask[0]=11111111011111111101111111111110, sa_flags=SA_RESTART|SA_SIGINFO
SIGTERM: [libjvm.so+0x944d00], sa_mask[0]=11111111011111111101111111111110, sa_flags=SA_RESTART|SA_SIGINFO
SIGQUIT: [libjvm.so+0x944d00], sa_mask[0]=11111111011111111101111111111110, sa_flags=SA_RESTART|SA_SIGINFO


---------------  S Y S T E M  ---------------

OS:LSB_VERSION=1.4
DISTRIB_ID=Arch
DISTRIB_RELEASE=rolling
DISTRIB_DESCRIPTION="Arch Linux"

uname:Linux 5.10.13-arch1-1 #1 SMP PREEMPT Wed, 03 Feb 2021 23:44:07 +0000 x86_64
libc:glibc 2.32 NPTL 2.32 
rlimit: STACK 8192k, CORE infinity, NPROC 63792, NOFILE 524288, AS infinity
load average:1.66 0.83 0.87

/proc/meminfo:
MemTotal:       16349012 kB
MemFree:         3322688 kB
MemAvailable:    6883608 kB
Buffers:          294208 kB
Cached:          3907920 kB
SwapCached:            0 kB
Active:          1393080 kB
Inactive:       10919896 kB
Active(anon):       5972 kB
Inactive(anon):  8602040 kB
Active(file):    1387108 kB
Inactive(file):  2317856 kB
Unevictable:          32 kB
Mlocked:              32 kB
SwapTotal:      16777212 kB
SwapFree:       16777212 kB
Dirty:             17972 kB
Writeback:             0 kB
AnonPages:       8110784 kB
Mapped:          1528424 kB
Shmem:            502044 kB
KReclaimable:     192924 kB
Slab:             328876 kB
SReclaimable:     192924 kB
SUnreclaim:       135952 kB
KernelStack:       17360 kB
PageTables:        55728 kB
NFS_Unstable:          0 kB
Bounce:                0 kB
WritebackTmp:          0 kB
CommitLimit:    24951716 kB
Committed_AS:   14519992 kB
VmallocTotal:   34359738367 kB
VmallocUsed:       81376 kB
VmallocChunk:          0 kB
Percpu:             2224 kB
HardwareCorrupted:     0 kB
AnonHugePages:         0 kB
ShmemHugePages:        0 kB
ShmemPmdMapped:        0 kB
FileHugePages:         0 kB
FilePmdMapped:         0 kB
CmaTotal:              0 kB
CmaFree:               0 kB
HugePages_Total:       0
HugePages_Free:        0
HugePages_Rsvd:        0
HugePages_Surp:        0
Hugepagesize:       2048 kB
Hugetlb:               0 kB
DirectMap4k:      656312 kB
DirectMap2M:    12933120 kB
DirectMap1G:     3145728 kB

container (cgroup) information:
container_type: cgroupv1
cpu_cpuset_cpus: 0-3
cpu_memory_nodes: 0
active_processor_count: 4
cpu_quota: -1
cpu_period: 100000
cpu_shares: -1
memory_limit_in_bytes: -1
memory_and_swap_limit_in_bytes: -1
memory_soft_limit_in_bytes: -1
memory_usage_in_bytes: 10146353152
memory_max_usage_in_bytes: 10512351232


CPU:total 4 (initial active 4) (4 cores per cpu, 1 threads per core) family 6 model 158 stepping 9, cmov, cx8, fxsr, mmx, sse, sse2, sse3, ssse3, sse4.1, sse4.2, popcnt, avx, avx2, aes, clmul, erms, rtm, 3dnowpref, lzcnt, tsc, tscinvbit, bmi1, bmi2, adx

/proc/cpuinfo:
processor	: 0
vendor_id	: GenuineIntel
cpu family	: 6
model		: 158
model name	: Intel(R) Core(TM) i5-7600 CPU @ 3.50GHz
stepping	: 9
microcode	: 0xde
cpu MHz		: 928.178
cache size	: 6144 KB
physical id	: 0
siblings	: 4
core id		: 0
cpu cores	: 4
apicid		: 0
initial apicid	: 0
fpu		: yes
fpu_exception	: yes
cpuid level	: 22
wp		: yes
flags		: fpu vme de pse tsc msr pae mce cx8 apic sep mtrr pge mca cmov pat pse36 clflush dts acpi mmx fxsr sse sse2 ss ht tm pbe syscall nx pdpe1gb rdtscp lm constant_tsc art arch_perfmon pebs bts rep_good nopl xtopology nonstop_tsc cpuid aperfmperf pni pclmulqdq dtes64 monitor ds_cpl vmx smx est tm2 ssse3 sdbg fma cx16 xtpr pdcm pcid sse4_1 sse4_2 x2apic movbe popcnt tsc_deadline_timer aes xsave avx f16c rdrand lahf_lm abm 3dnowprefetch cpuid_fault invpcid_single pti ssbd ibrs ibpb stibp tpr_shadow vnmi flexpriority ept vpid ept_ad fsgsbase tsc_adjust bmi1 hle avx2 smep bmi2 erms invpcid rtm mpx rdseed adx smap clflushopt intel_pt xsaveopt xsavec xgetbv1 xsaves dtherm ida arat pln pts hwp hwp_notify hwp_act_window hwp_epp md_clear flush_l1d
vmx flags	: vnmi preemption_timer invvpid ept_x_only ept_ad ept_1gb flexpriority tsc_offset vtpr mtf vapic ept vpid unrestricted_guest ple shadow_vmcs pml ept_mode_based_exec
bugs		: cpu_meltdown spectre_v1 spectre_v2 spec_store_bypass l1tf mds swapgs taa itlb_multihit srbds
bogomips	: 7002.48
clflush size	: 64
cache_alignment	: 64
address sizes	: 39 bits physical, 48 bits virtual
power management:

processor	: 1
vendor_id	: GenuineIntel
cpu family	: 6
model		: 158
model name	: Intel(R) Core(TM) i5-7600 CPU @ 3.50GHz
stepping	: 9
microcode	: 0xde
cpu MHz		: 1422.350
cache size	: 6144 KB
physical id	: 0
siblings	: 4
core id		: 1
cpu cores	: 4
apicid		: 2
initial apicid	: 2
fpu		: yes
fpu_exception	: yes
cpuid level	: 22
wp		: yes
flags		: fpu vme de pse tsc msr pae mce cx8 apic sep mtrr pge mca cmov pat pse36 clflush dts acpi mmx fxsr sse sse2 ss ht tm pbe syscall nx pdpe1gb rdtscp lm constant_tsc art arch_perfmon pebs bts rep_good nopl xtopology nonstop_tsc cpuid aperfmperf pni pclmulqdq dtes64 monitor ds_cpl vmx smx est tm2 ssse3 sdbg fma cx16 xtpr pdcm pcid sse4_1 sse4_2 x2apic movbe popcnt tsc_deadline_timer aes xsave avx f16c rdrand lahf_lm abm 3dnowprefetch cpuid_fault invpcid_single pti ssbd ibrs ibpb stibp tpr_shadow vnmi flexpriority ept vpid ept_ad fsgsbase tsc_adjust bmi1 hle avx2 smep bmi2 erms invpcid rtm mpx rdseed adx smap clflushopt intel_pt xsaveopt xsavec xgetbv1 xsaves dtherm ida arat pln pts hwp hwp_notify hwp_act_window hwp_epp md_clear flush_l1d
vmx flags	: vnmi preemption_timer invvpid ept_x_only ept_ad ept_1gb flexpriority tsc_offset vtpr mtf vapic ept vpid unrestricted_guest ple shadow_vmcs pml ept_mode_based_exec
bugs		: cpu_meltdown spectre_v1 spectre_v2 spec_store_bypass l1tf mds swapgs taa itlb_multihit srbds
bogomips	: 7002.48
clflush size	: 64
cache_alignment	: 64
address sizes	: 39 bits physical, 48 bits virtual
power management:

processor	: 2
vendor_id	: GenuineIntel
cpu family	: 6
model		: 158
model name	: Intel(R) Core(TM) i5-7600 CPU @ 3.50GHz
stepping	: 9
microcode	: 0xde
cpu MHz		: 980.160
cache size	: 6144 KB
physical id	: 0
siblings	: 4
core id		: 2
cpu cores	: 4
apicid		: 4
initial apicid	: 4
fpu		: yes
fpu_exception	: yes
cpuid level	: 22
wp		: yes
flags		: fpu vme de pse tsc msr pae mce cx8 apic sep mtrr pge mca cmov pat pse36 clflush dts acpi mmx fxsr sse sse2 ss ht tm pbe syscall nx pdpe1gb rdtscp lm constant_tsc art arch_perfmon pebs bts rep_good nopl xtopology nonstop_tsc cpuid aperfmperf pni pclmulqdq dtes64 monitor ds_cpl vmx smx est tm2 ssse3 sdbg fma cx16 xtpr pdcm pcid sse4_1 sse4_2 x2apic movbe popcnt tsc_deadline_timer aes xsave avx f16c rdrand lahf_lm abm 3dnowprefetch cpuid_fault invpcid_single pti ssbd ibrs ibpb stibp tpr_shadow vnmi flexpriority ept vpid ept_ad fsgsbase tsc_adjust bmi1 hle avx2 smep bmi2 erms invpcid rtm mpx rdseed adx smap clflushopt intel_pt xsaveopt xsavec xgetbv1 xsaves dtherm ida arat pln pts hwp hwp_notify hwp_act_window hwp_epp md_clear flush_l1d
vmx flags	: vnmi preemption_timer invvpid ept_x_only ept_ad ept_1gb flexpriority tsc_offset vtpr mtf vapic ept vpid unrestricted_guest ple shadow_vmcs pml ept_mode_based_exec
bugs		: cpu_meltdown spectre_v1 spectre_v2 spec_store_bypass l1tf mds swapgs taa itlb_multihit srbds
bogomips	: 7002.48
clflush size	: 64
cache_alignment	: 64
address sizes	: 39 bits physical, 48 bits virtual
power management:

processor	: 3
vendor_id	: GenuineIntel
cpu family	: 6
model		: 158
model name	: Intel(R) Core(TM) i5-7600 CPU @ 3.50GHz
stepping	: 9
microcode	: 0xde
cpu MHz		: 1018.167
cache size	: 6144 KB
physical id	: 0
siblings	: 4
core id		: 3
cpu cores	: 4
apicid		: 6
initial apicid	: 6
fpu		: yes
fpu_exception	: yes
cpuid level	: 22
wp		: yes
flags		: fpu vme de pse tsc msr pae mce cx8 apic sep mtrr pge mca cmov pat pse36 clflush dts acpi mmx fxsr sse sse2 ss ht tm pbe syscall nx pdpe1gb rdtscp lm constant_tsc art arch_perfmon pebs bts rep_good nopl xtopology nonstop_tsc cpuid aperfmperf pni pclmulqdq dtes64 monitor ds_cpl vmx smx est tm2 ssse3 sdbg fma cx16 xtpr pdcm pcid sse4_1 sse4_2 x2apic movbe popcnt tsc_deadline_timer aes xsave avx f16c rdrand lahf_lm abm 3dnowprefetch cpuid_fault invpcid_single pti ssbd ibrs ibpb stibp tpr_shadow vnmi flexpriority ept vpid ept_ad fsgsbase tsc_adjust bmi1 hle avx2 smep bmi2 erms invpcid rtm mpx rdseed adx smap clflushopt intel_pt xsaveopt xsavec xgetbv1 xsaves dtherm ida arat pln pts hwp hwp_notify hwp_act_window hwp_epp md_clear flush_l1d
vmx flags	: vnmi preemption_timer invvpid ept_x_only ept_ad ept_1gb flexpriority tsc_offset vtpr mtf vapic ept vpid unrestricted_guest ple shadow_vmcs pml ept_mode_based_exec
bugs		: cpu_meltdown spectre_v1 spectre_v2 spec_store_bypass l1tf mds swapgs taa itlb_multihit srbds
bogomips	: 7002.48
clflush size	: 64
cache_alignment	: 64
address sizes	: 39 bits physical, 48 bits virtual
power management:



Memory: 4k page, physical 16349012k(3322688k free), swap 16777212k(16777212k free)

vm_info: OpenJDK 64-Bit Server VM (25.275-b01) for linux-amd64 JRE (1.8.0_275-b01), built on Jan 10 2021 13:38:57 by "builduser" with gcc 10.2.0

time: Sun Feb  7 23:00:13 2021
timezone: PST
elapsed time: 0.070598 seconds (0d 0h 0m 0s)

